<?xml version="1.0" encoding="utf-8"?><test-results date="2024-01-29" name="Test" total="5" errors="0" failures="0" ignored="0" not-run="0" inconclusive="0" skipped="0" invalid="0" time="22:06:27"><environment expecto-version="10.1.0.0" clr-version="8.0.1" os-version="Microsoft Windows NT 10.0.22621.0" platform="Win32NT" cwd="C:\hcrd\FORM\Test" machine-name="THE-BIG-RIG" user="Evan" user-domain="THE-BIG-RIG" /><culture-info>Expecto.TestResults+xAttr@77-1[System.Object]en-USExpecto.TestResults+xAttr@77-1[System.Object]en-US</culture-info><test-suite type="Assembly" name="Test" executed="True" result="Success" success="True" time="0.056" asserts="0"><results><test-case name="[Base ORM tests; ]" executed="True" result="Success" success="True" time="0.021" asserts="0" /><test-case name="[Base ORM tests; Tests; InsertSelect]" executed="True" result="Success" success="True" time="0.016" asserts="0" /><test-case name="[Base ORM tests; Tests; InsertUpdateSelect]" executed="True" result="Success" success="True" time="0.008" asserts="0" /><test-case name="[Base ORM tests; Tests; InsertDeleteSelect]" executed="True" result="Success" success="True" time="0.006" asserts="0" /><test-case name="[Base ORM tests; Tests; Reader-Transaction]" executed="True" result="Success" success="True" time="0.002" asserts="0" /></results></test-suite></test-results>