<?xml version="1.0" encoding="utf-8"?><test-results date="2024-01-22" name="Test" total="15" errors="1" failures="6" ignored="0" not-run="0" inconclusive="0" skipped="0" invalid="0" time="22:32:15"><environment expecto-version="10.1.0.0" clr-version="8.0.0" os-version="Microsoft Windows NT 10.0.22621.0" platform="Win32NT" cwd="C:\hcrd\FORM\Test" machine-name="THE-BIG-RIG" user="Evan" user-domain="THE-BIG-RIG" /><culture-info>Expecto.TestResults+xAttr@77-1[System.Object]en-USExpecto.TestResults+xAttr@77-1[System.Object]en-US</culture-info><test-suite type="Assembly" name="Test" executed="True" result="Failure" success="False" time="2.718" asserts="0"><results><test-case name="[Base ORM tests; Tests; UpdateMany]" executed="True" result="Failure" success="False" time="0.409" asserts="0"><failure>message<![CDATA[The input sequence was empty. (Parameter 'source')]]>stack-trace<![CDATA[   at Microsoft.FSharp.Collections.SeqModule.Head[T](IEnumerable`1 source) in D:\a\_work\1\s\src\FSharp.Core\seq.fs:line 1693
   at HCRD.FORM.Tests.Main.updateMany@131-1.Invoke(Unit _arg9) in C:\hcrd\FORM\Test\Program.fs:line 142
   at HCRD.FORM.Tests.Main.constructTest@17.Invoke(Unit unitVar) in C:\hcrd\FORM\Test\Program.fs:line 17
   at Expecto.Impl.execTestAsync@566-1.Invoke(Unit unitVar)
   at Microsoft.FSharp.Control.AsyncPrimitives.CallThenInvoke[T,TResult](AsyncActivation`1 ctxt, TResult result1, FSharpFunc`2 part2) in D:\a\_work\1\s\src\FSharp.Core\async.fs:line 510
   at Microsoft.FSharp.Control.Trampoline.Execute(FSharpFunc`2 firstAction) in D:\a\_work\1\s\src\FSharp.Core\async.fs:line 112]]></failure></test-case><test-case name="[Base ORM tests; Tests; InsertMany]" executed="True" result="Failure" success="False" time="0.144" asserts="0"><failure>message<![CDATA[
Inserted many facts.. Expected Ok, was Error(System.Data.Odbc.OdbcException (0x80131937): ERROR [42703] ERROR: column "indexid" does not exist;
Error while executing the query
   at System.Data.Odbc.OdbcConnection.HandleError(OdbcHandle hrHandle, SQLRETURN retcode)
   at System.Data.Odbc.OdbcCommand.ExecuteReaderObject(CommandBehavior behavior, String method, Boolean needReader, Object[] methodArguments, SQL_API odbcApiMethod)
   at System.Data.Odbc.OdbcCommand.ExecuteReaderObject(CommandBehavior behavior, String method, Boolean needReader)
   at System.Data.Odbc.OdbcCommand.ExecuteNonQuery()
   at HCRD.FORM.Tests.Main.insertMany@81-46.Invoke(Int32 index, Fact instance)
   at Microsoft.FSharp.Collections.Internal.IEnumerator.mapi@145.DoMoveNext(b& curr) in D:\a\_work\1\s\src\FSharp.Core\seq.fs:line 150
   at Microsoft.FSharp.Collections.Internal.IEnumerator.MapEnumerator`1.System.Collections.IEnumerator.MoveNext() in D:\a\_work\1\s\src\FSharp.Core\seq.fs:line 113
   at Microsoft.FSharp.Collections.SeqModule.Fold[T,TState](FSharpFunc`2 folder, TState state, IEnumerable`1 source) in D:\a\_work\1\s\src\FSharp.Core\seq.fs:line 911
   at HCRD.FORM.Tests.Main.insertMany@81-33.Invoke(DbConnection connection)
   at Microsoft.FSharp.Core.ResultModule.Map[T,TResult,TError](FSharpFunc`2 mapping, FSharpResult`2 result) in D:\a\_work\1\s\src\FSharp.Core\result.fs:line 12
   at HCRD.FORM.Tests.Main.insertMany@79-1.Invoke(Unit _arg4) in C:\hcrd\FORM\Test\Program.fs:line 81).
   at HCRD.FORM.Tests.Main.constructTest@17.Invoke(Unit unitVar) in C:\hcrd\FORM\Test\Program.fs:line 17
   at Expecto.Impl.execTestAsync@566-1.Invoke(Unit unitVar)
   at Microsoft.FSharp.Control.AsyncPrimitives.CallThenInvoke[T,TResult](AsyncActivation`1 ctxt, TResult result1, FSharpFunc`2 part2) in D:\a\_work\1\s\src\FSharp.Core\async.fs:line 510
   at Microsoft.FSharp.Control.Trampoline.Execute(FSharpFunc`2 firstAction) in D:\a\_work\1\s\src\FSharp.Core\async.fs:line 112]]></failure></test-case><test-case name="[Base ORM tests; Tests; Delete]" executed="True" result="Failure" success="False" time="0.140" asserts="0"><failure>message<![CDATA[
Delete succeeded. Expected Ok, was Error(System.Data.Odbc.OdbcException (0x80131937): ERROR [42883] ERROR: operator does not exist: @ text;
Error while executing the query
   at System.Data.Odbc.OdbcConnection.HandleError(OdbcHandle hrHandle, SQLRETURN retcode)
   at System.Data.Odbc.OdbcCommand.ExecuteReaderObject(CommandBehavior behavior, String method, Boolean needReader, Object[] methodArguments, SQL_API odbcApiMethod)
   at System.Data.Odbc.OdbcCommand.ExecuteReaderObject(CommandBehavior behavior, String method, Boolean needReader)
   at System.Data.Odbc.OdbcCommand.ExecuteNonQuery()
   at HCRD.FORM.Tests.Main.delete@182-22.Invoke(DbConnection connection)
   at Microsoft.FSharp.Core.ResultModule.Map[T,TResult,TError](FSharpFunc`2 mapping, FSharpResult`2 result) in D:\a\_work\1\s\src\FSharp.Core\result.fs:line 12
   at HCRD.FORM.Tests.Main.delete@182-2.Invoke(SqlMapping[] sqlMapping)).
   at HCRD.FORM.Tests.Main.constructTest@17.Invoke(Unit unitVar) in C:\hcrd\FORM\Test\Program.fs:line 17
   at Expecto.Impl.execTestAsync@566-1.Invoke(Unit unitVar)
   at Microsoft.FSharp.Control.AsyncPrimitives.CallThenInvoke[T,TResult](AsyncActivation`1 ctxt, TResult result1, FSharpFunc`2 part2) in D:\a\_work\1\s\src\FSharp.Core\async.fs:line 510
   at Microsoft.FSharp.Control.Trampoline.Execute(FSharpFunc`2 firstAction) in D:\a\_work\1\s\src\FSharp.Core\async.fs:line 112]]></failure></test-case><test-case name="[Base ORM tests; Tests; Insert]" executed="True" result="Failure" success="False" time="0.056" asserts="0"><failure>message<![CDATA[
Fact inserted.. Expected Ok, was Error(System.Data.Odbc.OdbcException (0x80131937): ERROR [42703] ERROR: column "indexid" does not exist;
Error while executing the query
   at System.Data.Odbc.OdbcConnection.HandleError(OdbcHandle hrHandle, SQLRETURN retcode)
   at System.Data.Odbc.OdbcCommand.ExecuteReaderObject(CommandBehavior behavior, String method, Boolean needReader, Object[] methodArguments, SQL_API odbcApiMethod)
   at System.Data.Odbc.OdbcCommand.ExecuteReaderObject(CommandBehavior behavior, String method, Boolean needReader)
   at System.Data.Odbc.OdbcCommand.ExecuteNonQuery()
   at HCRD.FORM.Tests.Main.insert@73-33.Invoke(DbConnection connection) in C:\hcrd\FORM\Test\Program.fs:line 73
   at Microsoft.FSharp.Core.ResultModule.Map[T,TResult,TError](FSharpFunc`2 mapping, FSharpResult`2 result) in D:\a\_work\1\s\src\FSharp.Core\result.fs:line 12
   at HCRD.FORM.Tests.Main.insert@73-1.Invoke(Unit _arg3) in C:\hcrd\FORM\Test\Program.fs:line 73).
   at HCRD.FORM.Tests.Main.constructTest@17.Invoke(Unit unitVar) in C:\hcrd\FORM\Test\Program.fs:line 17
   at Expecto.Impl.execTestAsync@566-1.Invoke(Unit unitVar)
   at Microsoft.FSharp.Control.AsyncPrimitives.CallThenInvoke[T,TResult](AsyncActivation`1 ctxt, TResult result1, FSharpFunc`2 part2) in D:\a\_work\1\s\src\FSharp.Core\async.fs:line 510
   at Microsoft.FSharp.Control.Trampoline.Execute(FSharpFunc`2 firstAction) in D:\a\_work\1\s\src\FSharp.Core\async.fs:line 112]]></failure></test-case><test-case name="[Base ORM tests; Tests; DeleteMany]" executed="True" result="Failure" success="False" time="0.031" asserts="0"><failure>message<![CDATA[
DeleteMany succeeded. Expected Ok, was Error(System.Data.Odbc.OdbcException (0x80131937): ERROR [42883] ERROR: operator does not exist: @ text;
Error while executing the query
   at System.Data.Odbc.OdbcConnection.HandleError(OdbcHandle hrHandle, SQLRETURN retcode)
   at System.Data.Odbc.OdbcCommand.ExecuteReaderObject(CommandBehavior behavior, String method, Boolean needReader, Object[] methodArguments, SQL_API odbcApiMethod)
   at System.Data.Odbc.OdbcCommand.ExecuteReaderObject(CommandBehavior behavior, String method, Boolean needReader)
   at System.Data.Odbc.OdbcCommand.ExecuteNonQuery()
   at HCRD.FORM.Tests.Main.deleteMany@198-38.Invoke(Int32 index, Fact instance)
   at Microsoft.FSharp.Collections.Internal.IEnumerator.mapi@145.DoMoveNext(b& curr) in D:\a\_work\1\s\src\FSharp.Core\seq.fs:line 150
   at Microsoft.FSharp.Collections.Internal.IEnumerator.MapEnumerator`1.System.Collections.IEnumerator.MoveNext() in D:\a\_work\1\s\src\FSharp.Core\seq.fs:line 113
   at Microsoft.FSharp.Collections.SeqModule.Fold[T,TState](FSharpFunc`2 folder, TState state, IEnumerable`1 source) in D:\a\_work\1\s\src\FSharp.Core\seq.fs:line 911
   at HCRD.FORM.Tests.Main.deleteMany@198-25.Invoke(DbConnection connection)
   at Microsoft.FSharp.Core.ResultModule.Map[T,TResult,TError](FSharpFunc`2 mapping, FSharpResult`2 result) in D:\a\_work\1\s\src\FSharp.Core\result.fs:line 12
   at HCRD.FORM.Tests.Main.deleteMany@198-2.Invoke(SqlMapping[] sqlMapping)).
   at HCRD.FORM.Tests.Main.constructTest@17.Invoke(Unit unitVar) in C:\hcrd\FORM\Test\Program.fs:line 17
   at Expecto.Impl.execTestAsync@566-1.Invoke(Unit unitVar)
   at Microsoft.FSharp.Control.AsyncPrimitives.CallThenInvoke[T,TResult](AsyncActivation`1 ctxt, TResult result1, FSharpFunc`2 part2) in D:\a\_work\1\s\src\FSharp.Core\async.fs:line 510
   at Microsoft.FSharp.Control.Trampoline.Execute(FSharpFunc`2 firstAction) in D:\a\_work\1\s\src\FSharp.Core\async.fs:line 112]]></failure></test-case><test-case name="[Base ORM tests; Tests; Update]" executed="True" result="Failure" success="False" time="0.030" asserts="0"><failure>message<![CDATA[
Update succeeded. Expected Ok, was Error(System.Data.Odbc.OdbcException (0x80131937): ERROR [42883] ERROR: operator does not exist: @ text;
Error while executing the query
   at System.Data.Odbc.OdbcConnection.HandleError(OdbcHandle hrHandle, SQLRETURN retcode)
   at System.Data.Odbc.OdbcCommand.ExecuteReaderObject(CommandBehavior behavior, String method, Boolean needReader, Object[] methodArguments, SQL_API odbcApiMethod)
   at System.Data.Odbc.OdbcCommand.ExecuteReaderObject(CommandBehavior behavior, String method, Boolean needReader)
   at System.Data.Odbc.OdbcCommand.ExecuteNonQuery()
   at HCRD.FORM.Tests.Main.update@124-35.Invoke(DbConnection connection)
   at Microsoft.FSharp.Core.ResultModule.Map[T,TResult,TError](FSharpFunc`2 mapping, FSharpResult`2 result) in D:\a\_work\1\s\src\FSharp.Core\result.fs:line 12
   at HCRD.FORM.Tests.Main.update@124-3.Invoke(SqlMapping[] sqlMapping)).
   at HCRD.FORM.Tests.Main.constructTest@17.Invoke(Unit unitVar) in C:\hcrd\FORM\Test\Program.fs:line 17
   at Expecto.Impl.execTestAsync@566-1.Invoke(Unit unitVar)
   at Microsoft.FSharp.Control.AsyncPrimitives.CallThenInvoke[T,TResult](AsyncActivation`1 ctxt, TResult result1, FSharpFunc`2 part2) in D:\a\_work\1\s\src\FSharp.Core\async.fs:line 510
   at Microsoft.FSharp.Control.Trampoline.Execute(FSharpFunc`2 firstAction) in D:\a\_work\1\s\src\FSharp.Core\async.fs:line 112]]></failure></test-case><test-case name="[Base ORM tests; Tests; UpdateWhere]" executed="True" result="Failure" success="False" time="0.018" asserts="0"><failure>message<![CDATA[
UpdateWhere succeeded. Expected Ok, was Error(System.Data.Odbc.OdbcException (0x80131937): ERROR [42703] ERROR: column "indexid" does not exist;
Error while executing the query
   at System.Data.Odbc.OdbcConnection.HandleError(OdbcHandle hrHandle, SQLRETURN retcode)
   at System.Data.Odbc.OdbcCommand.ExecuteReaderObject(CommandBehavior behavior, String method, Boolean needReader, Object[] methodArguments, SQL_API odbcApiMethod)
   at System.Data.Odbc.OdbcCommand.ExecuteReaderObject(CommandBehavior behavior, String method, Boolean needReader)
   at System.Data.Odbc.OdbcCommand.ExecuteNonQuery()
   at HCRD.FORM.Tests.Main.updateWhere@172-27.Invoke(DbConnection connection)
   at Microsoft.FSharp.Core.ResultModule.Map[T,TResult,TError](FSharpFunc`2 mapping, FSharpResult`2 result) in D:\a\_work\1\s\src\FSharp.Core\result.fs:line 12
   at HCRD.FORM.Tests.Main.updateWhere@169-1.Invoke(Unit _arg10) in C:\hcrd\FORM\Test\Program.fs:line 172).
   at HCRD.FORM.Tests.Main.constructTest@17.Invoke(Unit unitVar) in C:\hcrd\FORM\Test\Program.fs:line 17
   at Expecto.Impl.execTestAsync@566-1.Invoke(Unit unitVar)
   at Microsoft.FSharp.Control.AsyncPrimitives.CallThenInvoke[T,TResult](AsyncActivation`1 ctxt, TResult result1, FSharpFunc`2 part2) in D:\a\_work\1\s\src\FSharp.Core\async.fs:line 510
   at Microsoft.FSharp.Control.Trampoline.Execute(FSharpFunc`2 firstAction) in D:\a\_work\1\s\src\FSharp.Core\async.fs:line 112]]></failure></test-case><test-case name="[Base ORM tests; ]" executed="True" result="Success" success="True" time="0.839" asserts="0" /><test-case name="[Base ORM tests; Connect]" executed="True" result="Success" success="True" time="0.570" asserts="0" /><test-case name="[Base ORM tests; Tests; Select]" executed="True" result="Success" success="True" time="0.144" asserts="0" /><test-case name="[Base ORM tests; Tests; DeleteWhere]" executed="True" result="Success" success="True" time="0.133" asserts="0" /><test-case name="[Base ORM tests; Tests; Reader]" executed="True" result="Success" success="True" time="0.131" asserts="0" /><test-case name="[Base ORM tests; Tests; SelectLimit]" executed="True" result="Success" success="True" time="0.018" asserts="0" /><test-case name="[Base ORM tests; Tests; SelectWhere]" executed="True" result="Success" success="True" time="0.017" asserts="0" /><test-case name="[Base ORM tests; Teardown]" executed="True" result="Success" success="True" time="0.000" asserts="0" /></results></test-suite></test-results>