<?xml version="1.0" encoding="utf-8"?>
<TestRun id="59042098-d81e-4fa2-b813-2d147011eeda" name="Fenton@DESKTOP-BGD87SJ 2023-08-02 21:19:04" runUser="DESKTOP-BGD87SJ\Fenton" xmlns="http://microsoft.com/schemas/VisualStudio/TeamTest/2010">
  <Times creation="2023-08-02T21:19:04.3313558-04:00" queuing="2023-08-02T21:19:04.3313564-04:00" start="2023-08-02T21:19:03.6754757-04:00" finish="2023-08-02T21:20:38.2742473-04:00" />
  <TestSettings name="default" id="de5ecfae-8b66-45a2-8b2a-622e1519e1ec">
    <Deployment runDeploymentRoot="Fenton_DESKTOP-BGD87SJ_2023-08-02_21_19_04" />
  </TestSettings>
  <Results>
    <UnitTestResult executionId="61c9c8f6-a5fd-4d3b-b360-eaf06f09ccd5" testId="45fe581a-79a6-d39d-38f9-646e4aefd98f" testName="Insert" computerName="DESKTOP-BGD87SJ" duration="00:00:00.0166709" startTime="2023-08-02T21:19:04.2205716-04:00" endTime="2023-08-02T21:19:04.2372418-04:00" testType="13cdc9d9-ddb5-4fa4-a97d-d965ccfc6d4b" outcome="Passed" testListId="8c84fa94-04c1-424b-9868-57a2d4851a1d" relativeResultsDirectory="61c9c8f6-a5fd-4d3b-b360-eaf06f09ccd5">
      <Output>
        <StdOut>Query being generated:&#xD;
&#xD;
insert into "Fact" ( "indexId", "id", "sqliteName", "timeStamp", "specialChar", "maybeSomething", "sometimesNothing", "biteSize" ) values ( @indexId, @id, @name, @timeStamp, @specialChar, @maybeSomething, @sometimesNothing, @biteSize )&#xD;
&#xD;
&#xD;
&#xD;
Param count: 8&#xD;
Param 0 - "@indexId": 1L&#xD;
Param 1 - "@id": "6bf503e6-0d35-4d12-b622-f7d3c98ae0ce"&#xD;
Param 2 - "@name": "Gerry McGuire"&#xD;
Param 3 - "@timeStamp": "8/2/2023 21:19:04 "&#xD;
Param 4 - "@specialChar": "Δ"&#xD;
Param 5 - "@maybeSomething": "true"&#xD;
Param 6 - "@sometimesNothing": 1L&#xD;
Param 7 - "@biteSize": "!aBite"</StdOut>
      </Output>
    </UnitTestResult>
    <UnitTestResult executionId="600f9099-bf70-451d-ae08-da604f5ed226" testId="9c5af40b-4e18-c869-7f11-c793b0cd45f9" testName="QueryBuild" computerName="DESKTOP-BGD87SJ" duration="00:00:00.0077280" startTime="2023-08-02T21:19:04.2522926-04:00" endTime="2023-08-02T21:19:04.2600199-04:00" testType="13cdc9d9-ddb5-4fa4-a97d-d965ccfc6d4b" outcome="Passed" testListId="8c84fa94-04c1-424b-9868-57a2d4851a1d" relativeResultsDirectory="600f9099-bf70-451d-ae08-da604f5ed226">
      <Output>
        <StdOut>""Fact"."indexId", "Fact"."id", "Fact"."sqliteName", "Fact"."timeStamp", "Fact"."specialChar", "Fact"."maybeSomething", "Fact"."sometimesNothing", "Fact"."biteSize", "SubFact"."subFact" from "Fact" join "SubFact" on "SubFact"."factId" = "Fact"."indexId""</StdOut>
      </Output>
    </UnitTestResult>
    <UnitTestResult executionId="1b9b2d88-4749-42d2-b6b5-35d3375cf21c" testId="85caf85c-0ea4-3061-d9ac-49e696c000d2" testName="Insert" computerName="DESKTOP-BGD87SJ" duration="00:00:00.0364550" startTime="2023-08-02T21:19:04.9446919-04:00" endTime="2023-08-02T21:19:04.9811463-04:00" testType="13cdc9d9-ddb5-4fa4-a97d-d965ccfc6d4b" outcome="Passed" testListId="8c84fa94-04c1-424b-9868-57a2d4851a1d" relativeResultsDirectory="1b9b2d88-4749-42d2-b6b5-35d3375cf21c">
      <Output>
        <StdOut>Query being generated:&#xD;
&#xD;
insert into "Fact" ( "indexId", "id", "psqlName", "timeStamp", "specialChar", "maybeSomething", "sometimesNothing", "biteSize" ) values ( @indexId, @id, @name, @timeStamp, @specialChar, @maybeSomething, @sometimesNothing, @biteSize )&#xD;
&#xD;
&#xD;
&#xD;
Param count: 8&#xD;
Param 0 - "@indexId": 1L&#xD;
Param 1 - "@id": "533d494d-74f4-42fb-b72e-6431a9d5ba3e"&#xD;
Param 2 - "@name": "Gerry McGuire"&#xD;
Param 3 - "@timeStamp": "8/2/2023 21:19:04 "&#xD;
Param 4 - "@specialChar": "Δ"&#xD;
Param 5 - "@maybeSomething": "true"&#xD;
Param 6 - "@sometimesNothing": 1L&#xD;
Param 7 - "@biteSize": "!aBite"</StdOut>
      </Output>
    </UnitTestResult>
    <UnitTestResult executionId="31c09f74-d9e3-4918-950d-2d2823fc6d16" testId="9efe28fc-5719-572e-16c6-a90cc0bb8bcd" testName="InsertMany" computerName="DESKTOP-BGD87SJ" duration="00:00:00.0150110" startTime="2023-08-02T21:19:04.2372616-04:00" endTime="2023-08-02T21:19:04.2522728-04:00" testType="13cdc9d9-ddb5-4fa4-a97d-d965ccfc6d4b" outcome="Passed" testListId="8c84fa94-04c1-424b-9868-57a2d4851a1d" relativeResultsDirectory="31c09f74-d9e3-4918-950d-2d2823fc6d16">
      <Output>
        <StdOut>Query being generated:&#xD;
&#xD;
insert into "Fact"( "indexId", "id", "sqliteName", "timeStamp", "specialChar", "maybeSomething", "sometimesNothing", "biteSize" ) values ( @indexId0, @id0, @name0, @timeStamp0, @specialChar0, @maybeSomething0, @sometimesNothing0, @biteSize0 ), ( @indexId1, @id1, @name1, @timeStamp1, @specialChar1, @maybeSomething1, @sometimesNothing1, @biteSize1 ), ( @indexId2, @id2, @name2, @timeStamp2, @specialChar2, @maybeSomething2, @sometimesNothing2, @biteSize2 ), ( @indexId3, @id3, @name3, @timeStamp3, @specialChar3, @maybeSomething3, @sometimesNothing3, @biteSize3 );&#xD;
&#xD;
&#xD;
&#xD;
Query generated: insert into "Fact"( "indexId", "id", "sqliteName", "timeStamp", "specialChar", "maybeSomething", "sometimesNothing", "biteSize" ) values ( @indexId0, @id0, @name0, @timeStamp0, @specialChar0, @maybeSomething0, @sometimesNothing0, @biteSize0 ), ( @indexId1, @id1, @name1, @timeStamp1, @specialChar1, @maybeSomething1, @sometimesNothing1, @biteSize1 ), ( @indexId2, @id2, @name2, @timeStamp2, @specialChar2, @maybeSomething2, @sometimesNothing2, @biteSize2 ), ( @indexId3, @id3, @name3, @timeStamp3, @specialChar3, @maybeSomething3, @sometimesNothing3, @biteSize3 );&#xD;
Param count: 32&#xD;
Param 0 - "@indexId0": 1L&#xD;
Param 1 - "@id0": "c1984cce-1ae2-429d-a7be-5ceffadc38cd"&#xD;
Param 2 - "@name0": "Gerry McGuire"&#xD;
Param 3 - "@timeStamp0": "8/2/2023 21:19:04 "&#xD;
Param 4 - "@specialChar0": "Δ"&#xD;
Param 5 - "@maybeSomething0": "true"&#xD;
Param 6 - "@sometimesNothing0": 1L&#xD;
Param 7 - "@biteSize0": "!aBite"&#xD;
Param 8 - "@indexId1": 1L&#xD;
Param 9 - "@id1": "ca5de7c3-f19b-4358-8c73-a3cade01463e"&#xD;
Param 10 - "@name1": "Gerry McGuire"&#xD;
Param 11 - "@timeStamp1": "8/2/2023 21:19:04 "&#xD;
Param 12 - "@specialChar1": "Δ"&#xD;
Param 13 - "@maybeSomething1": "true"&#xD;
Param 14 - "@sometimesNothing1": &#xD;
Param 15 - "@biteSize1": "!aBite"&#xD;
Param 16 - "@indexId2": 1L&#xD;
Param 17 - "@id2": "5c06016a-d176-4f74-b716-8b9f4802db95"&#xD;
Param 18 - "@name2": "Gerry McGuire"&#xD;
Param 19 - "@timeStamp2": "8/2/2023 21:19:04 "&#xD;
Param 20 - "@specialChar2": "Δ"&#xD;
Param 21 - "@maybeSomething2": "true"&#xD;
Param 22 - "@sometimesNothing2": 1L&#xD;
Param 23 - "@biteSize2": "!aBite"&#xD;
Param 24 - "@indexId3": 1L&#xD;
Param 25 - "@id3": "c9d4202a-6996-4281-84b5-6a3a75ed90d2"&#xD;
Param 26 - "@name3": "Gerry McGuire"&#xD;
Param 27 - "@timeStamp3": "8/2/2023 21:19:04 "&#xD;
Param 28 - "@specialChar3": "Δ"&#xD;
Param 29 - "@maybeSomething3": "true"&#xD;
Param 30 - "@sometimesNothing3": 1L&#xD;
Param 31 - "@biteSize3": "!aBite"</StdOut>
      </Output>
    </UnitTestResult>
    <UnitTestResult executionId="7f7fc1e5-ed4a-4ae3-984b-9d0468d60607" testId="04fe663e-77f4-7638-3d23-56ab2a11f452" testName="Update" computerName="DESKTOP-BGD87SJ" duration="00:00:00.3318950" startTime="2023-08-02T21:19:05.7296939-04:00" endTime="2023-08-02T21:19:06.0615883-04:00" testType="13cdc9d9-ddb5-4fa4-a97d-d965ccfc6d4b" outcome="Passed" testListId="8c84fa94-04c1-424b-9868-57a2d4851a1d" relativeResultsDirectory="7f7fc1e5-ed4a-4ae3-984b-9d0468d60607">
      <Output>
        <StdOut>Updating...&#xD;
columns to update: seq&#xD;
  [{ Index = 0&#xD;
     IsKey = false&#xD;
     IsIndex = true&#xD;
     JoinOn = Some ("SubFact", "factId")&#xD;
     Source = ""Fact""&#xD;
     QuotedSource = ""Fact""&#xD;
     SqlName = "indexId"&#xD;
     QuotedSqlName = ""indexId""&#xD;
     FSharpName = "indexId"&#xD;
     Type = System.Int64&#xD;
     PropertyInfo = Int64 indexId }; { Index = 2&#xD;
                                       IsKey = false&#xD;
                                       IsIndex = false&#xD;
                                       JoinOn = None&#xD;
                                       Source = ""Fact""&#xD;
                                       QuotedSource = ""Fact""&#xD;
                                       SqlName = "psqlName"&#xD;
                                       QuotedSqlName = ""psqlName""&#xD;
                                       FSharpName = "name"&#xD;
                                       Type = System.String&#xD;
                                       PropertyInfo = System.String name };&#xD;
   { Index = 3&#xD;
     IsKey = false&#xD;
     IsIndex = false&#xD;
     JoinOn = None&#xD;
     Source = ""Fact""&#xD;
     QuotedSource = ""Fact""&#xD;
     SqlName = "timeStamp"&#xD;
     QuotedSqlName = ""timeStamp""&#xD;
     FSharpName = "timeStamp"&#xD;
     Type = System.String&#xD;
     PropertyInfo = System.String timeStamp };&#xD;
   { Index = 4&#xD;
     IsKey = false&#xD;
     IsIndex = false&#xD;
     JoinOn = None&#xD;
     Source = ""Fact""&#xD;
     QuotedSource = ""Fact""&#xD;
     SqlName = "specialChar"&#xD;
     QuotedSqlName = ""specialChar""&#xD;
     FSharpName = "specialChar"&#xD;
     Type = System.String&#xD;
     PropertyInfo = System.String specialChar }; ...]&#xD;
Query being generated:&#xD;
&#xD;
update "Fact" set "indexId" = @indexId, "psqlName" = @name, "timeStamp" = @timeStamp, "specialChar" = @specialChar, "maybeSomething" = @maybeSomething, "sometimesNothing" = @sometimesNothing, "biteSize" = @biteSize where "Fact"."id" = @id&#xD;
&#xD;
&#xD;
&#xD;
&#xD;
facts: 1</StdOut>
      </Output>
    </UnitTestResult>
    <UnitTestResult executionId="5777a5d8-2a8d-410b-931a-266a83f28873" testId="40146aef-5e24-931c-f935-d8cb1c2a1a7b" testName="DeleteMany" computerName="DESKTOP-BGD87SJ" duration="00:00:00.0160590" startTime="2023-08-02T21:19:04.2021389-04:00" endTime="2023-08-02T21:19:04.2181972-04:00" testType="13cdc9d9-ddb5-4fa4-a97d-d965ccfc6d4b" outcome="Passed" testListId="8c84fa94-04c1-424b-9868-57a2d4851a1d" relativeResultsDirectory="5777a5d8-2a8d-410b-931a-266a83f28873">
      <Output>
        <StdOut>Deleting Many...&#xD;
Query being generated:&#xD;
&#xD;
delete from "Fact" where ( "Fact"."id" = @id0) OR ("Fact"."id" = @id1 )&#xD;
&#xD;
&#xD;
&#xD;
&#xD;
0</StdOut>
      </Output>
    </UnitTestResult>
    <UnitTestResult executionId="73b06647-cd26-40ba-a834-433c6f836151" testId="61dcfb39-11fa-e241-4f87-9ef81d7da35f" testName="QueryBuild" computerName="DESKTOP-BGD87SJ" duration="00:00:00.0011910" startTime="2023-08-02T21:19:05.0178485-04:00" endTime="2023-08-02T21:19:05.0190388-04:00" testType="13cdc9d9-ddb5-4fa4-a97d-d965ccfc6d4b" outcome="Passed" testListId="8c84fa94-04c1-424b-9868-57a2d4851a1d" relativeResultsDirectory="73b06647-cd26-40ba-a834-433c6f836151">
      <Output>
        <StdOut>""Fact"."indexId", "Fact"."id", "Fact"."psqlName", "Fact"."timeStamp", "Fact"."specialChar", "Fact"."maybeSomething", "Fact"."sometimesNothing", "Fact"."biteSize", "SubFact"."subFact" from "Fact" join "SubFact" on "SubFact"."factId" = "Fact"."indexId""</StdOut>
      </Output>
    </UnitTestResult>
    <UnitTestResult executionId="eda4de65-5e63-4390-86ae-985b4388e23a" testId="9914cd5e-0327-22a6-d447-faa2be9ff7a1" testName="DeleteWhere" computerName="DESKTOP-BGD87SJ" duration="00:00:00.0023410" startTime="2023-08-02T21:19:04.2182195-04:00" endTime="2023-08-02T21:19:04.2205604-04:00" testType="13cdc9d9-ddb5-4fa4-a97d-d965ccfc6d4b" outcome="Passed" testListId="8c84fa94-04c1-424b-9868-57a2d4851a1d" relativeResultsDirectory="eda4de65-5e63-4390-86ae-985b4388e23a">
      <Output>
        <StdOut>Deleting Where...&#xD;
Query being generated:&#xD;
&#xD;
delete from "Fact" where "indexId" = 1&#xD;
&#xD;
&#xD;
&#xD;
&#xD;
facts: 0</StdOut>
      </Output>
    </UnitTestResult>
    <UnitTestResult executionId="2618e0ff-bcf2-4fdd-955c-2f1286a83bcf" testId="0fa2da76-10fd-3535-9c31-82a6b7dc1dc6" testName="Connect" computerName="DESKTOP-BGD87SJ" duration="00:00:00.0091510" startTime="2023-08-02T21:19:04.1531347-04:00" endTime="2023-08-02T21:19:04.1622413-04:00" testType="13cdc9d9-ddb5-4fa4-a97d-d965ccfc6d4b" outcome="Passed" testListId="8c84fa94-04c1-424b-9868-57a2d4851a1d" relativeResultsDirectory="2618e0ff-bcf2-4fdd-955c-2f1286a83bcf">
      <Output>
        <StdOut>Contest: "Data Source=./test.db;"</StdOut>
      </Output>
    </UnitTestResult>
    <UnitTestResult executionId="11e87226-18e8-45ee-94f8-2ded597c9249" testId="49a6d652-58bf-e834-bc8e-37de72d62c3c" testName="Delete" computerName="DESKTOP-BGD87SJ" duration="00:00:00.0389630" startTime="2023-08-02T21:19:04.1631204-04:00" endTime="2023-08-02T21:19:04.2020829-04:00" testType="13cdc9d9-ddb5-4fa4-a97d-d965ccfc6d4b" outcome="Passed" testListId="8c84fa94-04c1-424b-9868-57a2d4851a1d" relativeResultsDirectory="11e87226-18e8-45ee-94f8-2ded597c9249">
      <Output>
        <StdOut>Deleting...&#xD;
Query being generated:&#xD;
&#xD;
delete from "Fact" where "Fact"."id" = @id&#xD;
&#xD;
&#xD;
&#xD;
&#xD;
facts: 0</StdOut>
      </Output>
    </UnitTestResult>
    <UnitTestResult executionId="f70b1aa2-2612-415d-8c49-8ff3d184cd71" testId="9798df95-32ca-8c71-56f5-d297f4317542" testName="ReaderWithTransaction" computerName="DESKTOP-BGD87SJ" duration="00:00:00.3377240" startTime="2023-08-02T21:20:37.8700216-04:00" endTime="2023-08-02T21:20:38.2077453-04:00" testType="13cdc9d9-ddb5-4fa4-a97d-d965ccfc6d4b" outcome="Passed" testListId="8c84fa94-04c1-424b-9868-57a2d4851a1d" relativeResultsDirectory="f70b1aa2-2612-415d-8c49-8ff3d184cd71">
      <Output>
        <StdOut>Reading...&#xD;
Query being generated:&#xD;
&#xD;
select * from "Fact"&#xD;
&#xD;
&#xD;
&#xD;
&#xD;
seq []</StdOut>
      </Output>
    </UnitTestResult>
    <UnitTestResult executionId="50d3350e-7aa5-48ea-8fac-c70bc4357016" testId="45a1c35a-206a-680b-7adf-97b4f1220fb1" testName="Reader" computerName="DESKTOP-BGD87SJ" duration="00:00:00.0391440" startTime="2023-08-02T21:19:05.0190759-04:00" endTime="2023-08-02T21:19:05.0582194-04:00" testType="13cdc9d9-ddb5-4fa4-a97d-d965ccfc6d4b" outcome="Passed" testListId="8c84fa94-04c1-424b-9868-57a2d4851a1d" relativeResultsDirectory="50d3350e-7aa5-48ea-8fac-c70bc4357016">
      <Output>
        <StdOut>Reading...&#xD;
Query being generated:&#xD;
&#xD;
select * from "Fact"&#xD;
&#xD;
&#xD;
&#xD;
&#xD;
Error: Parameter count mismatch.</StdOut>
      </Output>
    </UnitTestResult>
    <UnitTestResult executionId="c657a47d-98cc-477d-9175-2317ec95a5b0" testId="808acbda-4118-700a-9ab5-75ef8abf7449" testName="InsertMany" computerName="DESKTOP-BGD87SJ" duration="00:00:00.0366570" startTime="2023-08-02T21:19:04.9811666-04:00" endTime="2023-08-02T21:19:05.0178234-04:00" testType="13cdc9d9-ddb5-4fa4-a97d-d965ccfc6d4b" outcome="Passed" testListId="8c84fa94-04c1-424b-9868-57a2d4851a1d" relativeResultsDirectory="c657a47d-98cc-477d-9175-2317ec95a5b0">
      <Output>
        <StdOut>Query being generated:&#xD;
&#xD;
insert into "Fact"( "indexId", "id", "psqlName", "timeStamp", "specialChar", "maybeSomething", "sometimesNothing", "biteSize" ) values ( @indexId0, @id0, @name0, @timeStamp0, @specialChar0, @maybeSomething0, @sometimesNothing0, @biteSize0 ), ( @indexId1, @id1, @name1, @timeStamp1, @specialChar1, @maybeSomething1, @sometimesNothing1, @biteSize1 ), ( @indexId2, @id2, @name2, @timeStamp2, @specialChar2, @maybeSomething2, @sometimesNothing2, @biteSize2 ), ( @indexId3, @id3, @name3, @timeStamp3, @specialChar3, @maybeSomething3, @sometimesNothing3, @biteSize3 );&#xD;
&#xD;
&#xD;
&#xD;
Query generated: insert into "Fact"( "indexId", "id", "psqlName", "timeStamp", "specialChar", "maybeSomething", "sometimesNothing", "biteSize" ) values ( @indexId0, @id0, @name0, @timeStamp0, @specialChar0, @maybeSomething0, @sometimesNothing0, @biteSize0 ), ( @indexId1, @id1, @name1, @timeStamp1, @specialChar1, @maybeSomething1, @sometimesNothing1, @biteSize1 ), ( @indexId2, @id2, @name2, @timeStamp2, @specialChar2, @maybeSomething2, @sometimesNothing2, @biteSize2 ), ( @indexId3, @id3, @name3, @timeStamp3, @specialChar3, @maybeSomething3, @sometimesNothing3, @biteSize3 );&#xD;
Param count: 32&#xD;
Param 0 - "@indexId0": 1L&#xD;
Param 1 - "@id0": "33457c85-2c83-4874-ba11-7a54dd5d384d"&#xD;
Param 2 - "@name0": "Gerry McGuire"&#xD;
Param 3 - "@timeStamp0": "8/2/2023 21:19:04 "&#xD;
Param 4 - "@specialChar0": "Δ"&#xD;
Param 5 - "@maybeSomething0": "true"&#xD;
Param 6 - "@sometimesNothing0": 1L&#xD;
Param 7 - "@biteSize0": "!aBite"&#xD;
Param 8 - "@indexId1": 1L&#xD;
Param 9 - "@id1": "d38dced3-523e-4cf5-aa3b-df048fa43c5f"&#xD;
Param 10 - "@name1": "Gerry McGuire"&#xD;
Param 11 - "@timeStamp1": "8/2/2023 21:19:04 "&#xD;
Param 12 - "@specialChar1": "Δ"&#xD;
Param 13 - "@maybeSomething1": "true"&#xD;
Param 14 - "@sometimesNothing1": &#xD;
Param 15 - "@biteSize1": "!aBite"&#xD;
Param 16 - "@indexId2": 1L&#xD;
Param 17 - "@id2": "cc2cfeb9-5ebb-426e-9fb3-1cc18b2a1518"&#xD;
Param 18 - "@name2": "Gerry McGuire"&#xD;
Param 19 - "@timeStamp2": "8/2/2023 21:19:04 "&#xD;
Param 20 - "@specialChar2": "Δ"&#xD;
Param 21 - "@maybeSomething2": "true"&#xD;
Param 22 - "@sometimesNothing2": 1L&#xD;
Param 23 - "@biteSize2": "!aBite"&#xD;
Param 24 - "@indexId3": 1L&#xD;
Param 25 - "@id3": "5664b455-d86c-4f71-bc36-0be97b4c98cf"&#xD;
Param 26 - "@name3": "Gerry McGuire"&#xD;
Param 27 - "@timeStamp3": "8/2/2023 21:19:04 "&#xD;
Param 28 - "@specialChar3": "Δ"&#xD;
Param 29 - "@maybeSomething3": "true"&#xD;
Param 30 - "@sometimesNothing3": 1L&#xD;
Param 31 - "@biteSize3": "!aBite"</StdOut>
      </Output>
    </UnitTestResult>
    <UnitTestResult executionId="8bc56df8-43b7-4c96-b5b7-32a089366f20" testId="703d9e23-b2da-ec05-d434-5d080ae77160" testName="SelectWhere" computerName="DESKTOP-BGD87SJ" duration="00:00:00.3323850" startTime="2023-08-02T21:19:05.3969404-04:00" endTime="2023-08-02T21:19:05.7293249-04:00" testType="13cdc9d9-ddb5-4fa4-a97d-d965ccfc6d4b" outcome="Passed" testListId="8c84fa94-04c1-424b-9868-57a2d4851a1d" relativeResultsDirectory="8bc56df8-43b7-4c96-b5b7-32a089366f20">
      <Output>
        <StdOut>Selecting Where...&#xD;
Query being generated:&#xD;
&#xD;
select "Fact"."indexId", "Fact"."id", "Fact"."psqlName", "Fact"."timeStamp", "Fact"."specialChar", "Fact"."maybeSomething", "Fact"."sometimesNothing", "Fact"."biteSize", "SubFact"."subFact" from "Fact" join "SubFact" on "SubFact"."factId" = "Fact"."indexId" where "maybeSomething" = 'true'&#xD;
&#xD;
&#xD;
&#xD;
&#xD;
facts: seq []</StdOut>
      </Output>
    </UnitTestResult>
    <UnitTestResult executionId="ff73642a-e61b-4ec7-b30d-6357604f31e6" testId="17b58aeb-30c9-6964-6c40-fbab11cb0ed7" testName="UpdateWhere" computerName="DESKTOP-BGD87SJ" duration="00:00:00.0111260" startTime="2023-08-02T21:19:04.3637925-04:00" endTime="2023-08-02T21:19:04.3749180-04:00" testType="13cdc9d9-ddb5-4fa4-a97d-d965ccfc6d4b" outcome="Passed" testListId="8c84fa94-04c1-424b-9868-57a2d4851a1d" relativeResultsDirectory="ff73642a-e61b-4ec7-b30d-6357604f31e6">
      <Output>
        <StdOut>Updating...&#xD;
columns to update: seq&#xD;
  [{ Index = 0&#xD;
     IsKey = false&#xD;
     IsIndex = true&#xD;
     JoinOn = Some ("SubFact", "factId")&#xD;
     Source = ""Fact""&#xD;
     QuotedSource = ""Fact""&#xD;
     SqlName = "indexId"&#xD;
     QuotedSqlName = ""indexId""&#xD;
     FSharpName = "indexId"&#xD;
     Type = System.Int64&#xD;
     PropertyInfo = Int64 indexId }; { Index = 2&#xD;
                                       IsKey = false&#xD;
                                       IsIndex = false&#xD;
                                       JoinOn = None&#xD;
                                       Source = ""Fact""&#xD;
                                       QuotedSource = ""Fact""&#xD;
                                       SqlName = "sqliteName"&#xD;
                                       QuotedSqlName = ""sqliteName""&#xD;
                                       FSharpName = "name"&#xD;
                                       Type = System.String&#xD;
                                       PropertyInfo = System.String name };&#xD;
   { Index = 3&#xD;
     IsKey = false&#xD;
     IsIndex = false&#xD;
     JoinOn = None&#xD;
     Source = ""Fact""&#xD;
     QuotedSource = ""Fact""&#xD;
     SqlName = "timeStamp"&#xD;
     QuotedSqlName = ""timeStamp""&#xD;
     FSharpName = "timeStamp"&#xD;
     Type = System.String&#xD;
     PropertyInfo = System.String timeStamp };&#xD;
   { Index = 4&#xD;
     IsKey = false&#xD;
     IsIndex = false&#xD;
     JoinOn = None&#xD;
     Source = ""Fact""&#xD;
     QuotedSource = ""Fact""&#xD;
     SqlName = "specialChar"&#xD;
     QuotedSqlName = ""specialChar""&#xD;
     FSharpName = "specialChar"&#xD;
     Type = System.String&#xD;
     PropertyInfo = System.String specialChar }; ...]&#xD;
Query being generated:&#xD;
&#xD;
update "Fact" set "indexId" = @indexId, "sqliteName" = @name, "timeStamp" = @timeStamp, "specialChar" = @specialChar, "maybeSomething" = @maybeSomething, "sometimesNothing" = @sometimesNothing, "biteSize" = @biteSize where "indexId" = 1&#xD;
&#xD;
&#xD;
&#xD;
&#xD;
facts: 5</StdOut>
      </Output>
    </UnitTestResult>
    <UnitTestResult executionId="86602451-e187-4b87-af02-9dcd1c744d20" testId="637f884a-918a-8683-bb6b-2e0f84146c18" testName="UpdateMany" computerName="DESKTOP-BGD87SJ" duration="00:00:00.1213940" startTime="2023-08-02T21:19:06.0616119-04:00" endTime="2023-08-02T21:19:06.1830054-04:00" testType="13cdc9d9-ddb5-4fa4-a97d-d965ccfc6d4b" outcome="Failed" testListId="8c84fa94-04c1-424b-9868-57a2d4851a1d" relativeResultsDirectory="86602451-e187-4b87-af02-9dcd1c744d20">
      <Output>
        <StdOut>Updating many...&#xD;
columns to update: seq&#xD;
  [{ Index = 0&#xD;
     IsKey = false&#xD;
     IsIndex = true&#xD;
     JoinOn = Some ("SubFact", "factId")&#xD;
     Source = ""Fact""&#xD;
     QuotedSource = ""Fact""&#xD;
     SqlName = "indexId"&#xD;
     QuotedSqlName = ""indexId""&#xD;
     FSharpName = "indexId"&#xD;
     Type = System.Int64&#xD;
     PropertyInfo = Int64 indexId }; { Index = 2&#xD;
                                       IsKey = false&#xD;
                                       IsIndex = false&#xD;
                                       JoinOn = None&#xD;
                                       Source = ""Fact""&#xD;
                                       QuotedSource = ""Fact""&#xD;
                                       SqlName = "psqlName"&#xD;
                                       QuotedSqlName = ""psqlName""&#xD;
                                       FSharpName = "name"&#xD;
                                       Type = System.String&#xD;
                                       PropertyInfo = System.String name };&#xD;
   { Index = 3&#xD;
     IsKey = false&#xD;
     IsIndex = false&#xD;
     JoinOn = None&#xD;
     Source = ""Fact""&#xD;
     QuotedSource = ""Fact""&#xD;
     SqlName = "timeStamp"&#xD;
     QuotedSqlName = ""timeStamp""&#xD;
     FSharpName = "timeStamp"&#xD;
     Type = System.String&#xD;
     PropertyInfo = System.String timeStamp };&#xD;
   { Index = 4&#xD;
     IsKey = false&#xD;
     IsIndex = false&#xD;
     JoinOn = None&#xD;
     Source = ""Fact""&#xD;
     QuotedSource = ""Fact""&#xD;
     SqlName = "specialChar"&#xD;
     QuotedSqlName = ""specialChar""&#xD;
     FSharpName = "specialChar"&#xD;
     Type = System.String&#xD;
     PropertyInfo = System.String specialChar }; ...]&#xD;
Query being generated:&#xD;
&#xD;
update "Fact" set "indexId" = @indexId, "psqlName" = @name, "timeStamp" = @timeStamp, "specialChar" = @specialChar, "maybeSomething" = @maybeSomething, "sometimesNothing" = @sometimesNothing, "biteSize" = @biteSize where "Fact"."id" = @id&#xD;
&#xD;
&#xD;
&#xD;
columns to update: seq&#xD;
  [{ Index = 0&#xD;
     IsKey = false&#xD;
     IsIndex = true&#xD;
     JoinOn = Some ("SubFact", "factId")&#xD;
     Source = ""Fact""&#xD;
     QuotedSource = ""Fact""&#xD;
     SqlName = "indexId"&#xD;
     QuotedSqlName = ""indexId""&#xD;
     FSharpName = "indexId"&#xD;
     Type = System.Int64&#xD;
     PropertyInfo = Int64 indexId }; { Index = 2&#xD;
                                       IsKey = false&#xD;
                                       IsIndex = false&#xD;
                                       JoinOn = None&#xD;
                                       Source = ""Fact""&#xD;
                                       QuotedSource = ""Fact""&#xD;
                                       SqlName = "psqlName"&#xD;
                                       QuotedSqlName = ""psqlName""&#xD;
                                       FSharpName = "name"&#xD;
                                       Type = System.String&#xD;
                                       PropertyInfo = System.String name };&#xD;
   { Index = 3&#xD;
     IsKey = false&#xD;
     IsIndex = false&#xD;
     JoinOn = None&#xD;
     Source = ""Fact""&#xD;
     QuotedSource = ""Fact""&#xD;
     SqlName = "timeStamp"&#xD;
     QuotedSqlName = ""timeStamp""&#xD;
     FSharpName = "timeStamp"&#xD;
     Type = System.String&#xD;
     PropertyInfo = System.String timeStamp };&#xD;
   { Index = 4&#xD;
     IsKey = false&#xD;
     IsIndex = false&#xD;
     JoinOn = None&#xD;
     Source = ""Fact""&#xD;
     QuotedSource = ""Fact""&#xD;
     SqlName = "specialChar"&#xD;
     QuotedSqlName = ""specialChar""&#xD;
     FSharpName = "specialChar"&#xD;
     Type = System.String&#xD;
     PropertyInfo = System.String specialChar }; ...]&#xD;
Query being generated:&#xD;
&#xD;
update "Fact" set "indexId" = @indexId, "psqlName" = @name, "timeStamp" = @timeStamp, "specialChar" = @specialChar, "maybeSomething" = @maybeSomething, "sometimesNothing" = @sometimesNothing, "biteSize" = @biteSize where "Fact"."id" = @id&#xD;
&#xD;
&#xD;
&#xD;
seq [Ok 1; Ok 1]Query being generated:&#xD;
&#xD;
select "Fact"."indexId", "Fact"."id", "Fact"."psqlName", "Fact"."timeStamp", "Fact"."specialChar", "Fact"."maybeSomething", "Fact"."sometimesNothing", "Fact"."biteSize", "SubFact"."subFact" from "Fact" join "SubFact" on "SubFact"."factId" = "Fact"."indexId" where id = 'cc2cfeb9-5ebb-426e-9fb3-1cc18b2a1518'</StdOut>
        <ErrorInfo>
          <Message>System.ArgumentException : The input sequence was empty. (Parameter 'source')</Message>
          <StackTrace>   at Microsoft.FSharp.Collections.SeqModule.Head[T](IEnumerable`1 source) in D:\a\_work\1\s\src\FSharp.Core\seq.fs:line 1653&#xD;
   at Test.Orm.Orm.UpdateMany() in C:\Users\Fenton\Documents\GitHub\hcrd\FORM\Test\Orm.fs:line 141&#xD;
   at InvokeStub_Orm.UpdateMany(Object, Object, IntPtr*)&#xD;
   at System.Reflection.MethodInvoker.Invoke(Object obj, IntPtr* args, BindingFlags invokeAttr)
</StackTrace>
        </ErrorInfo>
      </Output>
    </UnitTestResult>
    <UnitTestResult executionId="dc6e9677-c9c8-4667-a3e8-f643dcf74731" testId="d9987b9d-24a0-d4c4-e4b0-295b5a496f9c" testName="Select" computerName="DESKTOP-BGD87SJ" duration="00:00:00.3386739" startTime="2023-08-02T21:19:05.0582395-04:00" endTime="2023-08-02T21:19:05.3969127-04:00" testType="13cdc9d9-ddb5-4fa4-a97d-d965ccfc6d4b" outcome="Passed" testListId="8c84fa94-04c1-424b-9868-57a2d4851a1d" relativeResultsDirectory="dc6e9677-c9c8-4667-a3e8-f643dcf74731">
      <Output>
        <StdOut>Selecting All...&#xD;
Query being generated:&#xD;
&#xD;
select "Fact"."indexId", "Fact"."id", "Fact"."psqlName", "Fact"."timeStamp", "Fact"."specialChar", "Fact"."maybeSomething", "Fact"."sometimesNothing", "Fact"."biteSize", "SubFact"."subFact" from "Fact" join "SubFact" on "SubFact"."factId" = "Fact"."indexId"&#xD;
&#xD;
&#xD;
&#xD;
&#xD;
facts: Error: Connection already open</StdOut>
      </Output>
    </UnitTestResult>
    <UnitTestResult executionId="a3515628-f6e5-4258-8b02-86c9f99eb0c2" testId="15e7aaf0-1e10-0c65-15f8-df3a9c6f37ce" testName="DeleteMany" computerName="DESKTOP-BGD87SJ" duration="00:00:00.0357580" startTime="2023-08-02T21:19:04.8737707-04:00" endTime="2023-08-02T21:19:04.9095287-04:00" testType="13cdc9d9-ddb5-4fa4-a97d-d965ccfc6d4b" outcome="Passed" testListId="8c84fa94-04c1-424b-9868-57a2d4851a1d" relativeResultsDirectory="a3515628-f6e5-4258-8b02-86c9f99eb0c2">
      <Output>
        <StdOut>Deleting Many...&#xD;
Query being generated:&#xD;
&#xD;
delete from "Fact" where ( "Fact"."id" = @id0) OR ("Fact"."id" = @id1 )&#xD;
&#xD;
&#xD;
&#xD;
&#xD;
0</StdOut>
      </Output>
    </UnitTestResult>
    <UnitTestResult executionId="02619609-44ae-486a-a3a8-e5f201a40588" testId="e1d96324-45ef-45d2-544f-68bf57e5356c" testName="InsertUpdateSelect" computerName="DESKTOP-BGD87SJ" duration="00:00:00.3912610" startTime="2023-08-02T21:20:37.4787402-04:00" endTime="2023-08-02T21:20:37.8699999-04:00" testType="13cdc9d9-ddb5-4fa4-a97d-d965ccfc6d4b" outcome="Failed" testListId="8c84fa94-04c1-424b-9868-57a2d4851a1d" relativeResultsDirectory="02619609-44ae-486a-a3a8-e5f201a40588">
      <Output>
        <StdOut>Do we have a transaction? Some Npgsql.NpgsqlTransaction&#xD;
Query being generated:&#xD;
&#xD;
insert into "Fact" ( "indexId", "id", "psqlName", "timeStamp", "specialChar", "maybeSomething", "sometimesNothing", "biteSize" ) values ( @indexId, @id, @name, @timeStamp, @specialChar, @maybeSomething, @sometimesNothing, @biteSize )&#xD;
&#xD;
&#xD;
&#xD;
Param count: 8&#xD;
Param 0 - "@indexId": 1L&#xD;
Param 1 - "@id": "a1d728c4-ffde-4f28-ac09-b9abf768fd96"&#xD;
Param 2 - "@name": "Gerry McGuire"&#xD;
Param 3 - "@timeStamp": "8/2/2023 21:20:37 "&#xD;
Param 4 - "@specialChar": "Δ"&#xD;
Param 5 - "@maybeSomething": "true"&#xD;
Param 6 - "@sometimesNothing": 1L&#xD;
Param 7 - "@biteSize": "!aBite"&#xD;
columns to update: seq&#xD;
  [{ Index = 0&#xD;
     IsKey = false&#xD;
     IsIndex = true&#xD;
     JoinOn = Some ("SubFact", "factId")&#xD;
     Source = ""Fact""&#xD;
     QuotedSource = ""Fact""&#xD;
     SqlName = "indexId"&#xD;
     QuotedSqlName = ""indexId""&#xD;
     FSharpName = "indexId"&#xD;
     Type = System.Int64&#xD;
     PropertyInfo = Int64 indexId }; { Index = 2&#xD;
                                       IsKey = false&#xD;
                                       IsIndex = false&#xD;
                                       JoinOn = None&#xD;
                                       Source = ""Fact""&#xD;
                                       QuotedSource = ""Fact""&#xD;
                                       SqlName = "psqlName"&#xD;
                                       QuotedSqlName = ""psqlName""&#xD;
                                       FSharpName = "name"&#xD;
                                       Type = System.String&#xD;
                                       PropertyInfo = System.String name };&#xD;
   { Index = 3&#xD;
     IsKey = false&#xD;
     IsIndex = false&#xD;
     JoinOn = None&#xD;
     Source = ""Fact""&#xD;
     QuotedSource = ""Fact""&#xD;
     SqlName = "timeStamp"&#xD;
     QuotedSqlName = ""timeStamp""&#xD;
     FSharpName = "timeStamp"&#xD;
     Type = System.String&#xD;
     PropertyInfo = System.String timeStamp };&#xD;
   { Index = 4&#xD;
     IsKey = false&#xD;
     IsIndex = false&#xD;
     JoinOn = None&#xD;
     Source = ""Fact""&#xD;
     QuotedSource = ""Fact""&#xD;
     SqlName = "specialChar"&#xD;
     QuotedSqlName = ""specialChar""&#xD;
     FSharpName = "specialChar"&#xD;
     Type = System.String&#xD;
     PropertyInfo = System.String specialChar }; ...]&#xD;
Query being generated:&#xD;
&#xD;
update "Fact" set "indexId" = @indexId, "psqlName" = @name, "timeStamp" = @timeStamp, "specialChar" = @specialChar, "maybeSomething" = @maybeSomething, "sometimesNothing" = @sometimesNothing, "biteSize" = @biteSize where "Fact"."id" = @id&#xD;
&#xD;
&#xD;
&#xD;
Query being generated:&#xD;
&#xD;
select "Fact"."indexId", "Fact"."id", "Fact"."psqlName", "Fact"."timeStamp", "Fact"."specialChar", "Fact"."maybeSomething", "Fact"."sometimesNothing", "Fact"."biteSize", "SubFact"."subFact" from "Fact" join "SubFact" on "SubFact"."factId" = "Fact"."indexId" where id = 'a1d728c4-ffde-4f28-ac09-b9abf768fd96'</StdOut>
        <ErrorInfo>
          <Message>System.Collections.Generic.KeyNotFoundException : The given key 'Microsoft.FSharp.Core.CompilerServices.RuntimeHelpers+StructBox`1[System.String]' was not present in the dictionary.</Message>
          <StackTrace>   at System.Collections.Generic.Dictionary`2.get_Item(TKey key)&#xD;
   at Microsoft.FSharp.Core.ExtraTopLevelOperators.DictImpl`3.System.Collections.Generic.IDictionary&lt;'Key, 'T&gt;.get_Item(TKey x) in D:\a\_work\1\s\src\FSharp.Core\fslib-extra-pervasives.fs:line 63&#xD;
   at Test.Orm.Pipe #1 input at line 359@359-35.Invoke(Tuple`2 tupledArg)&#xD;
   at Microsoft.FSharp.Primitives.Basics.Array.stableSortInPlaceBy[T,TKey](FSharpFunc`2 projection, T[] array) in D:\a\_work\1\s\src\FSharp.Core\local.fs:line 1126&#xD;
   at Microsoft.FSharp.Collections.SeqModule.SortBy@1347.Invoke(Unit unitVar0) in D:\a\_work\1\s\src\FSharp.Core\seq.fs:line 1349&#xD;
   at Microsoft.FSharp.Collections.SeqModule.mkDelayedSeq@567.Invoke(Unit unitVar0) in D:\a\_work\1\s\src\FSharp.Core\seq.fs:line 567&#xD;
   at Microsoft.FSharp.Collections.SeqModule.revamp@699.Invoke(Unit unitVar0) in D:\a\_work\1\s\src\FSharp.Core\seq.fs:line 699&#xD;
   at System.Collections.Generic.List`1..ctor(IEnumerable`1 collection)&#xD;
   at Microsoft.FSharp.Collections.SeqModule.ToArray[T](IEnumerable`1 source) in D:\a\_work\1\s\src\FSharp.Core\seq.fs:line 984&#xD;
   at Test.Orm.Pipe #1 input at line 359@359-33.GenerateNext(IEnumerable`1&amp; next)&#xD;
   at Microsoft.FSharp.Core.CompilerServices.GeneratedSequenceBase`1.MoveNextImpl() in D:\a\_work\1\s\src\FSharp.Core\seqcore.fs:line 427&#xD;
   at Test.Orm.Pipe #1 input at line 359@359-21.GenerateNext(IEnumerable`1&amp; next) in C:\Users\Fenton\Documents\GitHub\hcrd\FORM\Test\Orm.fs:line 359&#xD;
   at Microsoft.FSharp.Core.CompilerServices.GeneratedSequenceBase`1.MoveNextImpl() in D:\a\_work\1\s\src\FSharp.Core\seqcore.fs:line 427&#xD;
   at Microsoft.FSharp.Collections.SeqModule.Length[T](IEnumerable`1 source) in D:\a\_work\1\s\src\FSharp.Core\seq.fs:line 870&#xD;
   at Test.Orm.Pipe #1 stage #2 at line 358@358.Invoke(Int32 _arg7) in C:\Users\Fenton\Documents\GitHub\hcrd\FORM\Test\Orm.fs:line 361&#xD;
   at Test.Orm.OrmTransaction.InsertUpdateSelect() in C:\Users\Fenton\Documents\GitHub\hcrd\FORM\Test\Orm.fs:line 358&#xD;
   at InvokeStub_OrmTransaction.InsertUpdateSelect(Object, Object, IntPtr*)&#xD;
   at System.Reflection.MethodInvoker.Invoke(Object obj, IntPtr* args, BindingFlags invokeAttr)
</StackTrace>
        </ErrorInfo>
      </Output>
    </UnitTestResult>
    <UnitTestResult executionId="0c34d15e-0857-4878-aa90-8d4d8e1d4612" testId="3e7f6762-f253-2395-a98b-b7024bc8f76d" testName="InsertDeleteSelect" computerName="DESKTOP-BGD87SJ" duration="00:00:00.0351910" startTime="2023-08-02T21:19:06.5280526-04:00" endTime="2023-08-02T21:19:06.5632438-04:00" testType="13cdc9d9-ddb5-4fa4-a97d-d965ccfc6d4b" outcome="Passed" testListId="8c84fa94-04c1-424b-9868-57a2d4851a1d" relativeResultsDirectory="0c34d15e-0857-4878-aa90-8d4d8e1d4612">
      <Output>
        <StdOut>Do we have a transaction? Some Microsoft.Data.Sqlite.SqliteTransaction&#xD;
Query being generated:&#xD;
&#xD;
insert into "SubFact" ( "factId", "subFact" ) values ( @factId, @subFact )&#xD;
&#xD;
&#xD;
&#xD;
Param count: 2&#xD;
Param 0 - "@factId": 1L&#xD;
Param 1 - "@subFact": "woooo"&#xD;
Query being generated:&#xD;
&#xD;
insert into "Fact" ( "indexId", "id", "sqliteName", "timeStamp", "specialChar", "maybeSomething", "sometimesNothing", "biteSize" ) values ( @indexId, @id, @name, @timeStamp, @specialChar, @maybeSomething, @sometimesNothing, @biteSize )&#xD;
&#xD;
&#xD;
&#xD;
Param count: 8&#xD;
Param 0 - "@indexId": 1L&#xD;
Param 1 - "@id": "6b3761e5-aa96-4c8e-a453-832db62b2574"&#xD;
Param 2 - "@name": "Gerry McGuire"&#xD;
Param 3 - "@timeStamp": "8/2/2023 21:19:06 "&#xD;
Param 4 - "@specialChar": "Δ"&#xD;
Param 5 - "@maybeSomething": "true"&#xD;
Param 6 - "@sometimesNothing": 1L&#xD;
Param 7 - "@biteSize": "!aBite"&#xD;
Query being generated:&#xD;
&#xD;
delete from "Fact" where "Fact"."id" = @id&#xD;
&#xD;
&#xD;
&#xD;
Query being generated:&#xD;
&#xD;
select "Fact"."indexId", "Fact"."id", "Fact"."sqliteName", "Fact"."timeStamp", "Fact"."specialChar", "Fact"."maybeSomething", "Fact"."sometimesNothing", "Fact"."biteSize", "SubFact"."subFact" from "Fact" join "SubFact" on "SubFact"."factId" = "Fact"."indexId" where id = '6b3761e5-aa96-4c8e-a453-832db62b2574'</StdOut>
      </Output>
    </UnitTestResult>
    <UnitTestResult executionId="05ea3a7c-555c-4363-9d9b-82d159149424" testId="109960d2-3813-538d-c791-8f455002f0b6" testName="UpdateMany" computerName="DESKTOP-BGD87SJ" duration="00:00:00.0426770" startTime="2023-08-02T21:19:04.3210093-04:00" endTime="2023-08-02T21:19:04.3636858-04:00" testType="13cdc9d9-ddb5-4fa4-a97d-d965ccfc6d4b" outcome="Failed" testListId="8c84fa94-04c1-424b-9868-57a2d4851a1d" relativeResultsDirectory="05ea3a7c-555c-4363-9d9b-82d159149424">
      <Output>
        <StdOut>Updating many...&#xD;
columns to update: seq&#xD;
  [{ Index = 0&#xD;
     IsKey = false&#xD;
     IsIndex = true&#xD;
     JoinOn = Some ("SubFact", "factId")&#xD;
     Source = ""Fact""&#xD;
     QuotedSource = ""Fact""&#xD;
     SqlName = "indexId"&#xD;
     QuotedSqlName = ""indexId""&#xD;
     FSharpName = "indexId"&#xD;
     Type = System.Int64&#xD;
     PropertyInfo = Int64 indexId }; { Index = 2&#xD;
                                       IsKey = false&#xD;
                                       IsIndex = false&#xD;
                                       JoinOn = None&#xD;
                                       Source = ""Fact""&#xD;
                                       QuotedSource = ""Fact""&#xD;
                                       SqlName = "sqliteName"&#xD;
                                       QuotedSqlName = ""sqliteName""&#xD;
                                       FSharpName = "name"&#xD;
                                       Type = System.String&#xD;
                                       PropertyInfo = System.String name };&#xD;
   { Index = 3&#xD;
     IsKey = false&#xD;
     IsIndex = false&#xD;
     JoinOn = None&#xD;
     Source = ""Fact""&#xD;
     QuotedSource = ""Fact""&#xD;
     SqlName = "timeStamp"&#xD;
     QuotedSqlName = ""timeStamp""&#xD;
     FSharpName = "timeStamp"&#xD;
     Type = System.String&#xD;
     PropertyInfo = System.String timeStamp };&#xD;
   { Index = 4&#xD;
     IsKey = false&#xD;
     IsIndex = false&#xD;
     JoinOn = None&#xD;
     Source = ""Fact""&#xD;
     QuotedSource = ""Fact""&#xD;
     SqlName = "specialChar"&#xD;
     QuotedSqlName = ""specialChar""&#xD;
     FSharpName = "specialChar"&#xD;
     Type = System.String&#xD;
     PropertyInfo = System.String specialChar }; ...]&#xD;
Query being generated:&#xD;
&#xD;
update "Fact" set "indexId" = @indexId, "sqliteName" = @name, "timeStamp" = @timeStamp, "specialChar" = @specialChar, "maybeSomething" = @maybeSomething, "sometimesNothing" = @sometimesNothing, "biteSize" = @biteSize where "Fact"."id" = @id&#xD;
&#xD;
&#xD;
&#xD;
columns to update: seq&#xD;
  [{ Index = 0&#xD;
     IsKey = false&#xD;
     IsIndex = true&#xD;
     JoinOn = Some ("SubFact", "factId")&#xD;
     Source = ""Fact""&#xD;
     QuotedSource = ""Fact""&#xD;
     SqlName = "indexId"&#xD;
     QuotedSqlName = ""indexId""&#xD;
     FSharpName = "indexId"&#xD;
     Type = System.Int64&#xD;
     PropertyInfo = Int64 indexId }; { Index = 2&#xD;
                                       IsKey = false&#xD;
                                       IsIndex = false&#xD;
                                       JoinOn = None&#xD;
                                       Source = ""Fact""&#xD;
                                       QuotedSource = ""Fact""&#xD;
                                       SqlName = "sqliteName"&#xD;
                                       QuotedSqlName = ""sqliteName""&#xD;
                                       FSharpName = "name"&#xD;
                                       Type = System.String&#xD;
                                       PropertyInfo = System.String name };&#xD;
   { Index = 3&#xD;
     IsKey = false&#xD;
     IsIndex = false&#xD;
     JoinOn = None&#xD;
     Source = ""Fact""&#xD;
     QuotedSource = ""Fact""&#xD;
     SqlName = "timeStamp"&#xD;
     QuotedSqlName = ""timeStamp""&#xD;
     FSharpName = "timeStamp"&#xD;
     Type = System.String&#xD;
     PropertyInfo = System.String timeStamp };&#xD;
   { Index = 4&#xD;
     IsKey = false&#xD;
     IsIndex = false&#xD;
     JoinOn = None&#xD;
     Source = ""Fact""&#xD;
     QuotedSource = ""Fact""&#xD;
     SqlName = "specialChar"&#xD;
     QuotedSqlName = ""specialChar""&#xD;
     FSharpName = "specialChar"&#xD;
     Type = System.String&#xD;
     PropertyInfo = System.String specialChar }; ...]&#xD;
Query being generated:&#xD;
&#xD;
update "Fact" set "indexId" = @indexId, "sqliteName" = @name, "timeStamp" = @timeStamp, "specialChar" = @specialChar, "maybeSomething" = @maybeSomething, "sometimesNothing" = @sometimesNothing, "biteSize" = @biteSize where "Fact"."id" = @id&#xD;
&#xD;
&#xD;
&#xD;
seq [Ok 1; Ok 1]Query being generated:&#xD;
&#xD;
select "Fact"."indexId", "Fact"."id", "Fact"."sqliteName", "Fact"."timeStamp", "Fact"."specialChar", "Fact"."maybeSomething", "Fact"."sometimesNothing", "Fact"."biteSize", "SubFact"."subFact" from "Fact" join "SubFact" on "SubFact"."factId" = "Fact"."indexId" where id = '5c06016a-d176-4f74-b716-8b9f4802db95'</StdOut>
        <ErrorInfo>
          <Message>System.ArgumentException : The input sequence was empty. (Parameter 'source')</Message>
          <StackTrace>   at Microsoft.FSharp.Collections.SeqModule.Head[T](IEnumerable`1 source) in D:\a\_work\1\s\src\FSharp.Core\seq.fs:line 1653&#xD;
   at Test.Orm.Orm.UpdateMany() in C:\Users\Fenton\Documents\GitHub\hcrd\FORM\Test\Orm.fs:line 141&#xD;
   at System.RuntimeMethodHandle.InvokeMethod(Object target, Void** arguments, Signature sig, Boolean isConstructor)&#xD;
   at System.Reflection.MethodInvoker.Invoke(Object obj, IntPtr* args, BindingFlags invokeAttr)
</StackTrace>
        </ErrorInfo>
      </Output>
    </UnitTestResult>
    <UnitTestResult executionId="847e05a2-3924-4b24-8e6d-8241cb2751ca" testId="d73ca3dd-6f0d-02ae-9b15-97da40bf6710" testName="InsertDeleteSelect" computerName="DESKTOP-BGD87SJ" duration="00:00:00.2091670" startTime="2023-08-02T21:20:36.8510911-04:00" endTime="2023-08-02T21:20:37.0602578-04:00" testType="13cdc9d9-ddb5-4fa4-a97d-d965ccfc6d4b" outcome="Passed" testListId="8c84fa94-04c1-424b-9868-57a2d4851a1d" relativeResultsDirectory="847e05a2-3924-4b24-8e6d-8241cb2751ca">
      <Output>
        <StdOut>Do we have a transaction? Some Npgsql.NpgsqlTransaction&#xD;
Query being generated:&#xD;
&#xD;
insert into "SubFact" ( "factId", "subFact" ) values ( @factId, @subFact )&#xD;
&#xD;
&#xD;
&#xD;
Param count: 2&#xD;
Param 0 - "@factId": 1L&#xD;
Param 1 - "@subFact": "woooo"&#xD;
Query being generated:&#xD;
&#xD;
insert into "Fact" ( "indexId", "id", "psqlName", "timeStamp", "specialChar", "maybeSomething", "sometimesNothing", "biteSize" ) values ( @indexId, @id, @name, @timeStamp, @specialChar, @maybeSomething, @sometimesNothing, @biteSize )&#xD;
&#xD;
&#xD;
&#xD;
Param count: 8&#xD;
Param 0 - "@indexId": 1L&#xD;
Param 1 - "@id": "64def4cc-2f7e-459c-85ea-a57838d513bf"&#xD;
Param 2 - "@name": "Gerry McGuire"&#xD;
Param 3 - "@timeStamp": "8/2/2023 21:20:36 "&#xD;
Param 4 - "@specialChar": "Δ"&#xD;
Param 5 - "@maybeSomething": "true"&#xD;
Param 6 - "@sometimesNothing": 1L&#xD;
Param 7 - "@biteSize": "!aBite"&#xD;
Query being generated:&#xD;
&#xD;
delete from "Fact" where "Fact"."id" = @id&#xD;
&#xD;
&#xD;
&#xD;
Query being generated:&#xD;
&#xD;
select "Fact"."indexId", "Fact"."id", "Fact"."psqlName", "Fact"."timeStamp", "Fact"."specialChar", "Fact"."maybeSomething", "Fact"."sometimesNothing", "Fact"."biteSize", "SubFact"."subFact" from "Fact" join "SubFact" on "SubFact"."factId" = "Fact"."indexId" where id = '64def4cc-2f7e-459c-85ea-a57838d513bf'</StdOut>
      </Output>
    </UnitTestResult>
    <UnitTestResult executionId="3cf1e0c0-710f-40ed-a21e-749a5444c564" testId="685fd3d2-6ac3-c066-f340-f935822e65eb" testName="Update" computerName="DESKTOP-BGD87SJ" duration="00:00:00.0227750" startTime="2023-08-02T21:19:04.2982176-04:00" endTime="2023-08-02T21:19:04.3209922-04:00" testType="13cdc9d9-ddb5-4fa4-a97d-d965ccfc6d4b" outcome="Passed" testListId="8c84fa94-04c1-424b-9868-57a2d4851a1d" relativeResultsDirectory="3cf1e0c0-710f-40ed-a21e-749a5444c564">
      <Output>
        <StdOut>Updating...&#xD;
columns to update: seq&#xD;
  [{ Index = 0&#xD;
     IsKey = false&#xD;
     IsIndex = true&#xD;
     JoinOn = Some ("SubFact", "factId")&#xD;
     Source = ""Fact""&#xD;
     QuotedSource = ""Fact""&#xD;
     SqlName = "indexId"&#xD;
     QuotedSqlName = ""indexId""&#xD;
     FSharpName = "indexId"&#xD;
     Type = System.Int64&#xD;
     PropertyInfo = Int64 indexId }; { Index = 2&#xD;
                                       IsKey = false&#xD;
                                       IsIndex = false&#xD;
                                       JoinOn = None&#xD;
                                       Source = ""Fact""&#xD;
                                       QuotedSource = ""Fact""&#xD;
                                       SqlName = "sqliteName"&#xD;
                                       QuotedSqlName = ""sqliteName""&#xD;
                                       FSharpName = "name"&#xD;
                                       Type = System.String&#xD;
                                       PropertyInfo = System.String name };&#xD;
   { Index = 3&#xD;
     IsKey = false&#xD;
     IsIndex = false&#xD;
     JoinOn = None&#xD;
     Source = ""Fact""&#xD;
     QuotedSource = ""Fact""&#xD;
     SqlName = "timeStamp"&#xD;
     QuotedSqlName = ""timeStamp""&#xD;
     FSharpName = "timeStamp"&#xD;
     Type = System.String&#xD;
     PropertyInfo = System.String timeStamp };&#xD;
   { Index = 4&#xD;
     IsKey = false&#xD;
     IsIndex = false&#xD;
     JoinOn = None&#xD;
     Source = ""Fact""&#xD;
     QuotedSource = ""Fact""&#xD;
     SqlName = "specialChar"&#xD;
     QuotedSqlName = ""specialChar""&#xD;
     FSharpName = "specialChar"&#xD;
     Type = System.String&#xD;
     PropertyInfo = System.String specialChar }; ...]&#xD;
Query being generated:&#xD;
&#xD;
update "Fact" set "indexId" = @indexId, "sqliteName" = @name, "timeStamp" = @timeStamp, "specialChar" = @specialChar, "maybeSomething" = @maybeSomething, "sometimesNothing" = @sometimesNothing, "biteSize" = @biteSize where "Fact"."id" = @id&#xD;
&#xD;
&#xD;
&#xD;
&#xD;
facts: 1</StdOut>
      </Output>
    </UnitTestResult>
    <UnitTestResult executionId="59093bb3-72e7-4fbd-ae57-b671033a8d8d" testId="53d2384a-fbb2-a413-58be-1fd0675167cd" testName="Select" computerName="DESKTOP-BGD87SJ" duration="00:00:00.0119729" startTime="2023-08-02T21:19:04.2743512-04:00" endTime="2023-08-02T21:19:04.2863243-04:00" testType="13cdc9d9-ddb5-4fa4-a97d-d965ccfc6d4b" outcome="Passed" testListId="8c84fa94-04c1-424b-9868-57a2d4851a1d" relativeResultsDirectory="59093bb3-72e7-4fbd-ae57-b671033a8d8d">
      <Output>
        <StdOut>Selecting All...&#xD;
Query being generated:&#xD;
&#xD;
select "Fact"."indexId", "Fact"."id", "Fact"."sqliteName", "Fact"."timeStamp", "Fact"."specialChar", "Fact"."maybeSomething", "Fact"."sometimesNothing", "Fact"."biteSize", "SubFact"."subFact" from "Fact" join "SubFact" on "SubFact"."factId" = "Fact"."indexId"&#xD;
&#xD;
&#xD;
&#xD;
Query being generated:&#xD;
&#xD;
select "Fact"."indexId", "Fact"."id", "Fact"."sqliteName", "Fact"."timeStamp", "Fact"."specialChar", "Fact"."maybeSomething", "Fact"."sometimesNothing", "Fact"."biteSize", "SubFact"."subFact" from "Fact" join "SubFact" on "SubFact"."factId" = "Fact"."indexId"&#xD;
&#xD;
&#xD;
&#xD;
&#xD;
facts: seq []</StdOut>
      </Output>
    </UnitTestResult>
    <UnitTestResult executionId="984964d9-6db2-4a05-8bb0-48cc4dbe342e" testId="d8e33ed2-9bff-03c9-e97c-4b6122b57f5f" testName="Delete" computerName="DESKTOP-BGD87SJ" duration="00:00:00.0427550" startTime="2023-08-02T21:19:04.8309948-04:00" endTime="2023-08-02T21:19:04.8737496-04:00" testType="13cdc9d9-ddb5-4fa4-a97d-d965ccfc6d4b" outcome="Passed" testListId="8c84fa94-04c1-424b-9868-57a2d4851a1d" relativeResultsDirectory="984964d9-6db2-4a05-8bb0-48cc4dbe342e">
      <Output>
        <StdOut>Deleting...&#xD;
Query being generated:&#xD;
&#xD;
delete from "Fact" where "Fact"."id" = @id&#xD;
&#xD;
&#xD;
&#xD;
&#xD;
facts: 0</StdOut>
      </Output>
    </UnitTestResult>
    <UnitTestResult executionId="fb59e6ec-88fc-40b8-81f7-381c2914ada3" testId="6f25e22c-fb80-3b16-8268-1639c4107ef2" testName="DeleteWhere" computerName="DESKTOP-BGD87SJ" duration="00:00:00.0351210" startTime="2023-08-02T21:19:04.9095507-04:00" endTime="2023-08-02T21:19:04.9446714-04:00" testType="13cdc9d9-ddb5-4fa4-a97d-d965ccfc6d4b" outcome="Passed" testListId="8c84fa94-04c1-424b-9868-57a2d4851a1d" relativeResultsDirectory="fb59e6ec-88fc-40b8-81f7-381c2914ada3">
      <Output>
        <StdOut>Deleting Where...&#xD;
Query being generated:&#xD;
&#xD;
delete from "Fact" where "indexId" = 1&#xD;
&#xD;
&#xD;
&#xD;
&#xD;
facts: 0</StdOut>
      </Output>
    </UnitTestResult>
    <UnitTestResult executionId="e5091d49-0f01-4f49-a7fa-0138ac255c6b" testId="a90e932c-1181-7947-bd3f-cd4c26ae5c6c" testName="SelectWhere" computerName="DESKTOP-BGD87SJ" duration="00:00:00.0108210" startTime="2023-08-02T21:19:04.2863446-04:00" endTime="2023-08-02T21:19:04.2971653-04:00" testType="13cdc9d9-ddb5-4fa4-a97d-d965ccfc6d4b" outcome="Passed" testListId="8c84fa94-04c1-424b-9868-57a2d4851a1d" relativeResultsDirectory="e5091d49-0f01-4f49-a7fa-0138ac255c6b">
      <Output>
        <StdOut>Selecting Where...&#xD;
Query being generated:&#xD;
&#xD;
select "Fact"."indexId", "Fact"."id", "Fact"."sqliteName", "Fact"."timeStamp", "Fact"."specialChar", "Fact"."maybeSomething", "Fact"."sometimesNothing", "Fact"."biteSize", "SubFact"."subFact" from "Fact" join "SubFact" on "SubFact"."factId" = "Fact"."indexId" where "maybeSomething" = 'true'&#xD;
&#xD;
&#xD;
&#xD;
&#xD;
facts: seq []</StdOut>
      </Output>
    </UnitTestResult>
    <UnitTestResult executionId="fbe553cb-1148-4497-ad33-0e965c7106da" testId="5d408274-7e76-d306-80c5-5a9bfe39a193" testName="Connect" computerName="DESKTOP-BGD87SJ" duration="00:00:00.0005260" startTime="2023-08-02T21:19:04.8304515-04:00" endTime="2023-08-02T21:19:04.8309774-04:00" testType="13cdc9d9-ddb5-4fa4-a97d-d965ccfc6d4b" outcome="Passed" testListId="8c84fa94-04c1-424b-9868-57a2d4851a1d" relativeResultsDirectory="fbe553cb-1148-4497-ad33-0e965c7106da">
      <Output>
        <StdOut>Contest: "Data Source=./test.db;"</StdOut>
      </Output>
    </UnitTestResult>
    <UnitTestResult executionId="1bb790df-21fc-4aea-af4e-e46e0feb95bf" testId="cc8f9a7d-2cf1-cea4-783c-8b829390949b" testName="TearDown" computerName="DESKTOP-BGD87SJ" duration="00:00:00.0010260" startTime="2023-08-02T21:19:04.2971816-04:00" endTime="2023-08-02T21:19:04.2982071-04:00" testType="13cdc9d9-ddb5-4fa4-a97d-d965ccfc6d4b" outcome="Passed" testListId="8c84fa94-04c1-424b-9868-57a2d4851a1d" relativeResultsDirectory="1bb790df-21fc-4aea-af4e-e46e0feb95bf">
      <Output>
        <StdOut>Transaction: None</StdOut>
      </Output>
    </UnitTestResult>
    <UnitTestResult executionId="ba955848-0b8d-4060-ac05-100b7887b0e5" testId="f9346500-1cf3-80bd-8353-bd565d17466d" testName="Reader" computerName="DESKTOP-BGD87SJ" duration="00:00:00.0142880" startTime="2023-08-02T21:19:04.2600451-04:00" endTime="2023-08-02T21:19:04.2743332-04:00" testType="13cdc9d9-ddb5-4fa4-a97d-d965ccfc6d4b" outcome="Passed" testListId="8c84fa94-04c1-424b-9868-57a2d4851a1d" relativeResultsDirectory="ba955848-0b8d-4060-ac05-100b7887b0e5">
      <Output>
        <StdOut>Reading...&#xD;
Query being generated:&#xD;
&#xD;
select * from "Fact"&#xD;
&#xD;
&#xD;
&#xD;
&#xD;
Error: Parameter count mismatch.</StdOut>
      </Output>
    </UnitTestResult>
    <UnitTestResult executionId="b785b097-44fa-41a7-861b-2daf2900b03c" testId="36c067cb-46f5-9f5c-c278-1bb2ce6e133f" testName="InsertUpdateSelect" computerName="DESKTOP-BGD87SJ" duration="00:01:00.0540170" startTime="2023-08-02T21:19:06.5867269-04:00" endTime="2023-08-02T21:20:06.6407438-04:00" testType="13cdc9d9-ddb5-4fa4-a97d-d965ccfc6d4b" outcome="Failed" testListId="8c84fa94-04c1-424b-9868-57a2d4851a1d" relativeResultsDirectory="b785b097-44fa-41a7-861b-2daf2900b03c">
      <Output>
        <StdOut>Exception when beginning transaction: Microsoft.Data.Sqlite.SqliteException (0x80004005): SQLite Error 5: 'database is locked'.&#xD;
   at Microsoft.Data.Sqlite.SqliteException.ThrowExceptionForRC(Int32 rc, sqlite3 db)&#xD;
   at Microsoft.Data.Sqlite.SqliteDataReader.NextResult()&#xD;
   at Microsoft.Data.Sqlite.SqliteCommand.ExecuteReader(CommandBehavior behavior)&#xD;
   at Microsoft.Data.Sqlite.SqliteCommand.ExecuteReader()&#xD;
   at Microsoft.Data.Sqlite.SqliteCommand.ExecuteNonQuery()&#xD;
   at Microsoft.Data.Sqlite.SqliteConnectionExtensions.ExecuteNonQuery(SqliteConnection connection, String commandText, SqliteParameter[] parameters)&#xD;
   at Microsoft.Data.Sqlite.SqliteTransaction..ctor(SqliteConnection connection, IsolationLevel isolationLevel, Boolean deferred)&#xD;
   at Microsoft.Data.Sqlite.SqliteConnection.BeginTransaction(IsolationLevel isolationLevel, Boolean deferred)&#xD;
   at Microsoft.Data.Sqlite.SqliteConnection.BeginTransaction(IsolationLevel isolationLevel)&#xD;
   at Microsoft.Data.Sqlite.SqliteConnection.BeginDbTransaction(IsolationLevel isolationLevel)&#xD;
   at Test.Orm.OrmTransaction.InsertUpdateSelect() in C:\Users\Fenton\Documents\GitHub\hcrd\FORM\Test\Orm.fs:line 349&#xD;
Do we have a transaction? None&#xD;
Query being generated:&#xD;
&#xD;
insert into "Fact" ( "indexId", "id", "sqliteName", "timeStamp", "specialChar", "maybeSomething", "sometimesNothing", "biteSize" ) values ( @indexId, @id, @name, @timeStamp, @specialChar, @maybeSomething, @sometimesNothing, @biteSize )&#xD;
&#xD;
&#xD;
&#xD;
Param count: 8&#xD;
Param 0 - "@indexId": 1L&#xD;
Param 1 - "@id": "14280255-edc0-439f-b8be-28c7991b5127"&#xD;
Param 2 - "@name": "Gerry McGuire"&#xD;
Param 3 - "@timeStamp": "8/2/2023 21:19:36 "&#xD;
Param 4 - "@specialChar": "Δ"&#xD;
Param 5 - "@maybeSomething": "true"&#xD;
Param 6 - "@sometimesNothing": 1L&#xD;
Param 7 - "@biteSize": "!aBite"</StdOut>
        <ErrorInfo>
          <Message>Microsoft.Data.Sqlite.SqliteException : SQLite Error 5: 'database is locked'.</Message>
          <StackTrace>   at Microsoft.Data.Sqlite.SqliteException.ThrowExceptionForRC(Int32 rc, sqlite3 db)&#xD;
   at Microsoft.Data.Sqlite.SqliteDataReader.NextResult()&#xD;
   at Microsoft.Data.Sqlite.SqliteCommand.ExecuteReader(CommandBehavior behavior)&#xD;
   at Microsoft.Data.Sqlite.SqliteCommand.ExecuteReader()&#xD;
   at Microsoft.Data.Sqlite.SqliteCommand.ExecuteNonQuery()&#xD;
   at Test.Orm.Pipe #1 input at line 356@356-34.Invoke(DbConnection connection)&#xD;
   at Microsoft.FSharp.Core.ResultModule.Map[T,TResult,TError](FSharpFunc`2 mapping, FSharpResult`2 result) in D:\a\_work\1\s\src\FSharp.Core\result.fs:line 12&#xD;
   at Test.Orm.Pipe #1 input at line 356@356-67.Invoke(FSharpOption`1 _arg1)&#xD;
   at Test.Orm.OrmTransaction.InsertUpdateSelect() in C:\Users\Fenton\Documents\GitHub\hcrd\FORM\Test\Orm.fs:line 356&#xD;
   at System.RuntimeMethodHandle.InvokeMethod(Object target, Void** arguments, Signature sig, Boolean isConstructor)&#xD;
   at System.Reflection.MethodInvoker.Invoke(Object obj, IntPtr* args, BindingFlags invokeAttr)
</StackTrace>
        </ErrorInfo>
      </Output>
    </UnitTestResult>
    <UnitTestResult executionId="afe0e697-d8dc-471f-88e1-c19b063e9e86" testId="4525c845-e5a6-179a-b7d8-7666e50f57e3" testName="InsertSelect" computerName="DESKTOP-BGD87SJ" duration="00:00:00.4184379" startTime="2023-08-02T21:20:37.0602803-04:00" endTime="2023-08-02T21:20:37.4787176-04:00" testType="13cdc9d9-ddb5-4fa4-a97d-d965ccfc6d4b" outcome="Failed" testListId="8c84fa94-04c1-424b-9868-57a2d4851a1d" relativeResultsDirectory="afe0e697-d8dc-471f-88e1-c19b063e9e86">
      <Output>
        <StdOut>Do we have a transaction? Some Npgsql.NpgsqlTransaction&#xD;
Query being generated:&#xD;
&#xD;
insert into "SubFact" ( "factId", "subFact" ) values ( @factId, @subFact )&#xD;
&#xD;
&#xD;
&#xD;
Param count: 2&#xD;
Param 0 - "@factId": 1L&#xD;
Param 1 - "@subFact": "woooo"&#xD;
Query being generated:&#xD;
&#xD;
insert into "Fact" ( "indexId", "id", "psqlName", "timeStamp", "specialChar", "maybeSomething", "sometimesNothing", "biteSize" ) values ( @indexId, @id, @name, @timeStamp, @specialChar, @maybeSomething, @sometimesNothing, @biteSize )&#xD;
&#xD;
&#xD;
&#xD;
Param count: 8&#xD;
Param 0 - "@indexId": 1L&#xD;
Param 1 - "@id": "b74350f6-1234-403c-a10b-137ade4018b3"&#xD;
Param 2 - "@name": "Gerry McGuire"&#xD;
Param 3 - "@timeStamp": "8/2/2023 21:20:37 "&#xD;
Param 4 - "@specialChar": "Δ"&#xD;
Param 5 - "@maybeSomething": "true"&#xD;
Param 6 - "@sometimesNothing": 1L&#xD;
Param 7 - "@biteSize": "!aBite"&#xD;
Query being generated:&#xD;
&#xD;
select "Fact"."indexId", "Fact"."id", "Fact"."psqlName", "Fact"."timeStamp", "Fact"."specialChar", "Fact"."maybeSomething", "Fact"."sometimesNothing", "Fact"."biteSize", "SubFact"."subFact" from "Fact" join "SubFact" on "SubFact"."factId" = "Fact"."indexId" where id = 'b74350f6-1234-403c-a10b-137ade4018b3'</StdOut>
        <ErrorInfo>
          <Message>System.Collections.Generic.KeyNotFoundException : The given key 'Microsoft.FSharp.Core.CompilerServices.RuntimeHelpers+StructBox`1[System.String]' was not present in the dictionary.</Message>
          <StackTrace>   at System.Collections.Generic.Dictionary`2.get_Item(TKey key)&#xD;
   at Microsoft.FSharp.Core.ExtraTopLevelOperators.DictImpl`3.System.Collections.Generic.IDictionary&lt;'Key, 'T&gt;.get_Item(TKey x) in D:\a\_work\1\s\src\FSharp.Core\fslib-extra-pervasives.fs:line 63&#xD;
   at Test.Orm.Pipe #1 input at line 296@296-35.Invoke(Tuple`2 tupledArg)&#xD;
   at Microsoft.FSharp.Primitives.Basics.Array.stableSortInPlaceBy[T,TKey](FSharpFunc`2 projection, T[] array) in D:\a\_work\1\s\src\FSharp.Core\local.fs:line 1126&#xD;
   at Microsoft.FSharp.Collections.SeqModule.SortBy@1347.Invoke(Unit unitVar0) in D:\a\_work\1\s\src\FSharp.Core\seq.fs:line 1349&#xD;
   at Microsoft.FSharp.Collections.SeqModule.mkDelayedSeq@567.Invoke(Unit unitVar0) in D:\a\_work\1\s\src\FSharp.Core\seq.fs:line 567&#xD;
   at Microsoft.FSharp.Collections.SeqModule.revamp@699.Invoke(Unit unitVar0) in D:\a\_work\1\s\src\FSharp.Core\seq.fs:line 699&#xD;
   at System.Collections.Generic.List`1..ctor(IEnumerable`1 collection)&#xD;
   at Microsoft.FSharp.Collections.SeqModule.ToArray[T](IEnumerable`1 source) in D:\a\_work\1\s\src\FSharp.Core\seq.fs:line 984&#xD;
   at Test.Orm.Pipe #1 input at line 296@296-33.GenerateNext(IEnumerable`1&amp; next)&#xD;
   at Microsoft.FSharp.Core.CompilerServices.GeneratedSequenceBase`1.MoveNextImpl() in D:\a\_work\1\s\src\FSharp.Core\seqcore.fs:line 427&#xD;
   at Test.Orm.Pipe #1 input at line 296@296-21.GenerateNext(IEnumerable`1&amp; next) in C:\Users\Fenton\Documents\GitHub\hcrd\FORM\Test\Orm.fs:line 296&#xD;
   at Microsoft.FSharp.Core.CompilerServices.GeneratedSequenceBase`1.MoveNextImpl() in D:\a\_work\1\s\src\FSharp.Core\seqcore.fs:line 427&#xD;
   at Microsoft.FSharp.Collections.SeqModule.Length[T](IEnumerable`1 source) in D:\a\_work\1\s\src\FSharp.Core\seq.fs:line 870&#xD;
   at Test.Orm.Pipe #2 stage #1 at line 295@295.Invoke(Int32 _arg1) in C:\Users\Fenton\Documents\GitHub\hcrd\FORM\Test\Orm.fs:line 298&#xD;
   at Test.Orm.OrmTransaction.InsertSelect() in C:\Users\Fenton\Documents\GitHub\hcrd\FORM\Test\Orm.fs:line 295&#xD;
   at InvokeStub_OrmTransaction.InsertSelect(Object, Object, IntPtr*)&#xD;
   at System.Reflection.MethodInvoker.Invoke(Object obj, IntPtr* args, BindingFlags invokeAttr)
</StackTrace>
        </ErrorInfo>
      </Output>
    </UnitTestResult>
    <UnitTestResult executionId="d3e81585-6adb-44fd-a05c-e3d8279c8ad5" testId="56e96ce4-50b6-5365-cfd5-b3ce8ae0fd29" testName="InsertSelect" computerName="DESKTOP-BGD87SJ" duration="00:00:00.0234400" startTime="2023-08-02T21:19:06.5632651-04:00" endTime="2023-08-02T21:19:06.5867047-04:00" testType="13cdc9d9-ddb5-4fa4-a97d-d965ccfc6d4b" outcome="Failed" testListId="8c84fa94-04c1-424b-9868-57a2d4851a1d" relativeResultsDirectory="d3e81585-6adb-44fd-a05c-e3d8279c8ad5">
      <Output>
        <StdOut>Do we have a transaction? Some Microsoft.Data.Sqlite.SqliteTransaction&#xD;
Query being generated:&#xD;
&#xD;
insert into "SubFact" ( "factId", "subFact" ) values ( @factId, @subFact )&#xD;
&#xD;
&#xD;
&#xD;
Param count: 2&#xD;
Param 0 - "@factId": 1L&#xD;
Param 1 - "@subFact": "woooo"&#xD;
Query being generated:&#xD;
&#xD;
insert into "Fact" ( "indexId", "id", "sqliteName", "timeStamp", "specialChar", "maybeSomething", "sometimesNothing", "biteSize" ) values ( @indexId, @id, @name, @timeStamp, @specialChar, @maybeSomething, @sometimesNothing, @biteSize )&#xD;
&#xD;
&#xD;
&#xD;
Param count: 8&#xD;
Param 0 - "@indexId": 1L&#xD;
Param 1 - "@id": "632689da-accf-45ed-8115-1618e0721799"&#xD;
Param 2 - "@name": "Gerry McGuire"&#xD;
Param 3 - "@timeStamp": "8/2/2023 21:19:06 "&#xD;
Param 4 - "@specialChar": "Δ"&#xD;
Param 5 - "@maybeSomething": "true"&#xD;
Param 6 - "@sometimesNothing": 1L&#xD;
Param 7 - "@biteSize": "!aBite"&#xD;
Query being generated:&#xD;
&#xD;
select "Fact"."indexId", "Fact"."id", "Fact"."sqliteName", "Fact"."timeStamp", "Fact"."specialChar", "Fact"."maybeSomething", "Fact"."sometimesNothing", "Fact"."biteSize", "SubFact"."subFact" from "Fact" join "SubFact" on "SubFact"."factId" = "Fact"."indexId" where id = '632689da-accf-45ed-8115-1618e0721799'</StdOut>
        <ErrorInfo>
          <Message>System.Collections.Generic.KeyNotFoundException : The given key 'Microsoft.FSharp.Core.CompilerServices.RuntimeHelpers+StructBox`1[System.String]' was not present in the dictionary.</Message>
          <StackTrace>   at System.Collections.Generic.Dictionary`2.get_Item(TKey key)&#xD;
   at Microsoft.FSharp.Core.ExtraTopLevelOperators.DictImpl`3.System.Collections.Generic.IDictionary&lt;'Key, 'T&gt;.get_Item(TKey x) in D:\a\_work\1\s\src\FSharp.Core\fslib-extra-pervasives.fs:line 63&#xD;
   at Test.Orm.Pipe #1 input at line 296@296-35.Invoke(Tuple`2 tupledArg)&#xD;
   at Microsoft.FSharp.Primitives.Basics.Array.stableSortInPlaceBy[T,TKey](FSharpFunc`2 projection, T[] array) in D:\a\_work\1\s\src\FSharp.Core\local.fs:line 1126&#xD;
   at Microsoft.FSharp.Collections.SeqModule.SortBy@1347.Invoke(Unit unitVar0) in D:\a\_work\1\s\src\FSharp.Core\seq.fs:line 1349&#xD;
   at Microsoft.FSharp.Collections.SeqModule.mkDelayedSeq@567.Invoke(Unit unitVar0) in D:\a\_work\1\s\src\FSharp.Core\seq.fs:line 567&#xD;
   at Microsoft.FSharp.Collections.SeqModule.revamp@699.Invoke(Unit unitVar0) in D:\a\_work\1\s\src\FSharp.Core\seq.fs:line 699&#xD;
   at System.Collections.Generic.List`1..ctor(IEnumerable`1 collection)&#xD;
   at Microsoft.FSharp.Collections.SeqModule.ToArray[T](IEnumerable`1 source) in D:\a\_work\1\s\src\FSharp.Core\seq.fs:line 984&#xD;
   at Test.Orm.Pipe #1 input at line 296@296-33.GenerateNext(IEnumerable`1&amp; next)&#xD;
   at Microsoft.FSharp.Core.CompilerServices.GeneratedSequenceBase`1.MoveNextImpl() in D:\a\_work\1\s\src\FSharp.Core\seqcore.fs:line 427&#xD;
   at Test.Orm.Pipe #1 input at line 296@296-21.GenerateNext(IEnumerable`1&amp; next) in C:\Users\Fenton\Documents\GitHub\hcrd\FORM\Test\Orm.fs:line 296&#xD;
   at Microsoft.FSharp.Core.CompilerServices.GeneratedSequenceBase`1.MoveNextImpl() in D:\a\_work\1\s\src\FSharp.Core\seqcore.fs:line 427&#xD;
   at Microsoft.FSharp.Collections.SeqModule.Length[T](IEnumerable`1 source) in D:\a\_work\1\s\src\FSharp.Core\seq.fs:line 870&#xD;
   at Test.Orm.Pipe #2 stage #1 at line 295@295.Invoke(Int32 _arg1) in C:\Users\Fenton\Documents\GitHub\hcrd\FORM\Test\Orm.fs:line 298&#xD;
   at Test.Orm.OrmTransaction.InsertSelect() in C:\Users\Fenton\Documents\GitHub\hcrd\FORM\Test\Orm.fs:line 295&#xD;
   at System.RuntimeMethodHandle.InvokeMethod(Object target, Void** arguments, Signature sig, Boolean isConstructor)&#xD;
   at System.Reflection.MethodInvoker.Invoke(Object obj, IntPtr* args, BindingFlags invokeAttr)
</StackTrace>
        </ErrorInfo>
      </Output>
    </UnitTestResult>
    <UnitTestResult executionId="ce6f58b0-5db7-4450-8ee6-0f6551431954" testId="64ceac3b-985e-80aa-2ebd-593c0fcb65a1" testName="ReaderWithTransaction" computerName="DESKTOP-BGD87SJ" duration="00:00:30.1512350" startTime="2023-08-02T21:20:06.6407661-04:00" endTime="2023-08-02T21:20:36.7919998-04:00" testType="13cdc9d9-ddb5-4fa4-a97d-d965ccfc6d4b" outcome="Passed" testListId="8c84fa94-04c1-424b-9868-57a2d4851a1d" relativeResultsDirectory="ce6f58b0-5db7-4450-8ee6-0f6551431954">
      <Output>
        <StdOut>Reading...&#xD;
Exception when beginning transaction: Microsoft.Data.Sqlite.SqliteException (0x80004005): SQLite Error 5: 'database is locked'.&#xD;
   at Microsoft.Data.Sqlite.SqliteException.ThrowExceptionForRC(Int32 rc, sqlite3 db)&#xD;
   at Microsoft.Data.Sqlite.SqliteDataReader.NextResult()&#xD;
   at Microsoft.Data.Sqlite.SqliteCommand.ExecuteReader(CommandBehavior behavior)&#xD;
   at Microsoft.Data.Sqlite.SqliteCommand.ExecuteReader()&#xD;
   at Microsoft.Data.Sqlite.SqliteCommand.ExecuteNonQuery()&#xD;
   at Microsoft.Data.Sqlite.SqliteConnectionExtensions.ExecuteNonQuery(SqliteConnection connection, String commandText, SqliteParameter[] parameters)&#xD;
   at Microsoft.Data.Sqlite.SqliteTransaction..ctor(SqliteConnection connection, IsolationLevel isolationLevel, Boolean deferred)&#xD;
   at Microsoft.Data.Sqlite.SqliteConnection.BeginTransaction(IsolationLevel isolationLevel, Boolean deferred)&#xD;
   at Microsoft.Data.Sqlite.SqliteConnection.BeginTransaction(IsolationLevel isolationLevel)&#xD;
   at Microsoft.Data.Sqlite.SqliteConnection.BeginDbTransaction(IsolationLevel isolationLevel)&#xD;
   at Test.Orm.OrmTransaction.ReaderWithTransaction() in C:\Users\Fenton\Documents\GitHub\hcrd\FORM\Test\Orm.fs:line 382&#xD;
Query being generated:&#xD;
&#xD;
select * from "Fact"&#xD;
&#xD;
&#xD;
&#xD;
&#xD;
seq []</StdOut>
      </Output>
    </UnitTestResult>
    <UnitTestResult executionId="3dd92acb-c629-4c22-bd86-8aff44301e68" testId="b2ee8ff5-43fd-9922-0a20-e7fbb2d8497e" testName="UpdateWhere" computerName="DESKTOP-BGD87SJ" duration="00:00:00.3296320" startTime="2023-08-02T21:19:06.1830281-04:00" endTime="2023-08-02T21:19:06.5126594-04:00" testType="13cdc9d9-ddb5-4fa4-a97d-d965ccfc6d4b" outcome="Passed" testListId="8c84fa94-04c1-424b-9868-57a2d4851a1d" relativeResultsDirectory="3dd92acb-c629-4c22-bd86-8aff44301e68">
      <Output>
        <StdOut>Updating...&#xD;
columns to update: seq&#xD;
  [{ Index = 0&#xD;
     IsKey = false&#xD;
     IsIndex = true&#xD;
     JoinOn = Some ("SubFact", "factId")&#xD;
     Source = ""Fact""&#xD;
     QuotedSource = ""Fact""&#xD;
     SqlName = "indexId"&#xD;
     QuotedSqlName = ""indexId""&#xD;
     FSharpName = "indexId"&#xD;
     Type = System.Int64&#xD;
     PropertyInfo = Int64 indexId }; { Index = 2&#xD;
                                       IsKey = false&#xD;
                                       IsIndex = false&#xD;
                                       JoinOn = None&#xD;
                                       Source = ""Fact""&#xD;
                                       QuotedSource = ""Fact""&#xD;
                                       SqlName = "psqlName"&#xD;
                                       QuotedSqlName = ""psqlName""&#xD;
                                       FSharpName = "name"&#xD;
                                       Type = System.String&#xD;
                                       PropertyInfo = System.String name };&#xD;
   { Index = 3&#xD;
     IsKey = false&#xD;
     IsIndex = false&#xD;
     JoinOn = None&#xD;
     Source = ""Fact""&#xD;
     QuotedSource = ""Fact""&#xD;
     SqlName = "timeStamp"&#xD;
     QuotedSqlName = ""timeStamp""&#xD;
     FSharpName = "timeStamp"&#xD;
     Type = System.String&#xD;
     PropertyInfo = System.String timeStamp };&#xD;
   { Index = 4&#xD;
     IsKey = false&#xD;
     IsIndex = false&#xD;
     JoinOn = None&#xD;
     Source = ""Fact""&#xD;
     QuotedSource = ""Fact""&#xD;
     SqlName = "specialChar"&#xD;
     QuotedSqlName = ""specialChar""&#xD;
     FSharpName = "specialChar"&#xD;
     Type = System.String&#xD;
     PropertyInfo = System.String specialChar }; ...]&#xD;
Query being generated:&#xD;
&#xD;
update "Fact" set "indexId" = @indexId, "psqlName" = @name, "timeStamp" = @timeStamp, "specialChar" = @specialChar, "maybeSomething" = @maybeSomething, "sometimesNothing" = @sometimesNothing, "biteSize" = @biteSize where "indexId" = 1&#xD;
&#xD;
&#xD;
&#xD;
&#xD;
facts: 5</StdOut>
      </Output>
    </UnitTestResult>
    <UnitTestResult executionId="87606c78-8609-40bc-a8ab-0ac2005f1b21" testId="32e05ec3-148e-77cd-f32a-bea700e74b04" testName="TearDown" computerName="DESKTOP-BGD87SJ" duration="00:00:00.0003350" startTime="2023-08-02T21:19:05.7293499-04:00" endTime="2023-08-02T21:19:05.7296847-04:00" testType="13cdc9d9-ddb5-4fa4-a97d-d965ccfc6d4b" outcome="Passed" testListId="8c84fa94-04c1-424b-9868-57a2d4851a1d" relativeResultsDirectory="87606c78-8609-40bc-a8ab-0ac2005f1b21">
      <Output>
        <StdOut>Transaction: None</StdOut>
      </Output>
    </UnitTestResult>
  </Results>
  <TestDefinitions>
    <UnitTest name="UpdateMany" storage="c:\users\fenton\documents\github\hcrd\form\test\bin\debug\net7.0\test.dll" id="637f884a-918a-8683-bb6b-2e0f84146c18">
      <Execution id="86602451-e187-4b87-af02-9dcd1c744d20" />
      <TestMethod codeBase="C:\Users\Fenton\Documents\GitHub\hcrd\FORM\Test\bin\Debug\net7.0\Test.dll" adapterTypeName="executor://nunit3testexecutor/" className="Test.Orm+Orm(Test.Orm+get_Source@11-2)" name="UpdateMany" />
    </UnitTest>
    <UnitTest name="DeleteMany" storage="c:\users\fenton\documents\github\hcrd\form\test\bin\debug\net7.0\test.dll" id="40146aef-5e24-931c-f935-d8cb1c2a1a7b">
      <Execution id="5777a5d8-2a8d-410b-931a-266a83f28873" />
      <TestMethod codeBase="C:\Users\Fenton\Documents\GitHub\hcrd\FORM\Test\bin\Debug\net7.0\Test.dll" adapterTypeName="executor://nunit3testexecutor/" className="Test.Orm+Orm(Test.Orm+get_Source@10-1)" name="DeleteMany" />
    </UnitTest>
    <UnitTest name="ReaderWithTransaction" storage="c:\users\fenton\documents\github\hcrd\form\test\bin\debug\net7.0\test.dll" id="64ceac3b-985e-80aa-2ebd-593c0fcb65a1">
      <Execution id="ce6f58b0-5db7-4450-8ee6-0f6551431954" />
      <TestMethod codeBase="C:\Users\Fenton\Documents\GitHub\hcrd\FORM\Test\bin\Debug\net7.0\Test.dll" adapterTypeName="executor://nunit3testexecutor/" className="Test.Orm+OrmTransaction(Test.Orm+get_Source@10-1)" name="ReaderWithTransaction" />
    </UnitTest>
    <UnitTest name="Delete" storage="c:\users\fenton\documents\github\hcrd\form\test\bin\debug\net7.0\test.dll" id="d8e33ed2-9bff-03c9-e97c-4b6122b57f5f">
      <Execution id="984964d9-6db2-4a05-8bb0-48cc4dbe342e" />
      <TestMethod codeBase="C:\Users\Fenton\Documents\GitHub\hcrd\FORM\Test\bin\Debug\net7.0\Test.dll" adapterTypeName="executor://nunit3testexecutor/" className="Test.Orm+Orm(Test.Orm+get_Source@11-2)" name="Delete" />
    </UnitTest>
    <UnitTest name="SelectWhere" storage="c:\users\fenton\documents\github\hcrd\form\test\bin\debug\net7.0\test.dll" id="a90e932c-1181-7947-bd3f-cd4c26ae5c6c">
      <Execution id="e5091d49-0f01-4f49-a7fa-0138ac255c6b" />
      <TestMethod codeBase="C:\Users\Fenton\Documents\GitHub\hcrd\FORM\Test\bin\Debug\net7.0\Test.dll" adapterTypeName="executor://nunit3testexecutor/" className="Test.Orm+Orm(Test.Orm+get_Source@10-1)" name="SelectWhere" />
    </UnitTest>
    <UnitTest name="InsertSelect" storage="c:\users\fenton\documents\github\hcrd\form\test\bin\debug\net7.0\test.dll" id="56e96ce4-50b6-5365-cfd5-b3ce8ae0fd29">
      <Execution id="d3e81585-6adb-44fd-a05c-e3d8279c8ad5" />
      <TestMethod codeBase="C:\Users\Fenton\Documents\GitHub\hcrd\FORM\Test\bin\Debug\net7.0\Test.dll" adapterTypeName="executor://nunit3testexecutor/" className="Test.Orm+OrmTransaction(Test.Orm+get_Source@10-1)" name="InsertSelect" />
    </UnitTest>
    <UnitTest name="Insert" storage="c:\users\fenton\documents\github\hcrd\form\test\bin\debug\net7.0\test.dll" id="85caf85c-0ea4-3061-d9ac-49e696c000d2">
      <Execution id="1b9b2d88-4749-42d2-b6b5-35d3375cf21c" />
      <TestMethod codeBase="C:\Users\Fenton\Documents\GitHub\hcrd\FORM\Test\bin\Debug\net7.0\Test.dll" adapterTypeName="executor://nunit3testexecutor/" className="Test.Orm+Orm(Test.Orm+get_Source@11-2)" name="Insert" />
    </UnitTest>
    <UnitTest name="UpdateWhere" storage="c:\users\fenton\documents\github\hcrd\form\test\bin\debug\net7.0\test.dll" id="b2ee8ff5-43fd-9922-0a20-e7fbb2d8497e">
      <Execution id="3dd92acb-c629-4c22-bd86-8aff44301e68" />
      <TestMethod codeBase="C:\Users\Fenton\Documents\GitHub\hcrd\FORM\Test\bin\Debug\net7.0\Test.dll" adapterTypeName="executor://nunit3testexecutor/" className="Test.Orm+Orm(Test.Orm+get_Source@11-2)" name="UpdateWhere" />
    </UnitTest>
    <UnitTest name="SelectWhere" storage="c:\users\fenton\documents\github\hcrd\form\test\bin\debug\net7.0\test.dll" id="703d9e23-b2da-ec05-d434-5d080ae77160">
      <Execution id="8bc56df8-43b7-4c96-b5b7-32a089366f20" />
      <TestMethod codeBase="C:\Users\Fenton\Documents\GitHub\hcrd\FORM\Test\bin\Debug\net7.0\Test.dll" adapterTypeName="executor://nunit3testexecutor/" className="Test.Orm+Orm(Test.Orm+get_Source@11-2)" name="SelectWhere" />
    </UnitTest>
    <UnitTest name="DeleteWhere" storage="c:\users\fenton\documents\github\hcrd\form\test\bin\debug\net7.0\test.dll" id="9914cd5e-0327-22a6-d447-faa2be9ff7a1">
      <Execution id="eda4de65-5e63-4390-86ae-985b4388e23a" />
      <TestMethod codeBase="C:\Users\Fenton\Documents\GitHub\hcrd\FORM\Test\bin\Debug\net7.0\Test.dll" adapterTypeName="executor://nunit3testexecutor/" className="Test.Orm+Orm(Test.Orm+get_Source@10-1)" name="DeleteWhere" />
    </UnitTest>
    <UnitTest name="UpdateWhere" storage="c:\users\fenton\documents\github\hcrd\form\test\bin\debug\net7.0\test.dll" id="17b58aeb-30c9-6964-6c40-fbab11cb0ed7">
      <Execution id="ff73642a-e61b-4ec7-b30d-6357604f31e6" />
      <TestMethod codeBase="C:\Users\Fenton\Documents\GitHub\hcrd\FORM\Test\bin\Debug\net7.0\Test.dll" adapterTypeName="executor://nunit3testexecutor/" className="Test.Orm+Orm(Test.Orm+get_Source@10-1)" name="UpdateWhere" />
    </UnitTest>
    <UnitTest name="Reader" storage="c:\users\fenton\documents\github\hcrd\form\test\bin\debug\net7.0\test.dll" id="f9346500-1cf3-80bd-8353-bd565d17466d">
      <Execution id="ba955848-0b8d-4060-ac05-100b7887b0e5" />
      <TestMethod codeBase="C:\Users\Fenton\Documents\GitHub\hcrd\FORM\Test\bin\Debug\net7.0\Test.dll" adapterTypeName="executor://nunit3testexecutor/" className="Test.Orm+Orm(Test.Orm+get_Source@10-1)" name="Reader" />
    </UnitTest>
    <UnitTest name="Update" storage="c:\users\fenton\documents\github\hcrd\form\test\bin\debug\net7.0\test.dll" id="04fe663e-77f4-7638-3d23-56ab2a11f452">
      <Execution id="7f7fc1e5-ed4a-4ae3-984b-9d0468d60607" />
      <TestMethod codeBase="C:\Users\Fenton\Documents\GitHub\hcrd\FORM\Test\bin\Debug\net7.0\Test.dll" adapterTypeName="executor://nunit3testexecutor/" className="Test.Orm+Orm(Test.Orm+get_Source@11-2)" name="Update" />
    </UnitTest>
    <UnitTest name="Update" storage="c:\users\fenton\documents\github\hcrd\form\test\bin\debug\net7.0\test.dll" id="685fd3d2-6ac3-c066-f340-f935822e65eb">
      <Execution id="3cf1e0c0-710f-40ed-a21e-749a5444c564" />
      <TestMethod codeBase="C:\Users\Fenton\Documents\GitHub\hcrd\FORM\Test\bin\Debug\net7.0\Test.dll" adapterTypeName="executor://nunit3testexecutor/" className="Test.Orm+Orm(Test.Orm+get_Source@10-1)" name="Update" />
    </UnitTest>
    <UnitTest name="QueryBuild" storage="c:\users\fenton\documents\github\hcrd\form\test\bin\debug\net7.0\test.dll" id="9c5af40b-4e18-c869-7f11-c793b0cd45f9">
      <Execution id="600f9099-bf70-451d-ae08-da604f5ed226" />
      <TestMethod codeBase="C:\Users\Fenton\Documents\GitHub\hcrd\FORM\Test\bin\Debug\net7.0\Test.dll" adapterTypeName="executor://nunit3testexecutor/" className="Test.Orm+Orm(Test.Orm+get_Source@10-1)" name="QueryBuild" />
    </UnitTest>
    <UnitTest name="TearDown" storage="c:\users\fenton\documents\github\hcrd\form\test\bin\debug\net7.0\test.dll" id="32e05ec3-148e-77cd-f32a-bea700e74b04">
      <Execution id="87606c78-8609-40bc-a8ab-0ac2005f1b21" />
      <TestMethod codeBase="C:\Users\Fenton\Documents\GitHub\hcrd\FORM\Test\bin\Debug\net7.0\Test.dll" adapterTypeName="executor://nunit3testexecutor/" className="Test.Orm+Orm(Test.Orm+get_Source@11-2)" name="TearDown" />
    </UnitTest>
    <UnitTest name="Insert" storage="c:\users\fenton\documents\github\hcrd\form\test\bin\debug\net7.0\test.dll" id="45fe581a-79a6-d39d-38f9-646e4aefd98f">
      <Execution id="61c9c8f6-a5fd-4d3b-b360-eaf06f09ccd5" />
      <TestMethod codeBase="C:\Users\Fenton\Documents\GitHub\hcrd\FORM\Test\bin\Debug\net7.0\Test.dll" adapterTypeName="executor://nunit3testexecutor/" className="Test.Orm+Orm(Test.Orm+get_Source@10-1)" name="Insert" />
    </UnitTest>
    <UnitTest name="InsertDeleteSelect" storage="c:\users\fenton\documents\github\hcrd\form\test\bin\debug\net7.0\test.dll" id="3e7f6762-f253-2395-a98b-b7024bc8f76d">
      <Execution id="0c34d15e-0857-4878-aa90-8d4d8e1d4612" />
      <TestMethod codeBase="C:\Users\Fenton\Documents\GitHub\hcrd\FORM\Test\bin\Debug\net7.0\Test.dll" adapterTypeName="executor://nunit3testexecutor/" className="Test.Orm+OrmTransaction(Test.Orm+get_Source@10-1)" name="InsertDeleteSelect" />
    </UnitTest>
    <UnitTest name="Connect" storage="c:\users\fenton\documents\github\hcrd\form\test\bin\debug\net7.0\test.dll" id="5d408274-7e76-d306-80c5-5a9bfe39a193">
      <Execution id="fbe553cb-1148-4497-ad33-0e965c7106da" />
      <TestMethod codeBase="C:\Users\Fenton\Documents\GitHub\hcrd\FORM\Test\bin\Debug\net7.0\Test.dll" adapterTypeName="executor://nunit3testexecutor/" className="Test.Orm+Orm(Test.Orm+get_Source@11-2)" name="Connect" />
    </UnitTest>
    <UnitTest name="Select" storage="c:\users\fenton\documents\github\hcrd\form\test\bin\debug\net7.0\test.dll" id="d9987b9d-24a0-d4c4-e4b0-295b5a496f9c">
      <Execution id="dc6e9677-c9c8-4667-a3e8-f643dcf74731" />
      <TestMethod codeBase="C:\Users\Fenton\Documents\GitHub\hcrd\FORM\Test\bin\Debug\net7.0\Test.dll" adapterTypeName="executor://nunit3testexecutor/" className="Test.Orm+Orm(Test.Orm+get_Source@11-2)" name="Select" />
    </UnitTest>
    <UnitTest name="ReaderWithTransaction" storage="c:\users\fenton\documents\github\hcrd\form\test\bin\debug\net7.0\test.dll" id="9798df95-32ca-8c71-56f5-d297f4317542">
      <Execution id="f70b1aa2-2612-415d-8c49-8ff3d184cd71" />
      <TestMethod codeBase="C:\Users\Fenton\Documents\GitHub\hcrd\FORM\Test\bin\Debug\net7.0\Test.dll" adapterTypeName="executor://nunit3testexecutor/" className="Test.Orm+OrmTransaction(Test.Orm+get_Source@11-2)" name="ReaderWithTransaction" />
    </UnitTest>
    <UnitTest name="DeleteWhere" storage="c:\users\fenton\documents\github\hcrd\form\test\bin\debug\net7.0\test.dll" id="6f25e22c-fb80-3b16-8268-1639c4107ef2">
      <Execution id="fb59e6ec-88fc-40b8-81f7-381c2914ada3" />
      <TestMethod codeBase="C:\Users\Fenton\Documents\GitHub\hcrd\FORM\Test\bin\Debug\net7.0\Test.dll" adapterTypeName="executor://nunit3testexecutor/" className="Test.Orm+Orm(Test.Orm+get_Source@11-2)" name="DeleteWhere" />
    </UnitTest>
    <UnitTest name="InsertUpdateSelect" storage="c:\users\fenton\documents\github\hcrd\form\test\bin\debug\net7.0\test.dll" id="36c067cb-46f5-9f5c-c278-1bb2ce6e133f">
      <Execution id="b785b097-44fa-41a7-861b-2daf2900b03c" />
[...]
&#xD;
&#xD;
&#xD;
</Text>
      </RunInfo>
      <RunInfo computerName="DESKTOP-BGD87SJ" outcome="Warning" timestamp="2023-08-02T21:19:06.1837790-04:00">
        <Text>Updating many...&#xD;
columns to update: seq&#xD;
  [{ Index = 0&#xD;
     IsKey = false&#xD;
     IsIndex = true&#xD;
     JoinOn = Some ("SubFact", "factId")&#xD;
     Source = ""Fact""&#xD;
     QuotedSource = ""Fact""&#xD;
     SqlName = "indexId"&#xD;
     QuotedSqlName = ""indexId""&#xD;
     FSharpName = "indexId"&#xD;
     Type = System.Int64&#xD;
     PropertyInfo = Int64 indexId }; { Index = 2&#xD;
                                       IsKey = false&#xD;
                                       IsIndex = false&#xD;
                                       JoinOn = None&#xD;
                                       Source = ""Fact""&#xD;
                                       QuotedSource = ""Fact""&#xD;
                                       SqlName = "psqlName"&#xD;
                                       QuotedSqlName = ""psqlName""&#xD;
                                       FSharpName = "name"&#xD;
                                       Type = System.String&#xD;
                                       PropertyInfo = System.String name };&#xD;
   { Index = 3&#xD;
     IsKey = false&#xD;
     IsIndex = false&#xD;
     JoinOn = None&#xD;
     Source = ""Fact""&#xD;
     QuotedSource = ""Fact""&#xD;
     SqlName = "timeStamp"&#xD;
     QuotedSqlName = ""timeStamp""&#xD;
     FSharpName = "timeStamp"&#xD;
     Type = System.String&#xD;
     PropertyInfo = System.String timeStamp };&#xD;
   { Index = 4&#xD;
     IsKey = false&#xD;
     IsIndex = false&#xD;
     JoinOn = None&#xD;
     Source = ""Fact""&#xD;
     QuotedSource = ""Fact""&#xD;
     SqlName = "specialChar"&#xD;
     QuotedSqlName = ""specialChar""&#xD;
     FSharpName = "specialChar"&#xD;
     Type = System.String&#xD;
     PropertyInfo = System.String specialChar }; ...]&#xD;
Query being generated:&#xD;
&#xD;
update "Fact" set "indexId" = @indexId, "psqlName" = @name, "timeStamp" = @timeStamp, "specialChar" = @specialChar, "maybeSomething" = @maybeSomething, "sometimesNothing" = @sometimesNothing, "biteSize" = @biteSize where "Fact"."id" = @id&#xD;
&#xD;
&#xD;
&#xD;
columns to update: seq&#xD;
  [{ Index = 0&#xD;
     IsKey = false&#xD;
     IsIndex = true&#xD;
     JoinOn = Some ("SubFact", "factId")&#xD;
     Source = ""Fact""&#xD;
     QuotedSource = ""Fact""&#xD;
     SqlName = "indexId"&#xD;
     QuotedSqlName = ""indexId""&#xD;
     FSharpName = "indexId"&#xD;
     Type = System.Int64&#xD;
     PropertyInfo = Int64 indexId }; { Index = 2&#xD;
                                       IsKey = false&#xD;
                                       IsIndex = false&#xD;
                                       JoinOn = None&#xD;
                                       Source = ""Fact""&#xD;
                                       QuotedSource = ""Fact""&#xD;
                                       SqlName = "psqlName"&#xD;
                                       QuotedSqlName = ""psqlName""&#xD;
                                       FSharpName = "name"&#xD;
                                       Type = System.String&#xD;
                                       PropertyInfo = System.String name };&#xD;
   { Index = 3&#xD;
     IsKey = false&#xD;
     IsIndex = false&#xD;
     JoinOn = None&#xD;
     Source = ""Fact""&#xD;
     QuotedSource = ""Fact""&#xD;
     SqlName = "timeStamp"&#xD;
     QuotedSqlName = ""timeStamp""&#xD;
     FSharpName = "timeStamp"&#xD;
     Type = System.String&#xD;
     PropertyInfo = System.String timeStamp };&#xD;
   { Index = 4&#xD;
     IsKey = false&#xD;
     IsIndex = false&#xD;
     JoinOn = None&#xD;
     Source = ""Fact""&#xD;
     QuotedSource = ""Fact""&#xD;
     SqlName = "specialChar"&#xD;
     QuotedSqlName = ""specialChar""&#xD;
     FSharpName = "specialChar"&#xD;
     Type = System.String&#xD;
     PropertyInfo = System.String specialChar }; ...]&#xD;
Query being generated:&#xD;
&#xD;
update "Fact" set "indexId" = @indexId, "psqlName" = @name, "timeStamp" = @timeStamp, "specialChar" = @specialChar, "maybeSomething" = @maybeSomething, "sometimesNothing" = @sometimesNothing, "biteSize" = @biteSize where "Fact"."id" = @id&#xD;
&#xD;
&#xD;
&#xD;
seq [Ok 1; Ok 1]Query being generated:&#xD;
&#xD;
select "Fact"."indexId", "Fact"."id", "Fact"."psqlName", "Fact"."timeStamp", "Fact"."specialChar", "Fact"."maybeSomething", "Fact"."sometimesNothing", "Fact"."biteSize", "SubFact"."subFact" from "Fact" join "SubFact" on "SubFact"."factId" = "Fact"."indexId" where id = 'cc2cfeb9-5ebb-426e-9fb3-1cc18b2a1518'&#xD;
&#xD;
&#xD;
&#xD;
</Text>
      </RunInfo>
      <RunInfo computerName="DESKTOP-BGD87SJ" outcome="Warning" timestamp="2023-08-02T21:19:06.5133653-04:00">
        <Text>Updating...&#xD;
columns to update: seq&#xD;
  [{ Index = 0&#xD;
     IsKey = false&#xD;
     IsIndex = true&#xD;
     JoinOn = Some ("SubFact", "factId")&#xD;
     Source = ""Fact""&#xD;
     QuotedSource = ""Fact""&#xD;
     SqlName = "indexId"&#xD;
     QuotedSqlName = ""indexId""&#xD;
     FSharpName = "indexId"&#xD;
     Type = System.Int64&#xD;
     PropertyInfo = Int64 indexId }; { Index = 2&#xD;
                                       IsKey = false&#xD;
                                       IsIndex = false&#xD;
                                       JoinOn = None&#xD;
                                       Source = ""Fact""&#xD;
                                       QuotedSource = ""Fact""&#xD;
                                       SqlName = "psqlName"&#xD;
                                       QuotedSqlName = ""psqlName""&#xD;
                                       FSharpName = "name"&#xD;
                                       Type = System.String&#xD;
                                       PropertyInfo = System.String name };&#xD;
   { Index = 3&#xD;
     IsKey = false&#xD;
     IsIndex = false&#xD;
     JoinOn = None&#xD;
     Source = ""Fact""&#xD;
     QuotedSource = ""Fact""&#xD;
     SqlName = "timeStamp"&#xD;
     QuotedSqlName = ""timeStamp""&#xD;
     FSharpName = "timeStamp"&#xD;
     Type = System.String&#xD;
     PropertyInfo = System.String timeStamp };&#xD;
   { Index = 4&#xD;
     IsKey = false&#xD;
     IsIndex = false&#xD;
     JoinOn = None&#xD;
     Source = ""Fact""&#xD;
     QuotedSource = ""Fact""&#xD;
     SqlName = "specialChar"&#xD;
     QuotedSqlName = ""specialChar""&#xD;
     FSharpName = "specialChar"&#xD;
     Type = System.String&#xD;
     PropertyInfo = System.String specialChar }; ...]&#xD;
Query being generated:&#xD;
&#xD;
update "Fact" set "indexId" = @indexId, "psqlName" = @name, "timeStamp" = @timeStamp, "specialChar" = @specialChar, "maybeSomething" = @maybeSomething, "sometimesNothing" = @sometimesNothing, "biteSize" = @biteSize where "indexId" = 1&#xD;
&#xD;
&#xD;
&#xD;
</Text>
      </RunInfo>
      <RunInfo computerName="DESKTOP-BGD87SJ" outcome="Warning" timestamp="2023-08-02T21:19:06.5637131-04:00">
        <Text>Do we have a transaction? Some Microsoft.Data.Sqlite.SqliteTransaction&#xD;
Query being generated:&#xD;
&#xD;
insert into "SubFact" ( "factId", "subFact" ) values ( @factId, @subFact )&#xD;
&#xD;
&#xD;
&#xD;
Param count: 2&#xD;
Param 0 - "@factId": 1L&#xD;
Param 1 - "@subFact": "woooo"&#xD;
Query being generated:&#xD;
&#xD;
insert into "Fact" ( "indexId", "id", "sqliteName", "timeStamp", "specialChar", "maybeSomething", "sometimesNothing", "biteSize" ) values ( @indexId, @id, @name, @timeStamp, @specialChar, @maybeSomething, @sometimesNothing, @biteSize )&#xD;
&#xD;
&#xD;
&#xD;
Param count: 8&#xD;
Param 0 - "@indexId": 1L&#xD;
Param 1 - "@id": "6b3761e5-aa96-4c8e-a453-832db62b2574"&#xD;
Param 2 - "@name": "Gerry McGuire"&#xD;
Param 3 - "@timeStamp": "8/2/2023 21:19:06 "&#xD;
Param 4 - "@specialChar": "Δ"&#xD;
Param 5 - "@maybeSomething": "true"&#xD;
Param 6 - "@sometimesNothing": 1L&#xD;
Param 7 - "@biteSize": "!aBite"&#xD;
Query being generated:&#xD;
&#xD;
delete from "Fact" where "Fact"."id" = @id&#xD;
&#xD;
&#xD;
&#xD;
Query being generated:&#xD;
&#xD;
select "Fact"."indexId", "Fact"."id", "Fact"."sqliteName", "Fact"."timeStamp", "Fact"."specialChar", "Fact"."maybeSomething", "Fact"."sometimesNothing", "Fact"."biteSize", "SubFact"."subFact" from "Fact" join "SubFact" on "SubFact"."factId" = "Fact"."indexId" where id = '6b3761e5-aa96-4c8e-a453-832db62b2574'&#xD;
&#xD;
&#xD;
&#xD;
</Text>
      </RunInfo>
      <RunInfo computerName="DESKTOP-BGD87SJ" outcome="Warning" timestamp="2023-08-02T21:19:06.5874536-04:00">
        <Text>Do we have a transaction? Some Microsoft.Data.Sqlite.SqliteTransaction&#xD;
Query being generated:&#xD;
&#xD;
insert into "SubFact" ( "factId", "subFact" ) values ( @factId, @subFact )&#xD;
&#xD;
&#xD;
&#xD;
Param count: 2&#xD;
Param 0 - "@factId": 1L&#xD;
Param 1 - "@subFact": "woooo"&#xD;
Query being generated:&#xD;
&#xD;
insert into "Fact" ( "indexId", "id", "sqliteName", "timeStamp", "specialChar", "maybeSomething", "sometimesNothing", "biteSize" ) values ( @indexId, @id, @name, @timeStamp, @specialChar, @maybeSomething, @sometimesNothing, @biteSize )&#xD;
&#xD;
&#xD;
&#xD;
Param count: 8&#xD;
Param 0 - "@indexId": 1L&#xD;
Param 1 - "@id": "632689da-accf-45ed-8115-1618e0721799"&#xD;
Param 2 - "@name": "Gerry McGuire"&#xD;
Param 3 - "@timeStamp": "8/2/2023 21:19:06 "&#xD;
Param 4 - "@specialChar": "Δ"&#xD;
Param 5 - "@maybeSomething": "true"&#xD;
Param 6 - "@sometimesNothing": 1L&#xD;
Param 7 - "@biteSize": "!aBite"&#xD;
Query being generated:&#xD;
&#xD;
select "Fact"."indexId", "Fact"."id", "Fact"."sqliteName", "Fact"."timeStamp", "Fact"."specialChar", "Fact"."maybeSomething", "Fact"."sometimesNothing", "Fact"."biteSize", "SubFact"."subFact" from "Fact" join "SubFact" on "SubFact"."factId" = "Fact"."indexId" where id = '632689da-accf-45ed-8115-1618e0721799'&#xD;
&#xD;
&#xD;
&#xD;
</Text>
      </RunInfo>
      <RunInfo computerName="DESKTOP-BGD87SJ" outcome="Warning" timestamp="2023-08-02T21:20:06.6414146-04:00">
        <Text>Exception when beginning transaction: Microsoft.Data.Sqlite.SqliteException (0x80004005): SQLite Error 5: 'database is locked'.&#xD;
   at Microsoft.Data.Sqlite.SqliteException.ThrowExceptionForRC(Int32 rc, sqlite3 db)&#xD;
   at Microsoft.Data.Sqlite.SqliteDataReader.NextResult()&#xD;
   at Microsoft.Data.Sqlite.SqliteCommand.ExecuteReader(CommandBehavior behavior)&#xD;
   at Microsoft.Data.Sqlite.SqliteCommand.ExecuteReader()&#xD;
   at Microsoft.Data.Sqlite.SqliteCommand.ExecuteNonQuery()&#xD;
   at Microsoft.Data.Sqlite.SqliteConnectionExtensions.ExecuteNonQuery(SqliteConnection connection, String commandText, SqliteParameter[] parameters)&#xD;
   at Microsoft.Data.Sqlite.SqliteTransaction..ctor(SqliteConnection connection, IsolationLevel isolationLevel, Boolean deferred)&#xD;
   at Microsoft.Data.Sqlite.SqliteConnection.BeginTransaction(IsolationLevel isolationLevel, Boolean deferred)&#xD;
   at Microsoft.Data.Sqlite.SqliteConnection.BeginTransaction(IsolationLevel isolationLevel)&#xD;
   at Microsoft.Data.Sqlite.SqliteConnection.BeginDbTransaction(IsolationLevel isolationLevel)&#xD;
   at Test.Orm.OrmTransaction.InsertUpdateSelect() in C:\Users\Fenton\Documents\GitHub\hcrd\FORM\Test\Orm.fs:line 349&#xD;
Do we have a transaction? None&#xD;
Query being generated:&#xD;
&#xD;
insert into "Fact" ( "indexId", "id", "sqliteName", "timeStamp", "specialChar", "maybeSomething", "sometimesNothing", "biteSize" ) values ( @indexId, @id, @name, @timeStamp, @specialChar, @maybeSomething, @sometimesNothing, @biteSize )&#xD;
&#xD;
&#xD;
&#xD;
Param count: 8&#xD;
Param 0 - "@indexId": 1L&#xD;
Param 1 - "@id": "14280255-edc0-439f-b8be-28c7991b5127"&#xD;
Param 2 - "@name": "Gerry McGuire"&#xD;
Param 3 - "@timeStamp": "8/2/2023 21:19:36 "&#xD;
Param 4 - "@specialChar": "Δ"&#xD;
Param 5 - "@maybeSomething": "true"&#xD;
Param 6 - "@sometimesNothing": 1L&#xD;
Param 7 - "@biteSize": "!aBite"&#xD;
</Text>
      </RunInfo>
      <RunInfo computerName="DESKTOP-BGD87SJ" outcome="Warning" timestamp="2023-08-02T21:20:36.7924318-04:00">
        <Text>Reading...&#xD;
Exception when beginning transaction: Microsoft.Data.Sqlite.SqliteException (0x80004005): SQLite Error 5: 'database is locked'.&#xD;
   at Microsoft.Data.Sqlite.SqliteException.ThrowExceptionForRC(Int32 rc, sqlite3 db)&#xD;
   at Microsoft.Data.Sqlite.SqliteDataReader.NextResult()&#xD;
   at Microsoft.Data.Sqlite.SqliteCommand.ExecuteReader(CommandBehavior behavior)&#xD;
   at Microsoft.Data.Sqlite.SqliteCommand.ExecuteReader()&#xD;
   at Microsoft.Data.Sqlite.SqliteCommand.ExecuteNonQuery()&#xD;
   at Microsoft.Data.Sqlite.SqliteConnectionExtensions.ExecuteNonQuery(SqliteConnection connection, String commandText, SqliteParameter[] parameters)&#xD;
   at Microsoft.Data.Sqlite.SqliteTransaction..ctor(SqliteConnection connection, IsolationLevel isolationLevel, Boolean deferred)&#xD;
   at Microsoft.Data.Sqlite.SqliteConnection.BeginTransaction(IsolationLevel isolationLevel, Boolean deferred)&#xD;
   at Microsoft.Data.Sqlite.SqliteConnection.BeginTransaction(IsolationLevel isolationLevel)&#xD;
   at Microsoft.Data.Sqlite.SqliteConnection.BeginDbTransaction(IsolationLevel isolationLevel)&#xD;
   at Test.Orm.OrmTransaction.ReaderWithTransaction() in C:\Users\Fenton\Documents\GitHub\hcrd\FORM\Test\Orm.fs:line 382&#xD;
Query being generated:&#xD;
&#xD;
select * from "Fact"&#xD;
&#xD;
&#xD;
&#xD;
</Text>
      </RunInfo>
      <RunInfo computerName="DESKTOP-BGD87SJ" outcome="Warning" timestamp="2023-08-02T21:20:37.0607061-04:00">
        <Text>Do we have a transaction? Some Npgsql.NpgsqlTransaction&#xD;
Query being generated:&#xD;
&#xD;
insert into "SubFact" ( "factId", "subFact" ) values ( @factId, @subFact )&#xD;
&#xD;
&#xD;
&#xD;
Param count: 2&#xD;
Param 0 - "@factId": 1L&#xD;
Param 1 - "@subFact": "woooo"&#xD;
Query being generated:&#xD;
&#xD;
insert into "Fact" ( "indexId", "id", "psqlName", "timeStamp", "specialChar", "maybeSomething", "sometimesNothing", "biteSize" ) values ( @indexId, @id, @name, @timeStamp, @specialChar, @maybeSomething, @sometimesNothing, @biteSize )&#xD;
&#xD;
&#xD;
&#xD;
Param count: 8&#xD;
Param 0 - "@indexId": 1L&#xD;
Param 1 - "@id": "64def4cc-2f7e-459c-85ea-a57838d513bf"&#xD;
Param 2 - "@name": "Gerry McGuire"&#xD;
Param 3 - "@timeStamp": "8/2/2023 21:20:36 "&#xD;
Param 4 - "@specialChar": "Δ"&#xD;
Param 5 - "@maybeSomething": "true"&#xD;
Param 6 - "@sometimesNothing": 1L&#xD;
Param 7 - "@biteSize": "!aBite"&#xD;
Query being generated:&#xD;
&#xD;
delete from "Fact" where "Fact"."id" = @id&#xD;
&#xD;
&#xD;
&#xD;
Query being generated:&#xD;
&#xD;
select "Fact"."indexId", "Fact"."id", "Fact"."psqlName", "Fact"."timeStamp", "Fact"."specialChar", "Fact"."maybeSomething", "Fact"."sometimesNothing", "Fact"."biteSize", "SubFact"."subFact" from "Fact" join "SubFact" on "SubFact"."factId" = "Fact"."indexId" where id = '64def4cc-2f7e-459c-85ea-a57838d513bf'&#xD;
&#xD;
&#xD;
&#xD;
</Text>
      </RunInfo>
      <RunInfo computerName="DESKTOP-BGD87SJ" outcome="Warning" timestamp="2023-08-02T21:20:37.4793668-04:00">
        <Text>Do we have a transaction? Some Npgsql.NpgsqlTransaction&#xD;
Query being generated:&#xD;
&#xD;
insert into "SubFact" ( "factId", "subFact" ) values ( @factId, @subFact )&#xD;
&#xD;
&#xD;
&#xD;
Param count: 2&#xD;
Param 0 - "@factId": 1L&#xD;
Param 1 - "@subFact": "woooo"&#xD;
Query being generated:&#xD;
&#xD;
insert into "Fact" ( "indexId", "id", "psqlName", "timeStamp", "specialChar", "maybeSomething", "sometimesNothing", "biteSize" ) values ( @indexId, @id, @name, @timeStamp, @specialChar, @maybeSomething, @sometimesNothing, @biteSize )&#xD;
&#xD;
&#xD;
&#xD;
Param count: 8&#xD;
Param 0 - "@indexId": 1L&#xD;
Param 1 - "@id": "b74350f6-1234-403c-a10b-137ade4018b3"&#xD;
Param 2 - "@name": "Gerry McGuire"&#xD;
Param 3 - "@timeStamp": "8/2/2023 21:20:37 "&#xD;
Param 4 - "@specialChar": "Δ"&#xD;
Param 5 - "@maybeSomething": "true"&#xD;
Param 6 - "@sometimesNothing": 1L&#xD;
Param 7 - "@biteSize": "!aBite"&#xD;
Query being generated:&#xD;
&#xD;
select "Fact"."indexId", "Fact"."id", "Fact"."psqlName", "Fact"."timeStamp", "Fact"."specialChar", "Fact"."maybeSomething", "Fact"."sometimesNothing", "Fact"."biteSize", "SubFact"."subFact" from "Fact" join "SubFact" on "SubFact"."factId" = "Fact"."indexId" where id = 'b74350f6-1234-403c-a10b-137ade4018b3'&#xD;
&#xD;
&#xD;
&#xD;
</Text>
      </RunInfo>
      <RunInfo computerName="DESKTOP-BGD87SJ" outcome="Warning" timestamp="2023-08-02T21:20:37.8705433-04:00">
        <Text>Do we have a transaction? Some Npgsql.NpgsqlTransaction&#xD;
Query being generated:&#xD;
&#xD;
insert into "Fact" ( "indexId", "id", "psqlName", "timeStamp", "specialChar", "maybeSomething", "sometimesNothing", "biteSize" ) values ( @indexId, @id, @name, @timeStamp, @specialChar, @maybeSomething, @sometimesNothing, @biteSize )&#xD;
&#xD;
&#xD;
&#xD;
Param count: 8&#xD;
Param 0 - "@indexId": 1L&#xD;
Param 1 - "@id": "a1d728c4-ffde-4f28-ac09-b9abf768fd96"&#xD;
Param 2 - "@name": "Gerry McGuire"&#xD;
Param 3 - "@timeStamp": "8/2/2023 21:20:37 "&#xD;
Param 4 - "@specialChar": "Δ"&#xD;
Param 5 - "@maybeSomething": "true"&#xD;
Param 6 - "@sometimesNothing": 1L&#xD;
Param 7 - "@biteSize": "!aBite"&#xD;
columns to update: seq&#xD;
  [{ Index = 0&#xD;
     IsKey = false&#xD;
     IsIndex = true&#xD;
     JoinOn = Some ("SubFact", "factId")&#xD;
     Source = ""Fact""&#xD;
     QuotedSource = ""Fact""&#xD;
     SqlName = "indexId"&#xD;
     QuotedSqlName = ""indexId""&#xD;
     FSharpName = "indexId"&#xD;
     Type = System.Int64&#xD;
     PropertyInfo = Int64 indexId }; { Index = 2&#xD;
                                       IsKey = false&#xD;
                                       IsIndex = false&#xD;
                                       JoinOn = None&#xD;
                                       Source = ""Fact""&#xD;
                                       QuotedSource = ""Fact""&#xD;
                                       SqlName = "psqlName"&#xD;
                                       QuotedSqlName = ""psqlName""&#xD;
                                       FSharpName = "name"&#xD;
                                       Type = System.String&#xD;
                                       PropertyInfo = System.String name };&#xD;
   { Index = 3&#xD;
     IsKey = false&#xD;
     IsIndex = false&#xD;
     JoinOn = None&#xD;
     Source = ""Fact""&#xD;
     QuotedSource = ""Fact""&#xD;
     SqlName = "timeStamp"&#xD;
     QuotedSqlName = ""timeStamp""&#xD;
     FSharpName = "timeStamp"&#xD;
     Type = System.String&#xD;
     PropertyInfo = System.String timeStamp };&#xD;
   { Index = 4&#xD;
     IsKey = false&#xD;
     IsIndex = false&#xD;
     JoinOn = None&#xD;
     Source = ""Fact""&#xD;
     QuotedSource = ""Fact""&#xD;
     SqlName = "specialChar"&#xD;
     QuotedSqlName = ""specialChar""&#xD;
     FSharpName = "specialChar"&#xD;
     Type = System.String&#xD;
     PropertyInfo = System.String specialChar }; ...]&#xD;
Query being generated:&#xD;
&#xD;
update "Fact" set "indexId" = @indexId, "psqlName" = @name, "timeStamp" = @timeStamp, "specialChar" = @specialChar, "maybeSomething" = @maybeSomething, "sometimesNothing" = @sometimesNothing, "biteSize" = @biteSize where "Fact"."id" = @id&#xD;
&#xD;
&#xD;
&#xD;
Query being generated:&#xD;
&#xD;
select "Fact"."indexId", "Fact"."id", "Fact"."psqlName", "Fact"."timeStamp", "Fact"."specialChar", "Fact"."maybeSomething", "Fact"."sometimesNothing", "Fact"."biteSize", "SubFact"."subFact" from "Fact" join "SubFact" on "SubFact"."factId" = "Fact"."indexId" where id = 'a1d728c4-ffde-4f28-ac09-b9abf768fd96'&#xD;
&#xD;
&#xD;
&#xD;
</Text>
      </RunInfo>
      <RunInfo computerName="DESKTOP-BGD87SJ" outcome="Warning" timestamp="2023-08-02T21:20:38.2081703-04:00">
        <Text>Reading...&#xD;
Query being generated:&#xD;
&#xD;
select * from "Fact"&#xD;
&#xD;
&#xD;
&#xD;
</Text>
      </RunInfo>
    </RunInfos>
  </ResultSummary>
</TestRun>