<?xml version="1.0" encoding="utf-8"?>
<TestRun id="73ccdbff-aa89-4ae3-940d-f8b659ffa69b" name="Evan@THE-BIG-RIG 2023-08-07 21:13:50" runUser="THE-BIG-RIG\Evan" xmlns="http://microsoft.com/schemas/VisualStudio/TeamTest/2010">
  <Times creation="2023-08-07T21:13:50.1193858-04:00" queuing="2023-08-07T21:13:50.1193869-04:00" start="2023-08-07T21:13:48.1638179-04:00" finish="2023-08-07T21:13:52.2270818-04:00" />
  <TestSettings name="default" id="648d95f7-8106-4b5a-b77c-ed14cdb553dd">
    <Deployment runDeploymentRoot="Evan_THE-BIG-RIG_2023-08-07_21_13_50" />
  </TestSettings>
  <Results>
    <UnitTestResult executionId="f0951ddc-645c-4c4d-928f-76f2feda6f6c" testId="644b827d-b769-3bd3-ee9c-d9b3a6561434" testName="SelectLimit" computerName="THE-BIG-RIG" duration="00:00:00.1224940" startTime="2023-08-07T21:13:50.7159777-04:00" endTime="2023-08-07T21:13:50.8384707-04:00" testType="13cdc9d9-ddb5-4fa4-a97d-d965ccfc6d4b" outcome="Passed" testListId="8c84fa94-04c1-424b-9868-57a2d4851a1d" relativeResultsDirectory="f0951ddc-645c-4c4d-928f-76f2feda6f6c">
      <Output>
        <StdOut>Selecting All...&#xD;
Query being generated:&#xD;
&#xD;
select "Fact"."indexId", "Fact"."id", "Fact"."psqlName", "Fact"."timeStamp", "Fact"."specialChar", "Fact"."maybeSomething", "Fact"."sometimesNothing", "Fact"."biteSize", "SubFact"."subFact" from "Fact" left join "SubFact" on "SubFact"."factId" = "Fact"."indexId" limit 5&#xD;
&#xD;
&#xD;
&#xD;
{ indexId = 1L&#xD;
  id = "d65625ba-209d-4f03-9c1f-a5f1d676cc2a"&#xD;
  name = "Gerry McGuire"&#xD;
  timeStamp = "8/7/2023 9:13:50 PM"&#xD;
  specialChar = "Δ"&#xD;
  maybeSomething = "true"&#xD;
  sometimesNothing = Some 1L&#xD;
  biteSize = "!aBite"&#xD;
  subFact = None }&#xD;
{ indexId = 1L&#xD;
  id = "0c18d733-5d6e-4bc8-ab56-2394a61f48cd"&#xD;
  name = "Gerry McGuire"&#xD;
  timeStamp = "8/7/2023 9:13:50 PM"&#xD;
  specialChar = "Δ"&#xD;
  maybeSomething = "true"&#xD;
  sometimesNothing = Some 1L&#xD;
  biteSize = "!aBite"&#xD;
  subFact = None }&#xD;
{ indexId = 1L&#xD;
  id = "e5007cfd-31e4-43d1-9643-e6d16bf17486"&#xD;
  name = "Gerry McGuire"&#xD;
  timeStamp = "8/7/2023 9:13:50 PM"&#xD;
  specialChar = "Δ"&#xD;
  maybeSomething = "true"&#xD;
  sometimesNothing = None&#xD;
  biteSize = "!aBite"&#xD;
  subFact = None }&#xD;
{ indexId = 1L&#xD;
  id = "18a8620c-1ca9-487d-a022-c51941b6ceb5"&#xD;
  name = "Gerry McGuire"&#xD;
  timeStamp = "8/7/2023 9:13:50 PM"&#xD;
  specialChar = "Δ"&#xD;
  maybeSomething = "true"&#xD;
  sometimesNothing = Some 1L&#xD;
  biteSize = "!aBite"&#xD;
  subFact = None }&#xD;
{ indexId = 1L&#xD;
  id = "1bf6aef2-17a8-4b09-a49d-f48340caf355"&#xD;
  name = "Gerry McGuire"&#xD;
  timeStamp = "8/7/2023 9:13:50 PM"&#xD;
  specialChar = "Δ"&#xD;
  maybeSomething = "true"&#xD;
  sometimesNothing = Some 1L&#xD;
  biteSize = "!aBite"&#xD;
  subFact = None }&#xD;
&#xD;
facts: Error: Connection already open</StdOut>
      </Output>
    </UnitTestResult>
    <UnitTestResult executionId="5a04c34f-9189-4a5a-b798-fd691ddedeb4" testId="49a6d652-58bf-e834-bc8e-37de72d62c3c" testName="Delete" computerName="THE-BIG-RIG" duration="00:00:00.0708480" startTime="2023-08-07T21:13:49.9265448-04:00" endTime="2023-08-07T21:13:49.9973927-04:00" testType="13cdc9d9-ddb5-4fa4-a97d-d965ccfc6d4b" outcome="Passed" testListId="8c84fa94-04c1-424b-9868-57a2d4851a1d" relativeResultsDirectory="5a04c34f-9189-4a5a-b798-fd691ddedeb4">
      <Output>
        <StdOut>Deleting...&#xD;
Query being generated:&#xD;
&#xD;
delete from "Fact" where "Fact"."id" = @id&#xD;
&#xD;
&#xD;
&#xD;
&#xD;
facts: 0</StdOut>
      </Output>
    </UnitTestResult>
    <UnitTestResult executionId="029d3779-101b-44b7-8715-51d0d2aa944f" testId="56e96ce4-50b6-5365-cfd5-b3ce8ae0fd29" testName="InsertSelect" computerName="THE-BIG-RIG" duration="00:00:00.0175799" startTime="2023-08-07T21:13:51.4813628-04:00" endTime="2023-08-07T21:13:51.4989428-04:00" testType="13cdc9d9-ddb5-4fa4-a97d-d965ccfc6d4b" outcome="Passed" testListId="8c84fa94-04c1-424b-9868-57a2d4851a1d" relativeResultsDirectory="029d3779-101b-44b7-8715-51d0d2aa944f">
      <Output>
        <StdOut>Do we have a transaction? Some Microsoft.Data.Sqlite.SqliteTransaction&#xD;
Query being generated:&#xD;
&#xD;
insert into "Fact" ( "indexId", "id", "sqliteName", "timeStamp", "specialChar", "maybeSomething", "sometimesNothing", "biteSize" ) values ( @indexId, @id, @name, @timeStamp, @specialChar, @maybeSomething, @sometimesNothing, @biteSize )&#xD;
&#xD;
&#xD;
&#xD;
Param count: 8&#xD;
Param 0 - "@indexId": 1L&#xD;
Param 1 - "@id": "57b6d183-336f-45ef-822f-291f266d70a0"&#xD;
Param 2 - "@name": "Gerry McGuire"&#xD;
Param 3 - "@timeStamp": "8/7/2023 9:13:51 PM"&#xD;
Param 4 - "@specialChar": "Δ"&#xD;
Param 5 - "@maybeSomething": "true"&#xD;
Param 6 - "@sometimesNothing": 1L&#xD;
Param 7 - "@biteSize": "!aBite"&#xD;
Query being generated:&#xD;
&#xD;
select "Fact"."indexId", "Fact"."id", "Fact"."sqliteName", "Fact"."timeStamp", "Fact"."specialChar", "Fact"."maybeSomething", "Fact"."sometimesNothing", "Fact"."biteSize", "SubFact"."subFact" from "Fact" left join "SubFact" on "SubFact"."factId" = "Fact"."indexId" where id = '57b6d183-336f-45ef-822f-291f266d70a0'&#xD;
&#xD;
&#xD;
&#xD;
Query being generated:&#xD;
&#xD;
select "Fact"."indexId", "Fact"."id", "Fact"."sqliteName", "Fact"."timeStamp", "Fact"."specialChar", "Fact"."maybeSomething", "Fact"."sometimesNothing", "Fact"."biteSize", "SubFact"."subFact" from "Fact" left join "SubFact" on "SubFact"."factId" = "Fact"."indexId" where id = '57b6d183-336f-45ef-822f-291f266d70a0'</StdOut>
      </Output>
    </UnitTestResult>
    <UnitTestResult executionId="7ddb82d0-ec47-4641-b357-64f58db83e24" testId="3e7f6762-f253-2395-a98b-b7024bc8f76d" testName="InsertDeleteSelect" computerName="THE-BIG-RIG" duration="00:00:00.0249530" startTime="2023-08-07T21:13:51.4563899-04:00" endTime="2023-08-07T21:13:51.4813423-04:00" testType="13cdc9d9-ddb5-4fa4-a97d-d965ccfc6d4b" outcome="Passed" testListId="8c84fa94-04c1-424b-9868-57a2d4851a1d" relativeResultsDirectory="7ddb82d0-ec47-4641-b357-64f58db83e24">
      <Output>
        <StdOut>Do we have a transaction? Some Microsoft.Data.Sqlite.SqliteTransaction&#xD;
Query being generated:&#xD;
&#xD;
insert into "Fact" ( "indexId", "id", "sqliteName", "timeStamp", "specialChar", "maybeSomething", "sometimesNothing", "biteSize" ) values ( @indexId, @id, @name, @timeStamp, @specialChar, @maybeSomething, @sometimesNothing, @biteSize )&#xD;
&#xD;
&#xD;
&#xD;
Param count: 8&#xD;
Param 0 - "@indexId": 1L&#xD;
Param 1 - "@id": "3e1dcb84-3f50-4af2-b455-2b7a565fcdda"&#xD;
Param 2 - "@name": "Gerry McGuire"&#xD;
Param 3 - "@timeStamp": "8/7/2023 9:13:51 PM"&#xD;
Param 4 - "@specialChar": "Δ"&#xD;
Param 5 - "@maybeSomething": "true"&#xD;
Param 6 - "@sometimesNothing": 1L&#xD;
Param 7 - "@biteSize": "!aBite"&#xD;
Query being generated:&#xD;
&#xD;
delete from "Fact" where "Fact"."id" = @id&#xD;
&#xD;
&#xD;
&#xD;
Query being generated:&#xD;
&#xD;
select "Fact"."indexId", "Fact"."id", "Fact"."sqliteName", "Fact"."timeStamp", "Fact"."specialChar", "Fact"."maybeSomething", "Fact"."sometimesNothing", "Fact"."biteSize", "SubFact"."subFact" from "Fact" left join "SubFact" on "SubFact"."factId" = "Fact"."indexId" where id = '3e1dcb84-3f50-4af2-b455-2b7a565fcdda'</StdOut>
      </Output>
    </UnitTestResult>
    <UnitTestResult executionId="1cbcb6e5-46d4-48de-8cf4-d17dd72532cc" testId="9798df95-32ca-8c71-56f5-d297f4317542" testName="ReaderWithTransaction" computerName="THE-BIG-RIG" duration="00:00:00.1648380" startTime="2023-08-07T21:13:52.0189293-04:00" endTime="2023-08-07T21:13:52.1837673-04:00" testType="13cdc9d9-ddb5-4fa4-a97d-d965ccfc6d4b" outcome="Passed" testListId="8c84fa94-04c1-424b-9868-57a2d4851a1d" relativeResultsDirectory="1cbcb6e5-46d4-48de-8cf4-d17dd72532cc">
      <Output>
        <StdOut>Reading...&#xD;
Query being generated:&#xD;
&#xD;
select * from "Fact"&#xD;
&#xD;
&#xD;
&#xD;
&#xD;
Error: Parameter count mismatch.</StdOut>
      </Output>
    </UnitTestResult>
    <UnitTestResult executionId="547df183-c254-4835-95d4-8d09ef67b3f9" testId="36c067cb-46f5-9f5c-c278-1bb2ce6e133f" testName="InsertUpdateSelect" computerName="THE-BIG-RIG" duration="00:00:00.0319610" startTime="2023-08-07T21:13:51.4989638-04:00" endTime="2023-08-07T21:13:51.5309243-04:00" testType="13cdc9d9-ddb5-4fa4-a97d-d965ccfc6d4b" outcome="Passed" testListId="8c84fa94-04c1-424b-9868-57a2d4851a1d" relativeResultsDirectory="547df183-c254-4835-95d4-8d09ef67b3f9">
      <Output>
        <StdOut>Do we have a transaction? Some Microsoft.Data.Sqlite.SqliteTransaction&#xD;
Query being generated:&#xD;
&#xD;
insert into "Fact" ( "indexId", "id", "sqliteName", "timeStamp", "specialChar", "maybeSomething", "sometimesNothing", "biteSize" ) values ( @indexId, @id, @name, @timeStamp, @specialChar, @maybeSomething, @sometimesNothing, @biteSize )&#xD;
&#xD;
&#xD;
&#xD;
Param count: 8&#xD;
Param 0 - "@indexId": 1L&#xD;
Param 1 - "@id": "2fcc7343-887b-4273-b3e4-f5d9808e69c7"&#xD;
Param 2 - "@name": "Gerry McGuire"&#xD;
Param 3 - "@timeStamp": "8/7/2023 9:13:51 PM"&#xD;
Param 4 - "@specialChar": "Δ"&#xD;
Param 5 - "@maybeSomething": "true"&#xD;
Param 6 - "@sometimesNothing": 1L&#xD;
Param 7 - "@biteSize": "!aBite"&#xD;
columns to update: seq&#xD;
  [{ Index = 0&#xD;
     IsKey = false&#xD;
     IsIndex = true&#xD;
     JoinOn = Some ("SubFact", "factId")&#xD;
     Source = ""Fact""&#xD;
     QuotedSource = ""Fact""&#xD;
     SqlName = "indexId"&#xD;
     QuotedSqlName = ""indexId""&#xD;
     FSharpName = "indexId"&#xD;
     Type = System.Int64&#xD;
     PropertyInfo = Int64 indexId }; { Index = 2&#xD;
                                       IsKey = false&#xD;
                                       IsIndex = false&#xD;
                                       JoinOn = None&#xD;
                                       Source = ""Fact""&#xD;
                                       QuotedSource = ""Fact""&#xD;
                                       SqlName = "sqliteName"&#xD;
                                       QuotedSqlName = ""sqliteName""&#xD;
                                       FSharpName = "name"&#xD;
                                       Type = System.String&#xD;
                                       PropertyInfo = System.String name };&#xD;
   { Index = 3&#xD;
     IsKey = false&#xD;
     IsIndex = false&#xD;
     JoinOn = None&#xD;
     Source = ""Fact""&#xD;
     QuotedSource = ""Fact""&#xD;
     SqlName = "timeStamp"&#xD;
     QuotedSqlName = ""timeStamp""&#xD;
     FSharpName = "timeStamp"&#xD;
     Type = System.String&#xD;
     PropertyInfo = System.String timeStamp };&#xD;
   { Index = 4&#xD;
     IsKey = false&#xD;
     IsIndex = false&#xD;
     JoinOn = None&#xD;
     Source = ""Fact""&#xD;
     QuotedSource = ""Fact""&#xD;
     SqlName = "specialChar"&#xD;
     QuotedSqlName = ""specialChar""&#xD;
     FSharpName = "specialChar"&#xD;
     Type = System.String&#xD;
     PropertyInfo = System.String specialChar }; ...]&#xD;
Query being generated:&#xD;
&#xD;
update "Fact" set "indexId" = @indexId, "sqliteName" = @name, "timeStamp" = @timeStamp, "specialChar" = @specialChar, "maybeSomething" = @maybeSomething, "sometimesNothing" = @sometimesNothing, "biteSize" = @biteSize where "Fact"."id" = @id&#xD;
&#xD;
&#xD;
&#xD;
Query being generated:&#xD;
&#xD;
select "Fact"."indexId", "Fact"."id", "Fact"."sqliteName", "Fact"."timeStamp", "Fact"."specialChar", "Fact"."maybeSomething", "Fact"."sometimesNothing", "Fact"."biteSize", "SubFact"."subFact" from "Fact" left join "SubFact" on "SubFact"."factId" = "Fact"."indexId" where id = '2fcc7343-887b-4273-b3e4-f5d9808e69c7'&#xD;
&#xD;
&#xD;
&#xD;
Query being generated:&#xD;
&#xD;
select "Fact"."indexId", "Fact"."id", "Fact"."sqliteName", "Fact"."timeStamp", "Fact"."specialChar", "Fact"."maybeSomething", "Fact"."sometimesNothing", "Fact"."biteSize", "SubFact"."subFact" from "Fact" left join "SubFact" on "SubFact"."factId" = "Fact"."indexId" where id = '2fcc7343-887b-4273-b3e4-f5d9808e69c7'&#xD;
&#xD;
&#xD;
&#xD;
Query being generated:&#xD;
&#xD;
select "Fact"."indexId", "Fact"."id", "Fact"."sqliteName", "Fact"."timeStamp", "Fact"."specialChar", "Fact"."maybeSomething", "Fact"."sometimesNothing", "Fact"."biteSize", "SubFact"."subFact" from "Fact" left join "SubFact" on "SubFact"."factId" = "Fact"."indexId" where id = '2fcc7343-887b-4273-b3e4-f5d9808e69c7'&#xD;
&#xD;
&#xD;
&#xD;
&#xD;
You remembered the facts: { indexId = 1L&#xD;
  id = "2fcc7343-887b-4273-b3e4-f5d9808e69c7"&#xD;
  name = "Gerry McGuire"&#xD;
  timeStamp = "8/7/2023 9:13:51 PM"&#xD;
  specialChar = "Δ"&#xD;
  maybeSomething = "true"&#xD;
  sometimesNothing = Some 1L&#xD;
  biteSize = "!aBite"&#xD;
  subFact = Some "sooper dooper secret fact" } - { indexId = 1L&#xD;
  id = "2fcc7343-887b-4273-b3e4-f5d9808e69c7"&#xD;
  name = "All Facts, All the Time"&#xD;
  timeStamp = "8/7/2023 9:13:51 PM"&#xD;
  specialChar = "Δ"&#xD;
  maybeSomething = "true"&#xD;
  sometimesNothing = Some 1L&#xD;
  biteSize = "!aBite"&#xD;
  subFact = None } | Error: ExecuteReader can only be called when the connection is open.</StdOut>
      </Output>
    </UnitTestResult>
    <UnitTestResult executionId="d482c898-3360-451d-b7e7-3946441783d0" testId="637f884a-918a-8683-bb6b-2e0f84146c18" testName="UpdateMany" computerName="THE-BIG-RIG" duration="00:00:00.1737310" startTime="2023-08-07T21:13:51.1309550-04:00" endTime="2023-08-07T21:13:51.3046855-04:00" testType="13cdc9d9-ddb5-4fa4-a97d-d965ccfc6d4b" outcome="Passed" testListId="8c84fa94-04c1-424b-9868-57a2d4851a1d" relativeResultsDirectory="d482c898-3360-451d-b7e7-3946441783d0">
      <Output>
        <StdOut>Updating many...&#xD;
columns to update: seq&#xD;
  [{ Index = 0&#xD;
     IsKey = false&#xD;
     IsIndex = true&#xD;
     JoinOn = Some ("SubFact", "factId")&#xD;
     Source = ""Fact""&#xD;
     QuotedSource = ""Fact""&#xD;
     SqlName = "indexId"&#xD;
     QuotedSqlName = ""indexId""&#xD;
     FSharpName = "indexId"&#xD;
     Type = System.Int64&#xD;
     PropertyInfo = Int64 indexId }; { Index = 2&#xD;
                                       IsKey = false&#xD;
                                       IsIndex = false&#xD;
                                       JoinOn = None&#xD;
                                       Source = ""Fact""&#xD;
                                       QuotedSource = ""Fact""&#xD;
                                       SqlName = "psqlName"&#xD;
                                       QuotedSqlName = ""psqlName""&#xD;
                                       FSharpName = "name"&#xD;
                                       Type = System.String&#xD;
                                       PropertyInfo = System.String name };&#xD;
   { Index = 3&#xD;
     IsKey = false&#xD;
     IsIndex = false&#xD;
     JoinOn = None&#xD;
     Source = ""Fact""&#xD;
     QuotedSource = ""Fact""&#xD;
     SqlName = "timeStamp"&#xD;
     QuotedSqlName = ""timeStamp""&#xD;
     FSharpName = "timeStamp"&#xD;
     Type = System.String&#xD;
     PropertyInfo = System.String timeStamp };&#xD;
   { Index = 4&#xD;
     IsKey = false&#xD;
     IsIndex = false&#xD;
     JoinOn = None&#xD;
     Source = ""Fact""&#xD;
     QuotedSource = ""Fact""&#xD;
     SqlName = "specialChar"&#xD;
     QuotedSqlName = ""specialChar""&#xD;
     FSharpName = "specialChar"&#xD;
     Type = System.String&#xD;
     PropertyInfo = System.String specialChar }; ...]&#xD;
Query being generated:&#xD;
&#xD;
update "Fact" set "indexId" = @indexId, "psqlName" = @name, "timeStamp" = @timeStamp, "specialChar" = @specialChar, "maybeSomething" = @maybeSomething, "sometimesNothing" = @sometimesNothing, "biteSize" = @biteSize where "Fact"."id" = @id&#xD;
&#xD;
&#xD;
&#xD;
columns to update: seq&#xD;
  [{ Index = 0&#xD;
     IsKey = false&#xD;
     IsIndex = true&#xD;
     JoinOn = Some ("SubFact", "factId")&#xD;
     Source = ""Fact""&#xD;
     QuotedSource = ""Fact""&#xD;
     SqlName = "indexId"&#xD;
     QuotedSqlName = ""indexId""&#xD;
     FSharpName = "indexId"&#xD;
     Type = System.Int64&#xD;
     PropertyInfo = Int64 indexId }; { Index = 2&#xD;
                                       IsKey = false&#xD;
                                       IsIndex = false&#xD;
                                       JoinOn = None&#xD;
                                       Source = ""Fact""&#xD;
                                       QuotedSource = ""Fact""&#xD;
                                       SqlName = "psqlName"&#xD;
                                       QuotedSqlName = ""psqlName""&#xD;
                                       FSharpName = "name"&#xD;
                                       Type = System.String&#xD;
                                       PropertyInfo = System.String name };&#xD;
   { Index = 3&#xD;
     IsKey = false&#xD;
     IsIndex = false&#xD;
     JoinOn = None&#xD;
     Source = ""Fact""&#xD;
     QuotedSource = ""Fact""&#xD;
     SqlName = "timeStamp"&#xD;
     QuotedSqlName = ""timeStamp""&#xD;
     FSharpName = "timeStamp"&#xD;
     Type = System.String&#xD;
     PropertyInfo = System.String timeStamp };&#xD;
   { Index = 4&#xD;
     IsKey = false&#xD;
     IsIndex = false&#xD;
     JoinOn = None&#xD;
     Source = ""Fact""&#xD;
     QuotedSource = ""Fact""&#xD;
     SqlName = "specialChar"&#xD;
     QuotedSqlName = ""specialChar""&#xD;
     FSharpName = "specialChar"&#xD;
     Type = System.String&#xD;
     PropertyInfo = System.String specialChar }; ...]&#xD;
Query being generated:&#xD;
&#xD;
update "Fact" set "indexId" = @indexId, "psqlName" = @name, "timeStamp" = @timeStamp, "specialChar" = @specialChar, "maybeSomething" = @maybeSomething, "sometimesNothing" = @sometimesNothing, "biteSize" = @biteSize where "Fact"."id" = @id&#xD;
&#xD;
&#xD;
&#xD;
seq [Ok 1; Ok 1]Query being generated:&#xD;
&#xD;
select "Fact"."indexId", "Fact"."id", "Fact"."psqlName", "Fact"."timeStamp", "Fact"."specialChar", "Fact"."maybeSomething", "Fact"."sometimesNothing", "Fact"."biteSize", "SubFact"."subFact" from "Fact" left join "SubFact" on "SubFact"."factId" = "Fact"."indexId" where id = '18a8620c-1ca9-487d-a022-c51941b6ceb5'&#xD;
&#xD;
&#xD;
&#xD;
Query being generated:&#xD;
&#xD;
select "Fact"."indexId", "Fact"."id", "Fact"."psqlName", "Fact"."timeStamp", "Fact"."specialChar", "Fact"."maybeSomething", "Fact"."sometimesNothing", "Fact"."biteSize", "SubFact"."subFact" from "Fact" left join "SubFact" on "SubFact"."factId" = "Fact"."indexId" where id = 'e5007cfd-31e4-43d1-9643-e6d16bf17486'</StdOut>
      </Output>
    </UnitTestResult>
    <UnitTestResult executionId="441cb68b-b3d6-46b9-ae89-5b27cd29515f" testId="6f25e22c-fb80-3b16-8268-1639c4107ef2" testName="DeleteWhere" computerName="THE-BIG-RIG" duration="00:00:00.0137320" startTime="2023-08-07T21:13:50.5152853-04:00" endTime="2023-08-07T21:13:50.5290171-04:00" testType="13cdc9d9-ddb5-4fa4-a97d-d965ccfc6d4b" outcome="Passed" testListId="8c84fa94-04c1-424b-9868-57a2d4851a1d" relativeResultsDirectory="441cb68b-b3d6-46b9-ae89-5b27cd29515f">
      <Output>
        <StdOut>Deleting Where...&#xD;
Query being generated:&#xD;
&#xD;
delete from "Fact" where "indexId" = 1&#xD;
&#xD;
&#xD;
&#xD;
&#xD;
facts: 0</StdOut>
      </Output>
    </UnitTestResult>
    <UnitTestResult executionId="f9963273-248f-48ee-a79a-0a72ecd5aba6" testId="5d408274-7e76-d306-80c5-5a9bfe39a193" testName="Connect" computerName="THE-BIG-RIG" duration="00:00:00.0003430" startTime="2023-08-07T21:13:50.4686442-04:00" endTime="2023-08-07T21:13:50.4689878-04:00" testType="13cdc9d9-ddb5-4fa4-a97d-d965ccfc6d4b" outcome="Passed" testListId="8c84fa94-04c1-424b-9868-57a2d4851a1d" relativeResultsDirectory="f9963273-248f-48ee-a79a-0a72ecd5aba6">
      <Output>
        <StdOut>Contest: "Data Source=./test.db;"</StdOut>
      </Output>
    </UnitTestResult>
    <UnitTestResult executionId="7db40989-a11c-444c-954a-7547cc669c3f" testId="15e7aaf0-1e10-0c65-15f8-df3a9c6f37ce" testName="DeleteMany" computerName="THE-BIG-RIG" duration="00:00:00.0179350" startTime="2023-08-07T21:13:50.4973289-04:00" endTime="2023-08-07T21:13:50.5152635-04:00" testType="13cdc9d9-ddb5-4fa4-a97d-d965ccfc6d4b" outcome="Passed" testListId="8c84fa94-04c1-424b-9868-57a2d4851a1d" relativeResultsDirectory="7db40989-a11c-444c-954a-7547cc669c3f">
      <Output>
        <StdOut>Deleting Many...&#xD;
Query being generated:&#xD;
&#xD;
delete from "Fact" where ( "Fact"."id" = @id0) OR ("Fact"."id" = @id1 )&#xD;
&#xD;
&#xD;
&#xD;
&#xD;
0</StdOut>
      </Output>
    </UnitTestResult>
    <UnitTestResult executionId="d4ba2f92-eb31-4cc0-9e6d-74d5914218c4" testId="32e05ec3-148e-77cd-f32a-bea700e74b04" testName="TearDown" computerName="THE-BIG-RIG" duration="00:00:00.0002970" startTime="2023-08-07T21:13:50.9946882-04:00" endTime="2023-08-07T21:13:50.9949851-04:00" testType="13cdc9d9-ddb5-4fa4-a97d-d965ccfc6d4b" outcome="Passed" testListId="8c84fa94-04c1-424b-9868-57a2d4851a1d" relativeResultsDirectory="d4ba2f92-eb31-4cc0-9e6d-74d5914218c4">
      <Output>
        <StdOut>Transaction: None</StdOut>
      </Output>
    </UnitTestResult>
    <UnitTestResult executionId="3fac033c-4b3b-4e77-be10-1731ca8eb3ef" testId="45a1c35a-206a-680b-7adf-97b4f1220fb1" testName="Reader" computerName="THE-BIG-RIG" duration="00:00:00.0204360" startTime="2023-08-07T21:13:50.5637969-04:00" endTime="2023-08-07T21:13:50.5842330-04:00" testType="13cdc9d9-ddb5-4fa4-a97d-d965ccfc6d4b" outcome="Passed" testListId="8c84fa94-04c1-424b-9868-57a2d4851a1d" relativeResultsDirectory="3fac033c-4b3b-4e77-be10-1731ca8eb3ef">
      <Output>
        <StdOut>Reading...&#xD;
Query being generated:&#xD;
&#xD;
select * from "Fact"&#xD;
&#xD;
&#xD;
&#xD;
&#xD;
Error: Parameter count mismatch.</StdOut>
      </Output>
    </UnitTestResult>
    <UnitTestResult executionId="3d11b867-40ff-4563-8eff-1c0c17b49e01" testId="85caf85c-0ea4-3061-d9ac-49e696c000d2" testName="Insert" computerName="THE-BIG-RIG" duration="00:00:00.0168549" startTime="2023-08-07T21:13:50.5290385-04:00" endTime="2023-08-07T21:13:50.5458924-04:00" testType="13cdc9d9-ddb5-4fa4-a97d-d965ccfc6d4b" outcome="Passed" testListId="8c84fa94-04c1-424b-9868-57a2d4851a1d" relativeResultsDirectory="3d11b867-40ff-4563-8eff-1c0c17b49e01">
      <Output>
        <StdOut>Query being generated:&#xD;
&#xD;
insert into "Fact" ( "indexId", "id", "psqlName", "timeStamp", "specialChar", "maybeSomething", "sometimesNothing", "biteSize" ) values ( @indexId, @id, @name, @timeStamp, @specialChar, @maybeSomething, @sometimesNothing, @biteSize )&#xD;
&#xD;
&#xD;
&#xD;
Param count: 8&#xD;
Param 0 - "@indexId": 1L&#xD;
Param 1 - "@id": "d65625ba-209d-4f03-9c1f-a5f1d676cc2a"&#xD;
Param 2 - "@name": "Gerry McGuire"&#xD;
Param 3 - "@timeStamp": "8/7/2023 9:13:50 PM"&#xD;
Param 4 - "@specialChar": "Δ"&#xD;
Param 5 - "@maybeSomething": "true"&#xD;
Param 6 - "@sometimesNothing": 1L&#xD;
Param 7 - "@biteSize": "!aBite"</StdOut>
      </Output>
    </UnitTestResult>
    <UnitTestResult executionId="e89b1ffe-567f-4a2f-a83b-9d4df5269dc0" testId="808acbda-4118-700a-9ab5-75ef8abf7449" testName="InsertMany" computerName="THE-BIG-RIG" duration="00:00:00.0169190" startTime="2023-08-07T21:13:50.5459166-04:00" endTime="2023-08-07T21:13:50.5628348-04:00" testType="13cdc9d9-ddb5-4fa4-a97d-d965ccfc6d4b" outcome="Passed" testListId="8c84fa94-04c1-424b-9868-57a2d4851a1d" relativeResultsDirectory="e89b1ffe-567f-4a2f-a83b-9d4df5269dc0">
      <Output>
        <StdOut>Query being generated:&#xD;
&#xD;
insert into "Fact"( "indexId", "id", "psqlName", "timeStamp", "specialChar", "maybeSomething", "sometimesNothing", "biteSize" ) values ( @indexId0, @id0, @name0, @timeStamp0, @specialChar0, @maybeSomething0, @sometimesNothing0, @biteSize0 ), ( @indexId1, @id1, @name1, @timeStamp1, @specialChar1, @maybeSomething1, @sometimesNothing1, @biteSize1 ), ( @indexId2, @id2, @name2, @timeStamp2, @specialChar2, @maybeSomething2, @sometimesNothing2, @biteSize2 ), ( @indexId3, @id3, @name3, @timeStamp3, @specialChar3, @maybeSomething3, @sometimesNothing3, @biteSize3 );&#xD;
&#xD;
&#xD;
&#xD;
Query generated: insert into "Fact"( "indexId", "id", "psqlName", "timeStamp", "specialChar", "maybeSomething", "sometimesNothing", "biteSize" ) values ( @indexId0, @id0, @name0, @timeStamp0, @specialChar0, @maybeSomething0, @sometimesNothing0, @biteSize0 ), ( @indexId1, @id1, @name1, @timeStamp1, @specialChar1, @maybeSomething1, @sometimesNothing1, @biteSize1 ), ( @indexId2, @id2, @name2, @timeStamp2, @specialChar2, @maybeSomething2, @sometimesNothing2, @biteSize2 ), ( @indexId3, @id3, @name3, @timeStamp3, @specialChar3, @maybeSomething3, @sometimesNothing3, @biteSize3 );&#xD;
Param count: 32&#xD;
Param 0 - "@indexId0": 1L&#xD;
Param 1 - "@id0": "0c18d733-5d6e-4bc8-ab56-2394a61f48cd"&#xD;
Param 2 - "@name0": "Gerry McGuire"&#xD;
Param 3 - "@timeStamp0": "8/7/2023 9:13:50 PM"&#xD;
Param 4 - "@specialChar0": "Δ"&#xD;
Param 5 - "@maybeSomething0": "true"&#xD;
Param 6 - "@sometimesNothing0": 1L&#xD;
Param 7 - "@biteSize0": "!aBite"&#xD;
Param 8 - "@indexId1": 1L&#xD;
Param 9 - "@id1": "e5007cfd-31e4-43d1-9643-e6d16bf17486"&#xD;
Param 10 - "@name1": "Gerry McGuire"&#xD;
Param 11 - "@timeStamp1": "8/7/2023 9:13:50 PM"&#xD;
Param 12 - "@specialChar1": "Δ"&#xD;
Param 13 - "@maybeSomething1": "true"&#xD;
Param 14 - "@sometimesNothing1": &#xD;
Param 15 - "@biteSize1": "!aBite"&#xD;
Param 16 - "@indexId2": 1L&#xD;
Param 17 - "@id2": "18a8620c-1ca9-487d-a022-c51941b6ceb5"&#xD;
Param 18 - "@name2": "Gerry McGuire"&#xD;
Param 19 - "@timeStamp2": "8/7/2023 9:13:50 PM"&#xD;
Param 20 - "@specialChar2": "Δ"&#xD;
Param 21 - "@maybeSomething2": "true"&#xD;
Param 22 - "@sometimesNothing2": 1L&#xD;
Param 23 - "@biteSize2": "!aBite"&#xD;
Param 24 - "@indexId3": 1L&#xD;
Param 25 - "@id3": "1bf6aef2-17a8-4b09-a49d-f48340caf355"&#xD;
Param 26 - "@name3": "Gerry McGuire"&#xD;
Param 27 - "@timeStamp3": "8/7/2023 9:13:50 PM"&#xD;
Param 28 - "@specialChar3": "Δ"&#xD;
Param 29 - "@maybeSomething3": "true"&#xD;
Param 30 - "@sometimesNothing3": 1L&#xD;
Param 31 - "@biteSize3": "!aBite"</StdOut>
      </Output>
    </UnitTestResult>
    <UnitTestResult executionId="fdfb5a85-564b-4bbe-be26-fb36b8a6842f" testId="b2ee8ff5-43fd-9922-0a20-e7fbb2d8497e" testName="UpdateWhere" computerName="THE-BIG-RIG" duration="00:00:00.1444770" startTime="2023-08-07T21:13:51.3047073-04:00" endTime="2023-08-07T21:13:51.4491844-04:00" testType="13cdc9d9-ddb5-4fa4-a97d-d965ccfc6d4b" outcome="Passed" testListId="8c84fa94-04c1-424b-9868-57a2d4851a1d" relativeResultsDirectory="fdfb5a85-564b-4bbe-be26-fb36b8a6842f">
      <Output>
        <StdOut>Updating...&#xD;
columns to update: seq&#xD;
  [{ Index = 0&#xD;
     IsKey = false&#xD;
     IsIndex = true&#xD;
     JoinOn = Some ("SubFact", "factId")&#xD;
     Source = ""Fact""&#xD;
     QuotedSource = ""Fact""&#xD;
     SqlName = "indexId"&#xD;
     QuotedSqlName = ""indexId""&#xD;
     FSharpName = "indexId"&#xD;
     Type = System.Int64&#xD;
     PropertyInfo = Int64 indexId }; { Index = 2&#xD;
                                       IsKey = false&#xD;
                                       IsIndex = false&#xD;
                                       JoinOn = None&#xD;
                                       Source = ""Fact""&#xD;
                                       QuotedSource = ""Fact""&#xD;
                                       SqlName = "psqlName"&#xD;
                                       QuotedSqlName = ""psqlName""&#xD;
                                       FSharpName = "name"&#xD;
                                       Type = System.String&#xD;
                                       PropertyInfo = System.String name };&#xD;
   { Index = 3&#xD;
     IsKey = false&#xD;
     IsIndex = false&#xD;
     JoinOn = None&#xD;
     Source = ""Fact""&#xD;
     QuotedSource = ""Fact""&#xD;
     SqlName = "timeStamp"&#xD;
     QuotedSqlName = ""timeStamp""&#xD;
     FSharpName = "timeStamp"&#xD;
     Type = System.String&#xD;
     PropertyInfo = System.String timeStamp };&#xD;
   { Index = 4&#xD;
     IsKey = false&#xD;
     IsIndex = false&#xD;
     JoinOn = None&#xD;
     Source = ""Fact""&#xD;
     QuotedSource = ""Fact""&#xD;
     SqlName = "specialChar"&#xD;
     QuotedSqlName = ""specialChar""&#xD;
     FSharpName = "specialChar"&#xD;
     Type = System.String&#xD;
     PropertyInfo = System.String specialChar }; ...]&#xD;
Query being generated:&#xD;
&#xD;
update "Fact" set "indexId" = @indexId, "psqlName" = @name, "timeStamp" = @timeStamp, "specialChar" = @specialChar, "maybeSomething" = @maybeSomething, "sometimesNothing" = @sometimesNothing, "biteSize" = @biteSize where "indexId" = 1&#xD;
&#xD;
&#xD;
&#xD;
&#xD;
facts: 5</StdOut>
      </Output>
    </UnitTestResult>
    <UnitTestResult executionId="e319f8a1-245c-4faf-88b0-e061845bcf7c" testId="0fa2da76-10fd-3535-9c31-82a6b7dc1dc6" testName="Connect" computerName="THE-BIG-RIG" duration="00:00:00.0087650" startTime="2023-08-07T21:13:49.9168471-04:00" endTime="2023-08-07T21:13:49.9255734-04:00" testType="13cdc9d9-ddb5-4fa4-a97d-d965ccfc6d4b" outcome="Passed" testListId="8c84fa94-04c1-424b-9868-57a2d4851a1d" relativeResultsDirectory="e319f8a1-245c-4faf-88b0-e061845bcf7c">
      <Output>
        <StdOut>Contest: "Data Source=./test.db;"</StdOut>
      </Output>
    </UnitTestResult>
    <UnitTestResult executionId="7f16d95e-52c4-4b60-b490-25518fc7d95f" testId="a90e932c-1181-7947-bd3f-cd4c26ae5c6c" testName="SelectWhere" computerName="THE-BIG-RIG" duration="00:00:00.0101210" startTime="2023-08-07T21:13:50.0903011-04:00" endTime="2023-08-07T21:13:50.1004214-04:00" testType="13cdc9d9-ddb5-4fa4-a97d-d965ccfc6d4b" outcome="Passed" testListId="8c84fa94-04c1-424b-9868-57a2d4851a1d" relativeResultsDirectory="7f16d95e-52c4-4b60-b490-25518fc7d95f">
      <Output>
        <StdOut>Selecting Where...&#xD;
Query being generated:&#xD;
&#xD;
select "Fact"."indexId", "Fact"."id", "Fact"."sqliteName", "Fact"."timeStamp", "Fact"."specialChar", "Fact"."maybeSomething", "Fact"."sometimesNothing", "Fact"."biteSize", "SubFact"."subFact" from "Fact" left join "SubFact" on "SubFact"."factId" = "Fact"."indexId" where "maybeSomething" = 'true'&#xD;
&#xD;
&#xD;
&#xD;
&#xD;
facts: seq&#xD;
  [{ indexId = 1L&#xD;
     id = "e2c09040-2024-4dbb-8bb9-d1a98f23e24a"&#xD;
     name = "Gerry McGuire"&#xD;
     timeStamp = "8/7/2023 9:13:50 PM"&#xD;
     specialChar = "Δ"&#xD;
     maybeSomething = "true"&#xD;
     sometimesNothing = Some 1L&#xD;
     biteSize = "!aBite"&#xD;
     subFact = None }; { indexId = 1L&#xD;
                         id = "7a5e6391-f05a-43b3-a0d3-d1bd901a8f65"&#xD;
                         name = "Gerry McGuire"&#xD;
                         timeStamp = "8/7/2023 9:13:50 PM"&#xD;
                         specialChar = "Δ"&#xD;
                         maybeSomething = "true"&#xD;
                         sometimesNothing = Some 1L&#xD;
                         biteSize = "!aBite"&#xD;
                         subFact = None };&#xD;
   { indexId = 1L&#xD;
     id = "943a32a2-5c83-496d-b870-45a0041d0af0"&#xD;
     name = "Gerry McGuire"&#xD;
     timeStamp = "8/7/2023 9:13:50 PM"&#xD;
     specialChar = "Δ"&#xD;
     maybeSomething = "true"&#xD;
     sometimesNothing = None&#xD;
     biteSize = "!aBite"&#xD;
     subFact = None }; { indexId = 1L&#xD;
                         id = "191c3f24-97d3-47cc-a343-d9ac6f208fb6"&#xD;
                         name = "Gerry McGuire"&#xD;
                         timeStamp = "8/7/2023 9:13:50 PM"&#xD;
                         specialChar = "Δ"&#xD;
                         maybeSomething = "true"&#xD;
                         sometimesNothing = Some 1L&#xD;
                         biteSize = "!aBite"&#xD;
                         subFact = None }; ...]</StdOut>
      </Output>
    </UnitTestResult>
    <UnitTestResult executionId="9d8b6c4f-908d-4902-b9b3-c9d78c0013a4" testId="17b58aeb-30c9-6964-6c40-fbab11cb0ed7" testName="UpdateWhere" computerName="THE-BIG-RIG" duration="00:00:00.0083530" startTime="2023-08-07T21:13:50.1575094-04:00" endTime="2023-08-07T21:13:50.1658606-04:00" testType="13cdc9d9-ddb5-4fa4-a97d-d965ccfc6d4b" outcome="Passed" testListId="8c84fa94-04c1-424b-9868-57a2d4851a1d" relativeResultsDirectory="9d8b6c4f-908d-4902-b9b3-c9d78c0013a4">
      <Output>
        <StdOut>Updating...&#xD;
columns to update: seq&#xD;
  [{ Index = 0&#xD;
     IsKey = false&#xD;
     IsIndex = true&#xD;
     JoinOn = Some ("SubFact", "factId")&#xD;
     Source = ""Fact""&#xD;
     QuotedSource = ""Fact""&#xD;
     SqlName = "indexId"&#xD;
     QuotedSqlName = ""indexId""&#xD;
     FSharpName = "indexId"&#xD;
     Type = System.Int64&#xD;
     PropertyInfo = Int64 indexId }; { Index = 2&#xD;
                                       IsKey = false&#xD;
                                       IsIndex = false&#xD;
                                       JoinOn = None&#xD;
                                       Source = ""Fact""&#xD;
                                       QuotedSource = ""Fact""&#xD;
                                       SqlName = "sqliteName"&#xD;
                                       QuotedSqlName = ""sqliteName""&#xD;
                                       FSharpName = "name"&#xD;
                                       Type = System.String&#xD;
                                       PropertyInfo = System.String name };&#xD;
   { Index = 3&#xD;
     IsKey = false&#xD;
     IsIndex = false&#xD;
     JoinOn = None&#xD;
     Source = ""Fact""&#xD;
     QuotedSource = ""Fact""&#xD;
     SqlName = "timeStamp"&#xD;
     QuotedSqlName = ""timeStamp""&#xD;
     FSharpName = "timeStamp"&#xD;
     Type = System.String&#xD;
     PropertyInfo = System.String timeStamp };&#xD;
   { Index = 4&#xD;
     IsKey = false&#xD;
     IsIndex = false&#xD;
     JoinOn = None&#xD;
     Source = ""Fact""&#xD;
     QuotedSource = ""Fact""&#xD;
     SqlName = "specialChar"&#xD;
     QuotedSqlName = ""specialChar""&#xD;
     FSharpName = "specialChar"&#xD;
     Type = System.String&#xD;
     PropertyInfo = System.String specialChar }; ...]&#xD;
Query being generated:&#xD;
&#xD;
update "Fact" set "indexId" = @indexId, "sqliteName" = @name, "timeStamp" = @timeStamp, "specialChar" = @specialChar, "maybeSomething" = @maybeSomething, "sometimesNothing" = @sometimesNothing, "biteSize" = @biteSize where "indexId" = 1&#xD;
&#xD;
&#xD;
&#xD;
&#xD;
facts: 5</StdOut>
      </Output>
    </UnitTestResult>
    <UnitTestResult executionId="82f6e7a7-d13c-4c54-b997-972fc79a8d77" testId="f9346500-1cf3-80bd-8353-bd565d17466d" testName="Reader" computerName="THE-BIG-RIG" duration="00:00:00.0130840" startTime="2023-08-07T21:13:50.0482123-04:00" endTime="2023-08-07T21:13:50.0612963-04:00" testType="13cdc9d9-ddb5-4fa4-a97d-d965ccfc6d4b" outcome="Passed" testListId="8c84fa94-04c1-424b-9868-57a2d4851a1d" relativeResultsDirectory="82f6e7a7-d13c-4c54-b997-972fc79a8d77">
      <Output>
        <StdOut>Reading...&#xD;
Query being generated:&#xD;
&#xD;
select * from "Fact"&#xD;
&#xD;
&#xD;
&#xD;
&#xD;
Error: Parameter count mismatch.</StdOut>
      </Output>
    </UnitTestResult>
    <UnitTestResult executionId="15e0c933-3990-4c8d-a42e-83c787421f9d" testId="d73ca3dd-6f0d-02ae-9b15-97da40bf6710" testName="InsertDeleteSelect" computerName="THE-BIG-RIG" duration="00:00:00.0716300" startTime="2023-08-07T21:13:51.5608727-04:00" endTime="2023-08-07T21:13:51.6325032-04:00" testType="13cdc9d9-ddb5-4fa4-a97d-d965ccfc6d4b" outcome="Passed" testListId="8c84fa94-04c1-424b-9868-57a2d4851a1d" relativeResultsDirectory="15e0c933-3990-4c8d-a42e-83c787421f9d">
      <Output>
        <StdOut>Do we have a transaction? Some Npgsql.NpgsqlTransaction&#xD;
Query being generated:&#xD;
&#xD;
insert into "Fact" ( "indexId", "id", "psqlName", "timeStamp", "specialChar", "maybeSomething", "sometimesNothing", "biteSize" ) values ( @indexId, @id, @name, @timeStamp, @specialChar, @maybeSomething, @sometimesNothing, @biteSize )&#xD;
&#xD;
&#xD;
&#xD;
Param count: 8&#xD;
Param 0 - "@indexId": 1L&#xD;
Param 1 - "@id": "4ad976e1-30ca-491f-8dea-54ca8a085968"&#xD;
Param 2 - "@name": "Gerry McGuire"&#xD;
Param 3 - "@timeStamp": "8/7/2023 9:13:51 PM"&#xD;
Param 4 - "@specialChar": "Δ"&#xD;
Param 5 - "@maybeSomething": "true"&#xD;
Param 6 - "@sometimesNothing": 1L&#xD;
Param 7 - "@biteSize": "!aBite"&#xD;
Query being generated:&#xD;
&#xD;
delete from "Fact" where "Fact"."id" = @id&#xD;
&#xD;
&#xD;
&#xD;
Query being generated:&#xD;
&#xD;
select "Fact"."indexId", "Fact"."id", "Fact"."psqlName", "Fact"."timeStamp", "Fact"."specialChar", "Fact"."maybeSomething", "Fact"."sometimesNothing", "Fact"."biteSize", "SubFact"."subFact" from "Fact" left join "SubFact" on "SubFact"."factId" = "Fact"."indexId" where id = '4ad976e1-30ca-491f-8dea-54ca8a085968'</StdOut>
      </Output>
    </UnitTestResult>
    <UnitTestResult executionId="d607c71b-b095-4724-a3b2-3bd6fa12e2c7" testId="9efe28fc-5719-572e-16c6-a90cc0bb8bcd" testName="InsertMany" computerName="THE-BIG-RIG" duration="00:00:00.0149140" startTime="2023-08-07T21:13:50.0258063-04:00" endTime="2023-08-07T21:13:50.0407197-04:00" testType="13cdc9d9-ddb5-4fa4-a97d-d965ccfc6d4b" outcome="Passed" testListId="8c84fa94-04c1-424b-9868-57a2d4851a1d" relativeResultsDirectory="d607c71b-b095-4724-a3b2-3bd6fa12e2c7">
      <Output>
        <StdOut>Query being generated:&#xD;
&#xD;
insert into "Fact"( "indexId", "id", "sqliteName", "timeStamp", "specialChar", "maybeSomething", "sometimesNothing", "biteSize" ) values ( @indexId0, @id0, @name0, @timeStamp0, @specialChar0, @maybeSomething0, @sometimesNothing0, @biteSize0 ), ( @indexId1, @id1, @name1, @timeStamp1, @specialChar1, @maybeSomething1, @sometimesNothing1, @biteSize1 ), ( @indexId2, @id2, @name2, @timeStamp2, @specialChar2, @maybeSomething2, @sometimesNothing2, @biteSize2 ), ( @indexId3, @id3, @name3, @timeStamp3, @specialChar3, @maybeSomething3, @sometimesNothing3, @biteSize3 );&#xD;
&#xD;
&#xD;
&#xD;
Query generated: insert into "Fact"( "indexId", "id", "sqliteName", "timeStamp", "specialChar", "maybeSomething", "sometimesNothing", "biteSize" ) values ( @indexId0, @id0, @name0, @timeStamp0, @specialChar0, @maybeSomething0, @sometimesNothing0, @biteSize0 ), ( @indexId1, @id1, @name1, @timeStamp1, @specialChar1, @maybeSomething1, @sometimesNothing1, @biteSize1 ), ( @indexId2, @id2, @name2, @timeStamp2, @specialChar2, @maybeSomething2, @sometimesNothing2, @biteSize2 ), ( @indexId3, @id3, @name3, @timeStamp3, @specialChar3, @maybeSomething3, @sometimesNothing3, @biteSize3 );&#xD;
Param count: 32&#xD;
Param 0 - "@indexId0": 1L&#xD;
Param 1 - "@id0": "7a5e6391-f05a-43b3-a0d3-d1bd901a8f65"&#xD;
Param 2 - "@name0": "Gerry McGuire"&#xD;
Param 3 - "@timeStamp0": "8/7/2023 9:13:50 PM"&#xD;
Param 4 - "@specialChar0": "Δ"&#xD;
Param 5 - "@maybeSomething0": "true"&#xD;
Param 6 - "@sometimesNothing0": 1L&#xD;
Param 7 - "@biteSize0": "!aBite"&#xD;
Param 8 - "@indexId1": 1L&#xD;
Param 9 - "@id1": "943a32a2-5c83-496d-b870-45a0041d0af0"&#xD;
Param 10 - "@name1": "Gerry McGuire"&#xD;
Param 11 - "@timeStamp1": "8/7/2023 9:13:50 PM"&#xD;
Param 12 - "@specialChar1": "Δ"&#xD;
Param 13 - "@maybeSomething1": "true"&#xD;
Param 14 - "@sometimesNothing1": &#xD;
Param 15 - "@biteSize1": "!aBite"&#xD;
Param 16 - "@indexId2": 1L&#xD;
Param 17 - "@id2": "191c3f24-97d3-47cc-a343-d9ac6f208fb6"&#xD;
Param 18 - "@name2": "Gerry McGuire"&#xD;
Param 19 - "@timeStamp2": "8/7/2023 9:13:50 PM"&#xD;
Param 20 - "@specialChar2": "Δ"&#xD;
Param 21 - "@maybeSomething2": "true"&#xD;
Param 22 - "@sometimesNothing2": 1L&#xD;
Param 23 - "@biteSize2": "!aBite"&#xD;
Param 24 - "@indexId3": 1L&#xD;
Param 25 - "@id3": "341aa8c4-61b4-416a-9cae-335ace0d326e"&#xD;
Param 26 - "@name3": "Gerry McGuire"&#xD;
Param 27 - "@timeStamp3": "8/7/2023 9:13:50 PM"&#xD;
Param 28 - "@specialChar3": "Δ"&#xD;
Param 29 - "@maybeSomething3": "true"&#xD;
Param 30 - "@sometimesNothing3": 1L&#xD;
Param 31 - "@biteSize3": "!aBite"</StdOut>
      </Output>
    </UnitTestResult>
    <UnitTestResult executionId="f80bcda2-4e25-483c-af62-018ec261bce7" testId="4525c845-e5a6-179a-b7d8-7666e50f57e3" testName="InsertSelect" computerName="THE-BIG-RIG" duration="00:00:00.1725530" startTime="2023-08-07T21:13:51.6325233-04:00" endTime="2023-08-07T21:13:51.8050757-04:00" testType="13cdc9d9-ddb5-4fa4-a97d-d965ccfc6d4b" outcome="Passed" testListId="8c84fa94-04c1-424b-9868-57a2d4851a1d" relativeResultsDirectory="f80bcda2-4e25-483c-af62-018ec261bce7">
      <Output>
        <StdOut>Do we have a transaction? Some Npgsql.NpgsqlTransaction&#xD;
Query being generated:&#xD;
&#xD;
insert into "Fact" ( "indexId", "id", "psqlName", "timeStamp", "specialChar", "maybeSomething", "sometimesNothing", "biteSize" ) values ( @indexId, @id, @name, @timeStamp, @specialChar, @maybeSomething, @sometimesNothing, @biteSize )&#xD;
&#xD;
&#xD;
&#xD;
Param count: 8&#xD;
Param 0 - "@indexId": 1L&#xD;
Param 1 - "@id": "92806761-a6ff-43cd-939b-3e47502ed06d"&#xD;
Param 2 - "@name": "Gerry McGuire"&#xD;
Param 3 - "@timeStamp": "8/7/2023 9:13:51 PM"&#xD;
Param 4 - "@specialChar": "Δ"&#xD;
Param 5 - "@maybeSomething": "true"&#xD;
Param 6 - "@sometimesNothing": 1L&#xD;
Param 7 - "@biteSize": "!aBite"&#xD;
Query being generated:&#xD;
&#xD;
select "Fact"."indexId", "Fact"."id", "Fact"."psqlName", "Fact"."timeStamp", "Fact"."specialChar", "Fact"."maybeSomething", "Fact"."sometimesNothing", "Fact"."biteSize", "SubFact"."subFact" from "Fact" left join "SubFact" on "SubFact"."factId" = "Fact"."indexId" where id = '92806761-a6ff-43cd-939b-3e47502ed06d'&#xD;
&#xD;
&#xD;
&#xD;
Query being generated:&#xD;
&#xD;
select "Fact"."indexId", "Fact"."id", "Fact"."psqlName", "Fact"."timeStamp", "Fact"."specialChar", "Fact"."maybeSomething", "Fact"."sometimesNothing", "Fact"."biteSize", "SubFact"."subFact" from "Fact" left join "SubFact" on "SubFact"."factId" = "Fact"."indexId" where id = '92806761-a6ff-43cd-939b-3e47502ed06d'</StdOut>
      </Output>
    </UnitTestResult>
    <UnitTestResult executionId="322a9cff-c997-4a3f-8078-59d011d20639" testId="d8e33ed2-9bff-03c9-e97c-4b6122b57f5f" testName="Delete" computerName="THE-BIG-RIG" duration="00:00:00.0283030" startTime="2023-08-07T21:13:50.4690023-04:00" endTime="2023-08-07T21:13:50.4973048-04:00" testType="13cdc9d9-ddb5-4fa4-a97d-d965ccfc6d4b" outcome="Passed" testListId="8c84fa94-04c1-424b-9868-57a2d4851a1d" relativeResultsDirectory="322a9cff-c997-4a3f-8078-59d011d20639">
      <Output>
        <StdOut>Deleting...&#xD;
Query being generated:&#xD;
&#xD;
delete from "Fact" where "Fact"."id" = @id&#xD;
&#xD;
&#xD;
&#xD;
&#xD;
facts: 0</StdOut>
      </Output>
    </UnitTestResult>
    <UnitTestResult executionId="4504a773-95a8-49d9-a77c-2f33532376ef" testId="d9987b9d-24a0-d4c4-e4b0-295b5a496f9c" testName="Select" computerName="THE-BIG-RIG" duration="00:00:00.1316960" startTime="2023-08-07T21:13:50.5842589-04:00" endTime="2023-08-07T21:13:50.7159546-04:00" testType="13cdc9d9-ddb5-4fa4-a97d-d965ccfc6d4b" outcome="Passed" testListId="8c84fa94-04c1-424b-9868-57a2d4851a1d" relativeResultsDirectory="4504a773-95a8-49d9-a77c-2f33532376ef">
      <Output>
        <StdOut>Selecting All...&#xD;
Query being generated:&#xD;
&#xD;
select "Fact"."indexId", "Fact"."id", "Fact"."psqlName", "Fact"."timeStamp", "Fact"."specialChar", "Fact"."maybeSomething", "Fact"."sometimesNothing", "Fact"."biteSize", "SubFact"."subFact" from "Fact" left join "SubFact" on "SubFact"."factId" = "Fact"."indexId"&#xD;
&#xD;
&#xD;
&#xD;
{ indexId = 1L&#xD;
  id = "1bf6aef2-17a8-4b09-a49d-f48340caf355"&#xD;
  name = "Gerry McGuire"&#xD;
  timeStamp = "8/7/2023 9:13:50 PM"&#xD;
  specialChar = "Δ"&#xD;
  maybeSomething = "true"&#xD;
  sometimesNothing = Some 1L&#xD;
  biteSize = "!aBite"&#xD;
  subFact = None }&#xD;
{ indexId = 1L&#xD;
  id = "18a8620c-1ca9-487d-a022-c51941b6ceb5"&#xD;
  name = "Gerry McGuire"&#xD;
  timeStamp = "8/7/2023 9:13:50 PM"&#xD;
  specialChar = "Δ"&#xD;
  maybeSomething = "true"&#xD;
  sometimesNothing = Some 1L&#xD;
  biteSize = "!aBite"&#xD;
  subFact = None }&#xD;
{ indexId = 1L&#xD;
  id = "e5007cfd-31e4-43d1-9643-e6d16bf17486"&#xD;
  name = "Gerry McGuire"&#xD;
  timeStamp = "8/7/2023 9:13:50 PM"&#xD;
  specialChar = "Δ"&#xD;
  maybeSomething = "true"&#xD;
  sometimesNothing = None&#xD;
  biteSize = "!aBite"&#xD;
  subFact = None }&#xD;
{ indexId = 1L&#xD;
  id = "0c18d733-5d6e-4bc8-ab56-2394a61f48cd"&#xD;
  name = "Gerry McGuire"&#xD;
  timeStamp = "8/7/2023 9:13:50 PM"&#xD;
  specialChar = "Δ"&#xD;
  maybeSomething = "true"&#xD;
  sometimesNothing = Some 1L&#xD;
  biteSize = "!aBite"&#xD;
  subFact = None }&#xD;
{ indexId = 1L&#xD;
  id = "d65625ba-209d-4f03-9c1f-a5f1d676cc2a"&#xD;
  name = "Gerry McGuire"&#xD;
  timeStamp = "8/7/2023 9:13:50 PM"&#xD;
  specialChar = "Δ"&#xD;
  maybeSomething = "true"&#xD;
  sometimesNothing = Some 1L&#xD;
  biteSize = "!aBite"&#xD;
  subFact = None }&#xD;
&#xD;
facts: Error: Connection already open</StdOut>
      </Output>
    </UnitTestResult>
    <UnitTestResult executionId="9edc4804-175a-4e99-b5fc-2b98aa234bec" testId="53d2384a-fbb2-a413-58be-1fd0675167cd" testName="Select" computerName="THE-BIG-RIG" duration="00:00:00.0168310" startTime="2023-08-07T21:13:50.0613198-04:00" endTime="2023-08-07T21:13:50.0781506-04:00" testType="13cdc9d9-ddb5-4fa4-a97d-d965ccfc6d4b" outcome="Passed" testListId="8c84fa94-04c1-424b-9868-57a2d4851a1d" relativeResultsDirectory="9edc4804-175a-4e99-b5fc-2b98aa234bec">
      <Output>
        <StdOut>Selecting All...&#xD;
Query being generated:&#xD;
&#xD;
select "Fact"."indexId", "Fact"."id", "Fact"."sqliteName", "Fact"."timeStamp", "Fact"."specialChar", "Fact"."maybeSomething", "Fact"."sometimesNothing", "Fact"."biteSize", "SubFact"."subFact" from "Fact" left join "SubFact" on "SubFact"."factId" = "Fact"."indexId"&#xD;
&#xD;
&#xD;
&#xD;
{ indexId = 1L&#xD;
  id = "e2c09040-2024-4dbb-8bb9-d1a98f23e24a"&#xD;
  name = "Gerry McGuire"&#xD;
  timeStamp = "8/7/2023 9:13:50 PM"&#xD;
  specialChar = "Δ"&#xD;
  maybeSomething = "true"&#xD;
  sometimesNothing = Some 1L&#xD;
  biteSize = "!aBite"&#xD;
  subFact = None }&#xD;
{ indexId = 1L&#xD;
  id = "7a5e6391-f05a-43b3-a0d3-d1bd901a8f65"&#xD;
  name = "Gerry McGuire"&#xD;
  timeStamp = "8/7/2023 9:13:50 PM"&#xD;
  specialChar = "Δ"&#xD;
  maybeSomething = "true"&#xD;
  sometimesNothing = Some 1L&#xD;
  biteSize = "!aBite"&#xD;
  subFact = None }&#xD;
{ indexId = 1L&#xD;
  id = "943a32a2-5c83-496d-b870-45a0041d0af0"&#xD;
  name = "Gerry McGuire"&#xD;
  timeStamp = "8/7/2023 9:13:50 PM"&#xD;
  specialChar = "Δ"&#xD;
  maybeSomething = "true"&#xD;
  sometimesNothing = None&#xD;
  biteSize = "!aBite"&#xD;
  subFact = None }&#xD;
{ indexId = 1L&#xD;
  id = "191c3f24-97d3-47cc-a343-d9ac6f208fb6"&#xD;
  name = "Gerry McGuire"&#xD;
  timeStamp = "8/7/2023 9:13:50 PM"&#xD;
  specialChar = "Δ"&#xD;
  maybeSomething = "true"&#xD;
  sometimesNothing = Some 1L&#xD;
  biteSize = "!aBite"&#xD;
  subFact = None }&#xD;
{ indexId = 1L&#xD;
  id = "341aa8c4-61b4-416a-9cae-335ace0d326e"&#xD;
  name = "Gerry McGuire"&#xD;
  timeStamp = "8/7/2023 9:13:50 PM"&#xD;
  specialChar = "Δ"&#xD;
  maybeSomething = "true"&#xD;
  sometimesNothing = Some 1L&#xD;
  biteSize = "!aBite"&#xD;
  subFact = None }&#xD;
Query being generated:&#xD;
&#xD;
select "Fact"."indexId", "Fact"."id", "Fact"."sqliteName", "Fact"."timeStamp", "Fact"."specialChar", "Fact"."maybeSomething", "Fact"."sometimesNothing", "Fact"."biteSize", "SubFact"."subFact" from "Fact" left join "SubFact" on "SubFact"."factId" = "Fact"."indexId"&#xD;
&#xD;
&#xD;
&#xD;
&#xD;
facts: seq&#xD;
  [{ indexId = 1L&#xD;
     id = "e2c09040-2024-4dbb-8bb9-d1a98f23e24a"&#xD;
     name = "Gerry McGuire"&#xD;
     timeStamp = "8/7/2023 9:13:50 PM"&#xD;
     specialChar = "Δ"&#xD;
     maybeSomething = "true"&#xD;
     sometimesNothing = Some 1L&#xD;
     biteSize = "!aBite"&#xD;
     subFact = None }; { indexId = 1L&#xD;
                         id = "7a5e6391-f05a-43b3-a0d3-d1bd901a8f65"&#xD;
                         name = "Gerry McGuire"&#xD;
                         timeStamp = "8/7/2023 9:13:50 PM"&#xD;
                         specialChar = "Δ"&#xD;
                         maybeSomething = "true"&#xD;
                         sometimesNothing = Some 1L&#xD;
                         biteSize = "!aBite"&#xD;
                         subFact = None };&#xD;
   { indexId = 1L&#xD;
     id = "943a32a2-5c83-496d-b870-45a0041d0af0"&#xD;
     name = "Gerry McGuire"&#xD;
     timeStamp = "8/7/2023 9:13:50 PM"&#xD;
     specialChar = "Δ"&#xD;
     maybeSomething = "true"&#xD;
     sometimesNothing = None&#xD;
     biteSize = "!aBite"&#xD;
     subFact = None }; { indexId = 1L&#xD;
                         id = "191c3f24-97d3-47cc-a343-d9ac6f208fb6"&#xD;
                         name = "Gerry McGuire"&#xD;
                         timeStamp = "8/7/2023 9:13:50 PM"&#xD;
                         specialChar = "Δ"&#xD;
                         maybeSomething = "true"&#xD;
                         sometimesNothing = Some 1L&#xD;
                         biteSize = "!aBite"&#xD;
                         subFact = None }; ...]</StdOut>
      </Output>
    </UnitTestResult>
    <UnitTestResult executionId="1f596fb4-9a1c-4459-a371-a39dbd3241a0" testId="703d9e23-b2da-ec05-d434-5d080ae77160" testName="SelectWhere" computerName="THE-BIG-RIG" duration="00:00:00.1551300" startTime="2023-08-07T21:13:50.8395333-04:00" endTime="2023-08-07T21:13:50.9946636-04:00" testType="13cdc9d9-ddb5-4fa4-a97d-d965ccfc6d4b" outcome="Passed" testListId="8c84fa94-04c1-424b-9868-57a2d4851a1d" relativeResultsDirectory="1f596fb4-9a1c-4459-a371-a39dbd3241a0">
      <Output>
        <StdOut>Selecting Where...&#xD;
Query being generated:&#xD;
&#xD;
select "Fact"."indexId", "Fact"."id", "Fact"."psqlName", "Fact"."timeStamp", "Fact"."specialChar", "Fact"."maybeSomething", "Fact"."sometimesNothing", "Fact"."biteSize", "SubFact"."subFact" from "Fact" left join "SubFact" on "SubFact"."factId" = "Fact"."indexId" where "maybeSomething" = 'true'&#xD;
&#xD;
&#xD;
&#xD;
&#xD;
facts: seq&#xD;
  [{ indexId = 1L&#xD;
     id = "1bf6aef2-17a8-4b09-a49d-f48340caf355"&#xD;
     name = "Gerry McGuire"&#xD;
     timeStamp = "8/7/2023 9:13:50 PM"&#xD;
     specialChar = "Δ"&#xD;
     maybeSomething = "true"&#xD;
     sometimesNothing = Some 1L&#xD;
     biteSize = "!aBite"&#xD;
     subFact = None }; { indexId = 1L&#xD;
                         id = "18a8620c-1ca9-487d-a022-c51941b6ceb5"&#xD;
                         name = "Gerry McGuire"&#xD;
                         timeStamp = "8/7/2023 9:13:50 PM"&#xD;
                         specialChar = "Δ"&#xD;
                         maybeSomething = "true"&#xD;
                         sometimesNothing = Some 1L&#xD;
                         biteSize = "!aBite"&#xD;
                         subFact = None };&#xD;
   { indexId = 1L&#xD;
     id = "e5007cfd-31e4-43d1-9643-e6d16bf17486"&#xD;
     name = "Gerry McGuire"&#xD;
     timeStamp = "8/7/2023 9:13:50 PM"&#xD;
     specialChar = "Δ"&#xD;
     maybeSomething = "true"&#xD;
     sometimesNothing = None&#xD;
     biteSize = "!aBite"&#xD;
     subFact = None }; { indexId = 1L&#xD;
                         id = "0c18d733-5d6e-4bc8-ab56-2394a61f48cd"&#xD;
                         name = "Gerry McGuire"&#xD;
                         timeStamp = "8/7/2023 9:13:50 PM"&#xD;
                         specialChar = "Δ"&#xD;
                         maybeSomething = "true"&#xD;
                         sometimesNothing = Some 1L&#xD;
                         biteSize = "!aBite"&#xD;
                         subFact = None }; ...]</StdOut>
      </Output>
    </UnitTestResult>
    <UnitTestResult executionId="29d585f5-5df0-4f27-a8d9-4d818d36f326" testId="685fd3d2-6ac3-c066-f340-f935822e65eb" testName="Update" computerName="THE-BIG-RIG" duration="00:00:00.0229410" startTime="2023-08-07T21:13:50.1011227-04:00" endTime="2023-08-07T21:13:50.1240634-04:00" testType="13cdc9d9-ddb5-4fa4-a97d-d965ccfc6d4b" outcome="Passed" testListId="8c84fa94-04c1-424b-9868-57a2d4851a1d" relativeResultsDirectory="29d585f5-5df0-4f27-a8d9-4d818d36f326">
      <Output>
        <StdOut>Updating...&#xD;
columns to update: seq&#xD;
  [{ Index = 0&#xD;
     IsKey = false&#xD;
     IsIndex = true&#xD;
     JoinOn = Some ("SubFact", "factId")&#xD;
     Source = ""Fact""&#xD;
     QuotedSource = ""Fact""&#xD;
     SqlName = "indexId"&#xD;
     QuotedSqlName = ""indexId""&#xD;
     FSharpName = "indexId"&#xD;
     Type = System.Int64&#xD;
     PropertyInfo = Int64 indexId }; { Index = 2&#xD;
                                       IsKey = false&#xD;
                                       IsIndex = false&#xD;
                                       JoinOn = None&#xD;
                                       Source = ""Fact""&#xD;
                                       QuotedSource = ""Fact""&#xD;
                                       SqlName = "sqliteName"&#xD;
                                       QuotedSqlName = ""sqliteName""&#xD;
                                       FSharpName = "name"&#xD;
                                       Type = System.String&#xD;
                                       PropertyInfo = System.String name };&#xD;
   { Index = 3&#xD;
     IsKey = false&#xD;
     IsIndex = false&#xD;
     JoinOn = None&#xD;
     Source = ""Fact""&#xD;
     QuotedSource = ""Fact""&#xD;
     SqlName = "timeStamp"&#xD;
     QuotedSqlName = ""timeStamp""&#xD;
     FSharpName = "timeStamp"&#xD;
     Type = System.String&#xD;
     PropertyInfo = System.String timeStamp };&#xD;
   { Index = 4&#xD;
     IsKey = false&#xD;
     IsIndex = false&#xD;
     JoinOn = None&#xD;
     Source = ""Fact""&#xD;
     QuotedSource = ""Fact""&#xD;
     SqlName = "specialChar"&#xD;
     QuotedSqlName = ""specialChar""&#xD;
     FSharpName = "specialChar"&#xD;
     Type = System.String&#xD;
     PropertyInfo = System.String specialChar }; ...]&#xD;
Query being generated:&#xD;
&#xD;
update "Fact" set "indexId" = @indexId, "sqliteName" = @name, "timeStamp" = @timeStamp, "specialChar" = @specialChar, "maybeSomething" = @maybeSomething, "sometimesNothing" = @sometimesNothing, "biteSize" = @biteSize where "Fact"."id" = @id&#xD;
&#xD;
&#xD;
&#xD;
&#xD;
facts: 1</StdOut>
      </Output>
    </UnitTestResult>
    <UnitTestResult executionId="131d1bce-aa43-47ed-8136-cf031f4a9899" testId="9914cd5e-0327-22a6-d447-faa2be9ff7a1" testName="DeleteWhere" computerName="THE-BIG-RIG" duration="00:00:00.0011820" startTime="2023-08-07T21:13:50.0110577-04:00" endTime="2023-08-07T21:13:50.0122396-04:00" testType="13cdc9d9-ddb5-4fa4-a97d-d965ccfc6d4b" outcome="Passed" testListId="8c84fa94-04c1-424b-9868-57a2d4851a1d" relativeResultsDirectory="131d1bce-aa43-47ed-8136-cf031f4a9899">
      <Output>
        <StdOut>Deleting Where...&#xD;
Query being generated:&#xD;
&#xD;
delete from "Fact" where "indexId" = 1&#xD;
&#xD;
&#xD;
&#xD;
&#xD;
facts: 0</StdOut>
      </Output>
    </UnitTestResult>
    <UnitTestResult executionId="d6b5b6d4-262c-4599-b705-50be75448cb7" testId="e1d96324-45ef-45d2-544f-68bf57e5356c" testName="InsertUpdateSelect" computerName="THE-BIG-RIG" duration="00:00:00.2138080" startTime="2023-08-07T21:13:51.8050977-04:00" endTime="2023-08-07T21:13:52.0189056-04:00" testType="13cdc9d9-ddb5-4fa4-a97d-d965ccfc6d4b" outcome="Passed" testListId="8c84fa94-04c1-424b-9868-57a2d4851a1d" relativeResultsDirectory="d6b5b6d4-262c-4599-b705-50be75448cb7">
      <Output>
        <StdOut>Do we have a transaction? Some Npgsql.NpgsqlTransaction&#xD;
Query being generated:&#xD;
&#xD;
insert into "Fact" ( "indexId", "id", "psqlName", "timeStamp", "specialChar", "maybeSomething", "sometimesNothing", "biteSize" ) values ( @indexId, @id, @name, @timeStamp, @specialChar, @maybeSomething, @sometimesNothing, @biteSize )&#xD;
&#xD;
&#xD;
&#xD;
Param count: 8&#xD;
Param 0 - "@indexId": 1L&#xD;
Param 1 - "@id": "9c1964db-8a7a-425e-85a1-b665e823b41e"&#xD;
Param 2 - "@name": "Gerry McGuire"&#xD;
Param 3 - "@timeStamp": "8/7/2023 9:13:51 PM"&#xD;
Param 4 - "@specialChar": "Δ"&#xD;
Param 5 - "@maybeSomething": "true"&#xD;
Param 6 - "@sometimesNothing": 1L&#xD;
Param 7 - "@biteSize": "!aBite"&#xD;
columns to update: seq&#xD;
  [{ Index = 0&#xD;
     IsKey = false&#xD;
     IsIndex = true&#xD;
     JoinOn = Some ("SubFact", "factId")&#xD;
     Source = ""Fact""&#xD;
     QuotedSource = ""Fact""&#xD;
     SqlName = "indexId"&#xD;
     QuotedSqlName = ""indexId""&#xD;
     FSharpName = "indexId"&#xD;
     Type = System.Int64&#xD;
     PropertyInfo = Int64 indexId }; { Index = 2&#xD;
                                       IsKey = false&#xD;
                                       IsIndex = false&#xD;
                                       JoinOn = None&#xD;
                                       Source = ""Fact""&#xD;
                                       QuotedSource = ""Fact""&#xD;
                                       SqlName = "psqlName"&#xD;
                                       QuotedSqlName = ""psqlName""&#xD;
                                       FSharpName = "name"&#xD;
                                       Type = System.String&#xD;
                                       PropertyInfo = System.String name };&#xD;
   { Index = 3&#xD;
     IsKey = false&#xD;
     IsIndex = false&#xD;
     JoinOn = None&#xD;
     Source = ""Fact""&#xD;
     QuotedSource = ""Fact""&#xD;
     SqlName = "timeStamp"&#xD;
     QuotedSqlName = ""timeStamp""&#xD;
     FSharpName = "timeStamp"&#xD;
     Type = System.String&#xD;
     PropertyInfo = System.String timeStamp };&#xD;
   { Index = 4&#xD;
     IsKey = false&#xD;
     IsIndex = false&#xD;
     JoinOn = None&#xD;
     Source = ""Fact""&#xD;
     QuotedSource = ""Fact""&#xD;
     SqlName = "specialChar"&#xD;
     QuotedSqlName = ""specialChar""&#xD;
     FSharpName = "specialChar"&#xD;
     Type = System.String&#xD;
     PropertyInfo = System.String specialChar }; ...]&#xD;
Query being generated:&#xD;
&#xD;
update "Fact" set "indexId" = @indexId, "psqlName" = @name, "timeStamp" = @timeStamp, "specialChar" = @specialChar, "maybeSomething" = @maybeSomething, "sometimesNothing" = @sometimesNothing, "biteSize" = @biteSize where "Fact"."id" = @id&#xD;
&#xD;
&#xD;
&#xD;
Query being generated:&#xD;
&#xD;
select "Fact"."indexId", "Fact"."id", "Fact"."psqlName", "Fact"."timeStamp", "Fact"."specialChar", "Fact"."maybeSomething", "Fact"."sometimesNothing", "Fact"."biteSize", "SubFact"."subFact" from "Fact" left join "SubFact" on "SubFact"."factId" = "Fact"."indexId" where id = '9c1964db-8a7a-425e-85a1-b665e823b41e'&#xD;
&#xD;
&#xD;
&#xD;
Query being generated:&#xD;
&#xD;
select "Fact"."indexId", "Fact"."id", "Fact"."psqlName", "Fact"."timeStamp", "Fact"."specialChar", "Fact"."maybeSomething", "Fact"."sometimesNothing", "Fact"."biteSize", "SubFact"."subFact" from "Fact" left join "SubFact" on "SubFact"."factId" = "Fact"."indexId" where id = '9c1964db-8a7a-425e-85a1-b665e823b41e'&#xD;
&#xD;
&#xD;
&#xD;
Query being generated:&#xD;
&#xD;
select "Fact"."indexId", "Fact"."id", "Fact"."psqlName", "Fact"."timeStamp", "Fact"."specialChar", "Fact"."maybeSomething", "Fact"."sometimesNothing", "Fact"."biteSize", "SubFact"."subFact" from "Fact" left join "SubFact" on "SubFact"."factId" = "Fact"."indexId" where id = '9c1964db-8a7a-425e-85a1-b665e823b41e'&#xD;
&#xD;
&#xD;
&#xD;
&#xD;
You remembered the facts: { indexId = 1L&#xD;
  id = "9c1964db-8a7a-425e-85a1-b665e823b41e"&#xD;
  name = "Gerry McGuire"&#xD;
  timeStamp = "8/7/2023 9:13:51 PM"&#xD;
  specialChar = "Δ"&#xD;
  maybeSomething = "true"&#xD;
  sometimesNothing = Some 1L&#xD;
  biteSize = "!aBite"&#xD;
  subFact = Some "sooper dooper secret fact" } - { indexId = 1L&#xD;
  id = "9c1964db-8a7a-425e-85a1-b665e823b41e"&#xD;
  name = "All Facts, All the Time"&#xD;
  timeStamp = "8/7/2023 9:13:51 PM"&#xD;
  specialChar = "Δ"&#xD;
  maybeSomething = "true"&#xD;
  sometimesNothing = Some 1L&#xD;
  biteSize = "!aBite"&#xD;
  subFact = None } | seq [{ indexId = 1L&#xD;
       id = "9c1964db-8a7a-425e-85a1-b665e823b41e"&#xD;
       name = "All Facts, All the Time"&#xD;
       timeStamp = "8/7/2023 9:13:51 PM"&#xD;
       specialChar = "Δ"&#xD;
       maybeSomething = "true"&#xD;
       sometimesNothing = Some 1L&#xD;
       biteSize = "!aBite"&#xD;
       subFact = None }]</StdOut>
      </Output>
    </UnitTestResult>
    <UnitTestResult executionId="09f4fcfe-0afd-44b3-b902-a8e4c890512d" testId="04fe663e-77f4-7638-3d23-56ab2a11f452" testName="Update" computerName="THE-BIG-RIG" duration="00:00:00.1359370" startTime="2023-08-07T21:13:50.9949942-04:00" endTime="2023-08-07T21:13:51.1309312-04:00" testType="13cdc9d9-ddb5-4fa4-a97d-d965ccfc6d4b" outcome="Passed" testListId="8c84fa94-04c1-424b-9868-57a2d4851a1d" relativeResultsDirectory="09f4fcfe-0afd-44b3-b902-a8e4c890512d">
      <Output>
        <StdOut>Updating...&#xD;
columns to update: seq&#xD;
  [{ Index = 0&#xD;
     IsKey = false&#xD;
     IsIndex = true&#xD;
     JoinOn = Some ("SubFact", "factId")&#xD;
     Source = ""Fact""&#xD;
     QuotedSource = ""Fact""&#xD;
     SqlName = "indexId"&#xD;
     QuotedSqlName = ""indexId""&#xD;
     FSharpName = "indexId"&#xD;
     Type = System.Int64&#xD;
     PropertyInfo = Int64 indexId }; { Index = 2&#xD;
                                       IsKey = false&#xD;
                                       IsIndex = false&#xD;
                                       JoinOn = None&#xD;
                                       Source = ""Fact""&#xD;
                                       QuotedSource = ""Fact""&#xD;
                                       SqlName = "psqlName"&#xD;
                                       QuotedSqlName = ""psqlName""&#xD;
                                       FSharpName = "name"&#xD;
                                       Type = System.String&#xD;
                                       PropertyInfo = System.String name };&#xD;
   { Index = 3&#xD;
     IsKey = false&#xD;
     IsIndex = false&#xD;
     JoinOn = None&#xD;
     Source = ""Fact""&#xD;
     QuotedSource = ""Fact""&#xD;
     SqlName = "timeStamp"&#xD;
     QuotedSqlName = ""timeStamp""&#xD;
     FSharpName = "timeStamp"&#xD;
     Type = System.String&#xD;
     PropertyInfo = System.String timeStamp };&#xD;
   { Index = 4&#xD;
     IsKey = false&#xD;
     IsIndex = false&#xD;
     JoinOn = None&#xD;
     Source = ""Fact""&#xD;
     QuotedSource = ""Fact""&#xD;
     SqlName = "specialChar"&#xD;
     QuotedSqlName = ""specialChar""&#xD;
     FSharpName = "specialChar"&#xD;
     Type = System.String&#xD;
     PropertyInfo = System.String specialChar }; ...]&#xD;
Query being generated:&#xD;
&#xD;
update "Fact" set "indexId" = @indexId, "psqlName" = @name, "timeStamp" = @timeStamp, "specialChar" = @specialChar, "maybeSomething" = @maybeSomething, "sometimesNothing" = @sometimesNothing, "biteSize" = @biteSize where "Fact"."id" = @id&#xD;
&#xD;
&#xD;
&#xD;
&#xD;
facts: 1</StdOut>
      </Output>
    </UnitTestResult>
    <UnitTestResult executionId="40a36753-c97e-4331-b1b8-90bd240ef204" testId="aa5ad89d-4386-4bbe-356e-11e72bf7130c" testName="SelectLimit" computerName="THE-BIG-RIG" duration="00:00:00.0121110" startTime="2023-08-07T21:13:50.0781722-04:00" endTime="2023-08-07T21:13:50.0902828-04:00" testType="13cdc9d9-ddb5-4fa4-a97d-d965ccfc6d4b" outcome="Passed" testListId="8c84fa94-04c1-424b-9868-57a2d4851a1d" relativeResultsDirectory="40a36753-c97e-4331-b1b8-90bd240ef204">
      <Output>
        <StdOut>Selecting All...&#xD;
Query being generated:&#xD;
&#xD;
select "Fact"."indexId", "Fact"."id", "Fact"."sqliteName", "Fact"."timeStamp", "Fact"."specialChar", "Fact"."maybeSomething", "Fact"."sometimesNothing", "Fact"."biteSize", "SubFact"."subFact" from "Fact" left join "SubFact" on "SubFact"."factId" = "Fact"."indexId" limit 5&#xD;
&#xD;
&#xD;
&#xD;
{ indexId = 1L&#xD;
  id = "e2c09040-2024-4dbb-8bb9-d1a98f23e24a"&#xD;
  name = "Gerry McGuire"&#xD;
  timeStamp = "8/7/2023 9:13:50 PM"&#xD;
  specialChar = "Δ"&#xD;
  maybeSomething = "true"&#xD;
  sometimesNothing = Some 1L&#xD;
  biteSize = "!aBite"&#xD;
  subFact = None }&#xD;
{ indexId = 1L&#xD;
  id = "7a5e6391-f05a-43b3-a0d3-d1bd901a8f65"&#xD;
  name = "Gerry McGuire"&#xD;
  timeStamp = "8/7/2023 9:13:50 PM"&#xD;
  specialChar = "Δ"&#xD;
  maybeSomething = "true"&#xD;
  sometimesNothing = Some 1L&#xD;
  biteSize = "!aBite"&#xD;
  subFact = None }&#xD;
{ indexId = 1L&#xD;
  id = "943a32a2-5c83-496d-b870-45a0041d0af0"&#xD;
  name = "Gerry McGuire"&#xD;
  timeStamp = "8/7/2023 9:13:50 PM"&#xD;
  specialChar = "Δ"&#xD;
  maybeSomething = "true"&#xD;
  sometimesNothing = None&#xD;
  biteSize = "!aBite"&#xD;
  subFact = None }&#xD;
{ indexId = 1L&#xD;
  id = "191c3f24-97d3-47cc-a343-d9ac6f208fb6"&#xD;
  name = "Gerry McGuire"&#xD;
  timeStamp = "8/7/2023 9:13:50 PM"&#xD;
  specialChar = "Δ"&#xD;
  maybeSomething = "true"&#xD;
  sometimesNothing = Some 1L&#xD;
  biteSize = "!aBite"&#xD;
  subFact = None }&#xD;
{ indexId = 1L&#xD;
  id = "341aa8c4-61b4-416a-9cae-335ace0d326e"&#xD;
  name = "Gerry McGuire"&#xD;
  timeStamp = "8/7/2023 9:13:50 PM"&#xD;
  specialChar = "Δ"&#xD;
  maybeSomething = "true"&#xD;
  sometimesNothing = Some 1L&#xD;
  biteSize = "!aBite"&#xD;
  subFact = None }&#xD;
Query being generated:&#xD;
&#xD;
select "Fact"."indexId", "Fact"."id", "Fact"."sqliteName", "Fact"."timeStamp", "Fact"."specialChar", "Fact"."maybeSomething", "Fact"."sometimesNothing", "Fact"."biteSize", "SubFact"."subFact" from "Fact" left join "SubFact" on "SubFact"."factId" = "Fact"."indexId" limit 5&#xD;
&#xD;
&#xD;
&#xD;
&#xD;
facts: seq&#xD;
  [{ indexId = 1L&#xD;
     id = "e2c09040-2024-4dbb-8bb9-d1a98f23e24a"&#xD;
     name = "Gerry McGuire"&#xD;
     timeStamp = "8/7/2023 9:13:50 PM"&#xD;
     specialChar = "Δ"&#xD;
     maybeSomething = "true"&#xD;
     sometimesNothing = Some 1L&#xD;
     biteSize = "!aBite"&#xD;
     subFact = None }; { indexId = 1L&#xD;
                         id = "7a5e6391-f05a-43b3-a0d3-d1bd901a8f65"&#xD;
                         name = "Gerry McGuire"&#xD;
                         timeStamp = "8/7/2023 9:13:50 PM"&#xD;
                         specialChar = "Δ"&#xD;
                         maybeSomething = "true"&#xD;
                         sometimesNothing = Some 1L&#xD;
                         biteSize = "!aBite"&#xD;
                         subFact = None };&#xD;
   { indexId = 1L&#xD;
     id = "943a32a2-5c83-496d-b870-45a0041d0af0"&#xD;
     name = "Gerry McGuire"&#xD;
     timeStamp = "8/7/2023 9:13:50 PM"&#xD;
     specialChar = "Δ"&#xD;
     maybeSomething = "true"&#xD;
     sometimesNothing = None&#xD;
     biteSize = "!aBite"&#xD;
     subFact = None }; { indexId = 1L&#xD;
                         id = "191c3f24-97d3-47cc-a343-d9ac6f208fb6"&#xD;
                         name = "Gerry McGuire"&#xD;
                         timeStamp = "8/7/2023 9:13:50 PM"&#xD;
                         specialChar = "Δ"&#xD;
                         maybeSomething = "true"&#xD;
                         sometimesNothing = Some 1L&#xD;
                         biteSize = "!aBite"&#xD;
                         subFact = None }; ...]</StdOut>
      </Output>
    </UnitTestResult>
    <UnitTestResult executionId="f0c2aacb-df02-48e6-8b58-09b7ad15343b" testId="40146aef-5e24-931c-f935-d8cb1c2a1a7b" testName="DeleteMany" computerName="THE-BIG-RIG" duration="00:00:00.0136060" startTime="2023-08-07T21:13:49.9974310-04:00" endTime="2023-08-07T21:13:50.0110368-04:00" testType="13cdc9d9-ddb5-4fa4-a97d-d965ccfc6d4b" outcome="Passed" testListId="8c84fa94-04c1-424b-9868-57a2d4851a1d" relativeResultsDirectory="f0c2aacb-df02-48e6-8b58-09b7ad15343b">
      <Output>
        <StdOut>Deleting Many...&#xD;
Query being generated:&#xD;
&#xD;
delete from "Fact" where ( "Fact"."id" = @id0) OR ("Fact"."id" = @id1 )&#xD;
&#xD;
&#xD;
&#xD;
&#xD;
0</StdOut>
      </Output>
    </UnitTestResult>
    <UnitTestResult executionId="6e20a951-4436-41bc-98ae-a5a6d5437ef6" testId="109960d2-3813-538d-c791-8f455002f0b6" testName="UpdateMany" computerName="THE-BIG-RIG" duration="00:00:00.0334000" startTime="2023-08-07T21:13:50.1240861-04:00" endTime="2023-08-07T21:13:50.1574860-04:00" testType="13cdc9d9-ddb5-4fa4-a97d-d965ccfc6d4b" outcome="Passed" testListId="8c84fa94-04c1-424b-9868-57a2d4851a1d" relativeResultsDirectory="6e20a951-4436-41bc-98ae-a5a6d5437ef6">
      <Output>
        <StdOut>Updating many...&#xD;
columns to update: seq&#xD;
  [{ Index = 0&#xD;
     IsKey = false&#xD;
     IsIndex = true&#xD;
     JoinOn = Some ("SubFact", "factId")&#xD;
     Source = ""Fact""&#xD;
     QuotedSource = ""Fact""&#xD;
     SqlName = "indexId"&#xD;
     QuotedSqlName = ""indexId""&#xD;
     FSharpName = "indexId"&#xD;
     Type = System.Int64&#xD;
     PropertyInfo = Int64 indexId }; { Index = 2&#xD;
                                       IsKey = false&#xD;
                                       IsIndex = false&#xD;
                                       JoinOn = None&#xD;
                                       Source = ""Fact""&#xD;
                                       QuotedSource = ""Fact""&#xD;
                                       SqlName = "sqliteName"&#xD;
                                       QuotedSqlName = ""sqliteName""&#xD;
                                       FSharpName = "name"&#xD;
                                       Type = System.String&#xD;
                                       PropertyInfo = System.String name };&#xD;
   { Index = 3&#xD;
     IsKey = false&#xD;
     IsIndex = false&#xD;
     JoinOn = None&#xD;
     Source = ""Fact""&#xD;
     QuotedSource = ""Fact""&#xD;
     SqlName = "timeStamp"&#xD;
     QuotedSqlName = ""timeStamp""&#xD;
     FSharpName = "timeStamp"&#xD;
     Type = System.String&#xD;
     PropertyInfo = System.String timeStamp };&#xD;
   { Index = 4&#xD;
     IsKey = false&#xD;
     IsIndex = false&#xD;
     JoinOn = None&#xD;
     Source = ""Fact""&#xD;
     QuotedSource = ""Fact""&#xD;
     SqlName = "specialChar"&#xD;
     QuotedSqlName = ""specialChar""&#xD;
     FSharpName = "specialChar"&#xD;
     Type = System.String&#xD;
     PropertyInfo = System.String specialChar }; ...]&#xD;
Query being generated:&#xD;
&#xD;
update "Fact" set "indexId" = @indexId, "sqliteName" = @name, "timeStamp" = @timeStamp, "specialChar" = @specialChar, "maybeSomething" = @maybeSomething, "sometimesNothing" = @sometimesNothing, "biteSize" = @biteSize where "Fact"."id" = @id&#xD;
&#xD;
&#xD;
&#xD;
columns to update: seq&#xD;
  [{ Index = 0&#xD;
     IsKey = false&#xD;
     IsIndex = true&#xD;
     JoinOn = Some ("SubFact", "factId")&#xD;
     Source = ""Fact""&#xD;
     QuotedSource = ""Fact""&#xD;
     SqlName = "indexId"&#xD;
     QuotedSqlName = ""indexId""&#xD;
     FSharpName = "indexId"&#xD;
     Type = System.Int64&#xD;
     PropertyInfo = Int64 indexId }; { Index = 2&#xD;
                                       IsKey = false&#xD;
                                       IsIndex = false&#xD;
                                       JoinOn = None&#xD;
                                       Source = ""Fact""&#xD;
                                       QuotedSource = ""Fact""&#xD;
                                       SqlName = "sqliteName"&#xD;
                                       QuotedSqlName = ""sqliteName""&#xD;
                                       FSharpName = "name"&#xD;
                                       Type = System.String&#xD;
                                       PropertyInfo = System.String name };&#xD;
   { Index = 3&#xD;
     IsKey = false&#xD;
     IsIndex = false&#xD;
     JoinOn = None&#xD;
     Source = ""Fact""&#xD;
     QuotedSource = ""Fact""&#xD;
     SqlName = "timeStamp"&#xD;
     QuotedSqlName = ""timeStamp""&#xD;
     FSharpName = "timeStamp"&#xD;
     Type = System.String&#xD;
     PropertyInfo = System.String timeStamp };&#xD;
   { Index = 4&#xD;
     IsKey = false&#xD;
     IsIndex = false&#xD;
     JoinOn = None&#xD;
     Source = ""Fact""&#xD;
     QuotedSource = ""Fact""&#xD;
     SqlName = "specialChar"&#xD;
     QuotedSqlName = ""specialChar""&#xD;
     FSharpName = "specialChar"&#xD;
     Type = System.String&#xD;
     PropertyInfo = System.String specialChar }; ...]&#xD;
Query being generated:&#xD;
&#xD;
update "Fact" set "indexId" = @indexId, "sqliteName" = @name, "timeStamp" = @timeStamp, "specialChar" = @specialChar, "maybeSomething" = @maybeSomething, "sometimesNothing" = @sometimesNothing, "biteSize" = @biteSize where "Fact"."id" = @id&#xD;
&#xD;
&#xD;
&#xD;
seq [Ok 1; Ok 1]Query being generated:&#xD;
&#xD;
select "Fact"."indexId", "Fact"."id", "Fact"."sqliteName", "Fact"."timeStamp", "Fact"."specialChar", "Fact"."maybeSomething", "Fact"."sometimesNothing", "Fact"."biteSize", "SubFact"."subFact" from "Fact" left join "SubFact" on "SubFact"."factId" = "Fact"."indexId" where id = '191c3f24-97d3-47cc-a343-d9ac6f208fb6'&#xD;
&#xD;
&#xD;
&#xD;
Query being generated:&#xD;
&#xD;
select "Fact"."indexId", "Fact"."id", "Fact"."sqliteName", "Fact"."timeStamp", "Fact"."specialChar", "Fact"."maybeSomething", "Fact"."sometimesNothing", "Fact"."biteSize", "SubFact"."subFact" from "Fact" left join "SubFact" on "SubFact"."factId" = "Fact"."indexId" where id = '943a32a2-5c83-496d-b870-45a0041d0af0'</StdOut>
      </Output>
    </UnitTestResult>
    <UnitTestResult executionId="61bc5401-125d-4f2b-8df5-d950dddf2aca" testId="61dcfb39-11fa-e241-4f87-9ef81d7da35f" testName="QueryBuild" computerName="THE-BIG-RIG" duration="00:00:00.0005700" startTime="2023-08-07T21:13:50.5628655-04:00" endTime="2023-08-07T21:13:50.5634350-04:00" testType="13cdc9d9-ddb5-4fa4-a97d-d965ccfc6d4b" outcome="Passed" testListId="8c84fa94-04c1-424b-9868-57a2d4851a1d" relativeResultsDirectory="61bc5401-125d-4f2b-8df5-d950dddf2aca">
      <Output>
        <StdOut>""Fact"."indexId", "Fact"."id", "Fact"."psqlName", "Fact"."timeStamp", "Fact"."specialChar", "Fact"."maybeSomething", "Fact"."sometimesNothing", "Fact"."biteSize", "SubFact"."subFact" from "Fact" left join "SubFact" on "SubFact"."factId" = "Fact"."indexId""</StdOut>
      </Output>
    </UnitTestResult>
    <UnitTestResult executionId="74a238e7-7280-478c-ad2c-bf461a0fb40a" testId="45fe581a-79a6-d39d-38f9-646e4aefd98f" testName="Insert" computerName="THE-BIG-RIG" duration="00:00:00.0135260" startTime="2023-08-07T21:13:50.0122529-04:00" endTime="2023-08-07T21:13:50.0257782-04:00" testType="13cdc9d9-ddb5-4fa4-a97d-d965ccfc6d4b" outcome="Passed" testListId="8c84fa94-04c1-424b-9868-57a2d4851a1d" relativeResultsDirectory="74a238e7-7280-478c-ad2c-bf461a0fb40a">
      <Output>
        <StdOut>Query being generated:&#xD;
&#xD;
insert into "Fact" ( "indexId", "id", "sqliteName", "timeStamp", "specialChar", "maybeSomething", "sometimesNothing", "biteSize" ) values ( @indexId, @id, @name, @timeStamp, @specialChar, @maybeSomething, @sometimesNothing, @biteSize )&#xD;
&#xD;
&#xD;
&#xD;
Param count: 8&#xD;
Param 0 - "@indexId": 1L&#xD;
Param 1 - "@id": "e2c09040-2024-4dbb-8bb9-d1a98f23e24a"&#xD;
Param 2 - "@name": "Gerry McGuire"&#xD;
Param 3 - "@timeStamp": "8/7/2023 9:13:50 PM"&#xD;
Param 4 - "@specialChar": "Δ"&#xD;
Param 5 - "@maybeSomething": "true"&#xD;
Param 6 - "@sometimesNothing": 1L&#xD;
Param 7 - "@biteSize": "!aBite"</StdOut>
      </Output>
    </UnitTestResult>
    <UnitTestResult executionId="20472a7b-2252-41c4-b3a7-a1ed8a299d50" testId="9c5af40b-4e18-c869-7f11-c793b0cd45f9" testName="QueryBuild" computerName="THE-BIG-RIG" duration="00:00:00.0074480" startTime="2023-08-07T21:13:50.0407413-04:00" endTime="2023-08-07T21:13:50.0481889-04:00" testType="13cdc9d9-ddb5-4fa4-a97d-d965ccfc6d4b" outcome="Passed" testListId="8c84fa94-04c1-424b-9868-57a2d4851a1d" relativeResultsDirectory="20472a7b-2252-41c4-b3a7-a1ed8a299d50">
      <Output>
        <StdOut>""Fact"."indexId", "Fact"."id", "Fact"."sqliteName", "Fact"."timeStamp", "Fact"."specialChar", "Fact"."maybeSomething", "Fact"."sometimesNothing", "Fact"."biteSize", "SubFact"."subFact" from "Fact" left join "SubFact" on "SubFact"."factId" = "Fact"."indexId""</StdOut>
      </Output>
    </UnitTestResult>
    <UnitTestResult executionId="b6aa105b-b83e-4d2f-b6f9-c7f93b2d04da" testId="64ceac3b-985e-80aa-2ebd-593c0fcb65a1" testName="ReaderWithTransaction" computerName="THE-BIG-RIG" duration="00:00:00.0052650" startTime="2023-08-07T21:13:51.5309480-04:00" endTime="2023-08-07T21:13:51.5362130-04:00" testType="13cdc9d9-ddb5-4fa4-a97d-d965ccfc6d4b" outcome="Passed" testListId="8c84fa94-04c1-424b-9868-57a2d4851a1d" relativeResultsDirectory="b6aa105b-b83e-4d2f-b6f9-c7f93b2d04da">
      <Output>
        <StdOut>Reading...&#xD;
Query being generated:&#xD;
&#xD;
select * from "Fact"&#xD;
&#xD;
&#xD;
&#xD;
&#xD;
Error: ExecuteReader can only be called when the connection is open.</StdOut>
      </Output>
    </UnitTestResult>
    <UnitTestResult executionId="8895da7b-27aa-49fe-a696-feecdf6afb3f" testId="cc8f9a7d-2cf1-cea4-783c-8b829390949b" testName="TearDown" computerName="THE-BIG-RIG" duration="00:00:00.0006700" startTime="2023-08-07T21:13:50.1004398-04:00" endTime="2023-08-07T21:13:50.1011099-04:00" testType="13cdc9d9-ddb5-4fa4-a97d-d965ccfc6d4b" outcome="Passed" testListId="8c84fa94-04c1-424b-9868-57a2d4851a1d" relativeResultsDirectory="8895da7b-27aa-49fe-a696-feecdf6afb3f">
      <Output>
        <StdOut>Transaction: None</StdOut>
      </Output>
    </UnitTestResult>
  </Results>
  <TestDefinitions>
    <UnitTest name="UpdateMany" storage="c:\hcrd\form\test\bin\debug\net7.0\test.dll" id="637f884a-918a-8683-bb6b-2e0f84146c18">
      <Execution id="d482c898-3360-451d-b7e7-3946441783d0" />
      <TestMethod codeBase="C:\hcrd\FORM\Test\bin\Debug\net7.0\Test.dll" adapterTypeName="executor://nunit3testexecutor/" className="Test.Orm+Orm(Test.Orm+get_Source@11-2)" name="UpdateMany" />
    </UnitTest>
    <UnitTest name="SelectLimit" storage="c:\hcrd\form\test\bin\debug\net7.0\test.dll" id="aa5ad89d-4386-4bbe-356e-11e72bf7130c">
      <Execution id="40a36753-c97e-4331-b1b8-90bd240ef204" />
      <TestMethod codeBase="C:\hcrd\FORM\Test\bin\Debug\net7.0\Test.dll" adapterTypeName="executor://nunit3testexecutor/" className="Test.Orm+Orm(Test.Orm+get_Source@10-1)" name="SelectLimit" />
    </UnitTest>
    <UnitTest name="DeleteMany" storage="c:\hcrd\form\test\bin\debug\net7.0\test.dll" id="40146aef-5e24-931c-f935-d8cb1c2a1a7b">
      <Execution id="f0c2aacb-df02-48e6-8b58-09b7ad15343b" />
      <TestMethod codeBase="C:\hcrd\FORM\Test\bin\Debug\net7.0\Test.dll" adapterTypeName="executor://nunit3testexecutor/" className="Test.Orm+Orm(Test.Orm+get_Source@10-1)" name="DeleteMany" />
    </UnitTest>
    <UnitTest name="ReaderWithTransaction" storage="c:\hcrd\form\test\bin\debug\net7.0\test.dll" id="64ceac3b-985e-80aa-2ebd-593c0fcb65a1">
      <Execution id="b6aa105b-b83e-4d2f-b6f9-c7f93b2d04da" />
      <TestMethod codeBase="C:\hcrd\FORM\Test\bin\Debug\net7.0\Test.dll" adapterTypeName="executor://nunit3testexecutor/" className="Test.Orm+OrmTransaction(Test.Orm+get_Source@10-1)" name="ReaderWithTransaction" />
    </UnitTest>
    <UnitTest name="Delete" storage="c:\hcrd\form\test\bin\debug\net7.0\test.dll" id="d8e33ed2-9bff-03c9-e97c-4b6122b57f5f">
      <Execution id="322a9cff-c997-4a3f-8078-59d011d20639" />
      <TestMethod codeBase="C:\hcrd\FORM\Test\bin\Debug\net7.0\Test.dll" adapterTypeName="executor://nunit3testexecutor/" className="Test.Orm+Orm(Test.Orm+get_Source@11-2)" name="Delete" />
    </UnitTest>
    <UnitTest name="SelectWhere" storage="c:\hcrd\form\test\bin\debug\net7.0\test.dll" id="a90e932c-1181-7947-bd3f-cd4c26ae5c6c">
      <Execution id="7f16d95e-52c4-4b60-b490-25518fc7d95f" />
      <TestMethod codeBase="C:\hcrd\FORM\Test\bin\Debug\net7.0\Test.dll" adapterTypeName="executor://nunit3testexecutor/" className="Test.Orm+Orm(Test.Orm+get_Source@10-1)" name="SelectWhere" />
    </UnitTest>
    <UnitTest name="InsertSelect" storage="c:\hcrd\form\test\bin\debug\net7.0\test.dll" id="56e96ce4-50b6-5365-cfd5-b3ce8ae0fd29">
      <Execution id="029d3779-101b-44b7-8715-51d0d2aa944f" />
[...]
     QuotedSource = ""Fact""&#xD;
     SqlName = "specialChar"&#xD;
     QuotedSqlName = ""specialChar""&#xD;
     FSharpName = "specialChar"&#xD;
     Type = System.String&#xD;
     PropertyInfo = System.String specialChar }; ...]&#xD;
Query being generated:&#xD;
&#xD;
update "Fact" set "indexId" = @indexId, "psqlName" = @name, "timeStamp" = @timeStamp, "specialChar" = @specialChar, "maybeSomething" = @maybeSomething, "sometimesNothing" = @sometimesNothing, "biteSize" = @biteSize where "Fact"."id" = @id&#xD;
&#xD;
&#xD;
&#xD;
columns to update: seq&#xD;
  [{ Index = 0&#xD;
     IsKey = false&#xD;
     IsIndex = true&#xD;
     JoinOn = Some ("SubFact", "factId")&#xD;
     Source = ""Fact""&#xD;
     QuotedSource = ""Fact""&#xD;
     SqlName = "indexId"&#xD;
     QuotedSqlName = ""indexId""&#xD;
     FSharpName = "indexId"&#xD;
     Type = System.Int64&#xD;
     PropertyInfo = Int64 indexId }; { Index = 2&#xD;
                                       IsKey = false&#xD;
                                       IsIndex = false&#xD;
                                       JoinOn = None&#xD;
                                       Source = ""Fact""&#xD;
                                       QuotedSource = ""Fact""&#xD;
                                       SqlName = "psqlName"&#xD;
                                       QuotedSqlName = ""psqlName""&#xD;
                                       FSharpName = "name"&#xD;
                                       Type = System.String&#xD;
                                       PropertyInfo = System.String name };&#xD;
   { Index = 3&#xD;
     IsKey = false&#xD;
     IsIndex = false&#xD;
     JoinOn = None&#xD;
     Source = ""Fact""&#xD;
     QuotedSource = ""Fact""&#xD;
     SqlName = "timeStamp"&#xD;
     QuotedSqlName = ""timeStamp""&#xD;
     FSharpName = "timeStamp"&#xD;
     Type = System.String&#xD;
     PropertyInfo = System.String timeStamp };&#xD;
   { Index = 4&#xD;
     IsKey = false&#xD;
     IsIndex = false&#xD;
     JoinOn = None&#xD;
     Source = ""Fact""&#xD;
     QuotedSource = ""Fact""&#xD;
     SqlName = "specialChar"&#xD;
     QuotedSqlName = ""specialChar""&#xD;
     FSharpName = "specialChar"&#xD;
     Type = System.String&#xD;
     PropertyInfo = System.String specialChar }; ...]&#xD;
Query being generated:&#xD;
&#xD;
update "Fact" set "indexId" = @indexId, "psqlName" = @name, "timeStamp" = @timeStamp, "specialChar" = @specialChar, "maybeSomething" = @maybeSomething, "sometimesNothing" = @sometimesNothing, "biteSize" = @biteSize where "Fact"."id" = @id&#xD;
&#xD;
&#xD;
&#xD;
seq [Ok 1; Ok 1]Query being generated:&#xD;
&#xD;
select "Fact"."indexId", "Fact"."id", "Fact"."psqlName", "Fact"."timeStamp", "Fact"."specialChar", "Fact"."maybeSomething", "Fact"."sometimesNothing", "Fact"."biteSize", "SubFact"."subFact" from "Fact" left join "SubFact" on "SubFact"."factId" = "Fact"."indexId" where id = '18a8620c-1ca9-487d-a022-c51941b6ceb5'&#xD;
&#xD;
&#xD;
&#xD;
Query being generated:&#xD;
&#xD;
select "Fact"."indexId", "Fact"."id", "Fact"."psqlName", "Fact"."timeStamp", "Fact"."specialChar", "Fact"."maybeSomething", "Fact"."sometimesNothing", "Fact"."biteSize", "SubFact"."subFact" from "Fact" left join "SubFact" on "SubFact"."factId" = "Fact"."indexId" where id = 'e5007cfd-31e4-43d1-9643-e6d16bf17486'&#xD;
&#xD;
&#xD;
&#xD;
</Text>
      </RunInfo>
      <RunInfo computerName="THE-BIG-RIG" outcome="Warning" timestamp="2023-08-07T21:13:51.4496946-04:00">
        <Text>Updating...&#xD;
columns to update: seq&#xD;
  [{ Index = 0&#xD;
     IsKey = false&#xD;
     IsIndex = true&#xD;
     JoinOn = Some ("SubFact", "factId")&#xD;
     Source = ""Fact""&#xD;
     QuotedSource = ""Fact""&#xD;
     SqlName = "indexId"&#xD;
     QuotedSqlName = ""indexId""&#xD;
     FSharpName = "indexId"&#xD;
     Type = System.Int64&#xD;
     PropertyInfo = Int64 indexId }; { Index = 2&#xD;
                                       IsKey = false&#xD;
                                       IsIndex = false&#xD;
                                       JoinOn = None&#xD;
                                       Source = ""Fact""&#xD;
                                       QuotedSource = ""Fact""&#xD;
                                       SqlName = "psqlName"&#xD;
                                       QuotedSqlName = ""psqlName""&#xD;
                                       FSharpName = "name"&#xD;
                                       Type = System.String&#xD;
                                       PropertyInfo = System.String name };&#xD;
   { Index = 3&#xD;
     IsKey = false&#xD;
     IsIndex = false&#xD;
     JoinOn = None&#xD;
     Source = ""Fact""&#xD;
     QuotedSource = ""Fact""&#xD;
     SqlName = "timeStamp"&#xD;
     QuotedSqlName = ""timeStamp""&#xD;
     FSharpName = "timeStamp"&#xD;
     Type = System.String&#xD;
     PropertyInfo = System.String timeStamp };&#xD;
   { Index = 4&#xD;
     IsKey = false&#xD;
     IsIndex = false&#xD;
     JoinOn = None&#xD;
     Source = ""Fact""&#xD;
     QuotedSource = ""Fact""&#xD;
     SqlName = "specialChar"&#xD;
     QuotedSqlName = ""specialChar""&#xD;
     FSharpName = "specialChar"&#xD;
     Type = System.String&#xD;
     PropertyInfo = System.String specialChar }; ...]&#xD;
Query being generated:&#xD;
&#xD;
update "Fact" set "indexId" = @indexId, "psqlName" = @name, "timeStamp" = @timeStamp, "specialChar" = @specialChar, "maybeSomething" = @maybeSomething, "sometimesNothing" = @sometimesNothing, "biteSize" = @biteSize where "indexId" = 1&#xD;
&#xD;
&#xD;
&#xD;
</Text>
      </RunInfo>
      <RunInfo computerName="THE-BIG-RIG" outcome="Warning" timestamp="2023-08-07T21:13:51.4817308-04:00">
        <Text>Do we have a transaction? Some Microsoft.Data.Sqlite.SqliteTransaction&#xD;
Query being generated:&#xD;
&#xD;
insert into "Fact" ( "indexId", "id", "sqliteName", "timeStamp", "specialChar", "maybeSomething", "sometimesNothing", "biteSize" ) values ( @indexId, @id, @name, @timeStamp, @specialChar, @maybeSomething, @sometimesNothing, @biteSize )&#xD;
&#xD;
&#xD;
&#xD;
Param count: 8&#xD;
Param 0 - "@indexId": 1L&#xD;
Param 1 - "@id": "3e1dcb84-3f50-4af2-b455-2b7a565fcdda"&#xD;
Param 2 - "@name": "Gerry McGuire"&#xD;
Param 3 - "@timeStamp": "8/7/2023 9:13:51 PM"&#xD;
Param 4 - "@specialChar": "Δ"&#xD;
Param 5 - "@maybeSomething": "true"&#xD;
Param 6 - "@sometimesNothing": 1L&#xD;
Param 7 - "@biteSize": "!aBite"&#xD;
Query being generated:&#xD;
&#xD;
delete from "Fact" where "Fact"."id" = @id&#xD;
&#xD;
&#xD;
&#xD;
Query being generated:&#xD;
&#xD;
select "Fact"."indexId", "Fact"."id", "Fact"."sqliteName", "Fact"."timeStamp", "Fact"."specialChar", "Fact"."maybeSomething", "Fact"."sometimesNothing", "Fact"."biteSize", "SubFact"."subFact" from "Fact" left join "SubFact" on "SubFact"."factId" = "Fact"."indexId" where id = '3e1dcb84-3f50-4af2-b455-2b7a565fcdda'&#xD;
&#xD;
&#xD;
&#xD;
</Text>
      </RunInfo>
      <RunInfo computerName="THE-BIG-RIG" outcome="Warning" timestamp="2023-08-07T21:13:51.4995127-04:00">
        <Text>Do we have a transaction? Some Microsoft.Data.Sqlite.SqliteTransaction&#xD;
Query being generated:&#xD;
&#xD;
insert into "Fact" ( "indexId", "id", "sqliteName", "timeStamp", "specialChar", "maybeSomething", "sometimesNothing", "biteSize" ) values ( @indexId, @id, @name, @timeStamp, @specialChar, @maybeSomething, @sometimesNothing, @biteSize )&#xD;
&#xD;
&#xD;
&#xD;
Param count: 8&#xD;
Param 0 - "@indexId": 1L&#xD;
Param 1 - "@id": "57b6d183-336f-45ef-822f-291f266d70a0"&#xD;
Param 2 - "@name": "Gerry McGuire"&#xD;
Param 3 - "@timeStamp": "8/7/2023 9:13:51 PM"&#xD;
Param 4 - "@specialChar": "Δ"&#xD;
Param 5 - "@maybeSomething": "true"&#xD;
Param 6 - "@sometimesNothing": 1L&#xD;
Param 7 - "@biteSize": "!aBite"&#xD;
Query being generated:&#xD;
&#xD;
select "Fact"."indexId", "Fact"."id", "Fact"."sqliteName", "Fact"."timeStamp", "Fact"."specialChar", "Fact"."maybeSomething", "Fact"."sometimesNothing", "Fact"."biteSize", "SubFact"."subFact" from "Fact" left join "SubFact" on "SubFact"."factId" = "Fact"."indexId" where id = '57b6d183-336f-45ef-822f-291f266d70a0'&#xD;
&#xD;
&#xD;
&#xD;
Query being generated:&#xD;
&#xD;
select "Fact"."indexId", "Fact"."id", "Fact"."sqliteName", "Fact"."timeStamp", "Fact"."specialChar", "Fact"."maybeSomething", "Fact"."sometimesNothing", "Fact"."biteSize", "SubFact"."subFact" from "Fact" left join "SubFact" on "SubFact"."factId" = "Fact"."indexId" where id = '57b6d183-336f-45ef-822f-291f266d70a0'&#xD;
&#xD;
&#xD;
&#xD;
</Text>
      </RunInfo>
      <RunInfo computerName="THE-BIG-RIG" outcome="Warning" timestamp="2023-08-07T21:13:51.5315266-04:00">
        <Text>Do we have a transaction? Some Microsoft.Data.Sqlite.SqliteTransaction&#xD;
Query being generated:&#xD;
&#xD;
insert into "Fact" ( "indexId", "id", "sqliteName", "timeStamp", "specialChar", "maybeSomething", "sometimesNothing", "biteSize" ) values ( @indexId, @id, @name, @timeStamp, @specialChar, @maybeSomething, @sometimesNothing, @biteSize )&#xD;
&#xD;
&#xD;
&#xD;
Param count: 8&#xD;
Param 0 - "@indexId": 1L&#xD;
Param 1 - "@id": "2fcc7343-887b-4273-b3e4-f5d9808e69c7"&#xD;
Param 2 - "@name": "Gerry McGuire"&#xD;
Param 3 - "@timeStamp": "8/7/2023 9:13:51 PM"&#xD;
Param 4 - "@specialChar": "Δ"&#xD;
Param 5 - "@maybeSomething": "true"&#xD;
Param 6 - "@sometimesNothing": 1L&#xD;
Param 7 - "@biteSize": "!aBite"&#xD;
columns to update: seq&#xD;
  [{ Index = 0&#xD;
     IsKey = false&#xD;
     IsIndex = true&#xD;
     JoinOn = Some ("SubFact", "factId")&#xD;
     Source = ""Fact""&#xD;
     QuotedSource = ""Fact""&#xD;
     SqlName = "indexId"&#xD;
     QuotedSqlName = ""indexId""&#xD;
     FSharpName = "indexId"&#xD;
     Type = System.Int64&#xD;
     PropertyInfo = Int64 indexId }; { Index = 2&#xD;
                                       IsKey = false&#xD;
                                       IsIndex = false&#xD;
                                       JoinOn = None&#xD;
                                       Source = ""Fact""&#xD;
                                       QuotedSource = ""Fact""&#xD;
                                       SqlName = "sqliteName"&#xD;
                                       QuotedSqlName = ""sqliteName""&#xD;
                                       FSharpName = "name"&#xD;
                                       Type = System.String&#xD;
                                       PropertyInfo = System.String name };&#xD;
   { Index = 3&#xD;
     IsKey = false&#xD;
     IsIndex = false&#xD;
     JoinOn = None&#xD;
     Source = ""Fact""&#xD;
     QuotedSource = ""Fact""&#xD;
     SqlName = "timeStamp"&#xD;
     QuotedSqlName = ""timeStamp""&#xD;
     FSharpName = "timeStamp"&#xD;
     Type = System.String&#xD;
     PropertyInfo = System.String timeStamp };&#xD;
   { Index = 4&#xD;
     IsKey = false&#xD;
     IsIndex = false&#xD;
     JoinOn = None&#xD;
     Source = ""Fact""&#xD;
     QuotedSource = ""Fact""&#xD;
     SqlName = "specialChar"&#xD;
     QuotedSqlName = ""specialChar""&#xD;
     FSharpName = "specialChar"&#xD;
     Type = System.String&#xD;
     PropertyInfo = System.String specialChar }; ...]&#xD;
Query being generated:&#xD;
&#xD;
update "Fact" set "indexId" = @indexId, "sqliteName" = @name, "timeStamp" = @timeStamp, "specialChar" = @specialChar, "maybeSomething" = @maybeSomething, "sometimesNothing" = @sometimesNothing, "biteSize" = @biteSize where "Fact"."id" = @id&#xD;
&#xD;
&#xD;
&#xD;
Query being generated:&#xD;
&#xD;
select "Fact"."indexId", "Fact"."id", "Fact"."sqliteName", "Fact"."timeStamp", "Fact"."specialChar", "Fact"."maybeSomething", "Fact"."sometimesNothing", "Fact"."biteSize", "SubFact"."subFact" from "Fact" left join "SubFact" on "SubFact"."factId" = "Fact"."indexId" where id = '2fcc7343-887b-4273-b3e4-f5d9808e69c7'&#xD;
&#xD;
&#xD;
&#xD;
Query being generated:&#xD;
&#xD;
select "Fact"."indexId", "Fact"."id", "Fact"."sqliteName", "Fact"."timeStamp", "Fact"."specialChar", "Fact"."maybeSomething", "Fact"."sometimesNothing", "Fact"."biteSize", "SubFact"."subFact" from "Fact" left join "SubFact" on "SubFact"."factId" = "Fact"."indexId" where id = '2fcc7343-887b-4273-b3e4-f5d9808e69c7'&#xD;
&#xD;
&#xD;
&#xD;
Query being generated:&#xD;
&#xD;
select "Fact"."indexId", "Fact"."id", "Fact"."sqliteName", "Fact"."timeStamp", "Fact"."specialChar", "Fact"."maybeSomething", "Fact"."sometimesNothing", "Fact"."biteSize", "SubFact"."subFact" from "Fact" left join "SubFact" on "SubFact"."factId" = "Fact"."indexId" where id = '2fcc7343-887b-4273-b3e4-f5d9808e69c7'&#xD;
&#xD;
&#xD;
&#xD;
</Text>
      </RunInfo>
      <RunInfo computerName="THE-BIG-RIG" outcome="Warning" timestamp="2023-08-07T21:13:51.5365415-04:00">
        <Text>Reading...&#xD;
Query being generated:&#xD;
&#xD;
select * from "Fact"&#xD;
&#xD;
&#xD;
&#xD;
</Text>
      </RunInfo>
      <RunInfo computerName="THE-BIG-RIG" outcome="Warning" timestamp="2023-08-07T21:13:51.6328763-04:00">
        <Text>Do we have a transaction? Some Npgsql.NpgsqlTransaction&#xD;
Query being generated:&#xD;
&#xD;
insert into "Fact" ( "indexId", "id", "psqlName", "timeStamp", "specialChar", "maybeSomething", "sometimesNothing", "biteSize" ) values ( @indexId, @id, @name, @timeStamp, @specialChar, @maybeSomething, @sometimesNothing, @biteSize )&#xD;
&#xD;
&#xD;
&#xD;
Param count: 8&#xD;
Param 0 - "@indexId": 1L&#xD;
Param 1 - "@id": "4ad976e1-30ca-491f-8dea-54ca8a085968"&#xD;
Param 2 - "@name": "Gerry McGuire"&#xD;
Param 3 - "@timeStamp": "8/7/2023 9:13:51 PM"&#xD;
Param 4 - "@specialChar": "Δ"&#xD;
Param 5 - "@maybeSomething": "true"&#xD;
Param 6 - "@sometimesNothing": 1L&#xD;
Param 7 - "@biteSize": "!aBite"&#xD;
Query being generated:&#xD;
&#xD;
delete from "Fact" where "Fact"."id" = @id&#xD;
&#xD;
&#xD;
&#xD;
Query being generated:&#xD;
&#xD;
select "Fact"."indexId", "Fact"."id", "Fact"."psqlName", "Fact"."timeStamp", "Fact"."specialChar", "Fact"."maybeSomething", "Fact"."sometimesNothing", "Fact"."biteSize", "SubFact"."subFact" from "Fact" left join "SubFact" on "SubFact"."factId" = "Fact"."indexId" where id = '4ad976e1-30ca-491f-8dea-54ca8a085968'&#xD;
&#xD;
&#xD;
&#xD;
</Text>
      </RunInfo>
      <RunInfo computerName="THE-BIG-RIG" outcome="Warning" timestamp="2023-08-07T21:13:51.8055023-04:00">
        <Text>Do we have a transaction? Some Npgsql.NpgsqlTransaction&#xD;
Query being generated:&#xD;
&#xD;
insert into "Fact" ( "indexId", "id", "psqlName", "timeStamp", "specialChar", "maybeSomething", "sometimesNothing", "biteSize" ) values ( @indexId, @id, @name, @timeStamp, @specialChar, @maybeSomething, @sometimesNothing, @biteSize )&#xD;
&#xD;
&#xD;
&#xD;
Param count: 8&#xD;
Param 0 - "@indexId": 1L&#xD;
Param 1 - "@id": "92806761-a6ff-43cd-939b-3e47502ed06d"&#xD;
Param 2 - "@name": "Gerry McGuire"&#xD;
Param 3 - "@timeStamp": "8/7/2023 9:13:51 PM"&#xD;
Param 4 - "@specialChar": "Δ"&#xD;
Param 5 - "@maybeSomething": "true"&#xD;
Param 6 - "@sometimesNothing": 1L&#xD;
Param 7 - "@biteSize": "!aBite"&#xD;
Query being generated:&#xD;
&#xD;
select "Fact"."indexId", "Fact"."id", "Fact"."psqlName", "Fact"."timeStamp", "Fact"."specialChar", "Fact"."maybeSomething", "Fact"."sometimesNothing", "Fact"."biteSize", "SubFact"."subFact" from "Fact" left join "SubFact" on "SubFact"."factId" = "Fact"."indexId" where id = '92806761-a6ff-43cd-939b-3e47502ed06d'&#xD;
&#xD;
&#xD;
&#xD;
Query being generated:&#xD;
&#xD;
select "Fact"."indexId", "Fact"."id", "Fact"."psqlName", "Fact"."timeStamp", "Fact"."specialChar", "Fact"."maybeSomething", "Fact"."sometimesNothing", "Fact"."biteSize", "SubFact"."subFact" from "Fact" left join "SubFact" on "SubFact"."factId" = "Fact"."indexId" where id = '92806761-a6ff-43cd-939b-3e47502ed06d'&#xD;
&#xD;
&#xD;
&#xD;
</Text>
      </RunInfo>
      <RunInfo computerName="THE-BIG-RIG" outcome="Warning" timestamp="2023-08-07T21:13:52.0194655-04:00">
        <Text>Do we have a transaction? Some Npgsql.NpgsqlTransaction&#xD;
Query being generated:&#xD;
&#xD;
insert into "Fact" ( "indexId", "id", "psqlName", "timeStamp", "specialChar", "maybeSomething", "sometimesNothing", "biteSize" ) values ( @indexId, @id, @name, @timeStamp, @specialChar, @maybeSomething, @sometimesNothing, @biteSize )&#xD;
&#xD;
&#xD;
&#xD;
Param count: 8&#xD;
Param 0 - "@indexId": 1L&#xD;
Param 1 - "@id": "9c1964db-8a7a-425e-85a1-b665e823b41e"&#xD;
Param 2 - "@name": "Gerry McGuire"&#xD;
Param 3 - "@timeStamp": "8/7/2023 9:13:51 PM"&#xD;
Param 4 - "@specialChar": "Δ"&#xD;
Param 5 - "@maybeSomething": "true"&#xD;
Param 6 - "@sometimesNothing": 1L&#xD;
Param 7 - "@biteSize": "!aBite"&#xD;
columns to update: seq&#xD;
  [{ Index = 0&#xD;
     IsKey = false&#xD;
     IsIndex = true&#xD;
     JoinOn = Some ("SubFact", "factId")&#xD;
     Source = ""Fact""&#xD;
     QuotedSource = ""Fact""&#xD;
     SqlName = "indexId"&#xD;
     QuotedSqlName = ""indexId""&#xD;
     FSharpName = "indexId"&#xD;
     Type = System.Int64&#xD;
     PropertyInfo = Int64 indexId }; { Index = 2&#xD;
                                       IsKey = false&#xD;
                                       IsIndex = false&#xD;
                                       JoinOn = None&#xD;
                                       Source = ""Fact""&#xD;
                                       QuotedSource = ""Fact""&#xD;
                                       SqlName = "psqlName"&#xD;
                                       QuotedSqlName = ""psqlName""&#xD;
                                       FSharpName = "name"&#xD;
                                       Type = System.String&#xD;
                                       PropertyInfo = System.String name };&#xD;
   { Index = 3&#xD;
     IsKey = false&#xD;
     IsIndex = false&#xD;
     JoinOn = None&#xD;
     Source = ""Fact""&#xD;
     QuotedSource = ""Fact""&#xD;
     SqlName = "timeStamp"&#xD;
     QuotedSqlName = ""timeStamp""&#xD;
     FSharpName = "timeStamp"&#xD;
     Type = System.String&#xD;
     PropertyInfo = System.String timeStamp };&#xD;
   { Index = 4&#xD;
     IsKey = false&#xD;
     IsIndex = false&#xD;
     JoinOn = None&#xD;
     Source = ""Fact""&#xD;
     QuotedSource = ""Fact""&#xD;
     SqlName = "specialChar"&#xD;
     QuotedSqlName = ""specialChar""&#xD;
     FSharpName = "specialChar"&#xD;
     Type = System.String&#xD;
     PropertyInfo = System.String specialChar }; ...]&#xD;
Query being generated:&#xD;
&#xD;
update "Fact" set "indexId" = @indexId, "psqlName" = @name, "timeStamp" = @timeStamp, "specialChar" = @specialChar, "maybeSomething" = @maybeSomething, "sometimesNothing" = @sometimesNothing, "biteSize" = @biteSize where "Fact"."id" = @id&#xD;
&#xD;
&#xD;
&#xD;
Query being generated:&#xD;
&#xD;
select "Fact"."indexId", "Fact"."id", "Fact"."psqlName", "Fact"."timeStamp", "Fact"."specialChar", "Fact"."maybeSomething", "Fact"."sometimesNothing", "Fact"."biteSize", "SubFact"."subFact" from "Fact" left join "SubFact" on "SubFact"."factId" = "Fact"."indexId" where id = '9c1964db-8a7a-425e-85a1-b665e823b41e'&#xD;
&#xD;
&#xD;
&#xD;
Query being generated:&#xD;
&#xD;
select "Fact"."indexId", "Fact"."id", "Fact"."psqlName", "Fact"."timeStamp", "Fact"."specialChar", "Fact"."maybeSomething", "Fact"."sometimesNothing", "Fact"."biteSize", "SubFact"."subFact" from "Fact" left join "SubFact" on "SubFact"."factId" = "Fact"."indexId" where id = '9c1964db-8a7a-425e-85a1-b665e823b41e'&#xD;
&#xD;
&#xD;
&#xD;
Query being generated:&#xD;
&#xD;
select "Fact"."indexId", "Fact"."id", "Fact"."psqlName", "Fact"."timeStamp", "Fact"."specialChar", "Fact"."maybeSomething", "Fact"."sometimesNothing", "Fact"."biteSize", "SubFact"."subFact" from "Fact" left join "SubFact" on "SubFact"."factId" = "Fact"."indexId" where id = '9c1964db-8a7a-425e-85a1-b665e823b41e'&#xD;
&#xD;
&#xD;
&#xD;
</Text>
      </RunInfo>
      <RunInfo computerName="THE-BIG-RIG" outcome="Warning" timestamp="2023-08-07T21:13:52.1840847-04:00">
        <Text>Reading...&#xD;
Query being generated:&#xD;
&#xD;
select * from "Fact"&#xD;
&#xD;
&#xD;
&#xD;
</Text>
      </RunInfo>
    </RunInfos>
  </ResultSummary>
</TestRun>