<?xml version="1.0" encoding="utf-8"?>
<TestRun id="116503ca-fa5c-4c6a-a787-53560daf4c36" name="Evan@THE-BIG-RIG 2023-08-03 20:10:59" runUser="THE-BIG-RIG\Evan" xmlns="http://microsoft.com/schemas/VisualStudio/TeamTest/2010">
  <Times creation="2023-08-03T20:10:59.1339264-04:00" queuing="2023-08-03T20:10:59.1339270-04:00" start="2023-08-03T20:10:57.1023272-04:00" finish="2023-08-03T20:11:01.1991276-04:00" />
  <TestSettings name="default" id="33da8586-0ee2-4cc0-9abc-614914128184">
    <Deployment runDeploymentRoot="Evan_THE-BIG-RIG_2023-08-03_20_10_59" />
  </TestSettings>
  <Results>
    <UnitTestResult executionId="ae049214-9baa-4b75-8cc7-0400494d4269" testId="637f884a-918a-8683-bb6b-2e0f84146c18" testName="UpdateMany" computerName="THE-BIG-RIG" duration="00:00:00.1753400" startTime="2023-08-03T20:11:00.1390449-04:00" endTime="2023-08-03T20:11:00.3143844-04:00" testType="13cdc9d9-ddb5-4fa4-a97d-d965ccfc6d4b" outcome="Passed" testListId="8c84fa94-04c1-424b-9868-57a2d4851a1d" relativeResultsDirectory="ae049214-9baa-4b75-8cc7-0400494d4269">
      <Output>
        <StdOut>Updating many...&#xD;
columns to update: seq&#xD;
  [{ Index = 0&#xD;
     IsKey = false&#xD;
     IsIndex = true&#xD;
     JoinOn = Some ("SubFact", "factId")&#xD;
     Source = ""Fact""&#xD;
     QuotedSource = ""Fact""&#xD;
     SqlName = "indexId"&#xD;
     QuotedSqlName = ""indexId""&#xD;
     FSharpName = "indexId"&#xD;
     Type = System.Int64&#xD;
     PropertyInfo = Int64 indexId }; { Index = 2&#xD;
                                       IsKey = false&#xD;
                                       IsIndex = false&#xD;
                                       JoinOn = None&#xD;
                                       Source = ""Fact""&#xD;
                                       QuotedSource = ""Fact""&#xD;
                                       SqlName = "psqlName"&#xD;
                                       QuotedSqlName = ""psqlName""&#xD;
                                       FSharpName = "name"&#xD;
                                       Type = System.String&#xD;
                                       PropertyInfo = System.String name };&#xD;
   { Index = 3&#xD;
     IsKey = false&#xD;
     IsIndex = false&#xD;
     JoinOn = None&#xD;
     Source = ""Fact""&#xD;
     QuotedSource = ""Fact""&#xD;
     SqlName = "timeStamp"&#xD;
     QuotedSqlName = ""timeStamp""&#xD;
     FSharpName = "timeStamp"&#xD;
     Type = System.String&#xD;
     PropertyInfo = System.String timeStamp };&#xD;
   { Index = 4&#xD;
     IsKey = false&#xD;
     IsIndex = false&#xD;
     JoinOn = None&#xD;
     Source = ""Fact""&#xD;
     QuotedSource = ""Fact""&#xD;
     SqlName = "specialChar"&#xD;
     QuotedSqlName = ""specialChar""&#xD;
     FSharpName = "specialChar"&#xD;
     Type = System.String&#xD;
     PropertyInfo = System.String specialChar }; ...]&#xD;
Query being generated:&#xD;
&#xD;
update "Fact" set "indexId" = @indexId, "psqlName" = @name, "timeStamp" = @timeStamp, "specialChar" = @specialChar, "maybeSomething" = @maybeSomething, "sometimesNothing" = @sometimesNothing, "biteSize" = @biteSize where "Fact"."id" = @id&#xD;
&#xD;
&#xD;
&#xD;
columns to update: seq&#xD;
  [{ Index = 0&#xD;
     IsKey = false&#xD;
     IsIndex = true&#xD;
     JoinOn = Some ("SubFact", "factId")&#xD;
     Source = ""Fact""&#xD;
     QuotedSource = ""Fact""&#xD;
     SqlName = "indexId"&#xD;
     QuotedSqlName = ""indexId""&#xD;
     FSharpName = "indexId"&#xD;
     Type = System.Int64&#xD;
     PropertyInfo = Int64 indexId }; { Index = 2&#xD;
                                       IsKey = false&#xD;
                                       IsIndex = false&#xD;
                                       JoinOn = None&#xD;
                                       Source = ""Fact""&#xD;
                                       QuotedSource = ""Fact""&#xD;
                                       SqlName = "psqlName"&#xD;
                                       QuotedSqlName = ""psqlName""&#xD;
                                       FSharpName = "name"&#xD;
                                       Type = System.String&#xD;
                                       PropertyInfo = System.String name };&#xD;
   { Index = 3&#xD;
     IsKey = false&#xD;
     IsIndex = false&#xD;
     JoinOn = None&#xD;
     Source = ""Fact""&#xD;
     QuotedSource = ""Fact""&#xD;
     SqlName = "timeStamp"&#xD;
     QuotedSqlName = ""timeStamp""&#xD;
     FSharpName = "timeStamp"&#xD;
     Type = System.String&#xD;
     PropertyInfo = System.String timeStamp };&#xD;
   { Index = 4&#xD;
     IsKey = false&#xD;
     IsIndex = false&#xD;
     JoinOn = None&#xD;
     Source = ""Fact""&#xD;
     QuotedSource = ""Fact""&#xD;
     SqlName = "specialChar"&#xD;
     QuotedSqlName = ""specialChar""&#xD;
     FSharpName = "specialChar"&#xD;
     Type = System.String&#xD;
     PropertyInfo = System.String specialChar }; ...]&#xD;
Query being generated:&#xD;
&#xD;
update "Fact" set "indexId" = @indexId, "psqlName" = @name, "timeStamp" = @timeStamp, "specialChar" = @specialChar, "maybeSomething" = @maybeSomething, "sometimesNothing" = @sometimesNothing, "biteSize" = @biteSize where "Fact"."id" = @id&#xD;
&#xD;
&#xD;
&#xD;
seq [Ok 1; Ok 1]Query being generated:&#xD;
&#xD;
select "Fact"."indexId", "Fact"."id", "Fact"."psqlName", "Fact"."timeStamp", "Fact"."specialChar", "Fact"."maybeSomething", "Fact"."sometimesNothing", "Fact"."biteSize", "SubFact"."subFact" from "Fact" left join "SubFact" on "SubFact"."factId" = "Fact"."indexId" where id = '38e50037-07bd-4ca0-a240-4e1a017c2167'&#xD;
&#xD;
&#xD;
&#xD;
Query being generated:&#xD;
&#xD;
select "Fact"."indexId", "Fact"."id", "Fact"."psqlName", "Fact"."timeStamp", "Fact"."specialChar", "Fact"."maybeSomething", "Fact"."sometimesNothing", "Fact"."biteSize", "SubFact"."subFact" from "Fact" left join "SubFact" on "SubFact"."factId" = "Fact"."indexId" where id = 'aaa439dd-4858-4ada-904d-cb652218744a'</StdOut>
      </Output>
    </UnitTestResult>
    <UnitTestResult executionId="a4188517-d2f9-417f-a79d-b5089d23ee84" testId="45a1c35a-206a-680b-7adf-97b4f1220fb1" testName="Reader" computerName="THE-BIG-RIG" duration="00:00:00.0203330" startTime="2023-08-03T20:10:59.5519135-04:00" endTime="2023-08-03T20:10:59.5722465-04:00" testType="13cdc9d9-ddb5-4fa4-a97d-d965ccfc6d4b" outcome="Passed" testListId="8c84fa94-04c1-424b-9868-57a2d4851a1d" relativeResultsDirectory="a4188517-d2f9-417f-a79d-b5089d23ee84">
      <Output>
        <StdOut>Reading...&#xD;
Query being generated:&#xD;
&#xD;
select * from "Fact"&#xD;
&#xD;
&#xD;
&#xD;
&#xD;
Error: Parameter count mismatch.</StdOut>
      </Output>
    </UnitTestResult>
    <UnitTestResult executionId="14599f0f-1cc9-40ee-af4e-6cdb3620a0ec" testId="4525c845-e5a6-179a-b7d8-7666e50f57e3" testName="InsertSelect" computerName="THE-BIG-RIG" duration="00:00:00.1809490" startTime="2023-08-03T20:11:00.6276791-04:00" endTime="2023-08-03T20:11:00.8086278-04:00" testType="13cdc9d9-ddb5-4fa4-a97d-d965ccfc6d4b" outcome="Passed" testListId="8c84fa94-04c1-424b-9868-57a2d4851a1d" relativeResultsDirectory="14599f0f-1cc9-40ee-af4e-6cdb3620a0ec">
      <Output>
        <StdOut>Do we have a transaction? Some Npgsql.NpgsqlTransaction&#xD;
Query being generated:&#xD;
&#xD;
insert into "Fact" ( "indexId", "id", "psqlName", "timeStamp", "specialChar", "maybeSomething", "sometimesNothing", "biteSize" ) values ( @indexId, @id, @name, @timeStamp, @specialChar, @maybeSomething, @sometimesNothing, @biteSize )&#xD;
&#xD;
&#xD;
&#xD;
Param count: 8&#xD;
Param 0 - "@indexId": 1L&#xD;
Param 1 - "@id": "cc9469a2-a48b-44cd-9d8a-f22d08a3fa0d"&#xD;
Param 2 - "@name": "Gerry McGuire"&#xD;
Param 3 - "@timeStamp": "8/3/2023 8:11:00 PM"&#xD;
Param 4 - "@specialChar": "Δ"&#xD;
Param 5 - "@maybeSomething": "true"&#xD;
Param 6 - "@sometimesNothing": 1L&#xD;
Param 7 - "@biteSize": "!aBite"&#xD;
Query being generated:&#xD;
&#xD;
select "Fact"."indexId", "Fact"."id", "Fact"."psqlName", "Fact"."timeStamp", "Fact"."specialChar", "Fact"."maybeSomething", "Fact"."sometimesNothing", "Fact"."biteSize", "SubFact"."subFact" from "Fact" left join "SubFact" on "SubFact"."factId" = "Fact"."indexId" where id = 'cc9469a2-a48b-44cd-9d8a-f22d08a3fa0d'&#xD;
&#xD;
&#xD;
&#xD;
Query being generated:&#xD;
&#xD;
select "Fact"."indexId", "Fact"."id", "Fact"."psqlName", "Fact"."timeStamp", "Fact"."specialChar", "Fact"."maybeSomething", "Fact"."sometimesNothing", "Fact"."biteSize", "SubFact"."subFact" from "Fact" left join "SubFact" on "SubFact"."factId" = "Fact"."indexId" where id = 'cc9469a2-a48b-44cd-9d8a-f22d08a3fa0d'</StdOut>
      </Output>
    </UnitTestResult>
    <UnitTestResult executionId="7fea9af2-e25f-42c2-b278-4bcd1e7639a3" testId="49a6d652-58bf-e834-bc8e-37de72d62c3c" testName="Delete" computerName="THE-BIG-RIG" duration="00:00:00.0840630" startTime="2023-08-03T20:10:58.9309719-04:00" endTime="2023-08-03T20:10:59.0150348-04:00" testType="13cdc9d9-ddb5-4fa4-a97d-d965ccfc6d4b" outcome="Passed" testListId="8c84fa94-04c1-424b-9868-57a2d4851a1d" relativeResultsDirectory="7fea9af2-e25f-42c2-b278-4bcd1e7639a3">
      <Output>
        <StdOut>Deleting...&#xD;
Query being generated:&#xD;
&#xD;
delete from "Fact" where "Fact"."id" = @id&#xD;
&#xD;
&#xD;
&#xD;
&#xD;
facts: 0</StdOut>
      </Output>
    </UnitTestResult>
    <UnitTestResult executionId="7eaca037-fb95-4ffd-9f34-dc965e17fde3" testId="9798df95-32ca-8c71-56f5-d297f4317542" testName="ReaderWithTransaction" computerName="THE-BIG-RIG" duration="00:00:00.1465000" startTime="2023-08-03T20:11:01.0101617-04:00" endTime="2023-08-03T20:11:01.1566613-04:00" testType="13cdc9d9-ddb5-4fa4-a97d-d965ccfc6d4b" outcome="Passed" testListId="8c84fa94-04c1-424b-9868-57a2d4851a1d" relativeResultsDirectory="7eaca037-fb95-4ffd-9f34-dc965e17fde3">
      <Output>
        <StdOut>Reading...&#xD;
Query being generated:&#xD;
&#xD;
select * from "Fact"&#xD;
&#xD;
&#xD;
&#xD;
&#xD;
Error: Parameter count mismatch.</StdOut>
      </Output>
    </UnitTestResult>
    <UnitTestResult executionId="09d11c3e-3438-491a-9064-6f992525c8da" testId="0fa2da76-10fd-3535-9c31-82a6b7dc1dc6" testName="Connect" computerName="THE-BIG-RIG" duration="00:00:00.0090940" startTime="2023-08-03T20:10:58.9210664-04:00" endTime="2023-08-03T20:10:58.9301189-04:00" testType="13cdc9d9-ddb5-4fa4-a97d-d965ccfc6d4b" outcome="Passed" testListId="8c84fa94-04c1-424b-9868-57a2d4851a1d" relativeResultsDirectory="09d11c3e-3438-491a-9064-6f992525c8da">
      <Output>
        <StdOut>Contest: "Data Source=./test.db;"</StdOut>
      </Output>
    </UnitTestResult>
    <UnitTestResult executionId="de36ce56-71d2-42e5-86e9-71413460d57b" testId="45fe581a-79a6-d39d-38f9-646e4aefd98f" testName="Insert" computerName="THE-BIG-RIG" duration="00:00:00.0134830" startTime="2023-08-03T20:10:59.0294358-04:00" endTime="2023-08-03T20:10:59.0429189-04:00" testType="13cdc9d9-ddb5-4fa4-a97d-d965ccfc6d4b" outcome="Passed" testListId="8c84fa94-04c1-424b-9868-57a2d4851a1d" relativeResultsDirectory="de36ce56-71d2-42e5-86e9-71413460d57b">
      <Output>
        <StdOut>Query being generated:&#xD;
&#xD;
insert into "Fact" ( "indexId", "id", "sqliteName", "timeStamp", "specialChar", "maybeSomething", "sometimesNothing", "biteSize" ) values ( @indexId, @id, @name, @timeStamp, @specialChar, @maybeSomething, @sometimesNothing, @biteSize )&#xD;
&#xD;
&#xD;
&#xD;
Param count: 8&#xD;
Param 0 - "@indexId": 1L&#xD;
Param 1 - "@id": "8b066033-ebea-4bcf-b010-1dc9a30b51df"&#xD;
Param 2 - "@name": "Gerry McGuire"&#xD;
Param 3 - "@timeStamp": "8/3/2023 8:10:59 PM"&#xD;
Param 4 - "@specialChar": "Δ"&#xD;
Param 5 - "@maybeSomething": "true"&#xD;
Param 6 - "@sometimesNothing": 1L&#xD;
Param 7 - "@biteSize": "!aBite"</StdOut>
      </Output>
    </UnitTestResult>
    <UnitTestResult executionId="0320e9e7-eca4-4929-a8de-eea18cb939b2" testId="9c5af40b-4e18-c869-7f11-c793b0cd45f9" testName="QueryBuild" computerName="THE-BIG-RIG" duration="00:00:00.0082880" startTime="2023-08-03T20:10:59.0568218-04:00" endTime="2023-08-03T20:10:59.0651090-04:00" testType="13cdc9d9-ddb5-4fa4-a97d-d965ccfc6d4b" outcome="Passed" testListId="8c84fa94-04c1-424b-9868-57a2d4851a1d" relativeResultsDirectory="0320e9e7-eca4-4929-a8de-eea18cb939b2">
      <Output>
        <StdOut>""Fact"."indexId", "Fact"."id", "Fact"."sqliteName", "Fact"."timeStamp", "Fact"."specialChar", "Fact"."maybeSomething", "Fact"."sometimesNothing", "Fact"."biteSize", "SubFact"."subFact" from "Fact" left join "SubFact" on "SubFact"."factId" = "Fact"."indexId""</StdOut>
      </Output>
    </UnitTestResult>
    <UnitTestResult executionId="22eee46c-eaab-4a8b-b31d-6df02ce05392" testId="d8e33ed2-9bff-03c9-e97c-4b6122b57f5f" testName="Delete" computerName="THE-BIG-RIG" duration="00:00:00.0186150" startTime="2023-08-03T20:10:59.4720478-04:00" endTime="2023-08-03T20:10:59.4906623-04:00" testType="13cdc9d9-ddb5-4fa4-a97d-d965ccfc6d4b" outcome="Passed" testListId="8c84fa94-04c1-424b-9868-57a2d4851a1d" relativeResultsDirectory="22eee46c-eaab-4a8b-b31d-6df02ce05392">
      <Output>
        <StdOut>Deleting...&#xD;
Query being generated:&#xD;
&#xD;
delete from "Fact" where "Fact"."id" = @id&#xD;
&#xD;
&#xD;
&#xD;
&#xD;
facts: 0</StdOut>
      </Output>
    </UnitTestResult>
    <UnitTestResult executionId="24e4f549-0050-4e6f-b83b-2d357ceff3f1" testId="cc8f9a7d-2cf1-cea4-783c-8b829390949b" testName="TearDown" computerName="THE-BIG-RIG" duration="00:00:00.0007110" startTime="2023-08-03T20:10:59.1219687-04:00" endTime="2023-08-03T20:10:59.1226798-04:00" testType="13cdc9d9-ddb5-4fa4-a97d-d965ccfc6d4b" outcome="Passed" testListId="8c84fa94-04c1-424b-9868-57a2d4851a1d" relativeResultsDirectory="24e4f549-0050-4e6f-b83b-2d357ceff3f1">
      <Output>
        <StdOut>Transaction: None</StdOut>
      </Output>
    </UnitTestResult>
    <UnitTestResult executionId="8ef8063d-0a76-4b55-98e4-ad500c4894ed" testId="9efe28fc-5719-572e-16c6-a90cc0bb8bcd" testName="InsertMany" computerName="THE-BIG-RIG" duration="00:00:00.0138690" startTime="2023-08-03T20:10:59.0429354-04:00" endTime="2023-08-03T20:10:59.0568042-04:00" testType="13cdc9d9-ddb5-4fa4-a97d-d965ccfc6d4b" outcome="Passed" testListId="8c84fa94-04c1-424b-9868-57a2d4851a1d" relativeResultsDirectory="8ef8063d-0a76-4b55-98e4-ad500c4894ed">
      <Output>
        <StdOut>Query being generated:&#xD;
&#xD;
insert into "Fact"( "indexId", "id", "sqliteName", "timeStamp", "specialChar", "maybeSomething", "sometimesNothing", "biteSize" ) values ( @indexId0, @id0, @name0, @timeStamp0, @specialChar0, @maybeSomething0, @sometimesNothing0, @biteSize0 ), ( @indexId1, @id1, @name1, @timeStamp1, @specialChar1, @maybeSomething1, @sometimesNothing1, @biteSize1 ), ( @indexId2, @id2, @name2, @timeStamp2, @specialChar2, @maybeSomething2, @sometimesNothing2, @biteSize2 ), ( @indexId3, @id3, @name3, @timeStamp3, @specialChar3, @maybeSomething3, @sometimesNothing3, @biteSize3 );&#xD;
&#xD;
&#xD;
&#xD;
Query generated: insert into "Fact"( "indexId", "id", "sqliteName", "timeStamp", "specialChar", "maybeSomething", "sometimesNothing", "biteSize" ) values ( @indexId0, @id0, @name0, @timeStamp0, @specialChar0, @maybeSomething0, @sometimesNothing0, @biteSize0 ), ( @indexId1, @id1, @name1, @timeStamp1, @specialChar1, @maybeSomething1, @sometimesNothing1, @biteSize1 ), ( @indexId2, @id2, @name2, @timeStamp2, @specialChar2, @maybeSomething2, @sometimesNothing2, @biteSize2 ), ( @indexId3, @id3, @name3, @timeStamp3, @specialChar3, @maybeSomething3, @sometimesNothing3, @biteSize3 );&#xD;
Param count: 32&#xD;
Param 0 - "@indexId0": 1L&#xD;
Param 1 - "@id0": "312997ea-dd8c-4641-982e-0a91088c95a7"&#xD;
Param 2 - "@name0": "Gerry McGuire"&#xD;
Param 3 - "@timeStamp0": "8/3/2023 8:10:59 PM"&#xD;
Param 4 - "@specialChar0": "Δ"&#xD;
Param 5 - "@maybeSomething0": "true"&#xD;
Param 6 - "@sometimesNothing0": 1L&#xD;
Param 7 - "@biteSize0": "!aBite"&#xD;
Param 8 - "@indexId1": 1L&#xD;
Param 9 - "@id1": "eb74fbab-5547-4ebb-beda-947a8cf024b5"&#xD;
Param 10 - "@name1": "Gerry McGuire"&#xD;
Param 11 - "@timeStamp1": "8/3/2023 8:10:59 PM"&#xD;
Param 12 - "@specialChar1": "Δ"&#xD;
Param 13 - "@maybeSomething1": "true"&#xD;
Param 14 - "@sometimesNothing1": &#xD;
Param 15 - "@biteSize1": "!aBite"&#xD;
Param 16 - "@indexId2": 1L&#xD;
Param 17 - "@id2": "e92f870e-16d0-4428-bf40-0c3aa08f740b"&#xD;
Param 18 - "@name2": "Gerry McGuire"&#xD;
Param 19 - "@timeStamp2": "8/3/2023 8:10:59 PM"&#xD;
Param 20 - "@specialChar2": "Δ"&#xD;
Param 21 - "@maybeSomething2": "true"&#xD;
Param 22 - "@sometimesNothing2": 1L&#xD;
Param 23 - "@biteSize2": "!aBite"&#xD;
Param 24 - "@indexId3": 1L&#xD;
Param 25 - "@id3": "4169ba68-d8a8-4539-bb20-8181e667299c"&#xD;
Param 26 - "@name3": "Gerry McGuire"&#xD;
Param 27 - "@timeStamp3": "8/3/2023 8:10:59 PM"&#xD;
Param 28 - "@specialChar3": "Δ"&#xD;
Param 29 - "@maybeSomething3": "true"&#xD;
Param 30 - "@sometimesNothing3": 1L&#xD;
Param 31 - "@biteSize3": "!aBite"</StdOut>
      </Output>
    </UnitTestResult>
    <UnitTestResult executionId="63533fbb-88ea-4a38-a01f-4e44ca823c13" testId="5d408274-7e76-d306-80c5-5a9bfe39a193" testName="Connect" computerName="THE-BIG-RIG" duration="00:00:00.0003040" startTime="2023-08-03T20:10:59.4717299-04:00" endTime="2023-08-03T20:10:59.4720344-04:00" testType="13cdc9d9-ddb5-4fa4-a97d-d965ccfc6d4b" outcome="Passed" testListId="8c84fa94-04c1-424b-9868-57a2d4851a1d" relativeResultsDirectory="63533fbb-88ea-4a38-a01f-4e44ca823c13">
      <Output>
        <StdOut>Contest: "Data Source=./test.db;"</StdOut>
      </Output>
    </UnitTestResult>
    <UnitTestResult executionId="cec513c1-c282-4e8f-8c23-72243116e2f5" testId="32e05ec3-148e-77cd-f32a-bea700e74b04" testName="TearDown" computerName="THE-BIG-RIG" duration="00:00:00.0006020" startTime="2023-08-03T20:11:00.0024619-04:00" endTime="2023-08-03T20:11:00.0030636-04:00" testType="13cdc9d9-ddb5-4fa4-a97d-d965ccfc6d4b" outcome="Passed" testListId="8c84fa94-04c1-424b-9868-57a2d4851a1d" relativeResultsDirectory="cec513c1-c282-4e8f-8c23-72243116e2f5">
      <Output>
        <StdOut>Transaction: None</StdOut>
      </Output>
    </UnitTestResult>
    <UnitTestResult executionId="9fc4099f-e535-45e8-9966-dc9002efafaf" testId="f9346500-1cf3-80bd-8353-bd565d17466d" testName="Reader" computerName="THE-BIG-RIG" duration="00:00:00.0124980" startTime="2023-08-03T20:10:59.0651283-04:00" endTime="2023-08-03T20:10:59.0776258-04:00" testType="13cdc9d9-ddb5-4fa4-a97d-d965ccfc6d4b" outcome="Passed" testListId="8c84fa94-04c1-424b-9868-57a2d4851a1d" relativeResultsDirectory="9fc4099f-e535-45e8-9966-dc9002efafaf">
      <Output>
        <StdOut>Reading...&#xD;
Query being generated:&#xD;
&#xD;
select * from "Fact"&#xD;
&#xD;
&#xD;
&#xD;
&#xD;
Error: Parameter count mismatch.</StdOut>
      </Output>
    </UnitTestResult>
    <UnitTestResult executionId="dd0cf230-8fee-4732-9aa6-6988d27e1c1f" testId="b2ee8ff5-43fd-9922-0a20-e7fbb2d8497e" testName="UpdateWhere" computerName="THE-BIG-RIG" duration="00:00:00.1279480" startTime="2023-08-03T20:11:00.3144038-04:00" endTime="2023-08-03T20:11:00.4423512-04:00" testType="13cdc9d9-ddb5-4fa4-a97d-d965ccfc6d4b" outcome="Passed" testListId="8c84fa94-04c1-424b-9868-57a2d4851a1d" relativeResultsDirectory="dd0cf230-8fee-4732-9aa6-6988d27e1c1f">
      <Output>
        <StdOut>Updating...&#xD;
columns to update: seq&#xD;
  [{ Index = 0&#xD;
     IsKey = false&#xD;
     IsIndex = true&#xD;
     JoinOn = Some ("SubFact", "factId")&#xD;
     Source = ""Fact""&#xD;
     QuotedSource = ""Fact""&#xD;
     SqlName = "indexId"&#xD;
     QuotedSqlName = ""indexId""&#xD;
     FSharpName = "indexId"&#xD;
     Type = System.Int64&#xD;
     PropertyInfo = Int64 indexId }; { Index = 2&#xD;
                                       IsKey = false&#xD;
                                       IsIndex = false&#xD;
                                       JoinOn = None&#xD;
                                       Source = ""Fact""&#xD;
                                       QuotedSource = ""Fact""&#xD;
                                       SqlName = "psqlName"&#xD;
                                       QuotedSqlName = ""psqlName""&#xD;
                                       FSharpName = "name"&#xD;
                                       Type = System.String&#xD;
                                       PropertyInfo = System.String name };&#xD;
   { Index = 3&#xD;
     IsKey = false&#xD;
     IsIndex = false&#xD;
     JoinOn = None&#xD;
     Source = ""Fact""&#xD;
     QuotedSource = ""Fact""&#xD;
     SqlName = "timeStamp"&#xD;
     QuotedSqlName = ""timeStamp""&#xD;
     FSharpName = "timeStamp"&#xD;
     Type = System.String&#xD;
     PropertyInfo = System.String timeStamp };&#xD;
   { Index = 4&#xD;
     IsKey = false&#xD;
     IsIndex = false&#xD;
     JoinOn = None&#xD;
     Source = ""Fact""&#xD;
     QuotedSource = ""Fact""&#xD;
     SqlName = "specialChar"&#xD;
     QuotedSqlName = ""specialChar""&#xD;
     FSharpName = "specialChar"&#xD;
     Type = System.String&#xD;
     PropertyInfo = System.String specialChar }; ...]&#xD;
Query being generated:&#xD;
&#xD;
update "Fact" set "indexId" = @indexId, "psqlName" = @name, "timeStamp" = @timeStamp, "specialChar" = @specialChar, "maybeSomething" = @maybeSomething, "sometimesNothing" = @sometimesNothing, "biteSize" = @biteSize where "indexId" = 1&#xD;
&#xD;
&#xD;
&#xD;
&#xD;
facts: 5</StdOut>
      </Output>
    </UnitTestResult>
    <UnitTestResult executionId="91571215-e7ba-4c75-81ef-8a00f611e01c" testId="703d9e23-b2da-ec05-d434-5d080ae77160" testName="SelectWhere" computerName="THE-BIG-RIG" duration="00:00:00.1374220" startTime="2023-08-03T20:10:59.8631560-04:00" endTime="2023-08-03T20:11:00.0005784-04:00" testType="13cdc9d9-ddb5-4fa4-a97d-d965ccfc6d4b" outcome="Passed" testListId="8c84fa94-04c1-424b-9868-57a2d4851a1d" relativeResultsDirectory="91571215-e7ba-4c75-81ef-8a00f611e01c">
      <Output>
        <StdOut>Selecting Where...&#xD;
Query being generated:&#xD;
&#xD;
select "Fact"."indexId", "Fact"."id", "Fact"."psqlName", "Fact"."timeStamp", "Fact"."specialChar", "Fact"."maybeSomething", "Fact"."sometimesNothing", "Fact"."biteSize", "SubFact"."subFact" from "Fact" left join "SubFact" on "SubFact"."factId" = "Fact"."indexId" where "maybeSomething" = 'true'&#xD;
&#xD;
&#xD;
&#xD;
&#xD;
facts: seq&#xD;
  [{ indexId = 1L&#xD;
     id = "0263fd7b-5b95-4c74-a82a-1e51da934b28"&#xD;
     name = "Gerry McGuire"&#xD;
     timeStamp = "8/3/2023 8:10:59 PM"&#xD;
     specialChar = "Δ"&#xD;
     maybeSomething = "true"&#xD;
     sometimesNothing = Some 1L&#xD;
     biteSize = "!aBite"&#xD;
     subFact = None }; { indexId = 1L&#xD;
                         id = "38e50037-07bd-4ca0-a240-4e1a017c2167"&#xD;
                         name = "Gerry McGuire"&#xD;
                         timeStamp = "8/3/2023 8:10:59 PM"&#xD;
                         specialChar = "Δ"&#xD;
                         maybeSomething = "true"&#xD;
                         sometimesNothing = Some 1L&#xD;
                         biteSize = "!aBite"&#xD;
                         subFact = None };&#xD;
   { indexId = 1L&#xD;
     id = "aaa439dd-4858-4ada-904d-cb652218744a"&#xD;
     name = "Gerry McGuire"&#xD;
     timeStamp = "8/3/2023 8:10:59 PM"&#xD;
     specialChar = "Δ"&#xD;
     maybeSomething = "true"&#xD;
     sometimesNothing = None&#xD;
     biteSize = "!aBite"&#xD;
     subFact = None }; { indexId = 1L&#xD;
                         id = "18c6801e-df93-4850-be7e-07e512f94445"&#xD;
                         name = "Gerry McGuire"&#xD;
                         timeStamp = "8/3/2023 8:10:59 PM"&#xD;
                         specialChar = "Δ"&#xD;
                         maybeSomething = "true"&#xD;
                         sometimesNothing = Some 1L&#xD;
                         biteSize = "!aBite"&#xD;
                         subFact = None }; ...]</StdOut>
      </Output>
    </UnitTestResult>
    <UnitTestResult executionId="53e3c7c8-6e6d-4122-aedd-05f7fd1d5fd6" testId="56e96ce4-50b6-5365-cfd5-b3ce8ae0fd29" testName="InsertSelect" computerName="THE-BIG-RIG" duration="00:00:00.0225400" startTime="2023-08-03T20:11:00.4797070-04:00" endTime="2023-08-03T20:11:00.5022463-04:00" testType="13cdc9d9-ddb5-4fa4-a97d-d965ccfc6d4b" outcome="Passed" testListId="8c84fa94-04c1-424b-9868-57a2d4851a1d" relativeResultsDirectory="53e3c7c8-6e6d-4122-aedd-05f7fd1d5fd6">
      <Output>
        <StdOut>Do we have a transaction? Some Microsoft.Data.Sqlite.SqliteTransaction&#xD;
Query being generated:&#xD;
&#xD;
insert into "Fact" ( "indexId", "id", "sqliteName", "timeStamp", "specialChar", "maybeSomething", "sometimesNothing", "biteSize" ) values ( @indexId, @id, @name, @timeStamp, @specialChar, @maybeSomething, @sometimesNothing, @biteSize )&#xD;
&#xD;
&#xD;
&#xD;
Param count: 8&#xD;
Param 0 - "@indexId": 1L&#xD;
Param 1 - "@id": "6cc46e1b-ddfc-46c1-9d8d-68080dfc6363"&#xD;
Param 2 - "@name": "Gerry McGuire"&#xD;
Param 3 - "@timeStamp": "8/3/2023 8:11:00 PM"&#xD;
Param 4 - "@specialChar": "Δ"&#xD;
Param 5 - "@maybeSomething": "true"&#xD;
Param 6 - "@sometimesNothing": 1L&#xD;
Param 7 - "@biteSize": "!aBite"&#xD;
Query being generated:&#xD;
&#xD;
select "Fact"."indexId", "Fact"."id", "Fact"."sqliteName", "Fact"."timeStamp", "Fact"."specialChar", "Fact"."maybeSomething", "Fact"."sometimesNothing", "Fact"."biteSize", "SubFact"."subFact" from "Fact" left join "SubFact" on "SubFact"."factId" = "Fact"."indexId" where id = '6cc46e1b-ddfc-46c1-9d8d-68080dfc6363'&#xD;
&#xD;
&#xD;
&#xD;
Query being generated:&#xD;
&#xD;
select "Fact"."indexId", "Fact"."id", "Fact"."sqliteName", "Fact"."timeStamp", "Fact"."specialChar", "Fact"."maybeSomething", "Fact"."sometimesNothing", "Fact"."biteSize", "SubFact"."subFact" from "Fact" left join "SubFact" on "SubFact"."factId" = "Fact"."indexId" where id = '6cc46e1b-ddfc-46c1-9d8d-68080dfc6363'</StdOut>
      </Output>
    </UnitTestResult>
    <UnitTestResult executionId="f6c42010-01a2-46e0-9931-ce59a4676f37" testId="e1d96324-45ef-45d2-544f-68bf57e5356c" testName="InsertUpdateSelect" computerName="THE-BIG-RIG" duration="00:00:00.2014960" startTime="2023-08-03T20:11:00.8086464-04:00" endTime="2023-08-03T20:11:01.0101423-04:00" testType="13cdc9d9-ddb5-4fa4-a97d-d965ccfc6d4b" outcome="Passed" testListId="8c84fa94-04c1-424b-9868-57a2d4851a1d" relativeResultsDirectory="f6c42010-01a2-46e0-9931-ce59a4676f37">
      <Output>
        <StdOut>Do we have a transaction? Some Npgsql.NpgsqlTransaction&#xD;
Query being generated:&#xD;
&#xD;
insert into "Fact" ( "indexId", "id", "psqlName", "timeStamp", "specialChar", "maybeSomething", "sometimesNothing", "biteSize" ) values ( @indexId, @id, @name, @timeStamp, @specialChar, @maybeSomething, @sometimesNothing, @biteSize )&#xD;
&#xD;
&#xD;
&#xD;
Param count: 8&#xD;
Param 0 - "@indexId": 1L&#xD;
Param 1 - "@id": "fc034a7b-2c66-4a0e-a1d1-c6c432b67982"&#xD;
Param 2 - "@name": "Gerry McGuire"&#xD;
Param 3 - "@timeStamp": "8/3/2023 8:11:00 PM"&#xD;
Param 4 - "@specialChar": "Δ"&#xD;
Param 5 - "@maybeSomething": "true"&#xD;
Param 6 - "@sometimesNothing": 1L&#xD;
Param 7 - "@biteSize": "!aBite"&#xD;
columns to update: seq&#xD;
  [{ Index = 0&#xD;
     IsKey = false&#xD;
     IsIndex = true&#xD;
     JoinOn = Some ("SubFact", "factId")&#xD;
     Source = ""Fact""&#xD;
     QuotedSource = ""Fact""&#xD;
     SqlName = "indexId"&#xD;
     QuotedSqlName = ""indexId""&#xD;
     FSharpName = "indexId"&#xD;
     Type = System.Int64&#xD;
     PropertyInfo = Int64 indexId }; { Index = 2&#xD;
                                       IsKey = false&#xD;
                                       IsIndex = false&#xD;
                                       JoinOn = None&#xD;
                                       Source = ""Fact""&#xD;
                                       QuotedSource = ""Fact""&#xD;
                                       SqlName = "psqlName"&#xD;
                                       QuotedSqlName = ""psqlName""&#xD;
                                       FSharpName = "name"&#xD;
                                       Type = System.String&#xD;
                                       PropertyInfo = System.String name };&#xD;
   { Index = 3&#xD;
     IsKey = false&#xD;
     IsIndex = false&#xD;
     JoinOn = None&#xD;
     Source = ""Fact""&#xD;
     QuotedSource = ""Fact""&#xD;
     SqlName = "timeStamp"&#xD;
     QuotedSqlName = ""timeStamp""&#xD;
     FSharpName = "timeStamp"&#xD;
     Type = System.String&#xD;
     PropertyInfo = System.String timeStamp };&#xD;
   { Index = 4&#xD;
     IsKey = false&#xD;
     IsIndex = false&#xD;
     JoinOn = None&#xD;
     Source = ""Fact""&#xD;
     QuotedSource = ""Fact""&#xD;
     SqlName = "specialChar"&#xD;
     QuotedSqlName = ""specialChar""&#xD;
     FSharpName = "specialChar"&#xD;
     Type = System.String&#xD;
     PropertyInfo = System.String specialChar }; ...]&#xD;
Query being generated:&#xD;
&#xD;
update "Fact" set "indexId" = @indexId, "psqlName" = @name, "timeStamp" = @timeStamp, "specialChar" = @specialChar, "maybeSomething" = @maybeSomething, "sometimesNothing" = @sometimesNothing, "biteSize" = @biteSize where "Fact"."id" = @id&#xD;
&#xD;
&#xD;
&#xD;
Query being generated:&#xD;
&#xD;
select "Fact"."indexId", "Fact"."id", "Fact"."psqlName", "Fact"."timeStamp", "Fact"."specialChar", "Fact"."maybeSomething", "Fact"."sometimesNothing", "Fact"."biteSize", "SubFact"."subFact" from "Fact" left join "SubFact" on "SubFact"."factId" = "Fact"."indexId" where id = 'fc034a7b-2c66-4a0e-a1d1-c6c432b67982'&#xD;
&#xD;
&#xD;
&#xD;
Query being generated:&#xD;
&#xD;
select "Fact"."indexId", "Fact"."id", "Fact"."psqlName", "Fact"."timeStamp", "Fact"."specialChar", "Fact"."maybeSomething", "Fact"."sometimesNothing", "Fact"."biteSize", "SubFact"."subFact" from "Fact" left join "SubFact" on "SubFact"."factId" = "Fact"."indexId" where id = 'fc034a7b-2c66-4a0e-a1d1-c6c432b67982'&#xD;
&#xD;
&#xD;
&#xD;
Query being generated:&#xD;
&#xD;
select "Fact"."indexId", "Fact"."id", "Fact"."psqlName", "Fact"."timeStamp", "Fact"."specialChar", "Fact"."maybeSomething", "Fact"."sometimesNothing", "Fact"."biteSize", "SubFact"."subFact" from "Fact" left join "SubFact" on "SubFact"."factId" = "Fact"."indexId" where id = 'fc034a7b-2c66-4a0e-a1d1-c6c432b67982'&#xD;
&#xD;
&#xD;
&#xD;
&#xD;
You remembered the facts: { indexId = 1L&#xD;
  id = "fc034a7b-2c66-4a0e-a1d1-c6c432b67982"&#xD;
  name = "Gerry McGuire"&#xD;
  timeStamp = "8/3/2023 8:11:00 PM"&#xD;
  specialChar = "Δ"&#xD;
  maybeSomething = "true"&#xD;
  sometimesNothing = Some 1L&#xD;
  biteSize = "!aBite"&#xD;
  subFact = Some "sooper dooper secret fact" } - { indexId = 1L&#xD;
  id = "fc034a7b-2c66-4a0e-a1d1-c6c432b67982"&#xD;
  name = "All Facts, All the Time"&#xD;
  timeStamp = "8/3/2023 8:11:00 PM"&#xD;
  specialChar = "Δ"&#xD;
  maybeSomething = "true"&#xD;
  sometimesNothing = Some 1L&#xD;
  biteSize = "!aBite"&#xD;
  subFact = None } | seq [{ indexId = 1L&#xD;
       id = "fc034a7b-2c66-4a0e-a1d1-c6c432b67982"&#xD;
       name = "All Facts, All the Time"&#xD;
       timeStamp = "8/3/2023 8:11:00 PM"&#xD;
       specialChar = "Δ"&#xD;
       maybeSomething = "true"&#xD;
       sometimesNothing = Some 1L&#xD;
       biteSize = "!aBite"&#xD;
       subFact = None }]</StdOut>
      </Output>
    </UnitTestResult>
    <UnitTestResult executionId="f96afd3b-10bb-4884-b561-e3e9e48ac2dd" testId="d73ca3dd-6f0d-02ae-9b15-97da40bf6710" testName="InsertDeleteSelect" computerName="THE-BIG-RIG" duration="00:00:00.0610810" startTime="2023-08-03T20:11:00.5665794-04:00" endTime="2023-08-03T20:11:00.6276606-04:00" testType="13cdc9d9-ddb5-4fa4-a97d-d965ccfc6d4b" outcome="Passed" testListId="8c84fa94-04c1-424b-9868-57a2d4851a1d" relativeResultsDirectory="f96afd3b-10bb-4884-b561-e3e9e48ac2dd">
      <Output>
        <StdOut>Do we have a transaction? Some Npgsql.NpgsqlTransaction&#xD;
Query being generated:&#xD;
&#xD;
insert into "Fact" ( "indexId", "id", "psqlName", "timeStamp", "specialChar", "maybeSomething", "sometimesNothing", "biteSize" ) values ( @indexId, @id, @name, @timeStamp, @specialChar, @maybeSomething, @sometimesNothing, @biteSize )&#xD;
&#xD;
&#xD;
&#xD;
Param count: 8&#xD;
Param 0 - "@indexId": 1L&#xD;
Param 1 - "@id": "bb2f66c1-76ec-4251-8483-76e737c563ba"&#xD;
Param 2 - "@name": "Gerry McGuire"&#xD;
Param 3 - "@timeStamp": "8/3/2023 8:11:00 PM"&#xD;
Param 4 - "@specialChar": "Δ"&#xD;
Param 5 - "@maybeSomething": "true"&#xD;
Param 6 - "@sometimesNothing": 1L&#xD;
Param 7 - "@biteSize": "!aBite"&#xD;
Query being generated:&#xD;
&#xD;
delete from "Fact" where "Fact"."id" = @id&#xD;
&#xD;
&#xD;
&#xD;
Query being generated:&#xD;
&#xD;
select "Fact"."indexId", "Fact"."id", "Fact"."psqlName", "Fact"."timeStamp", "Fact"."specialChar", "Fact"."maybeSomething", "Fact"."sometimesNothing", "Fact"."biteSize", "SubFact"."subFact" from "Fact" left join "SubFact" on "SubFact"."factId" = "Fact"."indexId" where id = 'bb2f66c1-76ec-4251-8483-76e737c563ba'</StdOut>
      </Output>
    </UnitTestResult>
    <UnitTestResult executionId="3d9c4ec8-daf8-4c37-a79b-967bf3148c24" testId="40146aef-5e24-931c-f935-d8cb1c2a1a7b" testName="DeleteMany" computerName="THE-BIG-RIG" duration="00:00:00.0128070" startTime="2023-08-03T20:10:59.0150712-04:00" endTime="2023-08-03T20:10:59.0278776-04:00" testType="13cdc9d9-ddb5-4fa4-a97d-d965ccfc6d4b" outcome="Passed" testListId="8c84fa94-04c1-424b-9868-57a2d4851a1d" relativeResultsDirectory="3d9c4ec8-daf8-4c37-a79b-967bf3148c24">
      <Output>
        <StdOut>Deleting Many...&#xD;
Query being generated:&#xD;
&#xD;
delete from "Fact" where ( "Fact"."id" = @id0) OR ("Fact"."id" = @id1 )&#xD;
&#xD;
&#xD;
&#xD;
&#xD;
0</StdOut>
      </Output>
    </UnitTestResult>
    <UnitTestResult executionId="e9c72993-8a10-453e-9b51-e42ba3bb6267" testId="109960d2-3813-538d-c791-8f455002f0b6" testName="UpdateMany" computerName="THE-BIG-RIG" duration="00:00:00.0336670" startTime="2023-08-03T20:10:59.1403767-04:00" endTime="2023-08-03T20:10:59.1740434-04:00" testType="13cdc9d9-ddb5-4fa4-a97d-d965ccfc6d4b" outcome="Passed" testListId="8c84fa94-04c1-424b-9868-57a2d4851a1d" relativeResultsDirectory="e9c72993-8a10-453e-9b51-e42ba3bb6267">
      <Output>
        <StdOut>Updating many...&#xD;
columns to update: seq&#xD;
  [{ Index = 0&#xD;
     IsKey = false&#xD;
     IsIndex = true&#xD;
     JoinOn = Some ("SubFact", "factId")&#xD;
     Source = ""Fact""&#xD;
     QuotedSource = ""Fact""&#xD;
     SqlName = "indexId"&#xD;
     QuotedSqlName = ""indexId""&#xD;
     FSharpName = "indexId"&#xD;
     Type = System.Int64&#xD;
     PropertyInfo = Int64 indexId }; { Index = 2&#xD;
                                       IsKey = false&#xD;
                                       IsIndex = false&#xD;
                                       JoinOn = None&#xD;
                                       Source = ""Fact""&#xD;
                                       QuotedSource = ""Fact""&#xD;
                                       SqlName = "sqliteName"&#xD;
                                       QuotedSqlName = ""sqliteName""&#xD;
                                       FSharpName = "name"&#xD;
                                       Type = System.String&#xD;
                                       PropertyInfo = System.String name };&#xD;
   { Index = 3&#xD;
     IsKey = false&#xD;
     IsIndex = false&#xD;
     JoinOn = None&#xD;
     Source = ""Fact""&#xD;
     QuotedSource = ""Fact""&#xD;
     SqlName = "timeStamp"&#xD;
     QuotedSqlName = ""timeStamp""&#xD;
     FSharpName = "timeStamp"&#xD;
     Type = System.String&#xD;
     PropertyInfo = System.String timeStamp };&#xD;
   { Index = 4&#xD;
     IsKey = false&#xD;
     IsIndex = false&#xD;
     JoinOn = None&#xD;
     Source = ""Fact""&#xD;
     QuotedSource = ""Fact""&#xD;
     SqlName = "specialChar"&#xD;
     QuotedSqlName = ""specialChar""&#xD;
     FSharpName = "specialChar"&#xD;
     Type = System.String&#xD;
     PropertyInfo = System.String specialChar }; ...]&#xD;
Query being generated:&#xD;
&#xD;
update "Fact" set "indexId" = @indexId, "sqliteName" = @name, "timeStamp" = @timeStamp, "specialChar" = @specialChar, "maybeSomething" = @maybeSomething, "sometimesNothing" = @sometimesNothing, "biteSize" = @biteSize where "Fact"."id" = @id&#xD;
&#xD;
&#xD;
&#xD;
columns to update: seq&#xD;
  [{ Index = 0&#xD;
     IsKey = false&#xD;
     IsIndex = true&#xD;
     JoinOn = Some ("SubFact", "factId")&#xD;
     Source = ""Fact""&#xD;
     QuotedSource = ""Fact""&#xD;
     SqlName = "indexId"&#xD;
     QuotedSqlName = ""indexId""&#xD;
     FSharpName = "indexId"&#xD;
     Type = System.Int64&#xD;
     PropertyInfo = Int64 indexId }; { Index = 2&#xD;
                                       IsKey = false&#xD;
                                       IsIndex = false&#xD;
                                       JoinOn = None&#xD;
                                       Source = ""Fact""&#xD;
                                       QuotedSource = ""Fact""&#xD;
                                       SqlName = "sqliteName"&#xD;
                                       QuotedSqlName = ""sqliteName""&#xD;
                                       FSharpName = "name"&#xD;
                                       Type = System.String&#xD;
                                       PropertyInfo = System.String name };&#xD;
   { Index = 3&#xD;
     IsKey = false&#xD;
     IsIndex = false&#xD;
     JoinOn = None&#xD;
     Source = ""Fact""&#xD;
     QuotedSource = ""Fact""&#xD;
     SqlName = "timeStamp"&#xD;
     QuotedSqlName = ""timeStamp""&#xD;
     FSharpName = "timeStamp"&#xD;
     Type = System.String&#xD;
     PropertyInfo = System.String timeStamp };&#xD;
   { Index = 4&#xD;
     IsKey = false&#xD;
     IsIndex = false&#xD;
     JoinOn = None&#xD;
     Source = ""Fact""&#xD;
     QuotedSource = ""Fact""&#xD;
     SqlName = "specialChar"&#xD;
     QuotedSqlName = ""specialChar""&#xD;
     FSharpName = "specialChar"&#xD;
     Type = System.String&#xD;
     PropertyInfo = System.String specialChar }; ...]&#xD;
Query being generated:&#xD;
&#xD;
update "Fact" set "indexId" = @indexId, "sqliteName" = @name, "timeStamp" = @timeStamp, "specialChar" = @specialChar, "maybeSomething" = @maybeSomething, "sometimesNothing" = @sometimesNothing, "biteSize" = @biteSize where "Fact"."id" = @id&#xD;
&#xD;
&#xD;
&#xD;
seq [Ok 1; Ok 1]Query being generated:&#xD;
&#xD;
select "Fact"."indexId", "Fact"."id", "Fact"."sqliteName", "Fact"."timeStamp", "Fact"."specialChar", "Fact"."maybeSomething", "Fact"."sometimesNothing", "Fact"."biteSize", "SubFact"."subFact" from "Fact" left join "SubFact" on "SubFact"."factId" = "Fact"."indexId" where id = 'e92f870e-16d0-4428-bf40-0c3aa08f740b'&#xD;
&#xD;
&#xD;
&#xD;
Query being generated:&#xD;
&#xD;
select "Fact"."indexId", "Fact"."id", "Fact"."sqliteName", "Fact"."timeStamp", "Fact"."specialChar", "Fact"."maybeSomething", "Fact"."sometimesNothing", "Fact"."biteSize", "SubFact"."subFact" from "Fact" left join "SubFact" on "SubFact"."factId" = "Fact"."indexId" where id = 'eb74fbab-5547-4ebb-beda-947a8cf024b5'</StdOut>
      </Output>
    </UnitTestResult>
    <UnitTestResult executionId="9a41f489-db56-41c5-8614-a5114078b999" testId="9914cd5e-0327-22a6-d447-faa2be9ff7a1" testName="DeleteWhere" computerName="THE-BIG-RIG" duration="00:00:00.0015070" startTime="2023-08-03T20:10:59.0278951-04:00" endTime="2023-08-03T20:10:59.0294022-04:00" testType="13cdc9d9-ddb5-4fa4-a97d-d965ccfc6d4b" outcome="Passed" testListId="8c84fa94-04c1-424b-9868-57a2d4851a1d" relativeResultsDirectory="9a41f489-db56-41c5-8614-a5114078b999">
      <Output>
        <StdOut>Deleting Where...&#xD;
Query being generated:&#xD;
&#xD;
delete from "Fact" where "indexId" = 1&#xD;
&#xD;
&#xD;
&#xD;
&#xD;
facts: 0</StdOut>
      </Output>
    </UnitTestResult>
    <UnitTestResult executionId="db462d1d-7956-4093-9eac-4e0c62a37d8f" testId="04fe663e-77f4-7638-3d23-56ab2a11f452" testName="Update" computerName="THE-BIG-RIG" duration="00:00:00.1356999" startTime="2023-08-03T20:11:00.0033240-04:00" endTime="2023-08-03T20:11:00.1390233-04:00" testType="13cdc9d9-ddb5-4fa4-a97d-d965ccfc6d4b" outcome="Passed" testListId="8c84fa94-04c1-424b-9868-57a2d4851a1d" relativeResultsDirectory="db462d1d-7956-4093-9eac-4e0c62a37d8f">
      <Output>
        <StdOut>Updating...&#xD;
columns to update: seq&#xD;
  [{ Index = 0&#xD;
     IsKey = false&#xD;
     IsIndex = true&#xD;
     JoinOn = Some ("SubFact", "factId")&#xD;
     Source = ""Fact""&#xD;
     QuotedSource = ""Fact""&#xD;
     SqlName = "indexId"&#xD;
     QuotedSqlName = ""indexId""&#xD;
     FSharpName = "indexId"&#xD;
     Type = System.Int64&#xD;
     PropertyInfo = Int64 indexId }; { Index = 2&#xD;
                                       IsKey = false&#xD;
                                       IsIndex = false&#xD;
                                       JoinOn = None&#xD;
                                       Source = ""Fact""&#xD;
                                       QuotedSource = ""Fact""&#xD;
                                       SqlName = "psqlName"&#xD;
                                       QuotedSqlName = ""psqlName""&#xD;
                                       FSharpName = "name"&#xD;
                                       Type = System.String&#xD;
                                       PropertyInfo = System.String name };&#xD;
   { Index = 3&#xD;
     IsKey = false&#xD;
     IsIndex = false&#xD;
     JoinOn = None&#xD;
     Source = ""Fact""&#xD;
     QuotedSource = ""Fact""&#xD;
     SqlName = "timeStamp"&#xD;
     QuotedSqlName = ""timeStamp""&#xD;
     FSharpName = "timeStamp"&#xD;
     Type = System.String&#xD;
     PropertyInfo = System.String timeStamp };&#xD;
   { Index = 4&#xD;
     IsKey = false&#xD;
     IsIndex = false&#xD;
     JoinOn = None&#xD;
     Source = ""Fact""&#xD;
     QuotedSource = ""Fact""&#xD;
     SqlName = "specialChar"&#xD;
     QuotedSqlName = ""specialChar""&#xD;
     FSharpName = "specialChar"&#xD;
     Type = System.String&#xD;
     PropertyInfo = System.String specialChar }; ...]&#xD;
Query being generated:&#xD;
&#xD;
update "Fact" set "indexId" = @indexId, "psqlName" = @name, "timeStamp" = @timeStamp, "specialChar" = @specialChar, "maybeSomething" = @maybeSomething, "sometimesNothing" = @sometimesNothing, "biteSize" = @biteSize where "Fact"."id" = @id&#xD;
&#xD;
&#xD;
&#xD;
&#xD;
facts: 1</StdOut>
      </Output>
    </UnitTestResult>
    <UnitTestResult executionId="a1ddd55a-1400-4b91-b123-6bfb79486c99" testId="808acbda-4118-700a-9ab5-75ef8abf7449" testName="InsertMany" computerName="THE-BIG-RIG" duration="00:00:00.0168080" startTime="2023-08-03T20:10:59.5346140-04:00" endTime="2023-08-03T20:10:59.5514220-04:00" testType="13cdc9d9-ddb5-4fa4-a97d-d965ccfc6d4b" outcome="Passed" testListId="8c84fa94-04c1-424b-9868-57a2d4851a1d" relativeResultsDirectory="a1ddd55a-1400-4b91-b123-6bfb79486c99">
      <Output>
        <StdOut>Query being generated:&#xD;
&#xD;
insert into "Fact"( "indexId", "id", "psqlName", "timeStamp", "specialChar", "maybeSomething", "sometimesNothing", "biteSize" ) values ( @indexId0, @id0, @name0, @timeStamp0, @specialChar0, @maybeSomething0, @sometimesNothing0, @biteSize0 ), ( @indexId1, @id1, @name1, @timeStamp1, @specialChar1, @maybeSomething1, @sometimesNothing1, @biteSize1 ), ( @indexId2, @id2, @name2, @timeStamp2, @specialChar2, @maybeSomething2, @sometimesNothing2, @biteSize2 ), ( @indexId3, @id3, @name3, @timeStamp3, @specialChar3, @maybeSomething3, @sometimesNothing3, @biteSize3 );&#xD;
&#xD;
&#xD;
&#xD;
Query generated: insert into "Fact"( "indexId", "id", "psqlName", "timeStamp", "specialChar", "maybeSomething", "sometimesNothing", "biteSize" ) values ( @indexId0, @id0, @name0, @timeStamp0, @specialChar0, @maybeSomething0, @sometimesNothing0, @biteSize0 ), ( @indexId1, @id1, @name1, @timeStamp1, @specialChar1, @maybeSomething1, @sometimesNothing1, @biteSize1 ), ( @indexId2, @id2, @name2, @timeStamp2, @specialChar2, @maybeSomething2, @sometimesNothing2, @biteSize2 ), ( @indexId3, @id3, @name3, @timeStamp3, @specialChar3, @maybeSomething3, @sometimesNothing3, @biteSize3 );&#xD;
Param count: 32&#xD;
Param 0 - "@indexId0": 1L&#xD;
Param 1 - "@id0": "18c6801e-df93-4850-be7e-07e512f94445"&#xD;
Param 2 - "@name0": "Gerry McGuire"&#xD;
Param 3 - "@timeStamp0": "8/3/2023 8:10:59 PM"&#xD;
Param 4 - "@specialChar0": "Δ"&#xD;
Param 5 - "@maybeSomething0": "true"&#xD;
Param 6 - "@sometimesNothing0": 1L&#xD;
Param 7 - "@biteSize0": "!aBite"&#xD;
Param 8 - "@indexId1": 1L&#xD;
Param 9 - "@id1": "aaa439dd-4858-4ada-904d-cb652218744a"&#xD;
Param 10 - "@name1": "Gerry McGuire"&#xD;
Param 11 - "@timeStamp1": "8/3/2023 8:10:59 PM"&#xD;
Param 12 - "@specialChar1": "Δ"&#xD;
Param 13 - "@maybeSomething1": "true"&#xD;
Param 14 - "@sometimesNothing1": &#xD;
Param 15 - "@biteSize1": "!aBite"&#xD;
Param 16 - "@indexId2": 1L&#xD;
Param 17 - "@id2": "38e50037-07bd-4ca0-a240-4e1a017c2167"&#xD;
Param 18 - "@name2": "Gerry McGuire"&#xD;
Param 19 - "@timeStamp2": "8/3/2023 8:10:59 PM"&#xD;
Param 20 - "@specialChar2": "Δ"&#xD;
Param 21 - "@maybeSomething2": "true"&#xD;
Param 22 - "@sometimesNothing2": 1L&#xD;
Param 23 - "@biteSize2": "!aBite"&#xD;
Param 24 - "@indexId3": 1L&#xD;
Param 25 - "@id3": "0263fd7b-5b95-4c74-a82a-1e51da934b28"&#xD;
Param 26 - "@name3": "Gerry McGuire"&#xD;
Param 27 - "@timeStamp3": "8/3/2023 8:10:59 PM"&#xD;
Param 28 - "@specialChar3": "Δ"&#xD;
Param 29 - "@maybeSomething3": "true"&#xD;
Param 30 - "@sometimesNothing3": 1L&#xD;
Param 31 - "@biteSize3": "!aBite"</StdOut>
      </Output>
    </UnitTestResult>
    <UnitTestResult executionId="1978d118-7c87-4af2-abe1-07e7a030f7c1" testId="17b58aeb-30c9-6964-6c40-fbab11cb0ed7" testName="UpdateWhere" computerName="THE-BIG-RIG" duration="00:00:00.0102370" startTime="2023-08-03T20:10:59.1740664-04:00" endTime="2023-08-03T20:10:59.1843024-04:00" testType="13cdc9d9-ddb5-4fa4-a97d-d965ccfc6d4b" outcome="Passed" testListId="8c84fa94-04c1-424b-9868-57a2d4851a1d" relativeResultsDirectory="1978d118-7c87-4af2-abe1-07e7a030f7c1">
      <Output>
        <StdOut>Updating...&#xD;
columns to update: seq&#xD;
  [{ Index = 0&#xD;
     IsKey = false&#xD;
     IsIndex = true&#xD;
     JoinOn = Some ("SubFact", "factId")&#xD;
     Source = ""Fact""&#xD;
     QuotedSource = ""Fact""&#xD;
     SqlName = "indexId"&#xD;
     QuotedSqlName = ""indexId""&#xD;
     FSharpName = "indexId"&#xD;
     Type = System.Int64&#xD;
     PropertyInfo = Int64 indexId }; { Index = 2&#xD;
                                       IsKey = false&#xD;
                                       IsIndex = false&#xD;
                                       JoinOn = None&#xD;
                                       Source = ""Fact""&#xD;
                                       QuotedSource = ""Fact""&#xD;
                                       SqlName = "sqliteName"&#xD;
                                       QuotedSqlName = ""sqliteName""&#xD;
                                       FSharpName = "name"&#xD;
                                       Type = System.String&#xD;
                                       PropertyInfo = System.String name };&#xD;
   { Index = 3&#xD;
     IsKey = false&#xD;
     IsIndex = false&#xD;
     JoinOn = None&#xD;
     Source = ""Fact""&#xD;
     QuotedSource = ""Fact""&#xD;
     SqlName = "timeStamp"&#xD;
     QuotedSqlName = ""timeStamp""&#xD;
     FSharpName = "timeStamp"&#xD;
     Type = System.String&#xD;
     PropertyInfo = System.String timeStamp };&#xD;
   { Index = 4&#xD;
     IsKey = false&#xD;
     IsIndex = false&#xD;
     JoinOn = None&#xD;
     Source = ""Fact""&#xD;
     QuotedSource = ""Fact""&#xD;
     SqlName = "specialChar"&#xD;
     QuotedSqlName = ""specialChar""&#xD;
     FSharpName = "specialChar"&#xD;
     Type = System.String&#xD;
     PropertyInfo = System.String specialChar }; ...]&#xD;
Query being generated:&#xD;
&#xD;
update "Fact" set "indexId" = @indexId, "sqliteName" = @name, "timeStamp" = @timeStamp, "specialChar" = @specialChar, "maybeSomething" = @maybeSomething, "sometimesNothing" = @sometimesNothing, "biteSize" = @biteSize where "indexId" = 1&#xD;
&#xD;
&#xD;
&#xD;
&#xD;
facts: 5</StdOut>
      </Output>
    </UnitTestResult>
    <UnitTestResult executionId="08344152-838d-4f5f-9166-416f54d47c6b" testId="aa5ad89d-4386-4bbe-356e-11e72bf7130c" testName="SelectLimit" computerName="THE-BIG-RIG" duration="00:00:00.0123440" startTime="2023-08-03T20:10:59.0942379-04:00" endTime="2023-08-03T20:10:59.1065815-04:00" testType="13cdc9d9-ddb5-4fa4-a97d-d965ccfc6d4b" outcome="Passed" testListId="8c84fa94-04c1-424b-9868-57a2d4851a1d" relativeResultsDirectory="08344152-838d-4f5f-9166-416f54d47c6b">
      <Output>
        <StdOut>Selecting All...&#xD;
Query being generated:&#xD;
&#xD;
select "Fact"."indexId", "Fact"."id", "Fact"."sqliteName", "Fact"."timeStamp", "Fact"."specialChar", "Fact"."maybeSomething", "Fact"."sometimesNothing", "Fact"."biteSize", "SubFact"."subFact" from "Fact" left join "SubFact" on "SubFact"."factId" = "Fact"."indexId" limit 5&#xD;
&#xD;
&#xD;
&#xD;
{ indexId = 1L&#xD;
  id = "8b066033-ebea-4bcf-b010-1dc9a30b51df"&#xD;
  name = "Gerry McGuire"&#xD;
  timeStamp = "8/3/2023 8:10:59 PM"&#xD;
  specialChar = "Δ"&#xD;
  maybeSomething = "true"&#xD;
  sometimesNothing = Some 1L&#xD;
  biteSize = "!aBite"&#xD;
  subFact = None }&#xD;
{ indexId = 1L&#xD;
  id = "312997ea-dd8c-4641-982e-0a91088c95a7"&#xD;
  name = "Gerry McGuire"&#xD;
  timeStamp = "8/3/2023 8:10:59 PM"&#xD;
  specialChar = "Δ"&#xD;
  maybeSomething = "true"&#xD;
  sometimesNothing = Some 1L&#xD;
  biteSize = "!aBite"&#xD;
  subFact = None }&#xD;
{ indexId = 1L&#xD;
  id = "eb74fbab-5547-4ebb-beda-947a8cf024b5"&#xD;
  name = "Gerry McGuire"&#xD;
  timeStamp = "8/3/2023 8:10:59 PM"&#xD;
  specialChar = "Δ"&#xD;
  maybeSomething = "true"&#xD;
  sometimesNothing = None&#xD;
  biteSize = "!aBite"&#xD;
  subFact = None }&#xD;
{ indexId = 1L&#xD;
  id = "e92f870e-16d0-4428-bf40-0c3aa08f740b"&#xD;
  name = "Gerry McGuire"&#xD;
  timeStamp = "8/3/2023 8:10:59 PM"&#xD;
  specialChar = "Δ"&#xD;
  maybeSomething = "true"&#xD;
  sometimesNothing = Some 1L&#xD;
  biteSize = "!aBite"&#xD;
  subFact = None }&#xD;
{ indexId = 1L&#xD;
  id = "4169ba68-d8a8-4539-bb20-8181e667299c"&#xD;
  name = "Gerry McGuire"&#xD;
  timeStamp = "8/3/2023 8:10:59 PM"&#xD;
  specialChar = "Δ"&#xD;
  maybeSomething = "true"&#xD;
  sometimesNothing = Some 1L&#xD;
  biteSize = "!aBite"&#xD;
  subFact = None }&#xD;
Query being generated:&#xD;
&#xD;
select "Fact"."indexId", "Fact"."id", "Fact"."sqliteName", "Fact"."timeStamp", "Fact"."specialChar", "Fact"."maybeSomething", "Fact"."sometimesNothing", "Fact"."biteSize", "SubFact"."subFact" from "Fact" left join "SubFact" on "SubFact"."factId" = "Fact"."indexId" limit 5&#xD;
&#xD;
&#xD;
&#xD;
&#xD;
facts: seq&#xD;
  [{ indexId = 1L&#xD;
     id = "8b066033-ebea-4bcf-b010-1dc9a30b51df"&#xD;
     name = "Gerry McGuire"&#xD;
     timeStamp = "8/3/2023 8:10:59 PM"&#xD;
     specialChar = "Δ"&#xD;
     maybeSomething = "true"&#xD;
     sometimesNothing = Some 1L&#xD;
     biteSize = "!aBite"&#xD;
     subFact = None }; { indexId = 1L&#xD;
                         id = "312997ea-dd8c-4641-982e-0a91088c95a7"&#xD;
                         name = "Gerry McGuire"&#xD;
                         timeStamp = "8/3/2023 8:10:59 PM"&#xD;
                         specialChar = "Δ"&#xD;
                         maybeSomething = "true"&#xD;
                         sometimesNothing = Some 1L&#xD;
                         biteSize = "!aBite"&#xD;
                         subFact = None };&#xD;
   { indexId = 1L&#xD;
     id = "eb74fbab-5547-4ebb-beda-947a8cf024b5"&#xD;
     name = "Gerry McGuire"&#xD;
     timeStamp = "8/3/2023 8:10:59 PM"&#xD;
     specialChar = "Δ"&#xD;
     maybeSomething = "true"&#xD;
     sometimesNothing = None&#xD;
     biteSize = "!aBite"&#xD;
     subFact = None }; { indexId = 1L&#xD;
                         id = "e92f870e-16d0-4428-bf40-0c3aa08f740b"&#xD;
                         name = "Gerry McGuire"&#xD;
                         timeStamp = "8/3/2023 8:10:59 PM"&#xD;
                         specialChar = "Δ"&#xD;
                         maybeSomething = "true"&#xD;
                         sometimesNothing = Some 1L&#xD;
                         biteSize = "!aBite"&#xD;
                         subFact = None }; ...]</StdOut>
      </Output>
    </UnitTestResult>
    <UnitTestResult executionId="faca225a-8e33-44ed-a44c-a705abdaa957" testId="85caf85c-0ea4-3061-d9ac-49e696c000d2" testName="Insert" computerName="THE-BIG-RIG" duration="00:00:00.0162789" startTime="2023-08-03T20:10:59.5183182-04:00" endTime="2023-08-03T20:10:59.5345963-04:00" testType="13cdc9d9-ddb5-4fa4-a97d-d965ccfc6d4b" outcome="Passed" testListId="8c84fa94-04c1-424b-9868-57a2d4851a1d" relativeResultsDirectory="faca225a-8e33-44ed-a44c-a705abdaa957">
      <Output>
        <StdOut>Query being generated:&#xD;
&#xD;
insert into "Fact" ( "indexId", "id", "psqlName", "timeStamp", "specialChar", "maybeSomething", "sometimesNothing", "biteSize" ) values ( @indexId, @id, @name, @timeStamp, @specialChar, @maybeSomething, @sometimesNothing, @biteSize )&#xD;
&#xD;
&#xD;
&#xD;
Param count: 8&#xD;
Param 0 - "@indexId": 1L&#xD;
Param 1 - "@id": "e2e9b585-c1a3-4066-b997-7347eb375599"&#xD;
Param 2 - "@name": "Gerry McGuire"&#xD;
Param 3 - "@timeStamp": "8/3/2023 8:10:59 PM"&#xD;
Param 4 - "@specialChar": "Δ"&#xD;
Param 5 - "@maybeSomething": "true"&#xD;
Param 6 - "@sometimesNothing": 1L&#xD;
Param 7 - "@biteSize": "!aBite"</StdOut>
      </Output>
    </UnitTestResult>
    <UnitTestResult executionId="ba1abef9-fd03-4db2-9661-b325d7f7e69d" testId="685fd3d2-6ac3-c066-f340-f935822e65eb" testName="Update" computerName="THE-BIG-RIG" duration="00:00:00.0176650" startTime="2023-08-03T20:10:59.1226916-04:00" endTime="2023-08-03T20:10:59.1403563-04:00" testType="13cdc9d9-ddb5-4fa4-a97d-d965ccfc6d4b" outcome="Passed" testListId="8c84fa94-04c1-424b-9868-57a2d4851a1d" relativeResultsDirectory="ba1abef9-fd03-4db2-9661-b325d7f7e69d">
      <Output>
        <StdOut>Updating...&#xD;
columns to update: seq&#xD;
  [{ Index = 0&#xD;
     IsKey = false&#xD;
     IsIndex = true&#xD;
     JoinOn = Some ("SubFact", "factId")&#xD;
     Source = ""Fact""&#xD;
     QuotedSource = ""Fact""&#xD;
     SqlName = "indexId"&#xD;
     QuotedSqlName = ""indexId""&#xD;
     FSharpName = "indexId"&#xD;
     Type = System.Int64&#xD;
     PropertyInfo = Int64 indexId }; { Index = 2&#xD;
                                       IsKey = false&#xD;
                                       IsIndex = false&#xD;
                                       JoinOn = None&#xD;
                                       Source = ""Fact""&#xD;
                                       QuotedSource = ""Fact""&#xD;
                                       SqlName = "sqliteName"&#xD;
                                       QuotedSqlName = ""sqliteName""&#xD;
                                       FSharpName = "name"&#xD;
                                       Type = System.String&#xD;
                                       PropertyInfo = System.String name };&#xD;
   { Index = 3&#xD;
     IsKey = false&#xD;
     IsIndex = false&#xD;
     JoinOn = None&#xD;
     Source = ""Fact""&#xD;
     QuotedSource = ""Fact""&#xD;
     SqlName = "timeStamp"&#xD;
     QuotedSqlName = ""timeStamp""&#xD;
     FSharpName = "timeStamp"&#xD;
     Type = System.String&#xD;
     PropertyInfo = System.String timeStamp };&#xD;
   { Index = 4&#xD;
     IsKey = false&#xD;
     IsIndex = false&#xD;
     JoinOn = None&#xD;
     Source = ""Fact""&#xD;
     QuotedSource = ""Fact""&#xD;
     SqlName = "specialChar"&#xD;
     QuotedSqlName = ""specialChar""&#xD;
     FSharpName = "specialChar"&#xD;
     Type = System.String&#xD;
     PropertyInfo = System.String specialChar }; ...]&#xD;
Query being generated:&#xD;
&#xD;
update "Fact" set "indexId" = @indexId, "sqliteName" = @name, "timeStamp" = @timeStamp, "specialChar" = @specialChar, "maybeSomething" = @maybeSomething, "sometimesNothing" = @sometimesNothing, "biteSize" = @biteSize where "Fact"."id" = @id&#xD;
&#xD;
&#xD;
&#xD;
&#xD;
facts: 1</StdOut>
      </Output>
    </UnitTestResult>
    <UnitTestResult executionId="aa918311-da2b-4bae-9f54-b55b11314a3f" testId="53d2384a-fbb2-a413-58be-1fd0675167cd" testName="Select" computerName="THE-BIG-RIG" duration="00:00:00.0165760" startTime="2023-08-03T20:10:59.0776422-04:00" endTime="2023-08-03T20:10:59.0942179-04:00" testType="13cdc9d9-ddb5-4fa4-a97d-d965ccfc6d4b" outcome="Passed" testListId="8c84fa94-04c1-424b-9868-57a2d4851a1d" relativeResultsDirectory="aa918311-da2b-4bae-9f54-b55b11314a3f">
      <Output>
        <StdOut>Selecting All...&#xD;
Query being generated:&#xD;
&#xD;
select "Fact"."indexId", "Fact"."id", "Fact"."sqliteName", "Fact"."timeStamp", "Fact"."specialChar", "Fact"."maybeSomething", "Fact"."sometimesNothing", "Fact"."biteSize", "SubFact"."subFact" from "Fact" left join "SubFact" on "SubFact"."factId" = "Fact"."indexId"&#xD;
&#xD;
&#xD;
&#xD;
{ indexId = 1L&#xD;
  id = "8b066033-ebea-4bcf-b010-1dc9a30b51df"&#xD;
  name = "Gerry McGuire"&#xD;
  timeStamp = "8/3/2023 8:10:59 PM"&#xD;
  specialChar = "Δ"&#xD;
  maybeSomething = "true"&#xD;
  sometimesNothing = Some 1L&#xD;
  biteSize = "!aBite"&#xD;
  subFact = None }&#xD;
{ indexId = 1L&#xD;
  id = "312997ea-dd8c-4641-982e-0a91088c95a7"&#xD;
  name = "Gerry McGuire"&#xD;
  timeStamp = "8/3/2023 8:10:59 PM"&#xD;
  specialChar = "Δ"&#xD;
  maybeSomething = "true"&#xD;
  sometimesNothing = Some 1L&#xD;
  biteSize = "!aBite"&#xD;
  subFact = None }&#xD;
{ indexId = 1L&#xD;
  id = "eb74fbab-5547-4ebb-beda-947a8cf024b5"&#xD;
  name = "Gerry McGuire"&#xD;
  timeStamp = "8/3/2023 8:10:59 PM"&#xD;
  specialChar = "Δ"&#xD;
  maybeSomething = "true"&#xD;
  sometimesNothing = None&#xD;
  biteSize = "!aBite"&#xD;
  subFact = None }&#xD;
{ indexId = 1L&#xD;
  id = "e92f870e-16d0-4428-bf40-0c3aa08f740b"&#xD;
  name = "Gerry McGuire"&#xD;
  timeStamp = "8/3/2023 8:10:59 PM"&#xD;
  specialChar = "Δ"&#xD;
  maybeSomething = "true"&#xD;
  sometimesNothing = Some 1L&#xD;
  biteSize = "!aBite"&#xD;
  subFact = None }&#xD;
{ indexId = 1L&#xD;
  id = "4169ba68-d8a8-4539-bb20-8181e667299c"&#xD;
  name = "Gerry McGuire"&#xD;
  timeStamp = "8/3/2023 8:10:59 PM"&#xD;
  specialChar = "Δ"&#xD;
  maybeSomething = "true"&#xD;
  sometimesNothing = Some 1L&#xD;
  biteSize = "!aBite"&#xD;
  subFact = None }&#xD;
Query being generated:&#xD;
&#xD;
select "Fact"."indexId", "Fact"."id", "Fact"."sqliteName", "Fact"."timeStamp", "Fact"."specialChar", "Fact"."maybeSomething", "Fact"."sometimesNothing", "Fact"."biteSize", "SubFact"."subFact" from "Fact" left join "SubFact" on "SubFact"."factId" = "Fact"."indexId"&#xD;
&#xD;
&#xD;
&#xD;
&#xD;
facts: seq&#xD;
  [{ indexId = 1L&#xD;
     id = "8b066033-ebea-4bcf-b010-1dc9a30b51df"&#xD;
     name = "Gerry McGuire"&#xD;
     timeStamp = "8/3/2023 8:10:59 PM"&#xD;
     specialChar = "Δ"&#xD;
     maybeSomething = "true"&#xD;
     sometimesNothing = Some 1L&#xD;
     biteSize = "!aBite"&#xD;
     subFact = None }; { indexId = 1L&#xD;
                         id = "312997ea-dd8c-4641-982e-0a91088c95a7"&#xD;
                         name = "Gerry McGuire"&#xD;
                         timeStamp = "8/3/2023 8:10:59 PM"&#xD;
                         specialChar = "Δ"&#xD;
                         maybeSomething = "true"&#xD;
                         sometimesNothing = Some 1L&#xD;
                         biteSize = "!aBite"&#xD;
                         subFact = None };&#xD;
   { indexId = 1L&#xD;
     id = "eb74fbab-5547-4ebb-beda-947a8cf024b5"&#xD;
     name = "Gerry McGuire"&#xD;
     timeStamp = "8/3/2023 8:10:59 PM"&#xD;
     specialChar = "Δ"&#xD;
     maybeSomething = "true"&#xD;
     sometimesNothing = None&#xD;
     biteSize = "!aBite"&#xD;
     subFact = None }; { indexId = 1L&#xD;
                         id = "e92f870e-16d0-4428-bf40-0c3aa08f740b"&#xD;
                         name = "Gerry McGuire"&#xD;
                         timeStamp = "8/3/2023 8:10:59 PM"&#xD;
                         specialChar = "Δ"&#xD;
                         maybeSomething = "true"&#xD;
                         sometimesNothing = Some 1L&#xD;
                         biteSize = "!aBite"&#xD;
                         subFact = None }; ...]</StdOut>
      </Output>
    </UnitTestResult>
    <UnitTestResult executionId="7ed66c06-ace5-4a5e-879e-e8b264f1dc95" testId="15e7aaf0-1e10-0c65-15f8-df3a9c6f37ce" testName="DeleteMany" computerName="THE-BIG-RIG" duration="00:00:00.0135660" startTime="2023-08-03T20:10:59.4906808-04:00" endTime="2023-08-03T20:10:59.5042461-04:00" testType="13cdc9d9-ddb5-4fa4-a97d-d965ccfc6d4b" outcome="Passed" testListId="8c84fa94-04c1-424b-9868-57a2d4851a1d" relativeResultsDirectory="7ed66c06-ace5-4a5e-879e-e8b264f1dc95">
      <Output>
        <StdOut>Deleting Many...&#xD;
Query being generated:&#xD;
&#xD;
delete from "Fact" where ( "Fact"."id" = @id0) OR ("Fact"."id" = @id1 )&#xD;
&#xD;
&#xD;
&#xD;
&#xD;
0</StdOut>
      </Output>
    </UnitTestResult>
    <UnitTestResult executionId="f32efb52-b7c9-4f7e-900f-2ccadf0dcbe2" testId="64ceac3b-985e-80aa-2ebd-593c0fcb65a1" testName="ReaderWithTransaction" computerName="THE-BIG-RIG" duration="00:00:00.0060120" startTime="2023-08-03T20:11:00.5368623-04:00" endTime="2023-08-03T20:11:00.5428739-04:00" testType="13cdc9d9-ddb5-4fa4-a97d-d965ccfc6d4b" outcome="Passed" testListId="8c84fa94-04c1-424b-9868-57a2d4851a1d" relativeResultsDirectory="f32efb52-b7c9-4f7e-900f-2ccadf0dcbe2">
      <Output>
        <StdOut>Reading...&#xD;
Query being generated:&#xD;
&#xD;
select * from "Fact"&#xD;
&#xD;
&#xD;
&#xD;
&#xD;
Error: ExecuteReader can only be called when the connection is open.</StdOut>
      </Output>
    </UnitTestResult>
    <UnitTestResult executionId="4abba93c-fd9f-4c63-94e3-9538f70d1099" testId="d9987b9d-24a0-d4c4-e4b0-295b5a496f9c" testName="Select" computerName="THE-BIG-RIG" duration="00:00:00.1481810" startTime="2023-08-03T20:10:59.5722679-04:00" endTime="2023-08-03T20:10:59.7204486-04:00" testType="13cdc9d9-ddb5-4fa4-a97d-d965ccfc6d4b" outcome="Passed" testListId="8c84fa94-04c1-424b-9868-57a2d4851a1d" relativeResultsDirectory="4abba93c-fd9f-4c63-94e3-9538f70d1099">
      <Output>
        <StdOut>Selecting All...&#xD;
Query being generated:&#xD;
&#xD;
select "Fact"."indexId", "Fact"."id", "Fact"."psqlName", "Fact"."timeStamp", "Fact"."specialChar", "Fact"."maybeSomething", "Fact"."sometimesNothing", "Fact"."biteSize", "SubFact"."subFact" from "Fact" left join "SubFact" on "SubFact"."factId" = "Fact"."indexId"&#xD;
&#xD;
&#xD;
&#xD;
{ indexId = 1L&#xD;
  id = "0263fd7b-5b95-4c74-a82a-1e51da934b28"&#xD;
  name = "Gerry McGuire"&#xD;
  timeStamp = "8/3/2023 8:10:59 PM"&#xD;
  specialChar = "Δ"&#xD;
  maybeSomething = "true"&#xD;
  sometimesNothing = Some 1L&#xD;
  biteSize = "!aBite"&#xD;
  subFact = None }&#xD;
{ indexId = 1L&#xD;
  id = "38e50037-07bd-4ca0-a240-4e1a017c2167"&#xD;
  name = "Gerry McGuire"&#xD;
  timeStamp = "8/3/2023 8:10:59 PM"&#xD;
  specialChar = "Δ"&#xD;
  maybeSomething = "true"&#xD;
  sometimesNothing = Some 1L&#xD;
  biteSize = "!aBite"&#xD;
  subFact = None }&#xD;
{ indexId = 1L&#xD;
  id = "aaa439dd-4858-4ada-904d-cb652218744a"&#xD;
  name = "Gerry McGuire"&#xD;
  timeStamp = "8/3/2023 8:10:59 PM"&#xD;
  specialChar = "Δ"&#xD;
  maybeSomething = "true"&#xD;
  sometimesNothing = None&#xD;
  biteSize = "!aBite"&#xD;
  subFact = None }&#xD;
{ indexId = 1L&#xD;
  id = "18c6801e-df93-4850-be7e-07e512f94445"&#xD;
  name = "Gerry McGuire"&#xD;
  timeStamp = "8/3/2023 8:10:59 PM"&#xD;
  specialChar = "Δ"&#xD;
  maybeSomething = "true"&#xD;
  sometimesNothing = Some 1L&#xD;
  biteSize = "!aBite"&#xD;
  subFact = None }&#xD;
{ indexId = 1L&#xD;
  id = "e2e9b585-c1a3-4066-b997-7347eb375599"&#xD;
  name = "Gerry McGuire"&#xD;
  timeStamp = "8/3/2023 8:10:59 PM"&#xD;
  specialChar = "Δ"&#xD;
  maybeSomething = "true"&#xD;
  sometimesNothing = Some 1L&#xD;
  biteSize = "!aBite"&#xD;
  subFact = None }&#xD;
&#xD;
facts: Error: Connection already open</StdOut>
      </Output>
    </UnitTestResult>
    <UnitTestResult executionId="e433b457-9887-4979-b672-89dac43fc99d" testId="3e7f6762-f253-2395-a98b-b7024bc8f76d" testName="InsertDeleteSelect" computerName="THE-BIG-RIG" duration="00:00:00.0265170" startTime="2023-08-03T20:11:00.4531721-04:00" endTime="2023-08-03T20:11:00.4796887-04:00" testType="13cdc9d9-ddb5-4fa4-a97d-d965ccfc6d4b" outcome="Passed" testListId="8c84fa94-04c1-424b-9868-57a2d4851a1d" relativeResultsDirectory="e433b457-9887-4979-b672-89dac43fc99d">
      <Output>
        <StdOut>Do we have a transaction? Some Microsoft.Data.Sqlite.SqliteTransaction&#xD;
Query being generated:&#xD;
&#xD;
insert into "Fact" ( "indexId", "id", "sqliteName", "timeStamp", "specialChar", "maybeSomething", "sometimesNothing", "biteSize" ) values ( @indexId, @id, @name, @timeStamp, @specialChar, @maybeSomething, @sometimesNothing, @biteSize )&#xD;
&#xD;
&#xD;
&#xD;
Param count: 8&#xD;
Param 0 - "@indexId": 1L&#xD;
Param 1 - "@id": "41e9c7d9-607f-4092-9a4c-60ed171907f9"&#xD;
Param 2 - "@name": "Gerry McGuire"&#xD;
Param 3 - "@timeStamp": "8/3/2023 8:11:00 PM"&#xD;
Param 4 - "@specialChar": "Δ"&#xD;
Param 5 - "@maybeSomething": "true"&#xD;
Param 6 - "@sometimesNothing": 1L&#xD;
Param 7 - "@biteSize": "!aBite"&#xD;
Query being generated:&#xD;
&#xD;
delete from "Fact" where "Fact"."id" = @id&#xD;
&#xD;
&#xD;
&#xD;
Query being generated:&#xD;
&#xD;
select "Fact"."indexId", "Fact"."id", "Fact"."sqliteName", "Fact"."timeStamp", "Fact"."specialChar", "Fact"."maybeSomething", "Fact"."sometimesNothing", "Fact"."biteSize", "SubFact"."subFact" from "Fact" left join "SubFact" on "SubFact"."factId" = "Fact"."indexId" where id = '41e9c7d9-607f-4092-9a4c-60ed171907f9'</StdOut>
      </Output>
    </UnitTestResult>
    <UnitTestResult executionId="d1662c1b-6a39-4401-9502-c9f8e062b877" testId="644b827d-b769-3bd3-ee9c-d9b3a6561434" testName="SelectLimit" computerName="THE-BIG-RIG" duration="00:00:00.1357160" startTime="2023-08-03T20:10:59.7204706-04:00" endTime="2023-08-03T20:10:59.8561861-04:00" testType="13cdc9d9-ddb5-4fa4-a97d-d965ccfc6d4b" outcome="Passed" testListId="8c84fa94-04c1-424b-9868-57a2d4851a1d" relativeResultsDirectory="d1662c1b-6a39-4401-9502-c9f8e062b877">
      <Output>
        <StdOut>Selecting All...&#xD;
Query being generated:&#xD;
&#xD;
select "Fact"."indexId", "Fact"."id", "Fact"."psqlName", "Fact"."timeStamp", "Fact"."specialChar", "Fact"."maybeSomething", "Fact"."sometimesNothing", "Fact"."biteSize", "SubFact"."subFact" from "Fact" left join "SubFact" on "SubFact"."factId" = "Fact"."indexId" limit 5&#xD;
&#xD;
&#xD;
&#xD;
{ indexId = 1L&#xD;
  id = "e2e9b585-c1a3-4066-b997-7347eb375599"&#xD;
  name = "Gerry McGuire"&#xD;
  timeStamp = "8/3/2023 8:10:59 PM"&#xD;
  specialChar = "Δ"&#xD;
  maybeSomething = "true"&#xD;
  sometimesNothing = Some 1L&#xD;
  biteSize = "!aBite"&#xD;
  subFact = None }&#xD;
{ indexId = 1L&#xD;
  id = "18c6801e-df93-4850-be7e-07e512f94445"&#xD;
  name = "Gerry McGuire"&#xD;
  timeStamp = "8/3/2023 8:10:59 PM"&#xD;
  specialChar = "Δ"&#xD;
  maybeSomething = "true"&#xD;
  sometimesNothing = Some 1L&#xD;
  biteSize = "!aBite"&#xD;
  subFact = None }&#xD;
{ indexId = 1L&#xD;
  id = "aaa439dd-4858-4ada-904d-cb652218744a"&#xD;
  name = "Gerry McGuire"&#xD;
  timeStamp = "8/3/2023 8:10:59 PM"&#xD;
  specialChar = "Δ"&#xD;
  maybeSomething = "true"&#xD;
  sometimesNothing = None&#xD;
  biteSize = "!aBite"&#xD;
  subFact = None }&#xD;
{ indexId = 1L&#xD;
  id = "38e50037-07bd-4ca0-a240-4e1a017c2167"&#xD;
  name = "Gerry McGuire"&#xD;
  timeStamp = "8/3/2023 8:10:59 PM"&#xD;
  specialChar = "Δ"&#xD;
  maybeSomething = "true"&#xD;
  sometimesNothing = Some 1L&#xD;
  biteSize = "!aBite"&#xD;
  subFact = None }&#xD;
{ indexId = 1L&#xD;
  id = "0263fd7b-5b95-4c74-a82a-1e51da934b28"&#xD;
  name = "Gerry McGuire"&#xD;
  timeStamp = "8/3/2023 8:10:59 PM"&#xD;
  specialChar = "Δ"&#xD;
  maybeSomething = "true"&#xD;
  sometimesNothing = Some 1L&#xD;
  biteSize = "!aBite"&#xD;
  subFact = None }&#xD;
&#xD;
facts: Error: Connection already open</StdOut>
      </Output>
    </UnitTestResult>
    <UnitTestResult executionId="b4089a83-3416-4b82-83a3-e26ef187a1a2" testId="a90e932c-1181-7947-bd3f-cd4c26ae5c6c" testName="SelectWhere" computerName="THE-BIG-RIG" duration="00:00:00.0153570" startTime="2023-08-03T20:10:59.1065963-04:00" endTime="2023-08-03T20:10:59.1219530-04:00" testType="13cdc9d9-ddb5-4fa4-a97d-d965ccfc6d4b" outcome="Passed" testListId="8c84fa94-04c1-424b-9868-57a2d4851a1d" relativeResultsDirectory="b4089a83-3416-4b82-83a3-e26ef187a1a2">
      <Output>
        <StdOut>Selecting Where...&#xD;
Query being generated:&#xD;
&#xD;
select "Fact"."indexId", "Fact"."id", "Fact"."sqliteName", "Fact"."timeStamp", "Fact"."specialChar", "Fact"."maybeSomething", "Fact"."sometimesNothing", "Fact"."biteSize", "SubFact"."subFact" from "Fact" left join "SubFact" on "SubFact"."factId" = "Fact"."indexId" where "maybeSomething" = 'true'&#xD;
&#xD;
&#xD;
&#xD;
&#xD;
facts: seq&#xD;
  [{ indexId = 1L&#xD;
     id = "8b066033-ebea-4bcf-b010-1dc9a30b51df"&#xD;
     name = "Gerry McGuire"&#xD;
     timeStamp = "8/3/2023 8:10:59 PM"&#xD;
     specialChar = "Δ"&#xD;
     maybeSomething = "true"&#xD;
     sometimesNothing = Some 1L&#xD;
     biteSize = "!aBite"&#xD;
     subFact = None }; { indexId = 1L&#xD;
                         id = "312997ea-dd8c-4641-982e-0a91088c95a7"&#xD;
                         name = "Gerry McGuire"&#xD;
                         timeStamp = "8/3/2023 8:10:59 PM"&#xD;
                         specialChar = "Δ"&#xD;
                         maybeSomething = "true"&#xD;
                         sometimesNothing = Some 1L&#xD;
                         biteSize = "!aBite"&#xD;
                         subFact = None };&#xD;
   { indexId = 1L&#xD;
     id = "eb74fbab-5547-4ebb-beda-947a8cf024b5"&#xD;
     name = "Gerry McGuire"&#xD;
     timeStamp = "8/3/2023 8:10:59 PM"&#xD;
     specialChar = "Δ"&#xD;
     maybeSomething = "true"&#xD;
     sometimesNothing = None&#xD;
     biteSize = "!aBite"&#xD;
     subFact = None }; { indexId = 1L&#xD;
                         id = "e92f870e-16d0-4428-bf40-0c3aa08f740b"&#xD;
                         name = "Gerry McGuire"&#xD;
                         timeStamp = "8/3/2023 8:10:59 PM"&#xD;
                         specialChar = "Δ"&#xD;
                         maybeSomething = "true"&#xD;
                         sometimesNothing = Some 1L&#xD;
                         biteSize = "!aBite"&#xD;
                         subFact = None }; ...]</StdOut>
      </Output>
    </UnitTestResult>
    <UnitTestResult executionId="a3c0315e-129f-40e1-964c-992720d961e4" testId="6f25e22c-fb80-3b16-8268-1639c4107ef2" testName="DeleteWhere" computerName="THE-BIG-RIG" duration="00:00:00.0140320" startTime="2023-08-03T20:10:59.5042645-04:00" endTime="2023-08-03T20:10:59.5182955-04:00" testType="13cdc9d9-ddb5-4fa4-a97d-d965ccfc6d4b" outcome="Passed" testListId="8c84fa94-04c1-424b-9868-57a2d4851a1d" relativeResultsDirectory="a3c0315e-129f-40e1-964c-992720d961e4">
      <Output>
        <StdOut>Deleting Where...&#xD;
Query being generated:&#xD;
&#xD;
delete from "Fact" where "indexId" = 1&#xD;
&#xD;
&#xD;
&#xD;
&#xD;
facts: 0</StdOut>
      </Output>
    </UnitTestResult>
    <UnitTestResult executionId="47ebcf3d-7303-4c84-b796-6c40e5154d71" testId="61dcfb39-11fa-e241-4f87-9ef81d7da35f" testName="QueryBuild" computerName="THE-BIG-RIG" duration="00:00:00.0004610" startTime="2023-08-03T20:10:59.5514379-04:00" endTime="2023-08-03T20:10:59.5518987-04:00" testType="13cdc9d9-ddb5-4fa4-a97d-d965ccfc6d4b" outcome="Passed" testListId="8c84fa94-04c1-424b-9868-57a2d4851a1d" relativeResultsDirectory="47ebcf3d-7303-4c84-b796-6c40e5154d71">
      <Output>
        <StdOut>""Fact"."indexId", "Fact"."id", "Fact"."psqlName", "Fact"."timeStamp", "Fact"."specialChar", "Fact"."maybeSomething", "Fact"."sometimesNothing", "Fact"."biteSize", "SubFact"."subFact" from "Fact" left join "SubFact" on "SubFact"."factId" = "Fact"."indexId""</StdOut>
      </Output>
    </UnitTestResult>
    <UnitTestResult executionId="f0cf6c3c-22fe-4f1d-9d4f-69947835b161" testId="36c067cb-46f5-9f5c-c278-1bb2ce6e133f" testName="InsertUpdateSelect" computerName="THE-BIG-RIG" duration="00:00:00.0345760" startTime="2023-08-03T20:11:00.5022667-04:00" endTime="2023-08-03T20:11:00.5368421-04:00" testType="13cdc9d9-ddb5-4fa4-a97d-d965ccfc6d4b" outcome="Passed" testListId="8c84fa94-04c1-424b-9868-57a2d4851a1d" relativeResultsDirectory="f0cf6c3c-22fe-4f1d-9d4f-69947835b161">
      <Output>
        <StdOut>Do we have a transaction? Some Microsoft.Data.Sqlite.SqliteTransaction&#xD;
Query being generated:&#xD;
&#xD;
insert into "Fact" ( "indexId", "id", "sqliteName", "timeStamp", "specialChar", "maybeSomething", "sometimesNothing", "biteSize" ) values ( @indexId, @id, @name, @timeStamp, @specialChar, @maybeSomething, @sometimesNothing, @biteSize )&#xD;
&#xD;
&#xD;
&#xD;
Param count: 8&#xD;
Param 0 - "@indexId": 1L&#xD;
Param 1 - "@id": "cfdc0e33-357e-44a5-b27c-a94c2f1cead9"&#xD;
Param 2 - "@name": "Gerry McGuire"&#xD;
Param 3 - "@timeStamp": "8/3/2023 8:11:00 PM"&#xD;
Param 4 - "@specialChar": "Δ"&#xD;
Param 5 - "@maybeSomething": "true"&#xD;
Param 6 - "@sometimesNothing": 1L&#xD;
Param 7 - "@biteSize": "!aBite"&#xD;
columns to update: seq&#xD;
  [{ Index = 0&#xD;
     IsKey = false&#xD;
     IsIndex = true&#xD;
     JoinOn = Some ("SubFact", "factId")&#xD;
     Source = ""Fact""&#xD;
     QuotedSource = ""Fact""&#xD;
     SqlName = "indexId"&#xD;
     QuotedSqlName = ""indexId""&#xD;
     FSharpName = "indexId"&#xD;
     Type = System.Int64&#xD;
     PropertyInfo = Int64 indexId }; { Index = 2&#xD;
                                       IsKey = false&#xD;
                                       IsIndex = false&#xD;
                                       JoinOn = None&#xD;
                                       Source = ""Fact""&#xD;
                                       QuotedSource = ""Fact""&#xD;
                                       SqlName = "sqliteName"&#xD;
                                       QuotedSqlName = ""sqliteName""&#xD;
                                       FSharpName = "name"&#xD;
                                       Type = System.String&#xD;
                                       PropertyInfo = System.String name };&#xD;
   { Index = 3&#xD;
     IsKey = false&#xD;
     IsIndex = false&#xD;
     JoinOn = None&#xD;
     Source = ""Fact""&#xD;
     QuotedSource = ""Fact""&#xD;
     SqlName = "timeStamp"&#xD;
     QuotedSqlName = ""timeStamp""&#xD;
     FSharpName = "timeStamp"&#xD;
     Type = System.String&#xD;
     PropertyInfo = System.String timeStamp };&#xD;
   { Index = 4&#xD;
     IsKey = false&#xD;
     IsIndex = false&#xD;
     JoinOn = None&#xD;
     Source = ""Fact""&#xD;
     QuotedSource = ""Fact""&#xD;
     SqlName = "specialChar"&#xD;
     QuotedSqlName = ""specialChar""&#xD;
     FSharpName = "specialChar"&#xD;
     Type = System.String&#xD;
     PropertyInfo = System.String specialChar }; ...]&#xD;
Query being generated:&#xD;
&#xD;
update "Fact" set "indexId" = @indexId, "sqliteName" = @name, "timeStamp" = @timeStamp, "specialChar" = @specialChar, "maybeSomething" = @maybeSomething, "sometimesNothing" = @sometimesNothing, "biteSize" = @biteSize where "Fact"."id" = @id&#xD;
&#xD;
&#xD;
&#xD;
Query being generated:&#xD;
&#xD;
select "Fact"."indexId", "Fact"."id", "Fact"."sqliteName", "Fact"."timeStamp", "Fact"."specialChar", "Fact"."maybeSomething", "Fact"."sometimesNothing", "Fact"."biteSize", "SubFact"."subFact" from "Fact" left join "SubFact" on "SubFact"."factId" = "Fact"."indexId" where id = 'cfdc0e33-357e-44a5-b27c-a94c2f1cead9'&#xD;
&#xD;
&#xD;
&#xD;
Query being generated:&#xD;
&#xD;
select "Fact"."indexId", "Fact"."id", "Fact"."sqliteName", "Fact"."timeStamp", "Fact"."specialChar", "Fact"."maybeSomething", "Fact"."sometimesNothing", "Fact"."biteSize", "SubFact"."subFact" from "Fact" left join "SubFact" on "SubFact"."factId" = "Fact"."indexId" where id = 'cfdc0e33-357e-44a5-b27c-a94c2f1cead9'&#xD;
&#xD;
&#xD;
&#xD;
Query being generated:&#xD;
&#xD;
select "Fact"."indexId", "Fact"."id", "Fact"."sqliteName", "Fact"."timeStamp", "Fact"."specialChar", "Fact"."maybeSomething", "Fact"."sometimesNothing", "Fact"."biteSize", "SubFact"."subFact" from "Fact" left join "SubFact" on "SubFact"."factId" = "Fact"."indexId" where id = 'cfdc0e33-357e-44a5-b27c-a94c2f1cead9'&#xD;
&#xD;
&#xD;
&#xD;
&#xD;
You remembered the facts: { indexId = 1L&#xD;
  id = "cfdc0e33-357e-44a5-b27c-a94c2f1cead9"&#xD;
  name = "Gerry McGuire"&#xD;
  timeStamp = "8/3/2023 8:11:00 PM"&#xD;
  specialChar = "Δ"&#xD;
  maybeSomething = "true"&#xD;
  sometimesNothing = Some 1L&#xD;
  biteSize = "!aBite"&#xD;
  subFact = Some "sooper dooper secret fact" } - { indexId = 1L&#xD;
  id = "cfdc0e33-357e-44a5-b27c-a94c2f1cead9"&#xD;
  name = "All Facts, All the Time"&#xD;
  timeStamp = "8/3/2023 8:11:00 PM"&#xD;
  specialChar = "Δ"&#xD;
  maybeSomething = "true"&#xD;
  sometimesNothing = Some 1L&#xD;
  biteSize = "!aBite"&#xD;
  subFact = None } | Error: ExecuteReader can only be called when the connection is open.</StdOut>
      </Output>
    </UnitTestResult>
  </Results>
  <TestDefinitions>
    <UnitTest name="UpdateMany" storage="c:\hcrd\form\test\bin\debug\net7.0\test.dll" id="637f884a-918a-8683-bb6b-2e0f84146c18">
      <Execution id="ae049214-9baa-4b75-8cc7-0400494d4269" />
      <TestMethod codeBase="C:\hcrd\FORM\Test\bin\Debug\net7.0\Test.dll" adapterTypeName="executor://nunit3testexecutor/" className="Test.Orm+Orm(Test.Orm+get_Source@11-2)" name="UpdateMany" />
    </UnitTest>
    <UnitTest name="SelectLimit" storage="c:\hcrd\form\test\bin\debug\net7.0\test.dll" id="aa5ad89d-4386-4bbe-356e-11e72bf7130c">
      <Execution id="08344152-838d-4f5f-9166-416f54d47c6b" />
      <TestMethod codeBase="C:\hcrd\FORM\Test\bin\Debug\net7.0\Test.dll" adapterTypeName="executor://nunit3testexecutor/" className="Test.Orm+Orm(Test.Orm+get_Source@10-1)" name="SelectLimit" />
    </UnitTest>
    <UnitTest name="DeleteMany" storage="c:\hcrd\form\test\bin\debug\net7.0\test.dll" id="40146aef-5e24-931c-f935-d8cb1c2a1a7b">
      <Execution id="3d9c4ec8-daf8-4c37-a79b-967bf3148c24" />
      <TestMethod codeBase="C:\hcrd\FORM\Test\bin\Debug\net7.0\Test.dll" adapterTypeName="executor://nunit3testexecutor/" className="Test.Orm+Orm(Test.Orm+get_Source@10-1)" name="DeleteMany" />
    </UnitTest>
    <UnitTest name="ReaderWithTransaction" storage="c:\hcrd\form\test\bin\debug\net7.0\test.dll" id="64ceac3b-985e-80aa-2ebd-593c0fcb65a1">
      <Execution id="f32efb52-b7c9-4f7e-900f-2ccadf0dcbe2" />
      <TestMethod codeBase="C:\hcrd\FORM\Test\bin\Debug\net7.0\Test.dll" adapterTypeName="executor://nunit3testexecutor/" className="Test.Orm+OrmTransaction(Test.Orm+get_Source@10-1)" name="ReaderWithTransaction" />
    </UnitTest>
    <UnitTest name="Delete" storage="c:\hcrd\form\test\bin\debug\net7.0\test.dll" id="d8e33ed2-9bff-03c9-e97c-4b6122b57f5f">
      <Execution id="22eee46c-eaab-4a8b-b31d-6df02ce05392" />
      <TestMethod codeBase="C:\hcrd\FORM\Test\bin\Debug\net7.0\Test.dll" adapterTypeName="executor://nunit3testexecutor/" className="Test.Orm+Orm(Test.Orm+get_Source@11-2)" name="Delete" />
    </UnitTest>
    <UnitTest name="SelectWhere" storage="c:\hcrd\form\test\bin\debug\net7.0\test.dll" id="a90e932c-1181-7947-bd3f-cd4c26ae5c6c">
      <Execution id="b4089a83-3416-4b82-83a3-e26ef187a1a2" />
      <TestMethod codeBase="C:\hcrd\FORM\Test\bin\Debug\net7.0\Test.dll" adapterTypeName="executor://nunit3testexecutor/" className="Test.Orm+Orm(Test.Orm+get_Source@10-1)" name="SelectWhere" />
    </UnitTest>
    <UnitTest name="InsertSelect" storage="c:\hcrd\form\test\bin\debug\net7.0\test.dll" id="56e96ce4-50b6-5365-cfd5-b3ce8ae0fd29">
      <Execution id="53e3c7c8-6e6d-4122-aedd-05f7fd1d5fd6" />
[...]
     QuotedSource = ""Fact""&#xD;
     SqlName = "specialChar"&#xD;
     QuotedSqlName = ""specialChar""&#xD;
     FSharpName = "specialChar"&#xD;
     Type = System.String&#xD;
     PropertyInfo = System.String specialChar }; ...]&#xD;
Query being generated:&#xD;
&#xD;
update "Fact" set "indexId" = @indexId, "psqlName" = @name, "timeStamp" = @timeStamp, "specialChar" = @specialChar, "maybeSomething" = @maybeSomething, "sometimesNothing" = @sometimesNothing, "biteSize" = @biteSize where "Fact"."id" = @id&#xD;
&#xD;
&#xD;
&#xD;
columns to update: seq&#xD;
  [{ Index = 0&#xD;
     IsKey = false&#xD;
     IsIndex = true&#xD;
     JoinOn = Some ("SubFact", "factId")&#xD;
     Source = ""Fact""&#xD;
     QuotedSource = ""Fact""&#xD;
     SqlName = "indexId"&#xD;
     QuotedSqlName = ""indexId""&#xD;
     FSharpName = "indexId"&#xD;
     Type = System.Int64&#xD;
     PropertyInfo = Int64 indexId }; { Index = 2&#xD;
                                       IsKey = false&#xD;
                                       IsIndex = false&#xD;
                                       JoinOn = None&#xD;
                                       Source = ""Fact""&#xD;
                                       QuotedSource = ""Fact""&#xD;
                                       SqlName = "psqlName"&#xD;
                                       QuotedSqlName = ""psqlName""&#xD;
                                       FSharpName = "name"&#xD;
                                       Type = System.String&#xD;
                                       PropertyInfo = System.String name };&#xD;
   { Index = 3&#xD;
     IsKey = false&#xD;
     IsIndex = false&#xD;
     JoinOn = None&#xD;
     Source = ""Fact""&#xD;
     QuotedSource = ""Fact""&#xD;
     SqlName = "timeStamp"&#xD;
     QuotedSqlName = ""timeStamp""&#xD;
     FSharpName = "timeStamp"&#xD;
     Type = System.String&#xD;
     PropertyInfo = System.String timeStamp };&#xD;
   { Index = 4&#xD;
     IsKey = false&#xD;
     IsIndex = false&#xD;
     JoinOn = None&#xD;
     Source = ""Fact""&#xD;
     QuotedSource = ""Fact""&#xD;
     SqlName = "specialChar"&#xD;
     QuotedSqlName = ""specialChar""&#xD;
     FSharpName = "specialChar"&#xD;
     Type = System.String&#xD;
     PropertyInfo = System.String specialChar }; ...]&#xD;
Query being generated:&#xD;
&#xD;
update "Fact" set "indexId" = @indexId, "psqlName" = @name, "timeStamp" = @timeStamp, "specialChar" = @specialChar, "maybeSomething" = @maybeSomething, "sometimesNothing" = @sometimesNothing, "biteSize" = @biteSize where "Fact"."id" = @id&#xD;
&#xD;
&#xD;
&#xD;
seq [Ok 1; Ok 1]Query being generated:&#xD;
&#xD;
select "Fact"."indexId", "Fact"."id", "Fact"."psqlName", "Fact"."timeStamp", "Fact"."specialChar", "Fact"."maybeSomething", "Fact"."sometimesNothing", "Fact"."biteSize", "SubFact"."subFact" from "Fact" left join "SubFact" on "SubFact"."factId" = "Fact"."indexId" where id = '38e50037-07bd-4ca0-a240-4e1a017c2167'&#xD;
&#xD;
&#xD;
&#xD;
Query being generated:&#xD;
&#xD;
select "Fact"."indexId", "Fact"."id", "Fact"."psqlName", "Fact"."timeStamp", "Fact"."specialChar", "Fact"."maybeSomething", "Fact"."sometimesNothing", "Fact"."biteSize", "SubFact"."subFact" from "Fact" left join "SubFact" on "SubFact"."factId" = "Fact"."indexId" where id = 'aaa439dd-4858-4ada-904d-cb652218744a'&#xD;
&#xD;
&#xD;
&#xD;
</Text>
      </RunInfo>
      <RunInfo computerName="THE-BIG-RIG" outcome="Warning" timestamp="2023-08-03T20:11:00.4430595-04:00">
        <Text>Updating...&#xD;
columns to update: seq&#xD;
  [{ Index = 0&#xD;
     IsKey = false&#xD;
     IsIndex = true&#xD;
     JoinOn = Some ("SubFact", "factId")&#xD;
     Source = ""Fact""&#xD;
     QuotedSource = ""Fact""&#xD;
     SqlName = "indexId"&#xD;
     QuotedSqlName = ""indexId""&#xD;
     FSharpName = "indexId"&#xD;
     Type = System.Int64&#xD;
     PropertyInfo = Int64 indexId }; { Index = 2&#xD;
                                       IsKey = false&#xD;
                                       IsIndex = false&#xD;
                                       JoinOn = None&#xD;
                                       Source = ""Fact""&#xD;
                                       QuotedSource = ""Fact""&#xD;
                                       SqlName = "psqlName"&#xD;
                                       QuotedSqlName = ""psqlName""&#xD;
                                       FSharpName = "name"&#xD;
                                       Type = System.String&#xD;
                                       PropertyInfo = System.String name };&#xD;
   { Index = 3&#xD;
     IsKey = false&#xD;
     IsIndex = false&#xD;
     JoinOn = None&#xD;
     Source = ""Fact""&#xD;
     QuotedSource = ""Fact""&#xD;
     SqlName = "timeStamp"&#xD;
     QuotedSqlName = ""timeStamp""&#xD;
     FSharpName = "timeStamp"&#xD;
     Type = System.String&#xD;
     PropertyInfo = System.String timeStamp };&#xD;
   { Index = 4&#xD;
     IsKey = false&#xD;
     IsIndex = false&#xD;
     JoinOn = None&#xD;
     Source = ""Fact""&#xD;
     QuotedSource = ""Fact""&#xD;
     SqlName = "specialChar"&#xD;
     QuotedSqlName = ""specialChar""&#xD;
     FSharpName = "specialChar"&#xD;
     Type = System.String&#xD;
     PropertyInfo = System.String specialChar }; ...]&#xD;
Query being generated:&#xD;
&#xD;
update "Fact" set "indexId" = @indexId, "psqlName" = @name, "timeStamp" = @timeStamp, "specialChar" = @specialChar, "maybeSomething" = @maybeSomething, "sometimesNothing" = @sometimesNothing, "biteSize" = @biteSize where "indexId" = 1&#xD;
&#xD;
&#xD;
&#xD;
</Text>
      </RunInfo>
      <RunInfo computerName="THE-BIG-RIG" outcome="Warning" timestamp="2023-08-03T20:11:00.4804507-04:00">
        <Text>Do we have a transaction? Some Microsoft.Data.Sqlite.SqliteTransaction&#xD;
Query being generated:&#xD;
&#xD;
insert into "Fact" ( "indexId", "id", "sqliteName", "timeStamp", "specialChar", "maybeSomething", "sometimesNothing", "biteSize" ) values ( @indexId, @id, @name, @timeStamp, @specialChar, @maybeSomething, @sometimesNothing, @biteSize )&#xD;
&#xD;
&#xD;
&#xD;
Param count: 8&#xD;
Param 0 - "@indexId": 1L&#xD;
Param 1 - "@id": "41e9c7d9-607f-4092-9a4c-60ed171907f9"&#xD;
Param 2 - "@name": "Gerry McGuire"&#xD;
Param 3 - "@timeStamp": "8/3/2023 8:11:00 PM"&#xD;
Param 4 - "@specialChar": "Δ"&#xD;
Param 5 - "@maybeSomething": "true"&#xD;
Param 6 - "@sometimesNothing": 1L&#xD;
Param 7 - "@biteSize": "!aBite"&#xD;
Query being generated:&#xD;
&#xD;
delete from "Fact" where "Fact"."id" = @id&#xD;
&#xD;
&#xD;
&#xD;
Query being generated:&#xD;
&#xD;
select "Fact"."indexId", "Fact"."id", "Fact"."sqliteName", "Fact"."timeStamp", "Fact"."specialChar", "Fact"."maybeSomething", "Fact"."sometimesNothing", "Fact"."biteSize", "SubFact"."subFact" from "Fact" left join "SubFact" on "SubFact"."factId" = "Fact"."indexId" where id = '41e9c7d9-607f-4092-9a4c-60ed171907f9'&#xD;
&#xD;
&#xD;
&#xD;
</Text>
      </RunInfo>
      <RunInfo computerName="THE-BIG-RIG" outcome="Warning" timestamp="2023-08-03T20:11:00.5026482-04:00">
        <Text>Do we have a transaction? Some Microsoft.Data.Sqlite.SqliteTransaction&#xD;
Query being generated:&#xD;
&#xD;
insert into "Fact" ( "indexId", "id", "sqliteName", "timeStamp", "specialChar", "maybeSomething", "sometimesNothing", "biteSize" ) values ( @indexId, @id, @name, @timeStamp, @specialChar, @maybeSomething, @sometimesNothing, @biteSize )&#xD;
&#xD;
&#xD;
&#xD;
Param count: 8&#xD;
Param 0 - "@indexId": 1L&#xD;
Param 1 - "@id": "6cc46e1b-ddfc-46c1-9d8d-68080dfc6363"&#xD;
Param 2 - "@name": "Gerry McGuire"&#xD;
Param 3 - "@timeStamp": "8/3/2023 8:11:00 PM"&#xD;
Param 4 - "@specialChar": "Δ"&#xD;
Param 5 - "@maybeSomething": "true"&#xD;
Param 6 - "@sometimesNothing": 1L&#xD;
Param 7 - "@biteSize": "!aBite"&#xD;
Query being generated:&#xD;
&#xD;
select "Fact"."indexId", "Fact"."id", "Fact"."sqliteName", "Fact"."timeStamp", "Fact"."specialChar", "Fact"."maybeSomething", "Fact"."sometimesNothing", "Fact"."biteSize", "SubFact"."subFact" from "Fact" left join "SubFact" on "SubFact"."factId" = "Fact"."indexId" where id = '6cc46e1b-ddfc-46c1-9d8d-68080dfc6363'&#xD;
&#xD;
&#xD;
&#xD;
Query being generated:&#xD;
&#xD;
select "Fact"."indexId", "Fact"."id", "Fact"."sqliteName", "Fact"."timeStamp", "Fact"."specialChar", "Fact"."maybeSomething", "Fact"."sometimesNothing", "Fact"."biteSize", "SubFact"."subFact" from "Fact" left join "SubFact" on "SubFact"."factId" = "Fact"."indexId" where id = '6cc46e1b-ddfc-46c1-9d8d-68080dfc6363'&#xD;
&#xD;
&#xD;
&#xD;
</Text>
      </RunInfo>
      <RunInfo computerName="THE-BIG-RIG" outcome="Warning" timestamp="2023-08-03T20:11:00.5373919-04:00">
        <Text>Do we have a transaction? Some Microsoft.Data.Sqlite.SqliteTransaction&#xD;
Query being generated:&#xD;
&#xD;
insert into "Fact" ( "indexId", "id", "sqliteName", "timeStamp", "specialChar", "maybeSomething", "sometimesNothing", "biteSize" ) values ( @indexId, @id, @name, @timeStamp, @specialChar, @maybeSomething, @sometimesNothing, @biteSize )&#xD;
&#xD;
&#xD;
&#xD;
Param count: 8&#xD;
Param 0 - "@indexId": 1L&#xD;
Param 1 - "@id": "cfdc0e33-357e-44a5-b27c-a94c2f1cead9"&#xD;
Param 2 - "@name": "Gerry McGuire"&#xD;
Param 3 - "@timeStamp": "8/3/2023 8:11:00 PM"&#xD;
Param 4 - "@specialChar": "Δ"&#xD;
Param 5 - "@maybeSomething": "true"&#xD;
Param 6 - "@sometimesNothing": 1L&#xD;
Param 7 - "@biteSize": "!aBite"&#xD;
columns to update: seq&#xD;
  [{ Index = 0&#xD;
     IsKey = false&#xD;
     IsIndex = true&#xD;
     JoinOn = Some ("SubFact", "factId")&#xD;
     Source = ""Fact""&#xD;
     QuotedSource = ""Fact""&#xD;
     SqlName = "indexId"&#xD;
     QuotedSqlName = ""indexId""&#xD;
     FSharpName = "indexId"&#xD;
     Type = System.Int64&#xD;
     PropertyInfo = Int64 indexId }; { Index = 2&#xD;
                                       IsKey = false&#xD;
                                       IsIndex = false&#xD;
                                       JoinOn = None&#xD;
                                       Source = ""Fact""&#xD;
                                       QuotedSource = ""Fact""&#xD;
                                       SqlName = "sqliteName"&#xD;
                                       QuotedSqlName = ""sqliteName""&#xD;
                                       FSharpName = "name"&#xD;
                                       Type = System.String&#xD;
                                       PropertyInfo = System.String name };&#xD;
   { Index = 3&#xD;
     IsKey = false&#xD;
     IsIndex = false&#xD;
     JoinOn = None&#xD;
     Source = ""Fact""&#xD;
     QuotedSource = ""Fact""&#xD;
     SqlName = "timeStamp"&#xD;
     QuotedSqlName = ""timeStamp""&#xD;
     FSharpName = "timeStamp"&#xD;
     Type = System.String&#xD;
     PropertyInfo = System.String timeStamp };&#xD;
   { Index = 4&#xD;
     IsKey = false&#xD;
     IsIndex = false&#xD;
     JoinOn = None&#xD;
     Source = ""Fact""&#xD;
     QuotedSource = ""Fact""&#xD;
     SqlName = "specialChar"&#xD;
     QuotedSqlName = ""specialChar""&#xD;
     FSharpName = "specialChar"&#xD;
     Type = System.String&#xD;
     PropertyInfo = System.String specialChar }; ...]&#xD;
Query being generated:&#xD;
&#xD;
update "Fact" set "indexId" = @indexId, "sqliteName" = @name, "timeStamp" = @timeStamp, "specialChar" = @specialChar, "maybeSomething" = @maybeSomething, "sometimesNothing" = @sometimesNothing, "biteSize" = @biteSize where "Fact"."id" = @id&#xD;
&#xD;
&#xD;
&#xD;
Query being generated:&#xD;
&#xD;
select "Fact"."indexId", "Fact"."id", "Fact"."sqliteName", "Fact"."timeStamp", "Fact"."specialChar", "Fact"."maybeSomething", "Fact"."sometimesNothing", "Fact"."biteSize", "SubFact"."subFact" from "Fact" left join "SubFact" on "SubFact"."factId" = "Fact"."indexId" where id = 'cfdc0e33-357e-44a5-b27c-a94c2f1cead9'&#xD;
&#xD;
&#xD;
&#xD;
Query being generated:&#xD;
&#xD;
select "Fact"."indexId", "Fact"."id", "Fact"."sqliteName", "Fact"."timeStamp", "Fact"."specialChar", "Fact"."maybeSomething", "Fact"."sometimesNothing", "Fact"."biteSize", "SubFact"."subFact" from "Fact" left join "SubFact" on "SubFact"."factId" = "Fact"."indexId" where id = 'cfdc0e33-357e-44a5-b27c-a94c2f1cead9'&#xD;
&#xD;
&#xD;
&#xD;
Query being generated:&#xD;
&#xD;
select "Fact"."indexId", "Fact"."id", "Fact"."sqliteName", "Fact"."timeStamp", "Fact"."specialChar", "Fact"."maybeSomething", "Fact"."sometimesNothing", "Fact"."biteSize", "SubFact"."subFact" from "Fact" left join "SubFact" on "SubFact"."factId" = "Fact"."indexId" where id = 'cfdc0e33-357e-44a5-b27c-a94c2f1cead9'&#xD;
&#xD;
&#xD;
&#xD;
</Text>
      </RunInfo>
      <RunInfo computerName="THE-BIG-RIG" outcome="Warning" timestamp="2023-08-03T20:11:00.5431088-04:00">
        <Text>Reading...&#xD;
Query being generated:&#xD;
&#xD;
select * from "Fact"&#xD;
&#xD;
&#xD;
&#xD;
</Text>
      </RunInfo>
      <RunInfo computerName="THE-BIG-RIG" outcome="Warning" timestamp="2023-08-03T20:11:00.6280461-04:00">
        <Text>Do we have a transaction? Some Npgsql.NpgsqlTransaction&#xD;
Query being generated:&#xD;
&#xD;
insert into "Fact" ( "indexId", "id", "psqlName", "timeStamp", "specialChar", "maybeSomething", "sometimesNothing", "biteSize" ) values ( @indexId, @id, @name, @timeStamp, @specialChar, @maybeSomething, @sometimesNothing, @biteSize )&#xD;
&#xD;
&#xD;
&#xD;
Param count: 8&#xD;
Param 0 - "@indexId": 1L&#xD;
Param 1 - "@id": "bb2f66c1-76ec-4251-8483-76e737c563ba"&#xD;
Param 2 - "@name": "Gerry McGuire"&#xD;
Param 3 - "@timeStamp": "8/3/2023 8:11:00 PM"&#xD;
Param 4 - "@specialChar": "Δ"&#xD;
Param 5 - "@maybeSomething": "true"&#xD;
Param 6 - "@sometimesNothing": 1L&#xD;
Param 7 - "@biteSize": "!aBite"&#xD;
Query being generated:&#xD;
&#xD;
delete from "Fact" where "Fact"."id" = @id&#xD;
&#xD;
&#xD;
&#xD;
Query being generated:&#xD;
&#xD;
select "Fact"."indexId", "Fact"."id", "Fact"."psqlName", "Fact"."timeStamp", "Fact"."specialChar", "Fact"."maybeSomething", "Fact"."sometimesNothing", "Fact"."biteSize", "SubFact"."subFact" from "Fact" left join "SubFact" on "SubFact"."factId" = "Fact"."indexId" where id = 'bb2f66c1-76ec-4251-8483-76e737c563ba'&#xD;
&#xD;
&#xD;
&#xD;
</Text>
      </RunInfo>
      <RunInfo computerName="THE-BIG-RIG" outcome="Warning" timestamp="2023-08-03T20:11:00.8091206-04:00">
        <Text>Do we have a transaction? Some Npgsql.NpgsqlTransaction&#xD;
Query being generated:&#xD;
&#xD;
insert into "Fact" ( "indexId", "id", "psqlName", "timeStamp", "specialChar", "maybeSomething", "sometimesNothing", "biteSize" ) values ( @indexId, @id, @name, @timeStamp, @specialChar, @maybeSomething, @sometimesNothing, @biteSize )&#xD;
&#xD;
&#xD;
&#xD;
Param count: 8&#xD;
Param 0 - "@indexId": 1L&#xD;
Param 1 - "@id": "cc9469a2-a48b-44cd-9d8a-f22d08a3fa0d"&#xD;
Param 2 - "@name": "Gerry McGuire"&#xD;
Param 3 - "@timeStamp": "8/3/2023 8:11:00 PM"&#xD;
Param 4 - "@specialChar": "Δ"&#xD;
Param 5 - "@maybeSomething": "true"&#xD;
Param 6 - "@sometimesNothing": 1L&#xD;
Param 7 - "@biteSize": "!aBite"&#xD;
Query being generated:&#xD;
&#xD;
select "Fact"."indexId", "Fact"."id", "Fact"."psqlName", "Fact"."timeStamp", "Fact"."specialChar", "Fact"."maybeSomething", "Fact"."sometimesNothing", "Fact"."biteSize", "SubFact"."subFact" from "Fact" left join "SubFact" on "SubFact"."factId" = "Fact"."indexId" where id = 'cc9469a2-a48b-44cd-9d8a-f22d08a3fa0d'&#xD;
&#xD;
&#xD;
&#xD;
Query being generated:&#xD;
&#xD;
select "Fact"."indexId", "Fact"."id", "Fact"."psqlName", "Fact"."timeStamp", "Fact"."specialChar", "Fact"."maybeSomething", "Fact"."sometimesNothing", "Fact"."biteSize", "SubFact"."subFact" from "Fact" left join "SubFact" on "SubFact"."factId" = "Fact"."indexId" where id = 'cc9469a2-a48b-44cd-9d8a-f22d08a3fa0d'&#xD;
&#xD;
&#xD;
&#xD;
</Text>
      </RunInfo>
      <RunInfo computerName="THE-BIG-RIG" outcome="Warning" timestamp="2023-08-03T20:11:01.0106230-04:00">
        <Text>Do we have a transaction? Some Npgsql.NpgsqlTransaction&#xD;
Query being generated:&#xD;
&#xD;
insert into "Fact" ( "indexId", "id", "psqlName", "timeStamp", "specialChar", "maybeSomething", "sometimesNothing", "biteSize" ) values ( @indexId, @id, @name, @timeStamp, @specialChar, @maybeSomething, @sometimesNothing, @biteSize )&#xD;
&#xD;
&#xD;
&#xD;
Param count: 8&#xD;
Param 0 - "@indexId": 1L&#xD;
Param 1 - "@id": "fc034a7b-2c66-4a0e-a1d1-c6c432b67982"&#xD;
Param 2 - "@name": "Gerry McGuire"&#xD;
Param 3 - "@timeStamp": "8/3/2023 8:11:00 PM"&#xD;
Param 4 - "@specialChar": "Δ"&#xD;
Param 5 - "@maybeSomething": "true"&#xD;
Param 6 - "@sometimesNothing": 1L&#xD;
Param 7 - "@biteSize": "!aBite"&#xD;
columns to update: seq&#xD;
  [{ Index = 0&#xD;
     IsKey = false&#xD;
     IsIndex = true&#xD;
     JoinOn = Some ("SubFact", "factId")&#xD;
     Source = ""Fact""&#xD;
     QuotedSource = ""Fact""&#xD;
     SqlName = "indexId"&#xD;
     QuotedSqlName = ""indexId""&#xD;
     FSharpName = "indexId"&#xD;
     Type = System.Int64&#xD;
     PropertyInfo = Int64 indexId }; { Index = 2&#xD;
                                       IsKey = false&#xD;
                                       IsIndex = false&#xD;
                                       JoinOn = None&#xD;
                                       Source = ""Fact""&#xD;
                                       QuotedSource = ""Fact""&#xD;
                                       SqlName = "psqlName"&#xD;
                                       QuotedSqlName = ""psqlName""&#xD;
                                       FSharpName = "name"&#xD;
                                       Type = System.String&#xD;
                                       PropertyInfo = System.String name };&#xD;
   { Index = 3&#xD;
     IsKey = false&#xD;
     IsIndex = false&#xD;
     JoinOn = None&#xD;
     Source = ""Fact""&#xD;
     QuotedSource = ""Fact""&#xD;
     SqlName = "timeStamp"&#xD;
     QuotedSqlName = ""timeStamp""&#xD;
     FSharpName = "timeStamp"&#xD;
     Type = System.String&#xD;
     PropertyInfo = System.String timeStamp };&#xD;
   { Index = 4&#xD;
     IsKey = false&#xD;
     IsIndex = false&#xD;
     JoinOn = None&#xD;
     Source = ""Fact""&#xD;
     QuotedSource = ""Fact""&#xD;
     SqlName = "specialChar"&#xD;
     QuotedSqlName = ""specialChar""&#xD;
     FSharpName = "specialChar"&#xD;
     Type = System.String&#xD;
     PropertyInfo = System.String specialChar }; ...]&#xD;
Query being generated:&#xD;
&#xD;
update "Fact" set "indexId" = @indexId, "psqlName" = @name, "timeStamp" = @timeStamp, "specialChar" = @specialChar, "maybeSomething" = @maybeSomething, "sometimesNothing" = @sometimesNothing, "biteSize" = @biteSize where "Fact"."id" = @id&#xD;
&#xD;
&#xD;
&#xD;
Query being generated:&#xD;
&#xD;
select "Fact"."indexId", "Fact"."id", "Fact"."psqlName", "Fact"."timeStamp", "Fact"."specialChar", "Fact"."maybeSomething", "Fact"."sometimesNothing", "Fact"."biteSize", "SubFact"."subFact" from "Fact" left join "SubFact" on "SubFact"."factId" = "Fact"."indexId" where id = 'fc034a7b-2c66-4a0e-a1d1-c6c432b67982'&#xD;
&#xD;
&#xD;
&#xD;
Query being generated:&#xD;
&#xD;
select "Fact"."indexId", "Fact"."id", "Fact"."psqlName", "Fact"."timeStamp", "Fact"."specialChar", "Fact"."maybeSomething", "Fact"."sometimesNothing", "Fact"."biteSize", "SubFact"."subFact" from "Fact" left join "SubFact" on "SubFact"."factId" = "Fact"."indexId" where id = 'fc034a7b-2c66-4a0e-a1d1-c6c432b67982'&#xD;
&#xD;
&#xD;
&#xD;
Query being generated:&#xD;
&#xD;
select "Fact"."indexId", "Fact"."id", "Fact"."psqlName", "Fact"."timeStamp", "Fact"."specialChar", "Fact"."maybeSomething", "Fact"."sometimesNothing", "Fact"."biteSize", "SubFact"."subFact" from "Fact" left join "SubFact" on "SubFact"."factId" = "Fact"."indexId" where id = 'fc034a7b-2c66-4a0e-a1d1-c6c432b67982'&#xD;
&#xD;
&#xD;
&#xD;
</Text>
      </RunInfo>
      <RunInfo computerName="THE-BIG-RIG" outcome="Warning" timestamp="2023-08-03T20:11:01.1569449-04:00">
        <Text>Reading...&#xD;
Query being generated:&#xD;
&#xD;
select * from "Fact"&#xD;
&#xD;
&#xD;
&#xD;
</Text>
      </RunInfo>
    </RunInfos>
  </ResultSummary>
</TestRun>