<?xml version="1.0" encoding="utf-8"?>
<TestRun id="6321128d-bd5a-4624-9f3b-06481f533d9a" name="Evan@THE-BIG-RIG 2023-09-21 11:30:47" runUser="THE-BIG-RIG\Evan" xmlns="http://microsoft.com/schemas/VisualStudio/TeamTest/2010">
  <Times creation="2023-09-21T11:30:47.9564194-04:00" queuing="2023-09-21T11:30:47.9564195-04:00" start="2023-09-21T11:30:36.1002230-04:00" finish="2023-09-21T11:31:09.6224999-04:00" />
  <TestSettings name="default" id="66a87ec4-d6d4-4b22-b6d6-768e214875ed">
    <Deployment runDeploymentRoot="Evan_THE-BIG-RIG_2023-09-21_11_30_47" />
  </TestSettings>
  <Results>
    <UnitTestResult executionId="3688f19c-6427-458e-9691-f7f2f685e2ce" testId="42e6598b-9cd5-653b-3da2-3c525142a803" testName="DeleteMany" computerName="THE-BIG-RIG" duration="00:00:00.0426040" startTime="2023-09-21T11:31:08.5907180-04:00" endTime="2023-09-21T11:31:08.6333223-04:00" testType="13cdc9d9-ddb5-4fa4-a97d-d965ccfc6d4b" outcome="Passed" testListId="8c84fa94-04c1-424b-9868-57a2d4851a1d" relativeResultsDirectory="3688f19c-6427-458e-9691-f7f2f685e2ce">
      <Output>
        <StdOut>Deleting Many...&#xD;
Query being generated:&#xD;
&#xD;
delete from "Fact" where "Fact"."id" = @id&#xD;
&#xD;
&#xD;
&#xD;
&#xD;
2</StdOut>
      </Output>
    </UnitTestResult>
    <UnitTestResult executionId="7f9f1361-9e47-45d0-a61e-8acbe0c286c6" testId="2d284b6c-5c67-896d-d39b-b582fc474284" testName="ReaderWithTransaction" computerName="THE-BIG-RIG" duration="00:00:00.0048900" startTime="2023-09-21T11:31:09.0704652-04:00" endTime="2023-09-21T11:31:09.0753555-04:00" testType="13cdc9d9-ddb5-4fa4-a97d-d965ccfc6d4b" outcome="Passed" testListId="8c84fa94-04c1-424b-9868-57a2d4851a1d" relativeResultsDirectory="7f9f1361-9e47-45d0-a61e-8acbe0c286c6">
      <Output>
        <StdOut>Reading...&#xD;
Query being generated:&#xD;
&#xD;
select * from "Fact"&#xD;
&#xD;
&#xD;
&#xD;
&#xD;
Error: No connection associated with this command</StdOut>
      </Output>
    </UnitTestResult>
    <UnitTestResult executionId="be3d1c21-c737-4a48-b5c3-34887053eb1b" testId="f189dfb4-c52c-9727-119d-7c606e4a4427" testName="SelectLimit" computerName="THE-BIG-RIG" duration="00:00:00.0050260" startTime="2023-09-21T11:30:48.0093051-04:00" endTime="2023-09-21T11:30:48.0143306-04:00" testType="13cdc9d9-ddb5-4fa4-a97d-d965ccfc6d4b" outcome="Passed" testListId="8c84fa94-04c1-424b-9868-57a2d4851a1d" relativeResultsDirectory="be3d1c21-c737-4a48-b5c3-34887053eb1b">
      <Output>
        <StdOut>Selecting All...&#xD;
Query being generated:&#xD;
&#xD;
select "Fact"."indexId", "Fact"."id", "Fact"."sqliteName", "Fact"."timeStamp", "Fact"."specialChar", "Fact"."maybeSomething", "Fact"."sometimesNothing", "Fact"."biteSize", "SubFact"."subFact" from "Fact" left join "SubFact" on "SubFact"."factId" = "Fact"."indexId" limit 5&#xD;
&#xD;
&#xD;
&#xD;
{ indexId = 1L&#xD;
  id = "7369754b-e742-4bcb-9899-f11d4cf1c1ec"&#xD;
  name = "Gerry McGuire"&#xD;
  timeStamp = "9/21/2023 11:30:47 AM"&#xD;
  specialChar = "Δ"&#xD;
  maybeSomething = "true"&#xD;
  sometimesNothing = Some 1L&#xD;
  biteSize = "!aBite"&#xD;
  subFact = None }&#xD;
{ indexId = 1L&#xD;
  id = "7d3265ac-3280-494d-b49d-e63f8bb11831"&#xD;
  name = "Gerry McGuire"&#xD;
  timeStamp = "9/21/2023 11:30:47 AM"&#xD;
  specialChar = "Δ"&#xD;
  maybeSomething = "true"&#xD;
  sometimesNothing = Some 1L&#xD;
  biteSize = "!aBite"&#xD;
  subFact = None }&#xD;
{ indexId = 1L&#xD;
  id = "9bb4ca09-6e4c-4674-8f91-f319ebe11019"&#xD;
  name = "Gerry McGuire"&#xD;
  timeStamp = "9/21/2023 11:30:47 AM"&#xD;
  specialChar = "Δ"&#xD;
  maybeSomething = "true"&#xD;
  sometimesNothing = None&#xD;
  biteSize = "!aBite"&#xD;
  subFact = None }&#xD;
{ indexId = 1L&#xD;
  id = "1a58422f-f1d6-4da1-9551-7e68da080ef1"&#xD;
  name = "Gerry McGuire"&#xD;
  timeStamp = "9/21/2023 11:30:47 AM"&#xD;
  specialChar = "Δ"&#xD;
  maybeSomething = "true"&#xD;
  sometimesNothing = Some 1L&#xD;
  biteSize = "!aBite"&#xD;
  subFact = None }&#xD;
{ indexId = 1L&#xD;
  id = "c2dcc2ed-2257-4734-9658-b0e62a7f1600"&#xD;
  name = "Gerry McGuire"&#xD;
  timeStamp = "9/21/2023 11:30:47 AM"&#xD;
  specialChar = "Δ"&#xD;
  maybeSomething = "true"&#xD;
  sometimesNothing = Some 1L&#xD;
  biteSize = "!aBite"&#xD;
  subFact = None }&#xD;
Query being generated:&#xD;
&#xD;
select "Fact"."indexId", "Fact"."id", "Fact"."sqliteName", "Fact"."timeStamp", "Fact"."specialChar", "Fact"."maybeSomething", "Fact"."sometimesNothing", "Fact"."biteSize", "SubFact"."subFact" from "Fact" left join "SubFact" on "SubFact"."factId" = "Fact"."indexId" limit 5&#xD;
&#xD;
&#xD;
&#xD;
&#xD;
facts: Error: Database is not open</StdOut>
      </Output>
    </UnitTestResult>
    <UnitTestResult executionId="c0997d81-9705-408a-bdcf-41b4bfd53310" testId="8def2ab4-03c9-dd78-923a-b03a9ebf2979" testName="AsyncSelect" computerName="THE-BIG-RIG" duration="00:00:00.0222920" startTime="2023-09-21T11:30:47.9354781-04:00" endTime="2023-09-21T11:30:47.9577693-04:00" testType="13cdc9d9-ddb5-4fa4-a97d-d965ccfc6d4b" outcome="Passed" testListId="8c84fa94-04c1-424b-9868-57a2d4851a1d" relativeResultsDirectory="c0997d81-9705-408a-bdcf-41b4bfd53310">
      <Output>
        <StdOut>Asynchronously Selecting All...&#xD;
Query being generated:&#xD;
&#xD;
select "Fact"."indexId", "Fact"."id", "Fact"."sqliteName", "Fact"."timeStamp", "Fact"."specialChar", "Fact"."maybeSomething", "Fact"."sometimesNothing", "Fact"."biteSize", "SubFact"."subFact" from "Fact" left join "SubFact" on "SubFact"."factId" = "Fact"."indexId"&#xD;
&#xD;
&#xD;
&#xD;
{ indexId = 1L&#xD;
  id = "7d3265ac-3280-494d-b49d-e63f8bb11831"&#xD;
  name = "Gerry McGuire"&#xD;
  timeStamp = "9/21/2023 11:30:37 AM"&#xD;
  specialChar = "Δ"&#xD;
  maybeSomething = "true"&#xD;
  sometimesNothing = Some 1L&#xD;
  biteSize = "!aBite"&#xD;
  subFact = None }&#xD;
{ indexId = 1L&#xD;
  id = "9bb4ca09-6e4c-4674-8f91-f319ebe11019"&#xD;
  name = "Gerry McGuire"&#xD;
  timeStamp = "9/21/2023 11:30:37 AM"&#xD;
  specialChar = "Δ"&#xD;
  maybeSomething = "true"&#xD;
  sometimesNothing = None&#xD;
  biteSize = "!aBite"&#xD;
  subFact = None }&#xD;
{ indexId = 1L&#xD;
  id = "1a58422f-f1d6-4da1-9551-7e68da080ef1"&#xD;
  name = "Gerry McGuire"&#xD;
  timeStamp = "9/21/2023 11:30:37 AM"&#xD;
  specialChar = "Δ"&#xD;
  maybeSomething = "true"&#xD;
  sometimesNothing = Some 1L&#xD;
  biteSize = "!aBite"&#xD;
  subFact = None }&#xD;
{ indexId = 1L&#xD;
  id = "9d782baf-5f0e-4b28-b66e-1623dc52e6d1"&#xD;
  name = "Gerry McGuire"&#xD;
  timeStamp = "9/21/2023 11:30:37 AM"&#xD;
  specialChar = "Δ"&#xD;
  maybeSomething = "true"&#xD;
  sometimesNothing = Some 1L&#xD;
  biteSize = "!aBite"&#xD;
  subFact = None }&#xD;
Query being generated:&#xD;
&#xD;
select "Fact"."indexId", "Fact"."id", "Fact"."sqliteName", "Fact"."timeStamp", "Fact"."specialChar", "Fact"."maybeSomething", "Fact"."sometimesNothing", "Fact"."biteSize", "SubFact"."subFact" from "Fact" left join "SubFact" on "SubFact"."factId" = "Fact"."indexId"&#xD;
&#xD;
&#xD;
&#xD;
&#xD;
facts: Error: Database is not open</StdOut>
      </Output>
    </UnitTestResult>
    <UnitTestResult executionId="c17e9bff-885e-4a43-86ca-696bf5dbcd44" testId="a5ba3d7c-9d20-9b92-f0f2-e5aa18e9eee0" testName="QueryBuild" computerName="THE-BIG-RIG" duration="00:00:00.0004290" startTime="2023-09-21T11:31:08.7336440-04:00" endTime="2023-09-21T11:31:08.7340734-04:00" testType="13cdc9d9-ddb5-4fa4-a97d-d965ccfc6d4b" outcome="Passed" testListId="8c84fa94-04c1-424b-9868-57a2d4851a1d" relativeResultsDirectory="c17e9bff-885e-4a43-86ca-696bf5dbcd44">
      <Output>
        <StdOut>""Fact"."indexId", "Fact"."id", "Fact"."psqlName", "Fact"."timeStamp", "Fact"."specialChar", "Fact"."maybeSomething", "Fact"."sometimesNothing", "Fact"."biteSize", "SubFact"."subFact" from "Fact" left join "SubFact" on "SubFact"."factId" = "Fact"."indexId""</StdOut>
      </Output>
    </UnitTestResult>
    <UnitTestResult executionId="46aaed18-401f-49f8-9eb2-a61470f38baf" testId="3cbac31c-9e36-f64a-b1ac-61a9a72493dd" testName="AsyncInsertMany" computerName="THE-BIG-RIG" duration="00:00:10.0777480" startTime="2023-09-21T11:30:48.3472972-04:00" endTime="2023-09-21T11:30:58.4250457-04:00" testType="13cdc9d9-ddb5-4fa4-a97d-d965ccfc6d4b" outcome="Passed" testListId="8c84fa94-04c1-424b-9868-57a2d4851a1d" relativeResultsDirectory="46aaed18-401f-49f8-9eb2-a61470f38baf">
      <Output>
        <StdOut>Query being generated:&#xD;
&#xD;
insert into "Fact" ( "indexId", "id", "psqlName", "timeStamp", "specialChar", "maybeSomething", "sometimesNothing", "biteSize" ) values ( @indexId, @id, @name, @timeStamp, @specialChar, @maybeSomething, @sometimesNothing, @biteSize )</StdOut>
      </Output>
    </UnitTestResult>
    <UnitTestResult executionId="ba524b2b-2e84-4956-9214-bf07b048e43a" testId="77e42ae1-e871-0f51-987a-6e55093f5e72" testName="Insert" computerName="THE-BIG-RIG" duration="00:00:00.0136820" startTime="2023-09-21T11:31:08.6494549-04:00" endTime="2023-09-21T11:31:08.6631369-04:00" testType="13cdc9d9-ddb5-4fa4-a97d-d965ccfc6d4b" outcome="Passed" testListId="8c84fa94-04c1-424b-9868-57a2d4851a1d" relativeResultsDirectory="ba524b2b-2e84-4956-9214-bf07b048e43a">
      <Output>
        <StdOut>Query being generated:&#xD;
&#xD;
insert into "Fact" ( "indexId", "id", "psqlName", "timeStamp", "specialChar", "maybeSomething", "sometimesNothing", "biteSize" ) values ( @indexId, @id, @name, @timeStamp, @specialChar, @maybeSomething, @sometimesNothing, @biteSize )&#xD;
&#xD;
&#xD;
&#xD;
Param count: 8&#xD;
Param 0 - "@indexId": 1L&#xD;
Param 1 - "@id": "862c40e4-6a1e-495b-a81a-039d20949b04"&#xD;
Param 2 - "@name": "Gerry McGuire"&#xD;
Param 3 - "@timeStamp": "9/21/2023 11:31:08 AM"&#xD;
Param 4 - "@specialChar": "Δ"&#xD;
Param 5 - "@maybeSomething": "true"&#xD;
Param 6 - "@sometimesNothing": 1L&#xD;
Param 7 - "@biteSize": "!aBite"</StdOut>
      </Output>
    </UnitTestResult>
    <UnitTestResult executionId="3c7d51af-dc2a-4d93-a047-6d1cb3522707" testId="7c636acb-1dc9-7632-1fa2-ed50423e327b" testName="Connect" computerName="THE-BIG-RIG" duration="00:00:00.0002580" startTime="2023-09-21T11:31:08.4585026-04:00" endTime="2023-09-21T11:31:08.4587608-04:00" testType="13cdc9d9-ddb5-4fa4-a97d-d965ccfc6d4b" outcome="Passed" testListId="8c84fa94-04c1-424b-9868-57a2d4851a1d" relativeResultsDirectory="3c7d51af-dc2a-4d93-a047-6d1cb3522707">
      <Output>
        <StdOut>Contest: "Data Source=./test.db;"</StdOut>
      </Output>
    </UnitTestResult>
    <UnitTestResult executionId="417a6a0b-c4e6-49bf-b8ee-b18953db730a" testId="d92ff9a4-1b7e-d93a-d9c7-189372bb5a87" testName="InsertDeleteSelect" computerName="THE-BIG-RIG" duration="00:00:00.0594400" startTime="2023-09-21T11:31:09.0983030-04:00" endTime="2023-09-21T11:31:09.1577433-04:00" testType="13cdc9d9-ddb5-4fa4-a97d-d965ccfc6d4b" outcome="Passed" testListId="8c84fa94-04c1-424b-9868-57a2d4851a1d" relativeResultsDirectory="417a6a0b-c4e6-49bf-b8ee-b18953db730a">
      <Output>
        <StdOut>Do we have a transaction? Some Npgsql.NpgsqlTransaction&#xD;
Query being generated:&#xD;
&#xD;
insert into "Fact" ( "indexId", "id", "psqlName", "timeStamp", "specialChar", "maybeSomething", "sometimesNothing", "biteSize" ) values ( @indexId, @id, @name, @timeStamp, @specialChar, @maybeSomething, @sometimesNothing, @biteSize )&#xD;
&#xD;
&#xD;
&#xD;
Param count: 8&#xD;
Param 0 - "@indexId": 1L&#xD;
Param 1 - "@id": "67d15693-3ca9-431f-b66e-e80265195560"&#xD;
Param 2 - "@name": "Gerry McGuire"&#xD;
Param 3 - "@timeStamp": "9/21/2023 11:31:09 AM"&#xD;
Param 4 - "@specialChar": "Δ"&#xD;
Param 5 - "@maybeSomething": "true"&#xD;
Param 6 - "@sometimesNothing": 1L&#xD;
Param 7 - "@biteSize": "!aBite"&#xD;
Query being generated:&#xD;
&#xD;
delete from "Fact" where "Fact"."id" = @id&#xD;
&#xD;
&#xD;
&#xD;
Query being generated:&#xD;
&#xD;
select "Fact"."indexId", "Fact"."id", "Fact"."psqlName", "Fact"."timeStamp", "Fact"."specialChar", "Fact"."maybeSomething", "Fact"."sometimesNothing", "Fact"."biteSize", "SubFact"."subFact" from "Fact" left join "SubFact" on "SubFact"."factId" = "Fact"."indexId" where id = '67d15693-3ca9-431f-b66e-e80265195560'</StdOut>
      </Output>
    </UnitTestResult>
    <UnitTestResult executionId="aee3ea13-77e3-498c-a258-4ae6feafd324" testId="545b1bf1-e638-f0da-05f9-2695305561da" testName="QueryBuild" computerName="THE-BIG-RIG" duration="00:00:00.0016260" startTime="2023-09-21T11:30:47.9967438-04:00" endTime="2023-09-21T11:30:47.9983700-04:00" testType="13cdc9d9-ddb5-4fa4-a97d-d965ccfc6d4b" outcome="Passed" testListId="8c84fa94-04c1-424b-9868-57a2d4851a1d" relativeResultsDirectory="aee3ea13-77e3-498c-a258-4ae6feafd324">
      <Output>
        <StdOut>""Fact"."indexId", "Fact"."id", "Fact"."sqliteName", "Fact"."timeStamp", "Fact"."specialChar", "Fact"."maybeSomething", "Fact"."sometimesNothing", "Fact"."biteSize", "SubFact"."subFact" from "Fact" left join "SubFact" on "SubFact"."factId" = "Fact"."indexId""</StdOut>
      </Output>
    </UnitTestResult>
    <UnitTestResult executionId="1f81eb36-cf84-4d13-a6fa-817c3593d46b" testId="79394db7-0c7a-bbb8-795c-4b52a68853a0" testName="Delete" computerName="THE-BIG-RIG" duration="00:00:00.0078930" startTime="2023-09-21T11:30:47.9588468-04:00" endTime="2023-09-21T11:30:47.9667391-04:00" testType="13cdc9d9-ddb5-4fa4-a97d-d965ccfc6d4b" outcome="Passed" testListId="8c84fa94-04c1-424b-9868-57a2d4851a1d" relativeResultsDirectory="1f81eb36-cf84-4d13-a6fa-817c3593d46b">
      <Output>
        <StdOut>Deleting...&#xD;
Query being generated:&#xD;
&#xD;
delete from "Fact" where "Fact"."id" = @id&#xD;
&#xD;
&#xD;
&#xD;
&#xD;
facts: 0</StdOut>
      </Output>
    </UnitTestResult>
    <UnitTestResult executionId="0ad04b7b-5e5c-46ff-a373-193d9fd9025b" testId="9492c0ce-4418-80f8-dcb0-0fcac251a06f" testName="Select" computerName="THE-BIG-RIG" duration="00:00:00.0050700" startTime="2023-09-21T11:30:48.0042227-04:00" endTime="2023-09-21T11:30:48.0092925-04:00" testType="13cdc9d9-ddb5-4fa4-a97d-d965ccfc6d4b" outcome="Passed" testListId="8c84fa94-04c1-424b-9868-57a2d4851a1d" relativeResultsDirectory="0ad04b7b-5e5c-46ff-a373-193d9fd9025b">
      <Output>
        <StdOut>Selecting All...&#xD;
Query being generated:&#xD;
&#xD;
select "Fact"."indexId", "Fact"."id", "Fact"."sqliteName", "Fact"."timeStamp", "Fact"."specialChar", "Fact"."maybeSomething", "Fact"."sometimesNothing", "Fact"."biteSize", "SubFact"."subFact" from "Fact" left join "SubFact" on "SubFact"."factId" = "Fact"."indexId"&#xD;
&#xD;
&#xD;
&#xD;
{ indexId = 1L&#xD;
  id = "7369754b-e742-4bcb-9899-f11d4cf1c1ec"&#xD;
  name = "Gerry McGuire"&#xD;
  timeStamp = "9/21/2023 11:30:47 AM"&#xD;
  specialChar = "Δ"&#xD;
  maybeSomething = "true"&#xD;
  sometimesNothing = Some 1L&#xD;
  biteSize = "!aBite"&#xD;
  subFact = None }&#xD;
{ indexId = 1L&#xD;
  id = "7d3265ac-3280-494d-b49d-e63f8bb11831"&#xD;
  name = "Gerry McGuire"&#xD;
  timeStamp = "9/21/2023 11:30:47 AM"&#xD;
  specialChar = "Δ"&#xD;
  maybeSomething = "true"&#xD;
  sometimesNothing = Some 1L&#xD;
  biteSize = "!aBite"&#xD;
  subFact = None }&#xD;
{ indexId = 1L&#xD;
  id = "9bb4ca09-6e4c-4674-8f91-f319ebe11019"&#xD;
  name = "Gerry McGuire"&#xD;
  timeStamp = "9/21/2023 11:30:47 AM"&#xD;
  specialChar = "Δ"&#xD;
  maybeSomething = "true"&#xD;
  sometimesNothing = None&#xD;
  biteSize = "!aBite"&#xD;
  subFact = None }&#xD;
{ indexId = 1L&#xD;
  id = "1a58422f-f1d6-4da1-9551-7e68da080ef1"&#xD;
  name = "Gerry McGuire"&#xD;
  timeStamp = "9/21/2023 11:30:47 AM"&#xD;
  specialChar = "Δ"&#xD;
  maybeSomething = "true"&#xD;
  sometimesNothing = Some 1L&#xD;
  biteSize = "!aBite"&#xD;
  subFact = None }&#xD;
{ indexId = 1L&#xD;
  id = "c2dcc2ed-2257-4734-9658-b0e62a7f1600"&#xD;
  name = "Gerry McGuire"&#xD;
  timeStamp = "9/21/2023 11:30:47 AM"&#xD;
  specialChar = "Δ"&#xD;
  maybeSomething = "true"&#xD;
  sometimesNothing = Some 1L&#xD;
  biteSize = "!aBite"&#xD;
  subFact = None }&#xD;
Query being generated:&#xD;
&#xD;
select "Fact"."indexId", "Fact"."id", "Fact"."sqliteName", "Fact"."timeStamp", "Fact"."specialChar", "Fact"."maybeSomething", "Fact"."sometimesNothing", "Fact"."biteSize", "SubFact"."subFact" from "Fact" left join "SubFact" on "SubFact"."factId" = "Fact"."indexId"&#xD;
&#xD;
&#xD;
&#xD;
&#xD;
facts: Error: Database is not open</StdOut>
      </Output>
    </UnitTestResult>
    <UnitTestResult executionId="e05f7348-0757-44c0-9607-de521cf8cb71" testId="11ca4904-a1cf-c42f-1896-98cfb1a9d85e" testName="DeleteWhere" computerName="THE-BIG-RIG" duration="00:00:00.0060360" startTime="2023-09-21T11:30:47.9736935-04:00" endTime="2023-09-21T11:30:47.9797292-04:00" testType="13cdc9d9-ddb5-4fa4-a97d-d965ccfc6d4b" outcome="Passed" testListId="8c84fa94-04c1-424b-9868-57a2d4851a1d" relativeResultsDirectory="e05f7348-0757-44c0-9607-de521cf8cb71">
      <Output>
        <StdOut>Deleting Where...&#xD;
Query being generated:&#xD;
&#xD;
delete from "Fact" where "indexId" = 1&#xD;
&#xD;
&#xD;
&#xD;
&#xD;
facts: 2</StdOut>
      </Output>
    </UnitTestResult>
    <UnitTestResult executionId="97d8b8ad-0d07-4de6-ba68-f547bdfe277c" testId="f184165c-bf14-e692-692c-733347233eef" testName="UpdateWhere" computerName="THE-BIG-RIG" duration="00:00:00.0160560" startTime="2023-09-21T11:31:08.9853090-04:00" endTime="2023-09-21T11:31:09.0013656-04:00" testType="13cdc9d9-ddb5-4fa4-a97d-d965ccfc6d4b" outcome="Passed" testListId="8c84fa94-04c1-424b-9868-57a2d4851a1d" relativeResultsDirectory="97d8b8ad-0d07-4de6-ba68-f547bdfe277c">
      <Output>
        <StdOut>Updating...&#xD;
columns to update: [|{ Index = 0&#xD;
    IsKey = false&#xD;
    IsIndex = true&#xD;
    JoinOn = Some ("SubFact", "factId")&#xD;
    Source = ""Fact""&#xD;
    QuotedSource = ""Fact""&#xD;
    SqlName = "indexId"&#xD;
    QuotedSqlName = ""indexId""&#xD;
    FSharpName = "indexId"&#xD;
    Type = System.Int64&#xD;
    PropertyInfo = Int64 indexId }; { Index = 2&#xD;
                                      IsKey = false&#xD;
                                      IsIndex = false&#xD;
                                      JoinOn = None&#xD;
                                      Source = ""Fact""&#xD;
                                      QuotedSource = ""Fact""&#xD;
                                      SqlName = "psqlName"&#xD;
                                      QuotedSqlName = ""psqlName""&#xD;
                                      FSharpName = "name"&#xD;
                                      Type = System.String&#xD;
                                      PropertyInfo = System.String name };&#xD;
  { Index = 3&#xD;
    IsKey = false&#xD;
    IsIndex = false&#xD;
    JoinOn = None&#xD;
    Source = ""Fact""&#xD;
    QuotedSource = ""Fact""&#xD;
    SqlName = "timeStamp"&#xD;
    QuotedSqlName = ""timeStamp""&#xD;
    FSharpName = "timeStamp"&#xD;
    Type = System.String&#xD;
    PropertyInfo = System.String timeStamp };&#xD;
  { Index = 4&#xD;
    IsKey = false&#xD;
    IsIndex = false&#xD;
    JoinOn = None&#xD;
    Source = ""Fact""&#xD;
    QuotedSource = ""Fact""&#xD;
    SqlName = "specialChar"&#xD;
    QuotedSqlName = ""specialChar""&#xD;
    FSharpName = "specialChar"&#xD;
    Type = System.String&#xD;
    PropertyInfo = System.String specialChar };&#xD;
  { Index = 5&#xD;
    IsKey = false&#xD;
    IsIndex = false&#xD;
    JoinOn = None&#xD;
    Source = ""Fact""&#xD;
    QuotedSource = ""Fact""&#xD;
    SqlName = "maybeSomething"&#xD;
    QuotedSqlName = ""maybeSomething""&#xD;
    FSharpName = "maybeSomething"&#xD;
    Type = System.String&#xD;
    PropertyInfo = System.String maybeSomething };&#xD;
  { Index = 6&#xD;
    IsKey = false&#xD;
    IsIndex = false&#xD;
    JoinOn = None&#xD;
    Source = ""Fact""&#xD;
    QuotedSource = ""Fact""&#xD;
    SqlName = "sometimesNothing"&#xD;
    QuotedSqlName = ""sometimesNothing""&#xD;
    FSharpName = "sometimesNothing"&#xD;
    Type = Microsoft.FSharp.Core.FSharpOption`1[System.Int64]&#xD;
    PropertyInfo =&#xD;
     Microsoft.FSharp.Core.FSharpOption`1[System.Int64] sometimesNothing };&#xD;
  { Index = 7&#xD;
    IsKey = false&#xD;
    IsIndex = false&#xD;
    JoinOn = None&#xD;
    Source = ""Fact""&#xD;
    QuotedSource = ""Fact""&#xD;
    SqlName = "biteSize"&#xD;
    QuotedSqlName = ""biteSize""&#xD;
    FSharpName = "biteSize"&#xD;
    Type = System.String&#xD;
    PropertyInfo = System.String biteSize }|]&#xD;
Query being generated:&#xD;
&#xD;
update "Fact" set "indexId" = @indexId, "psqlName" = @name, "timeStamp" = @timeStamp, "specialChar" = @specialChar, "maybeSomething" = @maybeSomething, "sometimesNothing" = @sometimesNothing, "biteSize" = @biteSize where "indexId" = 1&#xD;
&#xD;
&#xD;
&#xD;
&#xD;
facts: 5</StdOut>
      </Output>
    </UnitTestResult>
    <UnitTestResult executionId="e506b86f-3331-455d-b554-a67d6bc90271" testId="57cae47f-3b44-3854-5d05-8185ecbc5129" testName="Connect" computerName="THE-BIG-RIG" duration="00:00:00.0010180" startTime="2023-09-21T11:30:47.9578100-04:00" endTime="2023-09-21T11:30:47.9588278-04:00" testType="13cdc9d9-ddb5-4fa4-a97d-d965ccfc6d4b" outcome="Passed" testListId="8c84fa94-04c1-424b-9868-57a2d4851a1d" relativeResultsDirectory="e506b86f-3331-455d-b554-a67d6bc90271">
      <Output>
        <StdOut>Contest: "Data Source=./test.db;"</StdOut>
      </Output>
    </UnitTestResult>
    <UnitTestResult executionId="3f11ebcd-a8e2-4471-8181-2228c2551fc0" testId="06b1aa90-97eb-58a2-6bb9-e18d9d0ec32f" testName="SelectWhere" computerName="THE-BIG-RIG" duration="00:00:00.0047310" startTime="2023-09-21T11:30:48.0143466-04:00" endTime="2023-09-21T11:30:48.0190776-04:00" testType="13cdc9d9-ddb5-4fa4-a97d-d965ccfc6d4b" outcome="Passed" testListId="8c84fa94-04c1-424b-9868-57a2d4851a1d" relativeResultsDirectory="3f11ebcd-a8e2-4471-8181-2228c2551fc0">
      <Output>
        <StdOut>Selecting Where...&#xD;
Query being generated:&#xD;
&#xD;
select "Fact"."indexId", "Fact"."id", "Fact"."sqliteName", "Fact"."timeStamp", "Fact"."specialChar", "Fact"."maybeSomething", "Fact"."sometimesNothing", "Fact"."biteSize", "SubFact"."subFact" from "Fact" left join "SubFact" on "SubFact"."factId" = "Fact"."indexId" where "maybeSomething" = 'true'&#xD;
&#xD;
&#xD;
&#xD;
&#xD;
facts: seq&#xD;
  [{ indexId = 1L&#xD;
     id = "7369754b-e742-4bcb-9899-f11d4cf1c1ec"&#xD;
     name = "Gerry McGuire"&#xD;
     timeStamp = "9/21/2023 11:30:47 AM"&#xD;
     specialChar = "Δ"&#xD;
     maybeSomething = "true"&#xD;
     sometimesNothing = Some 1L&#xD;
     biteSize = "!aBite"&#xD;
     subFact = None }; { indexId = 1L&#xD;
                         id = "7d3265ac-3280-494d-b49d-e63f8bb11831"&#xD;
                         name = "Gerry McGuire"&#xD;
                         timeStamp = "9/21/2023 11:30:47 AM"&#xD;
                         specialChar = "Δ"&#xD;
                         maybeSomething = "true"&#xD;
                         sometimesNothing = Some 1L&#xD;
                         biteSize = "!aBite"&#xD;
                         subFact = None };&#xD;
   { indexId = 1L&#xD;
     id = "9bb4ca09-6e4c-4674-8f91-f319ebe11019"&#xD;
     name = "Gerry McGuire"&#xD;
     timeStamp = "9/21/2023 11:30:47 AM"&#xD;
     specialChar = "Δ"&#xD;
     maybeSomething = "true"&#xD;
     sometimesNothing = None&#xD;
     biteSize = "!aBite"&#xD;
     subFact = None }; { indexId = 1L&#xD;
                         id = "1a58422f-f1d6-4da1-9551-7e68da080ef1"&#xD;
                         name = "Gerry McGuire"&#xD;
                         timeStamp = "9/21/2023 11:30:47 AM"&#xD;
                         specialChar = "Δ"&#xD;
                         maybeSomething = "true"&#xD;
                         sometimesNothing = Some 1L&#xD;
                         biteSize = "!aBite"&#xD;
                         subFact = None }; ...]</StdOut>
      </Output>
    </UnitTestResult>
    <UnitTestResult executionId="4f71373d-656f-4d4c-bd93-bcc3cd15db57" testId="c54fc33d-0d41-c3fa-b20e-9175abd15c87" testName="TearDown" computerName="THE-BIG-RIG" duration="00:00:00.0002230" startTime="2023-09-21T11:31:08.8011219-04:00" endTime="2023-09-21T11:31:08.8013453-04:00" testType="13cdc9d9-ddb5-4fa4-a97d-d965ccfc6d4b" outcome="Passed" testListId="8c84fa94-04c1-424b-9868-57a2d4851a1d" relativeResultsDirectory="4f71373d-656f-4d4c-bd93-bcc3cd15db57">
      <Output>
        <StdOut>Transaction: None</StdOut>
      </Output>
    </UnitTestResult>
    <UnitTestResult executionId="45f508bd-eb1c-4e59-b777-774c953d17a7" testId="9f990d3e-d56c-7eb6-81a2-ebbf929b48fb" testName="AsyncInsertMany" computerName="THE-BIG-RIG" duration="00:00:10.0943040" startTime="2023-09-21T11:30:37.8382985-04:00" endTime="2023-09-21T11:30:47.9325626-04:00" testType="13cdc9d9-ddb5-4fa4-a97d-d965ccfc6d4b" outcome="Passed" testListId="8c84fa94-04c1-424b-9868-57a2d4851a1d" relativeResultsDirectory="45f508bd-eb1c-4e59-b777-774c953d17a7">
      <Output>
        <StdOut>Query being generated:&#xD;
&#xD;
insert into "Fact" ( "indexId", "id", "sqliteName", "timeStamp", "specialChar", "maybeSomething", "sometimesNothing", "biteSize" ) values ( @indexId, @id, @name, @timeStamp, @specialChar, @maybeSomething, @sometimesNothing, @biteSize )</StdOut>
      </Output>
    </UnitTestResult>
    <UnitTestResult executionId="0d43ea62-3314-4c55-b113-16f70ed3a8d5" testId="6b0006e5-ab81-1704-d774-56777789dc1c" testName="TearDown" computerName="THE-BIG-RIG" duration="00:00:00.0006759" startTime="2023-09-21T11:30:48.0190917-04:00" endTime="2023-09-21T11:30:48.0197673-04:00" testType="13cdc9d9-ddb5-4fa4-a97d-d965ccfc6d4b" outcome="Passed" testListId="8c84fa94-04c1-424b-9868-57a2d4851a1d" relativeResultsDirectory="0d43ea62-3314-4c55-b113-16f70ed3a8d5">
      <Output>
        <StdOut>Transaction: None</StdOut>
      </Output>
    </UnitTestResult>
    <UnitTestResult executionId="dc1ec95a-1fcb-4ce7-a1ac-464d66bc2b71" testId="86fe2b56-373f-063f-5cdb-a94f011dd4ca" testName="InsertDeleteSelect" computerName="THE-BIG-RIG" duration="00:00:00.0231549" startTime="2023-09-21T11:31:09.0153284-04:00" endTime="2023-09-21T11:31:09.0384834-04:00" testType="13cdc9d9-ddb5-4fa4-a97d-d965ccfc6d4b" outcome="Passed" testListId="8c84fa94-04c1-424b-9868-57a2d4851a1d" relativeResultsDirectory="dc1ec95a-1fcb-4ce7-a1ac-464d66bc2b71">
      <Output>
        <StdOut>Do we have a transaction? Some System.Data.SQLite.SQLiteTransaction&#xD;
Query being generated:&#xD;
&#xD;
insert into "Fact" ( "indexId", "id", "sqliteName", "timeStamp", "specialChar", "maybeSomething", "sometimesNothing", "biteSize" ) values ( @indexId, @id, @name, @timeStamp, @specialChar, @maybeSomething, @sometimesNothing, @biteSize )&#xD;
&#xD;
&#xD;
&#xD;
Param count: 8&#xD;
Param 0 - "@indexId": 1L&#xD;
Param 1 - "@id": "a2bf24d1-bdd6-4b77-a6f6-4f4c3d16edfb"&#xD;
Param 2 - "@name": "Gerry McGuire"&#xD;
Param 3 - "@timeStamp": "9/21/2023 11:31:09 AM"&#xD;
Param 4 - "@specialChar": "Δ"&#xD;
Param 5 - "@maybeSomething": "true"&#xD;
Param 6 - "@sometimesNothing": 1L&#xD;
Param 7 - "@biteSize": "!aBite"&#xD;
Query being generated:&#xD;
&#xD;
delete from "Fact" where "Fact"."id" = @id&#xD;
&#xD;
&#xD;
&#xD;
Query being generated:&#xD;
&#xD;
select "Fact"."indexId", "Fact"."id", "Fact"."sqliteName", "Fact"."timeStamp", "Fact"."specialChar", "Fact"."maybeSomething", "Fact"."sometimesNothing", "Fact"."biteSize", "SubFact"."subFact" from "Fact" left join "SubFact" on "SubFact"."factId" = "Fact"."indexId" where id = 'a2bf24d1-bdd6-4b77-a6f6-4f4c3d16edfb'</StdOut>
      </Output>
    </UnitTestResult>
    <UnitTestResult executionId="0d713926-bae8-4bfd-8a9d-bcd2ada202d4" testId="25d7beb0-a560-dbc8-d3bb-9012f9ad3938" testName="Delete" computerName="THE-BIG-RIG" duration="00:00:00.1310460" startTime="2023-09-21T11:31:08.4587666-04:00" endTime="2023-09-21T11:31:08.5898117-04:00" testType="13cdc9d9-ddb5-4fa4-a97d-d965ccfc6d4b" outcome="Passed" testListId="8c84fa94-04c1-424b-9868-57a2d4851a1d" relativeResultsDirectory="0d713926-bae8-4bfd-8a9d-bcd2ada202d4">
      <Output>
        <StdOut>Deleting...&#xD;
Query being generated:&#xD;
&#xD;
delete from "Fact" where "Fact"."id" = @id&#xD;
&#xD;
&#xD;
&#xD;
&#xD;
facts: 0</StdOut>
      </Output>
    </UnitTestResult>
    <UnitTestResult executionId="e7f20536-e41a-4e05-86cc-9cb97e4585cc" testId="5bd50614-75ce-57e0-c716-32f01ed14916" testName="ReaderWithTransaction" computerName="THE-BIG-RIG" duration="00:00:00.1505759" startTime="2023-09-21T11:31:09.4125450-04:00" endTime="2023-09-21T11:31:09.5631205-04:00" testType="13cdc9d9-ddb5-4fa4-a97d-d965ccfc6d4b" outcome="Passed" testListId="8c84fa94-04c1-424b-9868-57a2d4851a1d" relativeResultsDirectory="e7f20536-e41a-4e05-86cc-9cb97e4585cc">
      <Output>
        <StdOut>Reading...&#xD;
Query being generated:&#xD;
&#xD;
select * from "Fact"&#xD;
&#xD;
&#xD;
&#xD;
&#xD;
Error: Index was outside the bounds of the array.</StdOut>
      </Output>
    </UnitTestResult>
    <UnitTestResult executionId="19d392ee-eafa-4318-8512-a79ae656e5cf" testId="14032f00-d57e-064d-43c8-625d0f94033c" testName="UpdateWhere" computerName="THE-BIG-RIG" duration="00:00:00.0116860" startTime="2023-09-21T11:30:48.0660675-04:00" endTime="2023-09-21T11:30:48.0777526-04:00" testType="13cdc9d9-ddb5-4fa4-a97d-d965ccfc6d4b" outcome="Passed" testListId="8c84fa94-04c1-424b-9868-57a2d4851a1d" relativeResultsDirectory="19d392ee-eafa-4318-8512-a79ae656e5cf">
      <Output>
        <StdOut>Updating...&#xD;
columns to update: [|{ Index = 0&#xD;
    IsKey = false&#xD;
    IsIndex = true&#xD;
    JoinOn = Some ("SubFact", "factId")&#xD;
    Source = ""Fact""&#xD;
    QuotedSource = ""Fact""&#xD;
    SqlName = "indexId"&#xD;
    QuotedSqlName = ""indexId""&#xD;
    FSharpName = "indexId"&#xD;
    Type = System.Int64&#xD;
    PropertyInfo = Int64 indexId }; { Index = 2&#xD;
                                      IsKey = false&#xD;
                                      IsIndex = false&#xD;
                                      JoinOn = None&#xD;
                                      Source = ""Fact""&#xD;
                                      QuotedSource = ""Fact""&#xD;
                                      SqlName = "sqliteName"&#xD;
                                      QuotedSqlName = ""sqliteName""&#xD;
                                      FSharpName = "name"&#xD;
                                      Type = System.String&#xD;
                                      PropertyInfo = System.String name };&#xD;
  { Index = 3&#xD;
    IsKey = false&#xD;
    IsIndex = false&#xD;
    JoinOn = None&#xD;
    Source = ""Fact""&#xD;
    QuotedSource = ""Fact""&#xD;
    SqlName = "timeStamp"&#xD;
    QuotedSqlName = ""timeStamp""&#xD;
    FSharpName = "timeStamp"&#xD;
    Type = System.String&#xD;
    PropertyInfo = System.String timeStamp };&#xD;
  { Index = 4&#xD;
    IsKey = false&#xD;
    IsIndex = false&#xD;
    JoinOn = None&#xD;
    Source = ""Fact""&#xD;
    QuotedSource = ""Fact""&#xD;
    SqlName = "specialChar"&#xD;
    QuotedSqlName = ""specialChar""&#xD;
    FSharpName = "specialChar"&#xD;
    Type = System.String&#xD;
    PropertyInfo = System.String specialChar };&#xD;
  { Index = 5&#xD;
    IsKey = false&#xD;
    IsIndex = false&#xD;
    JoinOn = None&#xD;
    Source = ""Fact""&#xD;
    QuotedSource = ""Fact""&#xD;
    SqlName = "maybeSomething"&#xD;
    QuotedSqlName = ""maybeSomething""&#xD;
    FSharpName = "maybeSomething"&#xD;
    Type = System.String&#xD;
    PropertyInfo = System.String maybeSomething };&#xD;
  { Index = 6&#xD;
    IsKey = false&#xD;
    IsIndex = false&#xD;
    JoinOn = None&#xD;
    Source = ""Fact""&#xD;
    QuotedSource = ""Fact""&#xD;
    SqlName = "sometimesNothing"&#xD;
    QuotedSqlName = ""sometimesNothing""&#xD;
    FSharpName = "sometimesNothing"&#xD;
    Type = Microsoft.FSharp.Core.FSharpOption`1[System.Int64]&#xD;
    PropertyInfo =&#xD;
     Microsoft.FSharp.Core.FSharpOption`1[System.Int64] sometimesNothing };&#xD;
  { Index = 7&#xD;
    IsKey = false&#xD;
    IsIndex = false&#xD;
    JoinOn = None&#xD;
    Source = ""Fact""&#xD;
    QuotedSource = ""Fact""&#xD;
    SqlName = "biteSize"&#xD;
    QuotedSqlName = ""biteSize""&#xD;
    FSharpName = "biteSize"&#xD;
    Type = System.String&#xD;
    PropertyInfo = System.String biteSize }|]&#xD;
Query being generated:&#xD;
&#xD;
update "Fact" set "indexId" = @indexId, "sqliteName" = @name, "timeStamp" = @timeStamp, "specialChar" = @specialChar, "maybeSomething" = @maybeSomething, "sometimesNothing" = @sometimesNothing, "biteSize" = @biteSize where "indexId" = 1&#xD;
&#xD;
&#xD;
&#xD;
&#xD;
facts: 5</StdOut>
      </Output>
    </UnitTestResult>
    <UnitTestResult executionId="42f1fc40-d1f3-4dbd-90af-3e8087624f83" testId="acc5ce31-366d-7240-1d5c-c1da4fc88dca" testName="InsertUpdateSelect" computerName="THE-BIG-RIG" duration="00:00:00.1824410" startTime="2023-09-21T11:31:09.2253644-04:00" endTime="2023-09-21T11:31:09.4078057-04:00" testType="13cdc9d9-ddb5-4fa4-a97d-d965ccfc6d4b" outcome="Passed" testListId="8c84fa94-04c1-424b-9868-57a2d4851a1d" relativeResultsDirectory="42f1fc40-d1f3-4dbd-90af-3e8087624f83">
      <Output>
        <StdOut>Do we have a transaction? Some Npgsql.NpgsqlTransaction&#xD;
Query being generated:&#xD;
&#xD;
insert into "Fact" ( "indexId", "id", "psqlName", "timeStamp", "specialChar", "maybeSomething", "sometimesNothing", "biteSize" ) values ( @indexId, @id, @name, @timeStamp, @specialChar, @maybeSomething, @sometimesNothing, @biteSize )&#xD;
&#xD;
&#xD;
&#xD;
Param count: 8&#xD;
Param 0 - "@indexId": 1L&#xD;
Param 1 - "@id": "963745e1-2fd5-439f-a6b8-9147595924d3"&#xD;
Param 2 - "@name": "Gerry McGuire"&#xD;
Param 3 - "@timeStamp": "9/21/2023 11:31:09 AM"&#xD;
Param 4 - "@specialChar": "Δ"&#xD;
Param 5 - "@maybeSomething": "true"&#xD;
Param 6 - "@sometimesNothing": 1L&#xD;
Param 7 - "@biteSize": "!aBite"&#xD;
columns to update: [|{ Index = 0&#xD;
    IsKey = false&#xD;
    IsIndex = true&#xD;
    JoinOn = Some ("SubFact", "factId")&#xD;
    Source = ""Fact""&#xD;
    QuotedSource = ""Fact""&#xD;
    SqlName = "indexId"&#xD;
    QuotedSqlName = ""indexId""&#xD;
    FSharpName = "indexId"&#xD;
    Type = System.Int64&#xD;
    PropertyInfo = Int64 indexId }; { Index = 2&#xD;
                                      IsKey = false&#xD;
                                      IsIndex = false&#xD;
                                      JoinOn = None&#xD;
                                      Source = ""Fact""&#xD;
                                      QuotedSource = ""Fact""&#xD;
                                      SqlName = "psqlName"&#xD;
                                      QuotedSqlName = ""psqlName""&#xD;
                                      FSharpName = "name"&#xD;
                                      Type = System.String&#xD;
                                      PropertyInfo = System.String name };&#xD;
  { Index = 3&#xD;
    IsKey = false&#xD;
    IsIndex = false&#xD;
    JoinOn = None&#xD;
    Source = ""Fact""&#xD;
    QuotedSource = ""Fact""&#xD;
    SqlName = "timeStamp"&#xD;
    QuotedSqlName = ""timeStamp""&#xD;
    FSharpName = "timeStamp"&#xD;
    Type = System.String&#xD;
    PropertyInfo = System.String timeStamp };&#xD;
  { Index = 4&#xD;
    IsKey = false&#xD;
    IsIndex = false&#xD;
    JoinOn = None&#xD;
    Source = ""Fact""&#xD;
    QuotedSource = ""Fact""&#xD;
    SqlName = "specialChar"&#xD;
    QuotedSqlName = ""specialChar""&#xD;
    FSharpName = "specialChar"&#xD;
    Type = System.String&#xD;
    PropertyInfo = System.String specialChar };&#xD;
  { Index = 5&#xD;
    IsKey = false&#xD;
    IsIndex = false&#xD;
    JoinOn = None&#xD;
    Source = ""Fact""&#xD;
    QuotedSource = ""Fact""&#xD;
    SqlName = "maybeSomething"&#xD;
    QuotedSqlName = ""maybeSomething""&#xD;
    FSharpName = "maybeSomething"&#xD;
    Type = System.String&#xD;
    PropertyInfo = System.String maybeSomething };&#xD;
  { Index = 6&#xD;
    IsKey = false&#xD;
    IsIndex = false&#xD;
    JoinOn = None&#xD;
    Source = ""Fact""&#xD;
    QuotedSource = ""Fact""&#xD;
    SqlName = "sometimesNothing"&#xD;
    QuotedSqlName = ""sometimesNothing""&#xD;
    FSharpName = "sometimesNothing"&#xD;
    Type = Microsoft.FSharp.Core.FSharpOption`1[System.Int64]&#xD;
    PropertyInfo =&#xD;
     Microsoft.FSharp.Core.FSharpOption`1[System.Int64] sometimesNothing };&#xD;
  { Index = 7&#xD;
    IsKey = false&#xD;
    IsIndex = false&#xD;
    JoinOn = None&#xD;
    Source = ""Fact""&#xD;
    QuotedSource = ""Fact""&#xD;
    SqlName = "biteSize"&#xD;
    QuotedSqlName = ""biteSize""&#xD;
    FSharpName = "biteSize"&#xD;
    Type = System.String&#xD;
    PropertyInfo = System.String biteSize }|]&#xD;
Query being generated:&#xD;
&#xD;
update "Fact" set "indexId" = @indexId, "psqlName" = @name, "timeStamp" = @timeStamp, "specialChar" = @specialChar, "maybeSomething" = @maybeSomething, "sometimesNothing" = @sometimesNothing, "biteSize" = @biteSize where "Fact"."id" = @id&#xD;
&#xD;
&#xD;
&#xD;
Query being generated:&#xD;
&#xD;
select "Fact"."indexId", "Fact"."id", "Fact"."psqlName", "Fact"."timeStamp", "Fact"."specialChar", "Fact"."maybeSomething", "Fact"."sometimesNothing", "Fact"."biteSize", "SubFact"."subFact" from "Fact" left join "SubFact" on "SubFact"."factId" = "Fact"."indexId" where id = '963745e1-2fd5-439f-a6b8-9147595924d3'&#xD;
&#xD;
&#xD;
&#xD;
Query being generated:&#xD;
&#xD;
select "Fact"."indexId", "Fact"."id", "Fact"."psqlName", "Fact"."timeStamp", "Fact"."specialChar", "Fact"."maybeSomething", "Fact"."sometimesNothing", "Fact"."biteSize", "SubFact"."subFact" from "Fact" left join "SubFact" on "SubFact"."factId" = "Fact"."indexId" where id = '963745e1-2fd5-439f-a6b8-9147595924d3'&#xD;
&#xD;
&#xD;
&#xD;
Query being generated:&#xD;
&#xD;
select "Fact"."indexId", "Fact"."id", "Fact"."psqlName", "Fact"."timeStamp", "Fact"."specialChar", "Fact"."maybeSomething", "Fact"."sometimesNothing", "Fact"."biteSize", "SubFact"."subFact" from "Fact" left join "SubFact" on "SubFact"."factId" = "Fact"."indexId" where id = '963745e1-2fd5-439f-a6b8-9147595924d3'&#xD;
&#xD;
&#xD;
&#xD;
&#xD;
You remembered the facts: { indexId = 1L&#xD;
  id = "963745e1-2fd5-439f-a6b8-9147595924d3"&#xD;
  name = "Gerry McGuire"&#xD;
  timeStamp = "9/21/2023 11:31:09 AM"&#xD;
  specialChar = "Δ"&#xD;
  maybeSomething = "true"&#xD;
  sometimesNothing = Some 1L&#xD;
  biteSize = "!aBite"&#xD;
  subFact = Some "sooper dooper secret fact" } - { indexId = 1L&#xD;
  id = "963745e1-2fd5-439f-a6b8-9147595924d3"&#xD;
  name = "All Facts, All the Time"&#xD;
  timeStamp = "9/21/2023 11:31:09 AM"&#xD;
  specialChar = "Δ"&#xD;
  maybeSomething = "true"&#xD;
  sometimesNothing = Some 1L&#xD;
  biteSize = "!aBite"&#xD;
  subFact = None } | seq [{ indexId = 1L&#xD;
       id = "963745e1-2fd5-439f-a6b8-9147595924d3"&#xD;
       name = "All Facts, All the Time"&#xD;
       timeStamp = "9/21/2023 11:31:09 AM"&#xD;
       specialChar = "Δ"&#xD;
       maybeSomething = "true"&#xD;
       sometimesNothing = Some 1L&#xD;
       biteSize = "!aBite"&#xD;
       subFact = None }]</StdOut>
      </Output>
    </UnitTestResult>
    <UnitTestResult executionId="6b2ee364-72f0-43f4-82f9-c275efd3c2d6" testId="14ed805e-3806-d0a9-d072-7039f5af1f4b" testName="Reader" computerName="THE-BIG-RIG" duration="00:00:00.0058250" startTime="2023-09-21T11:30:47.9983839-04:00" endTime="2023-09-21T11:30:48.0042088-04:00" testType="13cdc9d9-ddb5-4fa4-a97d-d965ccfc6d4b" outcome="Passed" testListId="8c84fa94-04c1-424b-9868-57a2d4851a1d" relativeResultsDirectory="6b2ee364-72f0-43f4-82f9-c275efd3c2d6">
      <Output>
        <StdOut>Reading...&#xD;
Query being generated:&#xD;
&#xD;
select * from "Fact"&#xD;
&#xD;
&#xD;
&#xD;
&#xD;
Error: Index was outside the bounds of the array.</StdOut>
      </Output>
    </UnitTestResult>
    <UnitTestResult executionId="a1e7e4a2-c953-4dd8-983f-d57d4c8840bc" testId="2ca81fe3-1888-0a66-75b0-9470085ed4cc" testName="Update" computerName="THE-BIG-RIG" duration="00:00:00.0125220" startTime="2023-09-21T11:30:48.0197772-04:00" endTime="2023-09-21T11:30:48.0322976-04:00" testType="13cdc9d9-ddb5-4fa4-a97d-d965ccfc6d4b" outcome="Passed" testListId="8c84fa94-04c1-424b-9868-57a2d4851a1d" relativeResultsDirectory="a1e7e4a2-c953-4dd8-983f-d57d4c8840bc">
      <Output>
        <StdOut>Updating...&#xD;
columns to update: [|{ Index = 0&#xD;
    IsKey = false&#xD;
    IsIndex = true&#xD;
    JoinOn = Some ("SubFact", "factId")&#xD;
    Source = ""Fact""&#xD;
    QuotedSource = ""Fact""&#xD;
    SqlName = "indexId"&#xD;
    QuotedSqlName = ""indexId""&#xD;
    FSharpName = "indexId"&#xD;
    Type = System.Int64&#xD;
    PropertyInfo = Int64 indexId }; { Index = 2&#xD;
                                      IsKey = false&#xD;
                                      IsIndex = false&#xD;
                                      JoinOn = None&#xD;
                                      Source = ""Fact""&#xD;
                                      QuotedSource = ""Fact""&#xD;
                                      SqlName = "sqliteName"&#xD;
                                      QuotedSqlName = ""sqliteName""&#xD;
                                      FSharpName = "name"&#xD;
                                      Type = System.String&#xD;
                                      PropertyInfo = System.String name };&#xD;
  { Index = 3&#xD;
    IsKey = false&#xD;
    IsIndex = false&#xD;
    JoinOn = None&#xD;
    Source = ""Fact""&#xD;
    QuotedSource = ""Fact""&#xD;
    SqlName = "timeStamp"&#xD;
    QuotedSqlName = ""timeStamp""&#xD;
    FSharpName = "timeStamp"&#xD;
    Type = System.String&#xD;
    PropertyInfo = System.String timeStamp };&#xD;
  { Index = 4&#xD;
    IsKey = false&#xD;
    IsIndex = false&#xD;
    JoinOn = None&#xD;
    Source = ""Fact""&#xD;
    QuotedSource = ""Fact""&#xD;
    SqlName = "specialChar"&#xD;
    QuotedSqlName = ""specialChar""&#xD;
    FSharpName = "specialChar"&#xD;
    Type = System.String&#xD;
    PropertyInfo = System.String specialChar };&#xD;
  { Index = 5&#xD;
    IsKey = false&#xD;
    IsIndex = false&#xD;
    JoinOn = None&#xD;
    Source = ""Fact""&#xD;
    QuotedSource = ""Fact""&#xD;
    SqlName = "maybeSomething"&#xD;
    QuotedSqlName = ""maybeSomething""&#xD;
    FSharpName = "maybeSomething"&#xD;
    Type = System.String&#xD;
    PropertyInfo = System.String maybeSomething };&#xD;
  { Index = 6&#xD;
    IsKey = false&#xD;
    IsIndex = false&#xD;
    JoinOn = None&#xD;
    Source = ""Fact""&#xD;
    QuotedSource = ""Fact""&#xD;
    SqlName = "sometimesNothing"&#xD;
    QuotedSqlName = ""sometimesNothing""&#xD;
    FSharpName = "sometimesNothing"&#xD;
    Type = Microsoft.FSharp.Core.FSharpOption`1[System.Int64]&#xD;
    PropertyInfo =&#xD;
     Microsoft.FSharp.Core.FSharpOption`1[System.Int64] sometimesNothing };&#xD;
  { Index = 7&#xD;
    IsKey = false&#xD;
    IsIndex = false&#xD;
    JoinOn = None&#xD;
    Source = ""Fact""&#xD;
    QuotedSource = ""Fact""&#xD;
    SqlName = "biteSize"&#xD;
    QuotedSqlName = ""biteSize""&#xD;
    FSharpName = "biteSize"&#xD;
    Type = System.String&#xD;
    PropertyInfo = System.String biteSize }|]&#xD;
Query being generated:&#xD;
&#xD;
update "Fact" set "indexId" = @indexId, "sqliteName" = @name, "timeStamp" = @timeStamp, "specialChar" = @specialChar, "maybeSomething" = @maybeSomething, "sometimesNothing" = @sometimesNothing, "biteSize" = @biteSize where "Fact"."id" = @id&#xD;
&#xD;
&#xD;
&#xD;
&#xD;
facts: 1</StdOut>
      </Output>
    </UnitTestResult>
    <UnitTestResult executionId="6cca3b2a-5cf9-4935-b381-957d142add2d" testId="5dc535f5-90f1-0cc4-df69-31a15f34d088" testName="InsertSelect" computerName="THE-BIG-RIG" duration="00:00:00.0675840" startTime="2023-09-21T11:31:09.1577619-04:00" endTime="2023-09-21T11:31:09.2253454-04:00" testType="13cdc9d9-ddb5-4fa4-a97d-d965ccfc6d4b" outcome="Passed" testListId="8c84fa94-04c1-424b-9868-57a2d4851a1d" relativeResultsDirectory="6cca3b2a-5cf9-4935-b381-957d142add2d">
      <Output>
        <StdOut>Do we have a transaction? Some Npgsql.NpgsqlTransaction&#xD;
Query being generated:&#xD;
&#xD;
insert into "Fact" ( "indexId", "id", "psqlName", "timeStamp", "specialChar", "maybeSomething", "sometimesNothing", "biteSize" ) values ( @indexId, @id, @name, @timeStamp, @specialChar, @maybeSomething, @sometimesNothing, @biteSize )&#xD;
&#xD;
&#xD;
&#xD;
Param count: 8&#xD;
Param 0 - "@indexId": 1L&#xD;
Param 1 - "@id": "55736ecf-7c34-4515-81e6-1ac0516218fc"&#xD;
Param 2 - "@name": "Gerry McGuire"&#xD;
Param 3 - "@timeStamp": "9/21/2023 11:31:09 AM"&#xD;
Param 4 - "@specialChar": "Δ"&#xD;
Param 5 - "@maybeSomething": "true"&#xD;
Param 6 - "@sometimesNothing": 1L&#xD;
Param 7 - "@biteSize": "!aBite"&#xD;
We have inserted&#xD;
We have the facts: Query being generated:&#xD;
&#xD;
select "Fact"."indexId", "Fact"."id", "Fact"."psqlName", "Fact"."timeStamp", "Fact"."specialChar", "Fact"."maybeSomething", "Fact"."sometimesNothing", "Fact"."biteSize", "SubFact"."subFact" from "Fact" left join "SubFact" on "SubFact"."factId" = "Fact"."indexId" where id = '55736ecf-7c34-4515-81e6-1ac0516218fc'&#xD;
&#xD;
&#xD;
&#xD;
Ok (seq [{ indexId = 1L&#xD;
           id = "55736ecf-7c34-4515-81e6-1ac0516218fc"&#xD;
           name = "Gerry McGuire"&#xD;
           timeStamp = "9/21/2023 11:31:09 AM"&#xD;
           specialChar = "Δ"&#xD;
           maybeSomething = "true"&#xD;
           sometimesNothing = Some 1L&#xD;
           biteSize = "!aBite"&#xD;
           subFact = None }])&#xD;
Query being generated:&#xD;
&#xD;
select "Fact"."indexId", "Fact"."id", "Fact"."psqlName", "Fact"."timeStamp", "Fact"."specialChar", "Fact"."maybeSomething", "Fact"."sometimesNothing", "Fact"."biteSize", "SubFact"."subFact" from "Fact" left join "SubFact" on "SubFact"."factId" = "Fact"."indexId" where id = '55736ecf-7c34-4515-81e6-1ac0516218fc'&#xD;
&#xD;
&#xD;
&#xD;
Query being generated:&#xD;
&#xD;
select "Fact"."indexId", "Fact"."id", "Fact"."psqlName", "Fact"."timeStamp", "Fact"."specialChar", "Fact"."maybeSomething", "Fact"."sometimesNothing", "Fact"."biteSize", "SubFact"."subFact" from "Fact" left join "SubFact" on "SubFact"."factId" = "Fact"."indexId" where id = '55736ecf-7c34-4515-81e6-1ac0516218fc'</StdOut>
      </Output>
    </UnitTestResult>
    <UnitTestResult executionId="4b65b3bf-4ecf-43d6-b772-483f1837fd8f" testId="88acee2d-0361-65c8-86f8-7fd9f73b3ea7" testName="InsertMany" computerName="THE-BIG-RIG" duration="00:00:00.0059220" startTime="2023-09-21T11:30:47.9908049-04:00" endTime="2023-09-21T11:30:47.9967268-04:00" testType="13cdc9d9-ddb5-4fa4-a97d-d965ccfc6d4b" outcome="Passed" testListId="8c84fa94-04c1-424b-9868-57a2d4851a1d" relativeResultsDirectory="4b65b3bf-4ecf-43d6-b772-483f1837fd8f">
      <Output>
        <StdOut>Query being generated:&#xD;
&#xD;
insert into "Fact" ( "indexId", "id", "sqliteName", "timeStamp", "specialChar", "maybeSomething", "sometimesNothing", "biteSize" ) values ( @indexId, @id, @name, @timeStamp, @specialChar, @maybeSomething, @sometimesNothing, @biteSize )</StdOut>
      </Output>
    </UnitTestResult>
    <UnitTestResult executionId="3221ccd1-9b5b-4675-94f5-d77139e466bd" testId="36b60724-976a-a427-5457-ca1e1a6f8f06" testName="Update" computerName="THE-BIG-RIG" duration="00:00:00.0151930" startTime="2023-09-21T11:31:08.8013604-04:00" endTime="2023-09-21T11:31:08.8165534-04:00" testType="13cdc9d9-ddb5-4fa4-a97d-d965ccfc6d4b" outcome="Passed" testListId="8c84fa94-04c1-424b-9868-57a2d4851a1d" relativeResultsDirectory="3221ccd1-9b5b-4675-94f5-d77139e466bd">
      <Output>
        <StdOut>Updating...&#xD;
columns to update: [|{ Index = 0&#xD;
    IsKey = false&#xD;
    IsIndex = true&#xD;
    JoinOn = Some ("SubFact", "factId")&#xD;
    Source = ""Fact""&#xD;
    QuotedSource = ""Fact""&#xD;
    SqlName = "indexId"&#xD;
    QuotedSqlName = ""indexId""&#xD;
    FSharpName = "indexId"&#xD;
    Type = System.Int64&#xD;
    PropertyInfo = Int64 indexId }; { Index = 2&#xD;
                                      IsKey = false&#xD;
                                      IsIndex = false&#xD;
                                      JoinOn = None&#xD;
                                      Source = ""Fact""&#xD;
                                      QuotedSource = ""Fact""&#xD;
                                      SqlName = "psqlName"&#xD;
                                      QuotedSqlName = ""psqlName""&#xD;
                                      FSharpName = "name"&#xD;
                                      Type = System.String&#xD;
                                      PropertyInfo = System.String name };&#xD;
  { Index = 3&#xD;
    IsKey = false&#xD;
    IsIndex = false&#xD;
    JoinOn = None&#xD;
    Source = ""Fact""&#xD;
    QuotedSource = ""Fact""&#xD;
    SqlName = "timeStamp"&#xD;
    QuotedSqlName = ""timeStamp""&#xD;
    FSharpName = "timeStamp"&#xD;
    Type = System.String&#xD;
    PropertyInfo = System.String timeStamp };&#xD;
  { Index = 4&#xD;
    IsKey = false&#xD;
    IsIndex = false&#xD;
    JoinOn = None&#xD;
    Source = ""Fact""&#xD;
    QuotedSource = ""Fact""&#xD;
    SqlName = "specialChar"&#xD;
    QuotedSqlName = ""specialChar""&#xD;
    FSharpName = "specialChar"&#xD;
    Type = System.String&#xD;
    PropertyInfo = System.String specialChar };&#xD;
  { Index = 5&#xD;
    IsKey = false&#xD;
    IsIndex = false&#xD;
    JoinOn = None&#xD;
    Source = ""Fact""&#xD;
    QuotedSource = ""Fact""&#xD;
    SqlName = "maybeSomething"&#xD;
    QuotedSqlName = ""maybeSomething""&#xD;
    FSharpName = "maybeSomething"&#xD;
    Type = System.String&#xD;
    PropertyInfo = System.String maybeSomething };&#xD;
  { Index = 6&#xD;
    IsKey = false&#xD;
    IsIndex = false&#xD;
    JoinOn = None&#xD;
    Source = ""Fact""&#xD;
    QuotedSource = ""Fact""&#xD;
    SqlName = "sometimesNothing"&#xD;
    QuotedSqlName = ""sometimesNothing""&#xD;
    FSharpName = "sometimesNothing"&#xD;
    Type = Microsoft.FSharp.Core.FSharpOption`1[System.Int64]&#xD;
    PropertyInfo =&#xD;
     Microsoft.FSharp.Core.FSharpOption`1[System.Int64] sometimesNothing };&#xD;
  { Index = 7&#xD;
    IsKey = false&#xD;
    IsIndex = false&#xD;
    JoinOn = None&#xD;
    Source = ""Fact""&#xD;
    QuotedSource = ""Fact""&#xD;
    SqlName = "biteSize"&#xD;
    QuotedSqlName = ""biteSize""&#xD;
    FSharpName = "biteSize"&#xD;
    Type = System.String&#xD;
    PropertyInfo = System.String biteSize }|]&#xD;
Query being generated:&#xD;
&#xD;
update "Fact" set "indexId" = @indexId, "psqlName" = @name, "timeStamp" = @timeStamp, "specialChar" = @specialChar, "maybeSomething" = @maybeSomething, "sometimesNothing" = @sometimesNothing, "biteSize" = @biteSize where "Fact"."id" = @id&#xD;
&#xD;
&#xD;
&#xD;
&#xD;
facts: 1</StdOut>
      </Output>
    </UnitTestResult>
    <UnitTestResult executionId="c5642110-729a-4ab3-a55f-dc493d00cb38" testId="8bc43a71-3dd5-d4b3-9160-b6788c246f20" testName="InsertSelect" computerName="THE-BIG-RIG" duration="00:00:00.0143420" startTime="2023-09-21T11:31:09.0385011-04:00" endTime="2023-09-21T11:31:09.0528432-04:00" testType="13cdc9d9-ddb5-4fa4-a97d-d965ccfc6d4b" outcome="Passed" testListId="8c84fa94-04c1-424b-9868-57a2d4851a1d" relativeResultsDirectory="c5642110-729a-4ab3-a55f-dc493d00cb38">
      <Output>
        <StdOut>Do we have a transaction? Some System.Data.SQLite.SQLiteTransaction&#xD;
Query being generated:&#xD;
&#xD;
insert into "Fact" ( "indexId", "id", "sqliteName", "timeStamp", "specialChar", "maybeSomething", "sometimesNothing", "biteSize" ) values ( @indexId, @id, @name, @timeStamp, @specialChar, @maybeSomething, @sometimesNothing, @biteSize )&#xD;
&#xD;
&#xD;
&#xD;
Param count: 8&#xD;
Param 0 - "@indexId": 1L&#xD;
Param 1 - "@id": "282b52db-b06c-488e-a72e-ac4f78a1dc4f"&#xD;
Param 2 - "@name": "Gerry McGuire"&#xD;
Param 3 - "@timeStamp": "9/21/2023 11:31:09 AM"&#xD;
Param 4 - "@specialChar": "Δ"&#xD;
Param 5 - "@maybeSomething": "true"&#xD;
Param 6 - "@sometimesNothing": 1L&#xD;
Param 7 - "@biteSize": "!aBite"&#xD;
We have inserted&#xD;
We have the facts: Query being generated:&#xD;
&#xD;
select "Fact"."indexId", "Fact"."id", "Fact"."sqliteName", "Fact"."timeStamp", "Fact"."specialChar", "Fact"."maybeSomething", "Fact"."sometimesNothing", "Fact"."biteSize", "SubFact"."subFact" from "Fact" left join "SubFact" on "SubFact"."factId" = "Fact"."indexId" where id = '282b52db-b06c-488e-a72e-ac4f78a1dc4f'&#xD;
&#xD;
&#xD;
&#xD;
Ok (seq [{ indexId = 1L&#xD;
           id = "282b52db-b06c-488e-a72e-ac4f78a1dc4f"&#xD;
           name = "Gerry McGuire"&#xD;
           timeStamp = "9/21/2023 11:31:09 AM"&#xD;
           specialChar = "Δ"&#xD;
           maybeSomething = "true"&#xD;
           sometimesNothing = Some 1L&#xD;
           biteSize = "!aBite"&#xD;
           subFact = None }])&#xD;
Query being generated:&#xD;
&#xD;
select "Fact"."indexId", "Fact"."id", "Fact"."sqliteName", "Fact"."timeStamp", "Fact"."specialChar", "Fact"."maybeSomething", "Fact"."sometimesNothing", "Fact"."biteSize", "SubFact"."subFact" from "Fact" left join "SubFact" on "SubFact"."factId" = "Fact"."indexId" where id = '282b52db-b06c-488e-a72e-ac4f78a1dc4f'&#xD;
&#xD;
&#xD;
&#xD;
Query being generated:&#xD;
&#xD;
select "Fact"."indexId", "Fact"."id", "Fact"."sqliteName", "Fact"."timeStamp", "Fact"."specialChar", "Fact"."maybeSomething", "Fact"."sometimesNothing", "Fact"."biteSize", "SubFact"."subFact" from "Fact" left join "SubFact" on "SubFact"."factId" = "Fact"."indexId" where id = '282b52db-b06c-488e-a72e-ac4f78a1dc4f'</StdOut>
      </Output>
    </UnitTestResult>
    <UnitTestResult executionId="22dfae27-d3dc-4cfb-9da7-ec5afff96492" testId="8b9d4215-bacd-9f5c-0cb3-cebe0cc23a2a" testName="DeleteWhere" computerName="THE-BIG-RIG" duration="00:00:00.0151110" startTime="2023-09-21T11:31:08.6338114-04:00" endTime="2023-09-21T11:31:08.6489228-04:00" testType="13cdc9d9-ddb5-4fa4-a97d-d965ccfc6d4b" outcome="Passed" testListId="8c84fa94-04c1-424b-9868-57a2d4851a1d" relativeResultsDirectory="22dfae27-d3dc-4cfb-9da7-ec5afff96492">
      <Output>
        <StdOut>Deleting Where...&#xD;
Query being generated:&#xD;
&#xD;
delete from "Fact" where "indexId" = 1&#xD;
&#xD;
&#xD;
&#xD;
&#xD;
facts: 2</StdOut>
      </Output>
    </UnitTestResult>
    <UnitTestResult executionId="abfc42c1-dcb5-4c00-aa81-d406ef371bee" testId="1fa7f75f-f26c-e1fd-caab-d2e8d803c175" testName="Insert" computerName="THE-BIG-RIG" duration="00:00:00.0110440" startTime="2023-09-21T11:30:47.9797449-04:00" endTime="2023-09-21T11:30:47.9907888-04:00" testType="13cdc9d9-ddb5-4fa4-a97d-d965ccfc6d4b" outcome="Passed" testListId="8c84fa94-04c1-424b-9868-57a2d4851a1d" relativeResultsDirectory="abfc42c1-dcb5-4c00-aa81-d406ef371bee">
      <Output>
        <StdOut>Query being generated:&#xD;
&#xD;
insert into "Fact" ( "indexId", "id", "sqliteName", "timeStamp", "specialChar", "maybeSomething", "sometimesNothing", "biteSize" ) values ( @indexId, @id, @name, @timeStamp, @specialChar, @maybeSomething, @sometimesNothing, @biteSize )&#xD;
&#xD;
&#xD;
&#xD;
Param count: 8&#xD;
Param 0 - "@indexId": 1L&#xD;
Param 1 - "@id": "7369754b-e742-4bcb-9899-f11d4cf1c1ec"&#xD;
Param 2 - "@name": "Gerry McGuire"&#xD;
Param 3 - "@timeStamp": "9/21/2023 11:30:47 AM"&#xD;
Param 4 - "@specialChar": "Δ"&#xD;
Param 5 - "@maybeSomething": "true"&#xD;
Param 6 - "@sometimesNothing": 1L&#xD;
Param 7 - "@biteSize": "!aBite"</StdOut>
      </Output>
    </UnitTestResult>
    <UnitTestResult executionId="b76fac1c-d4d2-4395-abed-7f6345f3e78a" testId="8da27838-cd55-5bd1-50d9-ba71e94942e2" testName="SelectLimit" computerName="THE-BIG-RIG" duration="00:00:00.0182290" startTime="2023-09-21T11:31:08.7651841-04:00" endTime="2023-09-21T11:31:08.7834132-04:00" testType="13cdc9d9-ddb5-4fa4-a97d-d965ccfc6d4b" outcome="Passed" testListId="8c84fa94-04c1-424b-9868-57a2d4851a1d" relativeResultsDirectory="b76fac1c-d4d2-4395-abed-7f6345f3e78a">
      <Output>
        <StdOut>Selecting All...&#xD;
Query being generated:&#xD;
&#xD;
select "Fact"."indexId", "Fact"."id", "Fact"."psqlName", "Fact"."timeStamp", "Fact"."specialChar", "Fact"."maybeSomething", "Fact"."sometimesNothing", "Fact"."biteSize", "SubFact"."subFact" from "Fact" left join "SubFact" on "SubFact"."factId" = "Fact"."indexId" limit 5&#xD;
&#xD;
&#xD;
&#xD;
{ indexId = 1L&#xD;
  id = "862c40e4-6a1e-495b-a81a-039d20949b04"&#xD;
  name = "Gerry McGuire"&#xD;
  timeStamp = "9/21/2023 11:31:08 AM"&#xD;
  specialChar = "Δ"&#xD;
  maybeSomething = "true"&#xD;
  sometimesNothing = Some 1L&#xD;
  biteSize = "!aBite"&#xD;
  subFact = None }&#xD;
{ indexId = 1L&#xD;
  id = "ced201c7-5fde-49e2-9cc0-30699fcdada9"&#xD;
  name = "Gerry McGuire"&#xD;
  timeStamp = "9/21/2023 11:31:08 AM"&#xD;
  specialChar = "Δ"&#xD;
  maybeSomething = "true"&#xD;
  sometimesNothing = Some 1L&#xD;
  biteSize = "!aBite"&#xD;
  subFact = None }&#xD;
{ indexId = 1L&#xD;
  id = "76c1562d-387c-477b-9592-45a5f14bd0ad"&#xD;
  name = "Gerry McGuire"&#xD;
  timeStamp = "9/21/2023 11:31:08 AM"&#xD;
  specialChar = "Δ"&#xD;
  maybeSomething = "true"&#xD;
  sometimesNothing = None&#xD;
  biteSize = "!aBite"&#xD;
  subFact = None }&#xD;
{ indexId = 1L&#xD;
  id = "c07cea24-a25a-420b-b23a-fdbfe019233c"&#xD;
  name = "Gerry McGuire"&#xD;
  timeStamp = "9/21/2023 11:31:08 AM"&#xD;
  specialChar = "Δ"&#xD;
  maybeSomething = "true"&#xD;
  sometimesNothing = Some 1L&#xD;
  biteSize = "!aBite"&#xD;
  subFact = None }&#xD;
{ indexId = 1L&#xD;
  id = "d695c85c-1aca-4791-96af-d71499560081"&#xD;
  name = "Gerry McGuire"&#xD;
  timeStamp = "9/21/2023 11:31:08 AM"&#xD;
  specialChar = "Δ"&#xD;
  maybeSomething = "true"&#xD;
  sometimesNothing = Some 1L&#xD;
  biteSize = "!aBite"&#xD;
  subFact = None }&#xD;
Query being generated:&#xD;
&#xD;
select "Fact"."indexId", "Fact"."id", "Fact"."psqlName", "Fact"."timeStamp", "Fact"."specialChar", "Fact"."maybeSomething", "Fact"."sometimesNothing", "Fact"."biteSize", "SubFact"."subFact" from "Fact" left join "SubFact" on "SubFact"."factId" = "Fact"."indexId" limit 5&#xD;
&#xD;
&#xD;
&#xD;
&#xD;
facts: Error: Connection is not open</StdOut>
      </Output>
    </UnitTestResult>
    <UnitTestResult executionId="b02ce03b-af8d-47ea-bc49-3c2908f15915" testId="86867b78-488a-67a3-3464-8ca6d6f90649" testName="SelectWhere" computerName="THE-BIG-RIG" duration="00:00:00.0176730" startTime="2023-09-21T11:31:08.7834307-04:00" endTime="2023-09-21T11:31:08.8011038-04:00" testType="13cdc9d9-ddb5-4fa4-a97d-d965ccfc6d4b" outcome="Passed" testListId="8c84fa94-04c1-424b-9868-57a2d4851a1d" relativeResultsDirectory="b02ce03b-af8d-47ea-bc49-3c2908f15915">
      <Output>
        <StdOut>Selecting Where...&#xD;
Query being generated:&#xD;
&#xD;
select "Fact"."indexId", "Fact"."id", "Fact"."psqlName", "Fact"."timeStamp", "Fact"."specialChar", "Fact"."maybeSomething", "Fact"."sometimesNothing", "Fact"."biteSize", "SubFact"."subFact" from "Fact" left join "SubFact" on "SubFact"."factId" = "Fact"."indexId" where "maybeSomething" = 'true'&#xD;
&#xD;
&#xD;
&#xD;
&#xD;
facts: seq&#xD;
  [{ indexId = 1L&#xD;
     id = "d695c85c-1aca-4791-96af-d71499560081"&#xD;
     name = "Gerry McGuire"&#xD;
     timeStamp = "9/21/2023 11:31:08 AM"&#xD;
     specialChar = "Δ"&#xD;
     maybeSomething = "true"&#xD;
     sometimesNothing = Some 1L&#xD;
     biteSize = "!aBite"&#xD;
     subFact = None }; { indexId = 1L&#xD;
                         id = "c07cea24-a25a-420b-b23a-fdbfe019233c"&#xD;
                         name = "Gerry McGuire"&#xD;
                         timeStamp = "9/21/2023 11:31:08 AM"&#xD;
                         specialChar = "Δ"&#xD;
                         maybeSomething = "true"&#xD;
                         sometimesNothing = Some 1L&#xD;
                         biteSize = "!aBite"&#xD;
                         subFact = None };&#xD;
   { indexId = 1L&#xD;
     id = "76c1562d-387c-477b-9592-45a5f14bd0ad"&#xD;
     name = "Gerry McGuire"&#xD;
     timeStamp = "9/21/2023 11:31:08 AM"&#xD;
     specialChar = "Δ"&#xD;
     maybeSomething = "true"&#xD;
     sometimesNothing = None&#xD;
     biteSize = "!aBite"&#xD;
     subFact = None }; { indexId = 1L&#xD;
                         id = "ced201c7-5fde-49e2-9cc0-30699fcdada9"&#xD;
                         name = "Gerry McGuire"&#xD;
                         timeStamp = "9/21/2023 11:31:08 AM"&#xD;
                         specialChar = "Δ"&#xD;
                         maybeSomething = "true"&#xD;
                         sometimesNothing = Some 1L&#xD;
                         biteSize = "!aBite"&#xD;
                         subFact = None }; ...]</StdOut>
      </Output>
    </UnitTestResult>
    <UnitTestResult executionId="a5e96eb0-92d4-4b4a-a1d2-c4f2a9dce7a8" testId="cac4ec42-fc0d-3f5d-c317-2bb3e527bacb" testName="UpdateMany" computerName="THE-BIG-RIG" duration="00:00:00.1647579" startTime="2023-09-21T11:31:08.8165664-04:00" endTime="2023-09-21T11:31:08.9813242-04:00" testType="13cdc9d9-ddb5-4fa4-a97d-d965ccfc6d4b" outcome="Passed" testListId="8c84fa94-04c1-424b-9868-57a2d4851a1d" relativeResultsDirectory="a5e96eb0-92d4-4b4a-a1d2-c4f2a9dce7a8">
      <Output>
        <StdOut>Updating many...&#xD;
columns to update: [|{ Index = 0&#xD;
    IsKey = false&#xD;
    IsIndex = true&#xD;
    JoinOn = Some ("SubFact", "factId")&#xD;
    Source = ""Fact""&#xD;
    QuotedSource = ""Fact""&#xD;
    SqlName = "indexId"&#xD;
    QuotedSqlName = ""indexId""&#xD;
    FSharpName = "indexId"&#xD;
    Type = System.Int64&#xD;
    PropertyInfo = Int64 indexId }; { Index = 2&#xD;
                                      IsKey = false&#xD;
                                      IsIndex = false&#xD;
                                      JoinOn = None&#xD;
                                      Source = ""Fact""&#xD;
                                      QuotedSource = ""Fact""&#xD;
                                      SqlName = "psqlName"&#xD;
                                      QuotedSqlName = ""psqlName""&#xD;
                                      FSharpName = "name"&#xD;
                                      Type = System.String&#xD;
                                      PropertyInfo = System.String name };&#xD;
  { Index = 3&#xD;
    IsKey = false&#xD;
    IsIndex = false&#xD;
    JoinOn = None&#xD;
    Source = ""Fact""&#xD;
    QuotedSource = ""Fact""&#xD;
    SqlName = "timeStamp"&#xD;
    QuotedSqlName = ""timeStamp""&#xD;
    FSharpName = "timeStamp"&#xD;
    Type = System.String&#xD;
    PropertyInfo = System.String timeStamp };&#xD;
  { Index = 4&#xD;
    IsKey = false&#xD;
    IsIndex = false&#xD;
    JoinOn = None&#xD;
    Source = ""Fact""&#xD;
    QuotedSource = ""Fact""&#xD;
    SqlName = "specialChar"&#xD;
    QuotedSqlName = ""specialChar""&#xD;
    FSharpName = "specialChar"&#xD;
    Type = System.String&#xD;
    PropertyInfo = System.String specialChar };&#xD;
  { Index = 5&#xD;
    IsKey = false&#xD;
    IsIndex = false&#xD;
    JoinOn = None&#xD;
    Source = ""Fact""&#xD;
    QuotedSource = ""Fact""&#xD;
    SqlName = "maybeSomething"&#xD;
    QuotedSqlName = ""maybeSomething""&#xD;
    FSharpName = "maybeSomething"&#xD;
    Type = System.String&#xD;
    PropertyInfo = System.String maybeSomething };&#xD;
  { Index = 6&#xD;
    IsKey = false&#xD;
    IsIndex = false&#xD;
    JoinOn = None&#xD;
    Source = ""Fact""&#xD;
    QuotedSource = ""Fact""&#xD;
    SqlName = "sometimesNothing"&#xD;
    QuotedSqlName = ""sometimesNothing""&#xD;
    FSharpName = "sometimesNothing"&#xD;
    Type = Microsoft.FSharp.Core.FSharpOption`1[System.Int64]&#xD;
    PropertyInfo =&#xD;
     Microsoft.FSharp.Core.FSharpOption`1[System.Int64] sometimesNothing };&#xD;
  { Index = 7&#xD;
    IsKey = false&#xD;
    IsIndex = false&#xD;
    JoinOn = None&#xD;
    Source = ""Fact""&#xD;
    QuotedSource = ""Fact""&#xD;
    SqlName = "biteSize"&#xD;
    QuotedSqlName = ""biteSize""&#xD;
    FSharpName = "biteSize"&#xD;
    Type = System.String&#xD;
    PropertyInfo = System.String biteSize }|]&#xD;
Query being generated:&#xD;
&#xD;
update "Fact" set "indexId" = @indexId, "psqlName" = @name, "timeStamp" = @timeStamp, "specialChar" = @specialChar, "maybeSomething" = @maybeSomething, "sometimesNothing" = @sometimesNothing, "biteSize" = @biteSize where "Fact"."id" = @id&#xD;
&#xD;
&#xD;
&#xD;
Ok 2Query being generated:&#xD;
&#xD;
select "Fact"."indexId", "Fact"."id", "Fact"."psqlName", "Fact"."timeStamp", "Fact"."specialChar", "Fact"."maybeSomething", "Fact"."sometimesNothing", "Fact"."biteSize", "SubFact"."subFact" from "Fact" left join "SubFact" on "SubFact"."factId" = "Fact"."indexId" where id = 'c07cea24-a25a-420b-b23a-fdbfe019233c'&#xD;
&#xD;
&#xD;
&#xD;
Query being generated:&#xD;
&#xD;
select "Fact"."indexId", "Fact"."id", "Fact"."psqlName", "Fact"."timeStamp", "Fact"."specialChar", "Fact"."maybeSomething", "Fact"."sometimesNothing", "Fact"."biteSize", "SubFact"."subFact" from "Fact" left join "SubFact" on "SubFact"."factId" = "Fact"."indexId" where id = '76c1562d-387c-477b-9592-45a5f14bd0ad'</StdOut>
      </Output>
    </UnitTestResult>
    <UnitTestResult executionId="4b120828-4cee-4e78-937f-1e62d3c60847" testId="4bedf109-5060-9917-8aaf-b66007733e5c" testName="UpdateMany" computerName="THE-BIG-RIG" duration="00:00:00.0337280" startTime="2023-09-21T11:30:48.0323178-04:00" endTime="2023-09-21T11:30:48.0660453-04:00" testType="13cdc9d9-ddb5-4fa4-a97d-d965ccfc6d4b" outcome="Passed" testListId="8c84fa94-04c1-424b-9868-57a2d4851a1d" relativeResultsDirectory="4b120828-4cee-4e78-937f-1e62d3c60847">
      <Output>
        <StdOut>Updating many...&#xD;
columns to update: [|{ Index = 0&#xD;
    IsKey = false&#xD;
    IsIndex = true&#xD;
    JoinOn = Some ("SubFact", "factId")&#xD;
    Source = ""Fact""&#xD;
    QuotedSource = ""Fact""&#xD;
    SqlName = "indexId"&#xD;
    QuotedSqlName = ""indexId""&#xD;
    FSharpName = "indexId"&#xD;
    Type = System.Int64&#xD;
    PropertyInfo = Int64 indexId }; { Index = 2&#xD;
                                      IsKey = false&#xD;
                                      IsIndex = false&#xD;
                                      JoinOn = None&#xD;
                                      Source = ""Fact""&#xD;
                                      QuotedSource = ""Fact""&#xD;
                                      SqlName = "sqliteName"&#xD;
                                      QuotedSqlName = ""sqliteName""&#xD;
                                      FSharpName = "name"&#xD;
                                      Type = System.String&#xD;
                                      PropertyInfo = System.String name };&#xD;
  { Index = 3&#xD;
    IsKey = false&#xD;
    IsIndex = false&#xD;
    JoinOn = None&#xD;
    Source = ""Fact""&#xD;
    QuotedSource = ""Fact""&#xD;
    SqlName = "timeStamp"&#xD;
    QuotedSqlName = ""timeStamp""&#xD;
    FSharpName = "timeStamp"&#xD;
    Type = System.String&#xD;
    PropertyInfo = System.String timeStamp };&#xD;
  { Index = 4&#xD;
    IsKey = false&#xD;
    IsIndex = false&#xD;
    JoinOn = None&#xD;
    Source = ""Fact""&#xD;
    QuotedSource = ""Fact""&#xD;
    SqlName = "specialChar"&#xD;
    QuotedSqlName = ""specialChar""&#xD;
    FSharpName = "specialChar"&#xD;
    Type = System.String&#xD;
    PropertyInfo = System.String specialChar };&#xD;
  { Index = 5&#xD;
    IsKey = false&#xD;
    IsIndex = false&#xD;
    JoinOn = None&#xD;
    Source = ""Fact""&#xD;
    QuotedSource = ""Fact""&#xD;
    SqlName = "maybeSomething"&#xD;
    QuotedSqlName = ""maybeSomething""&#xD;
    FSharpName = "maybeSomething"&#xD;
    Type = System.String&#xD;
    PropertyInfo = System.String maybeSomething };&#xD;
  { Index = 6&#xD;
    IsKey = false&#xD;
    IsIndex = false&#xD;
    JoinOn = None&#xD;
    Source = ""Fact""&#xD;
    QuotedSource = ""Fact""&#xD;
    SqlName = "sometimesNothing"&#xD;
    QuotedSqlName = ""sometimesNothing""&#xD;
    FSharpName = "sometimesNothing"&#xD;
    Type = Microsoft.FSharp.Core.FSharpOption`1[System.Int64]&#xD;
    PropertyInfo =&#xD;
     Microsoft.FSharp.Core.FSharpOption`1[System.Int64] sometimesNothing };&#xD;
  { Index = 7&#xD;
    IsKey = false&#xD;
    IsIndex = false&#xD;
    JoinOn = None&#xD;
    Source = ""Fact""&#xD;
    QuotedSource = ""Fact""&#xD;
    SqlName = "biteSize"&#xD;
    QuotedSqlName = ""biteSize""&#xD;
    FSharpName = "biteSize"&#xD;
    Type = System.String&#xD;
    PropertyInfo = System.String biteSize }|]&#xD;
Query being generated:&#xD;
&#xD;
update "Fact" set "indexId" = @indexId, "sqliteName" = @name, "timeStamp" = @timeStamp, "specialChar" = @specialChar, "maybeSomething" = @maybeSomething, "sometimesNothing" = @sometimesNothing, "biteSize" = @biteSize where "Fact"."id" = @id&#xD;
&#xD;
&#xD;
&#xD;
Ok 2Query being generated:&#xD;
&#xD;
select "Fact"."indexId", "Fact"."id", "Fact"."sqliteName", "Fact"."timeStamp", "Fact"."specialChar", "Fact"."maybeSomething", "Fact"."sometimesNothing", "Fact"."biteSize", "SubFact"."subFact" from "Fact" left join "SubFact" on "SubFact"."factId" = "Fact"."indexId" where id = '1a58422f-f1d6-4da1-9551-7e68da080ef1'&#xD;
&#xD;
&#xD;
&#xD;
Query being generated:&#xD;
&#xD;
select "Fact"."indexId", "Fact"."id", "Fact"."sqliteName", "Fact"."timeStamp", "Fact"."specialChar", "Fact"."maybeSomething", "Fact"."sometimesNothing", "Fact"."biteSize", "SubFact"."subFact" from "Fact" left join "SubFact" on "SubFact"."factId" = "Fact"."indexId" where id = '9bb4ca09-6e4c-4674-8f91-f319ebe11019'</StdOut>
      </Output>
    </UnitTestResult>
    <UnitTestResult executionId="871c180f-1c58-4c10-8213-6531be925686" testId="7e952db4-c747-4a71-3bcd-eea59d28a244" testName="AsyncSelect" computerName="THE-BIG-RIG" duration="00:00:10.0333300" startTime="2023-09-21T11:30:58.4251080-04:00" endTime="2023-09-21T11:31:08.4584375-04:00" testType="13cdc9d9-ddb5-4fa4-a97d-d965ccfc6d4b" outcome="Passed" testListId="8c84fa94-04c1-424b-9868-57a2d4851a1d" relativeResultsDirectory="871c180f-1c58-4c10-8213-6531be925686">
      <Output>
        <StdOut>Asynchronously Selecting All...&#xD;
Query being generated:&#xD;
&#xD;
select "Fact"."indexId", "Fact"."id", "Fact"."psqlName", "Fact"."timeStamp", "Fact"."specialChar", "Fact"."maybeSomething", "Fact"."sometimesNothing", "Fact"."biteSize", "SubFact"."subFact" from "Fact" left join "SubFact" on "SubFact"."factId" = "Fact"."indexId"&#xD;
&#xD;
&#xD;
&#xD;
{ indexId = 1L&#xD;
  id = "e5fd16ba-f068-4d2c-a7c4-49cf51172173"&#xD;
  name = "Gerry McGuire"&#xD;
  timeStamp = "9/21/2023 11:30:48 AM"&#xD;
  specialChar = "Δ"&#xD;
  maybeSomething = "true"&#xD;
  sometimesNothing = Some 1L&#xD;
  biteSize = "!aBite"&#xD;
  subFact = None }&#xD;
{ indexId = 1L&#xD;
  id = "c07cea24-a25a-420b-b23a-fdbfe019233c"&#xD;
  name = "Gerry McGuire"&#xD;
  timeStamp = "9/21/2023 11:30:48 AM"&#xD;
  specialChar = "Δ"&#xD;
  maybeSomething = "true"&#xD;
  sometimesNothing = Some 1L&#xD;
  biteSize = "!aBite"&#xD;
  subFact = None }&#xD;
{ indexId = 1L&#xD;
  id = "76c1562d-387c-477b-9592-45a5f14bd0ad"&#xD;
  name = "Gerry McGuire"&#xD;
  timeStamp = "9/21/2023 11:30:48 AM"&#xD;
  specialChar = "Δ"&#xD;
  maybeSomething = "true"&#xD;
  sometimesNothing = None&#xD;
  biteSize = "!aBite"&#xD;
  subFact = None }&#xD;
{ indexId = 1L&#xD;
  id = "ced201c7-5fde-49e2-9cc0-30699fcdada9"&#xD;
  name = "Gerry McGuire"&#xD;
  timeStamp = "9/21/2023 11:30:48 AM"&#xD;
  specialChar = "Δ"&#xD;
  maybeSomething = "true"&#xD;
  sometimesNothing = Some 1L&#xD;
  biteSize = "!aBite"&#xD;
  subFact = None }&#xD;
Query being generated:&#xD;
&#xD;
select "Fact"."indexId", "Fact"."id", "Fact"."psqlName", "Fact"."timeStamp", "Fact"."specialChar", "Fact"."maybeSomething", "Fact"."sometimesNothing", "Fact"."biteSize", "SubFact"."subFact" from "Fact" left join "SubFact" on "SubFact"."factId" = "Fact"."indexId"&#xD;
&#xD;
&#xD;
&#xD;
&#xD;
facts: Error: Connection is not open</StdOut>
      </Output>
    </UnitTestResult>
    <UnitTestResult executionId="70c8e4cf-da84-41a5-ad94-dd1d0dc6cee0" testId="07956d24-5a70-780e-abca-650f22e95adc" testName="Select" computerName="THE-BIG-RIG" duration="00:00:00.0151200" startTime="2023-09-21T11:31:08.7500465-04:00" endTime="2023-09-21T11:31:08.7651668-04:00" testType="13cdc9d9-ddb5-4fa4-a97d-d965ccfc6d4b" outcome="Passed" testListId="8c84fa94-04c1-424b-9868-57a2d4851a1d" relativeResultsDirectory="70c8e4cf-da84-41a5-ad94-dd1d0dc6cee0">
      <Output>
        <StdOut>Selecting All...&#xD;
Query being generated:&#xD;
&#xD;
select "Fact"."indexId", "Fact"."id", "Fact"."psqlName", "Fact"."timeStamp", "Fact"."specialChar", "Fact"."maybeSomething", "Fact"."sometimesNothing", "Fact"."biteSize", "SubFact"."subFact" from "Fact" left join "SubFact" on "SubFact"."factId" = "Fact"."indexId"&#xD;
&#xD;
&#xD;
&#xD;
{ indexId = 1L&#xD;
  id = "d695c85c-1aca-4791-96af-d71499560081"&#xD;
  name = "Gerry McGuire"&#xD;
  timeStamp = "9/21/2023 11:31:08 AM"&#xD;
  specialChar = "Δ"&#xD;
  maybeSomething = "true"&#xD;
  sometimesNothing = Some 1L&#xD;
  biteSize = "!aBite"&#xD;
  subFact = None }&#xD;
{ indexId = 1L&#xD;
  id = "c07cea24-a25a-420b-b23a-fdbfe019233c"&#xD;
  name = "Gerry McGuire"&#xD;
  timeStamp = "9/21/2023 11:31:08 AM"&#xD;
  specialChar = "Δ"&#xD;
  maybeSomething = "true"&#xD;
  sometimesNothing = Some 1L&#xD;
  biteSize = "!aBite"&#xD;
  subFact = None }&#xD;
{ indexId = 1L&#xD;
  id = "76c1562d-387c-477b-9592-45a5f14bd0ad"&#xD;
  name = "Gerry McGuire"&#xD;
  timeStamp = "9/21/2023 11:31:08 AM"&#xD;
  specialChar = "Δ"&#xD;
  maybeSomething = "true"&#xD;
  sometimesNothing = None&#xD;
  biteSize = "!aBite"&#xD;
  subFact = None }&#xD;
{ indexId = 1L&#xD;
  id = "ced201c7-5fde-49e2-9cc0-30699fcdada9"&#xD;
  name = "Gerry McGuire"&#xD;
  timeStamp = "9/21/2023 11:31:08 AM"&#xD;
  specialChar = "Δ"&#xD;
  maybeSomething = "true"&#xD;
  sometimesNothing = Some 1L&#xD;
  biteSize = "!aBite"&#xD;
  subFact = None }&#xD;
{ indexId = 1L&#xD;
  id = "862c40e4-6a1e-495b-a81a-039d20949b04"&#xD;
  name = "Gerry McGuire"&#xD;
  timeStamp = "9/21/2023 11:31:08 AM"&#xD;
  specialChar = "Δ"&#xD;
  maybeSomething = "true"&#xD;
  sometimesNothing = Some 1L&#xD;
  biteSize = "!aBite"&#xD;
  subFact = None }&#xD;
Query being generated:&#xD;
&#xD;
select "Fact"."indexId", "Fact"."id", "Fact"."psqlName", "Fact"."timeStamp", "Fact"."specialChar", "Fact"."maybeSomething", "Fact"."sometimesNothing", "Fact"."biteSize", "SubFact"."subFact" from "Fact" left join "SubFact" on "SubFact"."factId" = "Fact"."indexId"&#xD;
&#xD;
&#xD;
&#xD;
&#xD;
facts: Error: Connection is not open</StdOut>
      </Output>
    </UnitTestResult>
    <UnitTestResult executionId="197862c0-01b4-4c62-9ab9-c1e2832cb6e3" testId="c5ecb518-1979-13a9-c293-a04b6295e274" testName="DeleteMany" computerName="THE-BIG-RIG" duration="00:00:00.0069240" startTime="2023-09-21T11:30:47.9667566-04:00" endTime="2023-09-21T11:30:47.9736800-04:00" testType="13cdc9d9-ddb5-4fa4-a97d-d965ccfc6d4b" outcome="Passed" testListId="8c84fa94-04c1-424b-9868-57a2d4851a1d" relativeResultsDirectory="197862c0-01b4-4c62-9ab9-c1e2832cb6e3">
      <Output>
        <StdOut>Deleting Many...&#xD;
Query being generated:&#xD;
&#xD;
delete from "Fact" where "Fact"."id" = @id&#xD;
&#xD;
&#xD;
&#xD;
&#xD;
2</StdOut>
      </Output>
    </UnitTestResult>
    <UnitTestResult executionId="7915369d-a14f-4e0b-8186-85bd54a15d17" testId="460d9b24-a569-0a63-e9e7-c4bb9059f3b9" testName="InsertMany" computerName="THE-BIG-RIG" duration="00:00:00.0704729" startTime="2023-09-21T11:31:08.6631499-04:00" endTime="2023-09-21T11:31:08.7336229-04:00" testType="13cdc9d9-ddb5-4fa4-a97d-d965ccfc6d4b" outcome="Passed" testListId="8c84fa94-04c1-424b-9868-57a2d4851a1d" relativeResultsDirectory="7915369d-a14f-4e0b-8186-85bd54a15d17">
      <Output>
        <StdOut>Query being generated:&#xD;
&#xD;
insert into "Fact" ( "indexId", "id", "psqlName", "timeStamp", "specialChar", "maybeSomething", "sometimesNothing", "biteSize" ) values ( @indexId, @id, @name, @timeStamp, @specialChar, @maybeSomething, @sometimesNothing, @biteSize )</StdOut>
      </Output>
    </UnitTestResult>
    <UnitTestResult executionId="83b71f1b-3e24-416b-8d76-a165aa0850ee" testId="d9edbf80-64a6-8e19-7149-1390014bf8c6" testName="Reader" computerName="THE-BIG-RIG" duration="00:00:00.0157700" startTime="2023-09-21T11:31:08.7342647-04:00" endTime="2023-09-21T11:31:08.7500345-04:00" testType="13cdc9d9-ddb5-4fa4-a97d-d965ccfc6d4b" outcome="Passed" testListId="8c84fa94-04c1-424b-9868-57a2d4851a1d" relativeResultsDirectory="83b71f1b-3e24-416b-8d76-a165aa0850ee">
      <Output>
        <StdOut>Reading...&#xD;
Query being generated:&#xD;
&#xD;
select * from "Fact"&#xD;
&#xD;
&#xD;
&#xD;
&#xD;
Error: Index was outside the bounds of the array.</StdOut>
      </Output>
    </UnitTestResult>
    <UnitTestResult executionId="506a0d4f-b80b-4fd8-9e25-1002af33ca73" testId="81d0d541-a556-9943-40c1-c5f6435f396d" testName="InsertUpdateSelect" computerName="THE-BIG-RIG" duration="00:00:00.0175880" startTime="2023-09-21T11:31:09.0528594-04:00" endTime="2023-09-21T11:31:09.0704468-04:00" testType="13cdc9d9-ddb5-4fa4-a97d-d965ccfc6d4b" outcome="Passed" testListId="8c84fa94-04c1-424b-9868-57a2d4851a1d" relativeResultsDirectory="506a0d4f-b80b-4fd8-9e25-1002af33ca73">
      <Output>
        <StdOut>Do we have a transaction? Some System.Data.SQLite.SQLiteTransaction&#xD;
Query being generated:&#xD;
&#xD;
insert into "Fact" ( "indexId", "id", "sqliteName", "timeStamp", "specialChar", "maybeSomething", "sometimesNothing", "biteSize" ) values ( @indexId, @id, @name, @timeStamp, @specialChar, @maybeSomething, @sometimesNothing, @biteSize )&#xD;
&#xD;
&#xD;
&#xD;
Param count: 8&#xD;
Param 0 - "@indexId": 1L&#xD;
Param 1 - "@id": "6f3cf226-3640-4c8c-93a1-e4958674b4f4"&#xD;
Param 2 - "@name": "Gerry McGuire"&#xD;
Param 3 - "@timeStamp": "9/21/2023 11:31:09 AM"&#xD;
Param 4 - "@specialChar": "Δ"&#xD;
Param 5 - "@maybeSomething": "true"&#xD;
Param 6 - "@sometimesNothing": 1L&#xD;
Param 7 - "@biteSize": "!aBite"&#xD;
columns to update: [|{ Index = 0&#xD;
    IsKey = false&#xD;
    IsIndex = true&#xD;
    JoinOn = Some ("SubFact", "factId")&#xD;
    Source = ""Fact""&#xD;
    QuotedSource = ""Fact""&#xD;
    SqlName = "indexId"&#xD;
    QuotedSqlName = ""indexId""&#xD;
    FSharpName = "indexId"&#xD;
    Type = System.Int64&#xD;
    PropertyInfo = Int64 indexId }; { Index = 2&#xD;
                                      IsKey = false&#xD;
                                      IsIndex = false&#xD;
                                      JoinOn = None&#xD;
                                      Source = ""Fact""&#xD;
                                      QuotedSource = ""Fact""&#xD;
                                      SqlName = "sqliteName"&#xD;
                                      QuotedSqlName = ""sqliteName""&#xD;
                                      FSharpName = "name"&#xD;
                                      Type = System.String&#xD;
                                      PropertyInfo = System.String name };&#xD;
  { Index = 3&#xD;
    IsKey = false&#xD;
    IsIndex = false&#xD;
    JoinOn = None&#xD;
    Source = ""Fact""&#xD;
    QuotedSource = ""Fact""&#xD;
    SqlName = "timeStamp"&#xD;
    QuotedSqlName = ""timeStamp""&#xD;
    FSharpName = "timeStamp"&#xD;
    Type = System.String&#xD;
    PropertyInfo = System.String timeStamp };&#xD;
  { Index = 4&#xD;
    IsKey = false&#xD;
    IsIndex = false&#xD;
    JoinOn = None&#xD;
    Source = ""Fact""&#xD;
    QuotedSource = ""Fact""&#xD;
    SqlName = "specialChar"&#xD;
    QuotedSqlName = ""specialChar""&#xD;
    FSharpName = "specialChar"&#xD;
    Type = System.String&#xD;
    PropertyInfo = System.String specialChar };&#xD;
  { Index = 5&#xD;
    IsKey = false&#xD;
    IsIndex = false&#xD;
    JoinOn = None&#xD;
    Source = ""Fact""&#xD;
    QuotedSource = ""Fact""&#xD;
    SqlName = "maybeSomething"&#xD;
    QuotedSqlName = ""maybeSomething""&#xD;
    FSharpName = "maybeSomething"&#xD;
    Type = System.String&#xD;
    PropertyInfo = System.String maybeSomething };&#xD;
  { Index = 6&#xD;
    IsKey = false&#xD;
    IsIndex = false&#xD;
    JoinOn = None&#xD;
    Source = ""Fact""&#xD;
    QuotedSource = ""Fact""&#xD;
    SqlName = "sometimesNothing"&#xD;
    QuotedSqlName = ""sometimesNothing""&#xD;
    FSharpName = "sometimesNothing"&#xD;
[...]
    PropertyInfo = System.String timeStamp };&#xD;
  { Index = 4&#xD;
    IsKey = false&#xD;
    IsIndex = false&#xD;
    JoinOn = None&#xD;
    Source = ""Fact""&#xD;
    QuotedSource = ""Fact""&#xD;
    SqlName = "specialChar"&#xD;
    QuotedSqlName = ""specialChar""&#xD;
    FSharpName = "specialChar"&#xD;
    Type = System.String&#xD;
    PropertyInfo = System.String specialChar };&#xD;
  { Index = 5&#xD;
    IsKey = false&#xD;
    IsIndex = false&#xD;
    JoinOn = None&#xD;
    Source = ""Fact""&#xD;
    QuotedSource = ""Fact""&#xD;
    SqlName = "maybeSomething"&#xD;
    QuotedSqlName = ""maybeSomething""&#xD;
    FSharpName = "maybeSomething"&#xD;
    Type = System.String&#xD;
    PropertyInfo = System.String maybeSomething };&#xD;
  { Index = 6&#xD;
    IsKey = false&#xD;
    IsIndex = false&#xD;
    JoinOn = None&#xD;
    Source = ""Fact""&#xD;
    QuotedSource = ""Fact""&#xD;
    SqlName = "sometimesNothing"&#xD;
    QuotedSqlName = ""sometimesNothing""&#xD;
    FSharpName = "sometimesNothing"&#xD;
    Type = Microsoft.FSharp.Core.FSharpOption`1[System.Int64]&#xD;
    PropertyInfo =&#xD;
     Microsoft.FSharp.Core.FSharpOption`1[System.Int64] sometimesNothing };&#xD;
  { Index = 7&#xD;
    IsKey = false&#xD;
    IsIndex = false&#xD;
    JoinOn = None&#xD;
    Source = ""Fact""&#xD;
    QuotedSource = ""Fact""&#xD;
    SqlName = "biteSize"&#xD;
    QuotedSqlName = ""biteSize""&#xD;
    FSharpName = "biteSize"&#xD;
    Type = System.String&#xD;
    PropertyInfo = System.String biteSize }|]&#xD;
Query being generated:&#xD;
&#xD;
update "Fact" set "indexId" = @indexId, "psqlName" = @name, "timeStamp" = @timeStamp, "specialChar" = @specialChar, "maybeSomething" = @maybeSomething, "sometimesNothing" = @sometimesNothing, "biteSize" = @biteSize where "indexId" = 1&#xD;
&#xD;
&#xD;
&#xD;
</Text>
      </RunInfo>
      <RunInfo computerName="THE-BIG-RIG" outcome="Warning" timestamp="2023-09-21T11:31:09.0388131-04:00">
        <Text>Do we have a transaction? Some System.Data.SQLite.SQLiteTransaction&#xD;
Query being generated:&#xD;
&#xD;
insert into "Fact" ( "indexId", "id", "sqliteName", "timeStamp", "specialChar", "maybeSomething", "sometimesNothing", "biteSize" ) values ( @indexId, @id, @name, @timeStamp, @specialChar, @maybeSomething, @sometimesNothing, @biteSize )&#xD;
&#xD;
&#xD;
&#xD;
Param count: 8&#xD;
Param 0 - "@indexId": 1L&#xD;
Param 1 - "@id": "a2bf24d1-bdd6-4b77-a6f6-4f4c3d16edfb"&#xD;
Param 2 - "@name": "Gerry McGuire"&#xD;
Param 3 - "@timeStamp": "9/21/2023 11:31:09 AM"&#xD;
Param 4 - "@specialChar": "Δ"&#xD;
Param 5 - "@maybeSomething": "true"&#xD;
Param 6 - "@sometimesNothing": 1L&#xD;
Param 7 - "@biteSize": "!aBite"&#xD;
Query being generated:&#xD;
&#xD;
delete from "Fact" where "Fact"."id" = @id&#xD;
&#xD;
&#xD;
&#xD;
Query being generated:&#xD;
&#xD;
select "Fact"."indexId", "Fact"."id", "Fact"."sqliteName", "Fact"."timeStamp", "Fact"."specialChar", "Fact"."maybeSomething", "Fact"."sometimesNothing", "Fact"."biteSize", "SubFact"."subFact" from "Fact" left join "SubFact" on "SubFact"."factId" = "Fact"."indexId" where id = 'a2bf24d1-bdd6-4b77-a6f6-4f4c3d16edfb'&#xD;
&#xD;
&#xD;
&#xD;
</Text>
      </RunInfo>
      <RunInfo computerName="THE-BIG-RIG" outcome="Warning" timestamp="2023-09-21T11:31:09.0532020-04:00">
        <Text>Do we have a transaction? Some System.Data.SQLite.SQLiteTransaction&#xD;
Query being generated:&#xD;
&#xD;
insert into "Fact" ( "indexId", "id", "sqliteName", "timeStamp", "specialChar", "maybeSomething", "sometimesNothing", "biteSize" ) values ( @indexId, @id, @name, @timeStamp, @specialChar, @maybeSomething, @sometimesNothing, @biteSize )&#xD;
&#xD;
&#xD;
&#xD;
Param count: 8&#xD;
Param 0 - "@indexId": 1L&#xD;
Param 1 - "@id": "282b52db-b06c-488e-a72e-ac4f78a1dc4f"&#xD;
Param 2 - "@name": "Gerry McGuire"&#xD;
Param 3 - "@timeStamp": "9/21/2023 11:31:09 AM"&#xD;
Param 4 - "@specialChar": "Δ"&#xD;
Param 5 - "@maybeSomething": "true"&#xD;
Param 6 - "@sometimesNothing": 1L&#xD;
Param 7 - "@biteSize": "!aBite"&#xD;
We have inserted&#xD;
We have the facts: Query being generated:&#xD;
&#xD;
select "Fact"."indexId", "Fact"."id", "Fact"."sqliteName", "Fact"."timeStamp", "Fact"."specialChar", "Fact"."maybeSomething", "Fact"."sometimesNothing", "Fact"."biteSize", "SubFact"."subFact" from "Fact" left join "SubFact" on "SubFact"."factId" = "Fact"."indexId" where id = '282b52db-b06c-488e-a72e-ac4f78a1dc4f'&#xD;
&#xD;
&#xD;
&#xD;
Ok (seq [{ indexId = 1L&#xD;
           id = "282b52db-b06c-488e-a72e-ac4f78a1dc4f"&#xD;
           name = "Gerry McGuire"&#xD;
           timeStamp = "9/21/2023 11:31:09 AM"&#xD;
           specialChar = "Δ"&#xD;
           maybeSomething = "true"&#xD;
           sometimesNothing = Some 1L&#xD;
           biteSize = "!aBite"&#xD;
           subFact = None }])&#xD;
Query being generated:&#xD;
&#xD;
select "Fact"."indexId", "Fact"."id", "Fact"."sqliteName", "Fact"."timeStamp", "Fact"."specialChar", "Fact"."maybeSomething", "Fact"."sometimesNothing", "Fact"."biteSize", "SubFact"."subFact" from "Fact" left join "SubFact" on "SubFact"."factId" = "Fact"."indexId" where id = '282b52db-b06c-488e-a72e-ac4f78a1dc4f'&#xD;
&#xD;
&#xD;
&#xD;
Query being generated:&#xD;
&#xD;
select "Fact"."indexId", "Fact"."id", "Fact"."sqliteName", "Fact"."timeStamp", "Fact"."specialChar", "Fact"."maybeSomething", "Fact"."sometimesNothing", "Fact"."biteSize", "SubFact"."subFact" from "Fact" left join "SubFact" on "SubFact"."factId" = "Fact"."indexId" where id = '282b52db-b06c-488e-a72e-ac4f78a1dc4f'&#xD;
&#xD;
&#xD;
&#xD;
</Text>
      </RunInfo>
      <RunInfo computerName="THE-BIG-RIG" outcome="Warning" timestamp="2023-09-21T11:31:09.0709452-04:00">
        <Text>Do we have a transaction? Some System.Data.SQLite.SQLiteTransaction&#xD;
Query being generated:&#xD;
&#xD;
insert into "Fact" ( "indexId", "id", "sqliteName", "timeStamp", "specialChar", "maybeSomething", "sometimesNothing", "biteSize" ) values ( @indexId, @id, @name, @timeStamp, @specialChar, @maybeSomething, @sometimesNothing, @biteSize )&#xD;
&#xD;
&#xD;
&#xD;
Param count: 8&#xD;
Param 0 - "@indexId": 1L&#xD;
Param 1 - "@id": "6f3cf226-3640-4c8c-93a1-e4958674b4f4"&#xD;
Param 2 - "@name": "Gerry McGuire"&#xD;
Param 3 - "@timeStamp": "9/21/2023 11:31:09 AM"&#xD;
Param 4 - "@specialChar": "Δ"&#xD;
Param 5 - "@maybeSomething": "true"&#xD;
Param 6 - "@sometimesNothing": 1L&#xD;
Param 7 - "@biteSize": "!aBite"&#xD;
columns to update: [|{ Index = 0&#xD;
    IsKey = false&#xD;
    IsIndex = true&#xD;
    JoinOn = Some ("SubFact", "factId")&#xD;
    Source = ""Fact""&#xD;
    QuotedSource = ""Fact""&#xD;
    SqlName = "indexId"&#xD;
    QuotedSqlName = ""indexId""&#xD;
    FSharpName = "indexId"&#xD;
    Type = System.Int64&#xD;
    PropertyInfo = Int64 indexId }; { Index = 2&#xD;
                                      IsKey = false&#xD;
                                      IsIndex = false&#xD;
                                      JoinOn = None&#xD;
                                      Source = ""Fact""&#xD;
                                      QuotedSource = ""Fact""&#xD;
                                      SqlName = "sqliteName"&#xD;
                                      QuotedSqlName = ""sqliteName""&#xD;
                                      FSharpName = "name"&#xD;
                                      Type = System.String&#xD;
                                      PropertyInfo = System.String name };&#xD;
  { Index = 3&#xD;
    IsKey = false&#xD;
    IsIndex = false&#xD;
    JoinOn = None&#xD;
    Source = ""Fact""&#xD;
    QuotedSource = ""Fact""&#xD;
    SqlName = "timeStamp"&#xD;
    QuotedSqlName = ""timeStamp""&#xD;
    FSharpName = "timeStamp"&#xD;
    Type = System.String&#xD;
    PropertyInfo = System.String timeStamp };&#xD;
  { Index = 4&#xD;
    IsKey = false&#xD;
    IsIndex = false&#xD;
    JoinOn = None&#xD;
    Source = ""Fact""&#xD;
    QuotedSource = ""Fact""&#xD;
    SqlName = "specialChar"&#xD;
    QuotedSqlName = ""specialChar""&#xD;
    FSharpName = "specialChar"&#xD;
    Type = System.String&#xD;
    PropertyInfo = System.String specialChar };&#xD;
  { Index = 5&#xD;
    IsKey = false&#xD;
    IsIndex = false&#xD;
    JoinOn = None&#xD;
    Source = ""Fact""&#xD;
    QuotedSource = ""Fact""&#xD;
    SqlName = "maybeSomething"&#xD;
    QuotedSqlName = ""maybeSomething""&#xD;
    FSharpName = "maybeSomething"&#xD;
    Type = System.String&#xD;
    PropertyInfo = System.String maybeSomething };&#xD;
  { Index = 6&#xD;
    IsKey = false&#xD;
    IsIndex = false&#xD;
    JoinOn = None&#xD;
    Source = ""Fact""&#xD;
    QuotedSource = ""Fact""&#xD;
    SqlName = "sometimesNothing"&#xD;
    QuotedSqlName = ""sometimesNothing""&#xD;
    FSharpName = "sometimesNothing"&#xD;
    Type = Microsoft.FSharp.Core.FSharpOption`1[System.Int64]&#xD;
    PropertyInfo =&#xD;
     Microsoft.FSharp.Core.FSharpOption`1[System.Int64] sometimesNothing };&#xD;
  { Index = 7&#xD;
    IsKey = false&#xD;
    IsIndex = false&#xD;
    JoinOn = None&#xD;
    Source = ""Fact""&#xD;
    QuotedSource = ""Fact""&#xD;
    SqlName = "biteSize"&#xD;
    QuotedSqlName = ""biteSize""&#xD;
    FSharpName = "biteSize"&#xD;
    Type = System.String&#xD;
    PropertyInfo = System.String biteSize }|]&#xD;
Query being generated:&#xD;
&#xD;
update "Fact" set "indexId" = @indexId, "sqliteName" = @name, "timeStamp" = @timeStamp, "specialChar" = @specialChar, "maybeSomething" = @maybeSomething, "sometimesNothing" = @sometimesNothing, "biteSize" = @biteSize where "Fact"."id" = @id&#xD;
&#xD;
&#xD;
&#xD;
Query being generated:&#xD;
&#xD;
select "Fact"."indexId", "Fact"."id", "Fact"."sqliteName", "Fact"."timeStamp", "Fact"."specialChar", "Fact"."maybeSomething", "Fact"."sometimesNothing", "Fact"."biteSize", "SubFact"."subFact" from "Fact" left join "SubFact" on "SubFact"."factId" = "Fact"."indexId" where id = '6f3cf226-3640-4c8c-93a1-e4958674b4f4'&#xD;
&#xD;
&#xD;
&#xD;
Query being generated:&#xD;
&#xD;
select "Fact"."indexId", "Fact"."id", "Fact"."sqliteName", "Fact"."timeStamp", "Fact"."specialChar", "Fact"."maybeSomething", "Fact"."sometimesNothing", "Fact"."biteSize", "SubFact"."subFact" from "Fact" left join "SubFact" on "SubFact"."factId" = "Fact"."indexId" where id = '6f3cf226-3640-4c8c-93a1-e4958674b4f4'&#xD;
&#xD;
&#xD;
&#xD;
Query being generated:&#xD;
&#xD;
select "Fact"."indexId", "Fact"."id", "Fact"."sqliteName", "Fact"."timeStamp", "Fact"."specialChar", "Fact"."maybeSomething", "Fact"."sometimesNothing", "Fact"."biteSize", "SubFact"."subFact" from "Fact" left join "SubFact" on "SubFact"."factId" = "Fact"."indexId" where id = '6f3cf226-3640-4c8c-93a1-e4958674b4f4'&#xD;
&#xD;
&#xD;
&#xD;
</Text>
      </RunInfo>
      <RunInfo computerName="THE-BIG-RIG" outcome="Warning" timestamp="2023-09-21T11:31:09.0755527-04:00">
        <Text>Reading...&#xD;
Query being generated:&#xD;
&#xD;
select * from "Fact"&#xD;
&#xD;
&#xD;
&#xD;
</Text>
      </RunInfo>
      <RunInfo computerName="THE-BIG-RIG" outcome="Warning" timestamp="2023-09-21T11:31:09.1581094-04:00">
        <Text>Do we have a transaction? Some Npgsql.NpgsqlTransaction&#xD;
Query being generated:&#xD;
&#xD;
insert into "Fact" ( "indexId", "id", "psqlName", "timeStamp", "specialChar", "maybeSomething", "sometimesNothing", "biteSize" ) values ( @indexId, @id, @name, @timeStamp, @specialChar, @maybeSomething, @sometimesNothing, @biteSize )&#xD;
&#xD;
&#xD;
&#xD;
Param count: 8&#xD;
Param 0 - "@indexId": 1L&#xD;
Param 1 - "@id": "67d15693-3ca9-431f-b66e-e80265195560"&#xD;
Param 2 - "@name": "Gerry McGuire"&#xD;
Param 3 - "@timeStamp": "9/21/2023 11:31:09 AM"&#xD;
Param 4 - "@specialChar": "Δ"&#xD;
Param 5 - "@maybeSomething": "true"&#xD;
Param 6 - "@sometimesNothing": 1L&#xD;
Param 7 - "@biteSize": "!aBite"&#xD;
Query being generated:&#xD;
&#xD;
delete from "Fact" where "Fact"."id" = @id&#xD;
&#xD;
&#xD;
&#xD;
Query being generated:&#xD;
&#xD;
select "Fact"."indexId", "Fact"."id", "Fact"."psqlName", "Fact"."timeStamp", "Fact"."specialChar", "Fact"."maybeSomething", "Fact"."sometimesNothing", "Fact"."biteSize", "SubFact"."subFact" from "Fact" left join "SubFact" on "SubFact"."factId" = "Fact"."indexId" where id = '67d15693-3ca9-431f-b66e-e80265195560'&#xD;
&#xD;
&#xD;
&#xD;
</Text>
      </RunInfo>
      <RunInfo computerName="THE-BIG-RIG" outcome="Warning" timestamp="2023-09-21T11:31:09.2257499-04:00">
        <Text>Do we have a transaction? Some Npgsql.NpgsqlTransaction&#xD;
Query being generated:&#xD;
&#xD;
insert into "Fact" ( "indexId", "id", "psqlName", "timeStamp", "specialChar", "maybeSomething", "sometimesNothing", "biteSize" ) values ( @indexId, @id, @name, @timeStamp, @specialChar, @maybeSomething, @sometimesNothing, @biteSize )&#xD;
&#xD;
&#xD;
&#xD;
Param count: 8&#xD;
Param 0 - "@indexId": 1L&#xD;
Param 1 - "@id": "55736ecf-7c34-4515-81e6-1ac0516218fc"&#xD;
Param 2 - "@name": "Gerry McGuire"&#xD;
Param 3 - "@timeStamp": "9/21/2023 11:31:09 AM"&#xD;
Param 4 - "@specialChar": "Δ"&#xD;
Param 5 - "@maybeSomething": "true"&#xD;
Param 6 - "@sometimesNothing": 1L&#xD;
Param 7 - "@biteSize": "!aBite"&#xD;
We have inserted&#xD;
We have the facts: Query being generated:&#xD;
&#xD;
select "Fact"."indexId", "Fact"."id", "Fact"."psqlName", "Fact"."timeStamp", "Fact"."specialChar", "Fact"."maybeSomething", "Fact"."sometimesNothing", "Fact"."biteSize", "SubFact"."subFact" from "Fact" left join "SubFact" on "SubFact"."factId" = "Fact"."indexId" where id = '55736ecf-7c34-4515-81e6-1ac0516218fc'&#xD;
&#xD;
&#xD;
&#xD;
Ok (seq [{ indexId = 1L&#xD;
           id = "55736ecf-7c34-4515-81e6-1ac0516218fc"&#xD;
           name = "Gerry McGuire"&#xD;
           timeStamp = "9/21/2023 11:31:09 AM"&#xD;
           specialChar = "Δ"&#xD;
           maybeSomething = "true"&#xD;
           sometimesNothing = Some 1L&#xD;
           biteSize = "!aBite"&#xD;
           subFact = None }])&#xD;
Query being generated:&#xD;
&#xD;
select "Fact"."indexId", "Fact"."id", "Fact"."psqlName", "Fact"."timeStamp", "Fact"."specialChar", "Fact"."maybeSomething", "Fact"."sometimesNothing", "Fact"."biteSize", "SubFact"."subFact" from "Fact" left join "SubFact" on "SubFact"."factId" = "Fact"."indexId" where id = '55736ecf-7c34-4515-81e6-1ac0516218fc'&#xD;
&#xD;
&#xD;
&#xD;
Query being generated:&#xD;
&#xD;
select "Fact"."indexId", "Fact"."id", "Fact"."psqlName", "Fact"."timeStamp", "Fact"."specialChar", "Fact"."maybeSomething", "Fact"."sometimesNothing", "Fact"."biteSize", "SubFact"."subFact" from "Fact" left join "SubFact" on "SubFact"."factId" = "Fact"."indexId" where id = '55736ecf-7c34-4515-81e6-1ac0516218fc'&#xD;
&#xD;
&#xD;
&#xD;
</Text>
      </RunInfo>
      <RunInfo computerName="THE-BIG-RIG" outcome="Warning" timestamp="2023-09-21T11:31:09.4083792-04:00">
        <Text>Do we have a transaction? Some Npgsql.NpgsqlTransaction&#xD;
Query being generated:&#xD;
&#xD;
insert into "Fact" ( "indexId", "id", "psqlName", "timeStamp", "specialChar", "maybeSomething", "sometimesNothing", "biteSize" ) values ( @indexId, @id, @name, @timeStamp, @specialChar, @maybeSomething, @sometimesNothing, @biteSize )&#xD;
&#xD;
&#xD;
&#xD;
Param count: 8&#xD;
Param 0 - "@indexId": 1L&#xD;
Param 1 - "@id": "963745e1-2fd5-439f-a6b8-9147595924d3"&#xD;
Param 2 - "@name": "Gerry McGuire"&#xD;
Param 3 - "@timeStamp": "9/21/2023 11:31:09 AM"&#xD;
Param 4 - "@specialChar": "Δ"&#xD;
Param 5 - "@maybeSomething": "true"&#xD;
Param 6 - "@sometimesNothing": 1L&#xD;
Param 7 - "@biteSize": "!aBite"&#xD;
columns to update: [|{ Index = 0&#xD;
    IsKey = false&#xD;
    IsIndex = true&#xD;
    JoinOn = Some ("SubFact", "factId")&#xD;
    Source = ""Fact""&#xD;
    QuotedSource = ""Fact""&#xD;
    SqlName = "indexId"&#xD;
    QuotedSqlName = ""indexId""&#xD;
    FSharpName = "indexId"&#xD;
    Type = System.Int64&#xD;
    PropertyInfo = Int64 indexId }; { Index = 2&#xD;
                                      IsKey = false&#xD;
                                      IsIndex = false&#xD;
                                      JoinOn = None&#xD;
                                      Source = ""Fact""&#xD;
                                      QuotedSource = ""Fact""&#xD;
                                      SqlName = "psqlName"&#xD;
                                      QuotedSqlName = ""psqlName""&#xD;
                                      FSharpName = "name"&#xD;
                                      Type = System.String&#xD;
                                      PropertyInfo = System.String name };&#xD;
  { Index = 3&#xD;
    IsKey = false&#xD;
    IsIndex = false&#xD;
    JoinOn = None&#xD;
    Source = ""Fact""&#xD;
    QuotedSource = ""Fact""&#xD;
    SqlName = "timeStamp"&#xD;
    QuotedSqlName = ""timeStamp""&#xD;
    FSharpName = "timeStamp"&#xD;
    Type = System.String&#xD;
    PropertyInfo = System.String timeStamp };&#xD;
  { Index = 4&#xD;
    IsKey = false&#xD;
    IsIndex = false&#xD;
    JoinOn = None&#xD;
    Source = ""Fact""&#xD;
    QuotedSource = ""Fact""&#xD;
    SqlName = "specialChar"&#xD;
    QuotedSqlName = ""specialChar""&#xD;
    FSharpName = "specialChar"&#xD;
    Type = System.String&#xD;
    PropertyInfo = System.String specialChar };&#xD;
  { Index = 5&#xD;
    IsKey = false&#xD;
    IsIndex = false&#xD;
    JoinOn = None&#xD;
    Source = ""Fact""&#xD;
    QuotedSource = ""Fact""&#xD;
    SqlName = "maybeSomething"&#xD;
    QuotedSqlName = ""maybeSomething""&#xD;
    FSharpName = "maybeSomething"&#xD;
    Type = System.String&#xD;
    PropertyInfo = System.String maybeSomething };&#xD;
  { Index = 6&#xD;
    IsKey = false&#xD;
    IsIndex = false&#xD;
    JoinOn = None&#xD;
    Source = ""Fact""&#xD;
    QuotedSource = ""Fact""&#xD;
    SqlName = "sometimesNothing"&#xD;
    QuotedSqlName = ""sometimesNothing""&#xD;
    FSharpName = "sometimesNothing"&#xD;
    Type = Microsoft.FSharp.Core.FSharpOption`1[System.Int64]&#xD;
    PropertyInfo =&#xD;
     Microsoft.FSharp.Core.FSharpOption`1[System.Int64] sometimesNothing };&#xD;
  { Index = 7&#xD;
    IsKey = false&#xD;
    IsIndex = false&#xD;
    JoinOn = None&#xD;
    Source = ""Fact""&#xD;
    QuotedSource = ""Fact""&#xD;
    SqlName = "biteSize"&#xD;
    QuotedSqlName = ""biteSize""&#xD;
    FSharpName = "biteSize"&#xD;
    Type = System.String&#xD;
    PropertyInfo = System.String biteSize }|]&#xD;
Query being generated:&#xD;
&#xD;
update "Fact" set "indexId" = @indexId, "psqlName" = @name, "timeStamp" = @timeStamp, "specialChar" = @specialChar, "maybeSomething" = @maybeSomething, "sometimesNothing" = @sometimesNothing, "biteSize" = @biteSize where "Fact"."id" = @id&#xD;
&#xD;
&#xD;
&#xD;
Query being generated:&#xD;
&#xD;
select "Fact"."indexId", "Fact"."id", "Fact"."psqlName", "Fact"."timeStamp", "Fact"."specialChar", "Fact"."maybeSomething", "Fact"."sometimesNothing", "Fact"."biteSize", "SubFact"."subFact" from "Fact" left join "SubFact" on "SubFact"."factId" = "Fact"."indexId" where id = '963745e1-2fd5-439f-a6b8-9147595924d3'&#xD;
&#xD;
&#xD;
&#xD;
Query being generated:&#xD;
&#xD;
select "Fact"."indexId", "Fact"."id", "Fact"."psqlName", "Fact"."timeStamp", "Fact"."specialChar", "Fact"."maybeSomething", "Fact"."sometimesNothing", "Fact"."biteSize", "SubFact"."subFact" from "Fact" left join "SubFact" on "SubFact"."factId" = "Fact"."indexId" where id = '963745e1-2fd5-439f-a6b8-9147595924d3'&#xD;
&#xD;
&#xD;
&#xD;
Query being generated:&#xD;
&#xD;
select "Fact"."indexId", "Fact"."id", "Fact"."psqlName", "Fact"."timeStamp", "Fact"."specialChar", "Fact"."maybeSomething", "Fact"."sometimesNothing", "Fact"."biteSize", "SubFact"."subFact" from "Fact" left join "SubFact" on "SubFact"."factId" = "Fact"."indexId" where id = '963745e1-2fd5-439f-a6b8-9147595924d3'&#xD;
&#xD;
&#xD;
&#xD;
</Text>
      </RunInfo>
      <RunInfo computerName="THE-BIG-RIG" outcome="Warning" timestamp="2023-09-21T11:31:09.5634047-04:00">
        <Text>Reading...&#xD;
Query being generated:&#xD;
&#xD;
select * from "Fact"&#xD;
&#xD;
&#xD;
&#xD;
</Text>
      </RunInfo>
    </RunInfos>
  </ResultSummary>
</TestRun>