<?xml version="1.0" encoding="utf-8"?>
<TestRun id="7e915586-b138-403d-9946-115c2d6066f8" name="Evan@THE-BIG-RIG 2023-08-10 22:42:29" runUser="THE-BIG-RIG\Evan" xmlns="http://microsoft.com/schemas/VisualStudio/TeamTest/2010">
  <Times creation="2023-08-10T22:42:29.5946028-04:00" queuing="2023-08-10T22:42:29.5946033-04:00" start="2023-08-10T22:42:27.6601898-04:00" finish="2023-08-10T22:42:31.6085278-04:00" />
  <TestSettings name="default" id="109c9915-e82d-46b1-ac25-555002407424">
    <Deployment runDeploymentRoot="Evan_THE-BIG-RIG_2023-08-10_22_42_29" />
  </TestSettings>
  <Results>
    <UnitTestResult executionId="ca271c45-95c8-4407-980f-88dbf480048b" testId="685fd3d2-6ac3-c066-f340-f935822e65eb" testName="Update" computerName="THE-BIG-RIG" duration="00:00:00.0132630" startTime="2023-08-10T22:42:29.5662801-04:00" endTime="2023-08-10T22:42:29.5795434-04:00" testType="13cdc9d9-ddb5-4fa4-a97d-d965ccfc6d4b" outcome="Passed" testListId="8c84fa94-04c1-424b-9868-57a2d4851a1d" relativeResultsDirectory="ca271c45-95c8-4407-980f-88dbf480048b">
      <Output>
        <StdOut>Updating...&#xD;
columns to update: seq&#xD;
  [{ Index = 0&#xD;
     IsKey = false&#xD;
     IsIndex = true&#xD;
     JoinOn = Some ("SubFact", "factId")&#xD;
     Source = ""Fact""&#xD;
     QuotedSource = ""Fact""&#xD;
     SqlName = "indexId"&#xD;
     QuotedSqlName = ""indexId""&#xD;
     FSharpName = "indexId"&#xD;
     Type = System.Int64&#xD;
     PropertyInfo = Int64 indexId }; { Index = 2&#xD;
                                       IsKey = false&#xD;
                                       IsIndex = false&#xD;
                                       JoinOn = None&#xD;
                                       Source = ""Fact""&#xD;
                                       QuotedSource = ""Fact""&#xD;
                                       SqlName = "sqliteName"&#xD;
                                       QuotedSqlName = ""sqliteName""&#xD;
                                       FSharpName = "name"&#xD;
                                       Type = System.String&#xD;
                                       PropertyInfo = System.String name };&#xD;
   { Index = 3&#xD;
     IsKey = false&#xD;
     IsIndex = false&#xD;
     JoinOn = None&#xD;
     Source = ""Fact""&#xD;
     QuotedSource = ""Fact""&#xD;
     SqlName = "timeStamp"&#xD;
     QuotedSqlName = ""timeStamp""&#xD;
     FSharpName = "timeStamp"&#xD;
     Type = System.String&#xD;
     PropertyInfo = System.String timeStamp };&#xD;
   { Index = 4&#xD;
     IsKey = false&#xD;
     IsIndex = false&#xD;
     JoinOn = None&#xD;
     Source = ""Fact""&#xD;
     QuotedSource = ""Fact""&#xD;
     SqlName = "specialChar"&#xD;
     QuotedSqlName = ""specialChar""&#xD;
     FSharpName = "specialChar"&#xD;
     Type = System.String&#xD;
     PropertyInfo = System.String specialChar }; ...]&#xD;
Query being generated:&#xD;
&#xD;
update "Fact" set "indexId" = @indexId, "sqliteName" = @name, "timeStamp" = @timeStamp, "specialChar" = @specialChar, "maybeSomething" = @maybeSomething, "sometimesNothing" = @sometimesNothing, "biteSize" = @biteSize where "Fact"."id" = @id&#xD;
&#xD;
&#xD;
&#xD;
&#xD;
facts: 1</StdOut>
      </Output>
    </UnitTestResult>
    <UnitTestResult executionId="922e1fc1-498c-492d-bed8-d33922a2ec00" testId="d9987b9d-24a0-d4c4-e4b0-295b5a496f9c" testName="Select" computerName="THE-BIG-RIG" duration="00:00:00.1261510" startTime="2023-08-10T22:42:30.0793708-04:00" endTime="2023-08-10T22:42:30.2055220-04:00" testType="13cdc9d9-ddb5-4fa4-a97d-d965ccfc6d4b" outcome="Passed" testListId="8c84fa94-04c1-424b-9868-57a2d4851a1d" relativeResultsDirectory="922e1fc1-498c-492d-bed8-d33922a2ec00">
      <Output>
        <StdOut>Selecting All...&#xD;
Query being generated:&#xD;
&#xD;
select "Fact"."indexId", "Fact"."id", "Fact"."psqlName", "Fact"."timeStamp", "Fact"."specialChar", "Fact"."maybeSomething", "Fact"."sometimesNothing", "Fact"."biteSize", "SubFact"."subFact" from "Fact" left join "SubFact" on "SubFact"."factId" = "Fact"."indexId"&#xD;
&#xD;
&#xD;
&#xD;
{ indexId = 1L&#xD;
  id = "ae87e936-c370-4843-8500-e12c52a3bcad"&#xD;
  name = "Gerry McGuire"&#xD;
  timeStamp = "8/10/2023 10:42:29 PM"&#xD;
  specialChar = "Δ"&#xD;
  maybeSomething = "true"&#xD;
  sometimesNothing = Some 1L&#xD;
  biteSize = "!aBite"&#xD;
  subFact = None }&#xD;
{ indexId = 1L&#xD;
  id = "da27f39c-802d-4259-ba08-70981bf44a5f"&#xD;
  name = "Gerry McGuire"&#xD;
  timeStamp = "8/10/2023 10:42:29 PM"&#xD;
  specialChar = "Δ"&#xD;
  maybeSomething = "true"&#xD;
  sometimesNothing = Some 1L&#xD;
  biteSize = "!aBite"&#xD;
  subFact = None }&#xD;
{ indexId = 1L&#xD;
  id = "d29ba264-c139-4270-b37c-43e55923f395"&#xD;
  name = "Gerry McGuire"&#xD;
  timeStamp = "8/10/2023 10:42:29 PM"&#xD;
  specialChar = "Δ"&#xD;
  maybeSomething = "true"&#xD;
  sometimesNothing = None&#xD;
  biteSize = "!aBite"&#xD;
  subFact = None }&#xD;
{ indexId = 1L&#xD;
  id = "0092c6c7-298a-4af3-bc8e-1933887f8d96"&#xD;
  name = "Gerry McGuire"&#xD;
  timeStamp = "8/10/2023 10:42:29 PM"&#xD;
  specialChar = "Δ"&#xD;
  maybeSomething = "true"&#xD;
  sometimesNothing = Some 1L&#xD;
  biteSize = "!aBite"&#xD;
  subFact = None }&#xD;
{ indexId = 1L&#xD;
  id = "943bd7c9-7392-499e-96ea-caca24ce135e"&#xD;
  name = "Gerry McGuire"&#xD;
  timeStamp = "8/10/2023 10:42:29 PM"&#xD;
  specialChar = "Δ"&#xD;
  maybeSomething = "true"&#xD;
  sometimesNothing = Some 1L&#xD;
  biteSize = "!aBite"&#xD;
  subFact = None }&#xD;
&#xD;
facts: Error: Connection already open</StdOut>
      </Output>
    </UnitTestResult>
    <UnitTestResult executionId="4b97ce0e-a505-4464-9dc0-6bc8335ff393" testId="9efe28fc-5719-572e-16c6-a90cc0bb8bcd" testName="InsertMany" computerName="THE-BIG-RIG" duration="00:00:00.0064800" startTime="2023-08-10T22:42:29.5270094-04:00" endTime="2023-08-10T22:42:29.5334890-04:00" testType="13cdc9d9-ddb5-4fa4-a97d-d965ccfc6d4b" outcome="Passed" testListId="8c84fa94-04c1-424b-9868-57a2d4851a1d" relativeResultsDirectory="4b97ce0e-a505-4464-9dc0-6bc8335ff393">
      <Output>
        <StdOut>Query being generated:&#xD;
&#xD;
insert into "Fact" ( "indexId", "id", "sqliteName", "timeStamp", "specialChar", "maybeSomething", "sometimesNothing", "biteSize" ) values ( @indexId, @id, @name, @timeStamp, @specialChar, @maybeSomething, @sometimesNothing, @biteSize )</StdOut>
      </Output>
    </UnitTestResult>
    <UnitTestResult executionId="89cf30c2-a4d0-4711-83d2-1d7d281499a7" testId="644b827d-b769-3bd3-ee9c-d9b3a6561434" testName="SelectLimit" computerName="THE-BIG-RIG" duration="00:00:00.1265910" startTime="2023-08-10T22:42:30.2063119-04:00" endTime="2023-08-10T22:42:30.3329025-04:00" testType="13cdc9d9-ddb5-4fa4-a97d-d965ccfc6d4b" outcome="Passed" testListId="8c84fa94-04c1-424b-9868-57a2d4851a1d" relativeResultsDirectory="89cf30c2-a4d0-4711-83d2-1d7d281499a7">
      <Output>
        <StdOut>Selecting All...&#xD;
Query being generated:&#xD;
&#xD;
select "Fact"."indexId", "Fact"."id", "Fact"."psqlName", "Fact"."timeStamp", "Fact"."specialChar", "Fact"."maybeSomething", "Fact"."sometimesNothing", "Fact"."biteSize", "SubFact"."subFact" from "Fact" left join "SubFact" on "SubFact"."factId" = "Fact"."indexId" limit 5&#xD;
&#xD;
&#xD;
&#xD;
{ indexId = 1L&#xD;
  id = "943bd7c9-7392-499e-96ea-caca24ce135e"&#xD;
  name = "Gerry McGuire"&#xD;
  timeStamp = "8/10/2023 10:42:29 PM"&#xD;
  specialChar = "Δ"&#xD;
  maybeSomething = "true"&#xD;
  sometimesNothing = Some 1L&#xD;
  biteSize = "!aBite"&#xD;
  subFact = None }&#xD;
{ indexId = 1L&#xD;
  id = "0092c6c7-298a-4af3-bc8e-1933887f8d96"&#xD;
  name = "Gerry McGuire"&#xD;
  timeStamp = "8/10/2023 10:42:29 PM"&#xD;
  specialChar = "Δ"&#xD;
  maybeSomething = "true"&#xD;
  sometimesNothing = Some 1L&#xD;
  biteSize = "!aBite"&#xD;
  subFact = None }&#xD;
{ indexId = 1L&#xD;
  id = "d29ba264-c139-4270-b37c-43e55923f395"&#xD;
  name = "Gerry McGuire"&#xD;
  timeStamp = "8/10/2023 10:42:29 PM"&#xD;
  specialChar = "Δ"&#xD;
  maybeSomething = "true"&#xD;
  sometimesNothing = None&#xD;
  biteSize = "!aBite"&#xD;
  subFact = None }&#xD;
{ indexId = 1L&#xD;
  id = "da27f39c-802d-4259-ba08-70981bf44a5f"&#xD;
  name = "Gerry McGuire"&#xD;
  timeStamp = "8/10/2023 10:42:29 PM"&#xD;
  specialChar = "Δ"&#xD;
  maybeSomething = "true"&#xD;
  sometimesNothing = Some 1L&#xD;
  biteSize = "!aBite"&#xD;
  subFact = None }&#xD;
{ indexId = 1L&#xD;
  id = "ae87e936-c370-4843-8500-e12c52a3bcad"&#xD;
  name = "Gerry McGuire"&#xD;
  timeStamp = "8/10/2023 10:42:29 PM"&#xD;
  specialChar = "Δ"&#xD;
  maybeSomething = "true"&#xD;
  sometimesNothing = Some 1L&#xD;
  biteSize = "!aBite"&#xD;
  subFact = None }&#xD;
&#xD;
facts: Error: Connection already open</StdOut>
      </Output>
    </UnitTestResult>
    <UnitTestResult executionId="6da765db-cf33-460d-bff6-eb093c4d08ce" testId="0fa2da76-10fd-3535-9c31-82a6b7dc1dc6" testName="Connect" computerName="THE-BIG-RIG" duration="00:00:00.0085500" startTime="2023-08-10T22:42:29.4227280-04:00" endTime="2023-08-10T22:42:29.4312404-04:00" testType="13cdc9d9-ddb5-4fa4-a97d-d965ccfc6d4b" outcome="Passed" testListId="8c84fa94-04c1-424b-9868-57a2d4851a1d" relativeResultsDirectory="6da765db-cf33-460d-bff6-eb093c4d08ce">
      <Output>
        <StdOut>Contest: "Data Source=./test.db;"</StdOut>
      </Output>
    </UnitTestResult>
    <UnitTestResult executionId="da077c50-c256-49a2-911c-978a3e25b784" testId="b2ee8ff5-43fd-9922-0a20-e7fbb2d8497e" testName="UpdateWhere" computerName="THE-BIG-RIG" duration="00:00:00.1413190" startTime="2023-08-10T22:42:30.7641880-04:00" endTime="2023-08-10T22:42:30.9055065-04:00" testType="13cdc9d9-ddb5-4fa4-a97d-d965ccfc6d4b" outcome="Passed" testListId="8c84fa94-04c1-424b-9868-57a2d4851a1d" relativeResultsDirectory="da077c50-c256-49a2-911c-978a3e25b784">
      <Output>
        <StdOut>Updating...&#xD;
columns to update: seq&#xD;
  [{ Index = 0&#xD;
     IsKey = false&#xD;
     IsIndex = true&#xD;
     JoinOn = Some ("SubFact", "factId")&#xD;
     Source = ""Fact""&#xD;
     QuotedSource = ""Fact""&#xD;
     SqlName = "indexId"&#xD;
     QuotedSqlName = ""indexId""&#xD;
     FSharpName = "indexId"&#xD;
     Type = System.Int64&#xD;
     PropertyInfo = Int64 indexId }; { Index = 2&#xD;
                                       IsKey = false&#xD;
                                       IsIndex = false&#xD;
                                       JoinOn = None&#xD;
                                       Source = ""Fact""&#xD;
                                       QuotedSource = ""Fact""&#xD;
                                       SqlName = "psqlName"&#xD;
                                       QuotedSqlName = ""psqlName""&#xD;
                                       FSharpName = "name"&#xD;
                                       Type = System.String&#xD;
                                       PropertyInfo = System.String name };&#xD;
   { Index = 3&#xD;
     IsKey = false&#xD;
     IsIndex = false&#xD;
     JoinOn = None&#xD;
     Source = ""Fact""&#xD;
     QuotedSource = ""Fact""&#xD;
     SqlName = "timeStamp"&#xD;
     QuotedSqlName = ""timeStamp""&#xD;
     FSharpName = "timeStamp"&#xD;
     Type = System.String&#xD;
     PropertyInfo = System.String timeStamp };&#xD;
   { Index = 4&#xD;
     IsKey = false&#xD;
     IsIndex = false&#xD;
     JoinOn = None&#xD;
     Source = ""Fact""&#xD;
     QuotedSource = ""Fact""&#xD;
     SqlName = "specialChar"&#xD;
     QuotedSqlName = ""specialChar""&#xD;
     FSharpName = "specialChar"&#xD;
     Type = System.String&#xD;
     PropertyInfo = System.String specialChar }; ...]&#xD;
Query being generated:&#xD;
&#xD;
update "Fact" set "indexId" = @indexId, "psqlName" = @name, "timeStamp" = @timeStamp, "specialChar" = @specialChar, "maybeSomething" = @maybeSomething, "sometimesNothing" = @sometimesNothing, "biteSize" = @biteSize where "indexId" = 1&#xD;
&#xD;
&#xD;
&#xD;
&#xD;
facts: 5</StdOut>
      </Output>
    </UnitTestResult>
    <UnitTestResult executionId="e6e249d9-2317-4eba-b687-b8b57cf0ac24" testId="f9346500-1cf3-80bd-8353-bd565d17466d" testName="Reader" computerName="THE-BIG-RIG" duration="00:00:00.0065740" startTime="2023-08-10T22:42:29.5377303-04:00" endTime="2023-08-10T22:42:29.5443044-04:00" testType="13cdc9d9-ddb5-4fa4-a97d-d965ccfc6d4b" outcome="Passed" testListId="8c84fa94-04c1-424b-9868-57a2d4851a1d" relativeResultsDirectory="e6e249d9-2317-4eba-b687-b8b57cf0ac24">
      <Output>
        <StdOut>Reading...&#xD;
Query being generated:&#xD;
&#xD;
select * from "Fact"&#xD;
&#xD;
&#xD;
&#xD;
&#xD;
Error: Index was outside the bounds of the array.</StdOut>
      </Output>
    </UnitTestResult>
    <UnitTestResult executionId="8c863f58-d60a-4345-984b-97c4b45d3e77" testId="85caf85c-0ea4-3061-d9ac-49e696c000d2" testName="Insert" computerName="THE-BIG-RIG" duration="00:00:00.0163840" startTime="2023-08-10T22:42:29.9697265-04:00" endTime="2023-08-10T22:42:29.9861099-04:00" testType="13cdc9d9-ddb5-4fa4-a97d-d965ccfc6d4b" outcome="Passed" testListId="8c84fa94-04c1-424b-9868-57a2d4851a1d" relativeResultsDirectory="8c863f58-d60a-4345-984b-97c4b45d3e77">
      <Output>
        <StdOut>Query being generated:&#xD;
&#xD;
insert into "Fact" ( "indexId", "id", "psqlName", "timeStamp", "specialChar", "maybeSomething", "sometimesNothing", "biteSize" ) values ( @indexId, @id, @name, @timeStamp, @specialChar, @maybeSomething, @sometimesNothing, @biteSize )&#xD;
&#xD;
&#xD;
&#xD;
Param count: 8&#xD;
Param 0 - "@indexId": 1L&#xD;
Param 1 - "@id": "943bd7c9-7392-499e-96ea-caca24ce135e"&#xD;
Param 2 - "@name": "Gerry McGuire"&#xD;
Param 3 - "@timeStamp": "8/10/2023 10:42:29 PM"&#xD;
Param 4 - "@specialChar": "Δ"&#xD;
Param 5 - "@maybeSomething": "true"&#xD;
Param 6 - "@sometimesNothing": 1L&#xD;
Param 7 - "@biteSize": "!aBite"</StdOut>
      </Output>
    </UnitTestResult>
    <UnitTestResult executionId="7cb628a2-6ee2-4a60-8ca4-bdf269fe9293" testId="808acbda-4118-700a-9ab5-75ef8abf7449" testName="InsertMany" computerName="THE-BIG-RIG" duration="00:00:00.0731270" startTime="2023-08-10T22:42:29.9861256-04:00" endTime="2023-08-10T22:42:30.0592524-04:00" testType="13cdc9d9-ddb5-4fa4-a97d-d965ccfc6d4b" outcome="Passed" testListId="8c84fa94-04c1-424b-9868-57a2d4851a1d" relativeResultsDirectory="7cb628a2-6ee2-4a60-8ca4-bdf269fe9293">
      <Output>
        <StdOut>Query being generated:&#xD;
&#xD;
insert into "Fact" ( "indexId", "id", "psqlName", "timeStamp", "specialChar", "maybeSomething", "sometimesNothing", "biteSize" ) values ( @indexId, @id, @name, @timeStamp, @specialChar, @maybeSomething, @sometimesNothing, @biteSize )</StdOut>
      </Output>
    </UnitTestResult>
    <UnitTestResult executionId="8daf5f51-2bbe-4a93-90ee-7de39a20ef32" testId="64ceac3b-985e-80aa-2ebd-593c0fcb65a1" testName="ReaderWithTransaction" computerName="THE-BIG-RIG" duration="00:00:00.0013860" startTime="2023-08-10T22:42:30.9595958-04:00" endTime="2023-08-10T22:42:30.9609815-04:00" testType="13cdc9d9-ddb5-4fa4-a97d-d965ccfc6d4b" outcome="Passed" testListId="8c84fa94-04c1-424b-9868-57a2d4851a1d" relativeResultsDirectory="8daf5f51-2bbe-4a93-90ee-7de39a20ef32">
      <Output>
        <StdOut>Reading...&#xD;
Query being generated:&#xD;
&#xD;
select * from "Fact"&#xD;
&#xD;
&#xD;
&#xD;
&#xD;
Error: ExecuteReader can only be called when the connection is open.</StdOut>
      </Output>
    </UnitTestResult>
    <UnitTestResult executionId="5a2af2a7-02b0-4160-9a3b-84bd7e67c044" testId="aa5ad89d-4386-4bbe-356e-11e72bf7130c" testName="SelectLimit" computerName="THE-BIG-RIG" duration="00:00:00.0054140" startTime="2023-08-10T22:42:29.5553417-04:00" endTime="2023-08-10T22:42:29.5607556-04:00" testType="13cdc9d9-ddb5-4fa4-a97d-d965ccfc6d4b" outcome="Passed" testListId="8c84fa94-04c1-424b-9868-57a2d4851a1d" relativeResultsDirectory="5a2af2a7-02b0-4160-9a3b-84bd7e67c044">
      <Output>
        <StdOut>Selecting All...&#xD;
Query being generated:&#xD;
&#xD;
select "Fact"."indexId", "Fact"."id", "Fact"."sqliteName", "Fact"."timeStamp", "Fact"."specialChar", "Fact"."maybeSomething", "Fact"."sometimesNothing", "Fact"."biteSize", "SubFact"."subFact" from "Fact" left join "SubFact" on "SubFact"."factId" = "Fact"."indexId" limit 5&#xD;
&#xD;
&#xD;
&#xD;
{ indexId = 1L&#xD;
  id = "27190494-a34f-42b0-82f9-40533d6f15ab"&#xD;
  name = "Gerry McGuire"&#xD;
  timeStamp = "8/10/2023 10:42:29 PM"&#xD;
  specialChar = "Δ"&#xD;
  maybeSomething = "true"&#xD;
  sometimesNothing = Some 1L&#xD;
  biteSize = "!aBite"&#xD;
  subFact = None }&#xD;
{ indexId = 1L&#xD;
  id = "cd52fe0d-441f-4a71-bccb-a391f7c2b7ee"&#xD;
  name = "Gerry McGuire"&#xD;
  timeStamp = "8/10/2023 10:42:29 PM"&#xD;
  specialChar = "Δ"&#xD;
  maybeSomething = "true"&#xD;
  sometimesNothing = Some 1L&#xD;
  biteSize = "!aBite"&#xD;
  subFact = None }&#xD;
{ indexId = 1L&#xD;
  id = "37c30e4d-0eeb-4ae8-8d73-dbac25313a3c"&#xD;
  name = "Gerry McGuire"&#xD;
  timeStamp = "8/10/2023 10:42:29 PM"&#xD;
  specialChar = "Δ"&#xD;
  maybeSomething = "true"&#xD;
  sometimesNothing = None&#xD;
  biteSize = "!aBite"&#xD;
  subFact = None }&#xD;
{ indexId = 1L&#xD;
  id = "d3d2b37f-bbde-4bf3-aed8-56dd05367dad"&#xD;
  name = "Gerry McGuire"&#xD;
  timeStamp = "8/10/2023 10:42:29 PM"&#xD;
  specialChar = "Δ"&#xD;
  maybeSomething = "true"&#xD;
  sometimesNothing = Some 1L&#xD;
  biteSize = "!aBite"&#xD;
  subFact = None }&#xD;
{ indexId = 1L&#xD;
  id = "e3c88451-8b4f-4334-9843-c28221ab3041"&#xD;
  name = "Gerry McGuire"&#xD;
  timeStamp = "8/10/2023 10:42:29 PM"&#xD;
  specialChar = "Δ"&#xD;
  maybeSomething = "true"&#xD;
  sometimesNothing = Some 1L&#xD;
  biteSize = "!aBite"&#xD;
  subFact = None }&#xD;
Query being generated:&#xD;
&#xD;
select "Fact"."indexId", "Fact"."id", "Fact"."sqliteName", "Fact"."timeStamp", "Fact"."specialChar", "Fact"."maybeSomething", "Fact"."sometimesNothing", "Fact"."biteSize", "SubFact"."subFact" from "Fact" left join "SubFact" on "SubFact"."factId" = "Fact"."indexId" limit 5&#xD;
&#xD;
&#xD;
&#xD;
&#xD;
facts: seq&#xD;
  [{ indexId = 1L&#xD;
     id = "27190494-a34f-42b0-82f9-40533d6f15ab"&#xD;
     name = "Gerry McGuire"&#xD;
     timeStamp = "8/10/2023 10:42:29 PM"&#xD;
     specialChar = "Δ"&#xD;
     maybeSomething = "true"&#xD;
     sometimesNothing = Some 1L&#xD;
     biteSize = "!aBite"&#xD;
     subFact = None }; { indexId = 1L&#xD;
                         id = "cd52fe0d-441f-4a71-bccb-a391f7c2b7ee"&#xD;
                         name = "Gerry McGuire"&#xD;
                         timeStamp = "8/10/2023 10:42:29 PM"&#xD;
                         specialChar = "Δ"&#xD;
                         maybeSomething = "true"&#xD;
                         sometimesNothing = Some 1L&#xD;
                         biteSize = "!aBite"&#xD;
                         subFact = None };&#xD;
   { indexId = 1L&#xD;
     id = "37c30e4d-0eeb-4ae8-8d73-dbac25313a3c"&#xD;
     name = "Gerry McGuire"&#xD;
     timeStamp = "8/10/2023 10:42:29 PM"&#xD;
     specialChar = "Δ"&#xD;
     maybeSomething = "true"&#xD;
     sometimesNothing = None&#xD;
     biteSize = "!aBite"&#xD;
     subFact = None }; { indexId = 1L&#xD;
                         id = "d3d2b37f-bbde-4bf3-aed8-56dd05367dad"&#xD;
                         name = "Gerry McGuire"&#xD;
                         timeStamp = "8/10/2023 10:42:29 PM"&#xD;
                         specialChar = "Δ"&#xD;
                         maybeSomething = "true"&#xD;
                         sometimesNothing = Some 1L&#xD;
                         biteSize = "!aBite"&#xD;
                         subFact = None }; ...]</StdOut>
      </Output>
    </UnitTestResult>
    <UnitTestResult executionId="e3986521-1b28-4e72-858c-30b9bf264c61" testId="cc8f9a7d-2cf1-cea4-783c-8b829390949b" testName="TearDown" computerName="THE-BIG-RIG" duration="00:00:00.0009050" startTime="2023-08-10T22:42:29.5653653-04:00" endTime="2023-08-10T22:42:29.5662703-04:00" testType="13cdc9d9-ddb5-4fa4-a97d-d965ccfc6d4b" outcome="Passed" testListId="8c84fa94-04c1-424b-9868-57a2d4851a1d" relativeResultsDirectory="e3986521-1b28-4e72-858c-30b9bf264c61">
      <Output>
        <StdOut>Transaction: None</StdOut>
      </Output>
    </UnitTestResult>
    <UnitTestResult executionId="9b1df23b-8a05-409c-869b-f12c165603b7" testId="703d9e23-b2da-ec05-d434-5d080ae77160" testName="SelectWhere" computerName="THE-BIG-RIG" duration="00:00:00.1298380" startTime="2023-08-10T22:42:30.3353969-04:00" endTime="2023-08-10T22:42:30.4652351-04:00" testType="13cdc9d9-ddb5-4fa4-a97d-d965ccfc6d4b" outcome="Passed" testListId="8c84fa94-04c1-424b-9868-57a2d4851a1d" relativeResultsDirectory="9b1df23b-8a05-409c-869b-f12c165603b7">
      <Output>
        <StdOut>Selecting Where...&#xD;
Query being generated:&#xD;
&#xD;
select "Fact"."indexId", "Fact"."id", "Fact"."psqlName", "Fact"."timeStamp", "Fact"."specialChar", "Fact"."maybeSomething", "Fact"."sometimesNothing", "Fact"."biteSize", "SubFact"."subFact" from "Fact" left join "SubFact" on "SubFact"."factId" = "Fact"."indexId" where "maybeSomething" = 'true'&#xD;
&#xD;
&#xD;
&#xD;
&#xD;
facts: seq&#xD;
  [{ indexId = 1L&#xD;
     id = "ae87e936-c370-4843-8500-e12c52a3bcad"&#xD;
     name = "Gerry McGuire"&#xD;
     timeStamp = "8/10/2023 10:42:29 PM"&#xD;
     specialChar = "Δ"&#xD;
     maybeSomething = "true"&#xD;
     sometimesNothing = Some 1L&#xD;
     biteSize = "!aBite"&#xD;
     subFact = None }; { indexId = 1L&#xD;
                         id = "da27f39c-802d-4259-ba08-70981bf44a5f"&#xD;
                         name = "Gerry McGuire"&#xD;
                         timeStamp = "8/10/2023 10:42:29 PM"&#xD;
                         specialChar = "Δ"&#xD;
                         maybeSomething = "true"&#xD;
                         sometimesNothing = Some 1L&#xD;
                         biteSize = "!aBite"&#xD;
                         subFact = None };&#xD;
   { indexId = 1L&#xD;
     id = "d29ba264-c139-4270-b37c-43e55923f395"&#xD;
     name = "Gerry McGuire"&#xD;
     timeStamp = "8/10/2023 10:42:29 PM"&#xD;
     specialChar = "Δ"&#xD;
     maybeSomething = "true"&#xD;
     sometimesNothing = None&#xD;
     biteSize = "!aBite"&#xD;
     subFact = None }; { indexId = 1L&#xD;
                         id = "0092c6c7-298a-4af3-bc8e-1933887f8d96"&#xD;
                         name = "Gerry McGuire"&#xD;
                         timeStamp = "8/10/2023 10:42:29 PM"&#xD;
                         specialChar = "Δ"&#xD;
                         maybeSomething = "true"&#xD;
                         sometimesNothing = Some 1L&#xD;
                         biteSize = "!aBite"&#xD;
                         subFact = None }; ...]</StdOut>
      </Output>
    </UnitTestResult>
    <UnitTestResult executionId="ded44d6a-b490-4aaf-a298-54fed6d4ef32" testId="e1d96324-45ef-45d2-544f-68bf57e5356c" testName="InsertUpdateSelect" computerName="THE-BIG-RIG" duration="00:00:00.2048630" startTime="2023-08-10T22:42:31.2064224-04:00" endTime="2023-08-10T22:42:31.4112852-04:00" testType="13cdc9d9-ddb5-4fa4-a97d-d965ccfc6d4b" outcome="Passed" testListId="8c84fa94-04c1-424b-9868-57a2d4851a1d" relativeResultsDirectory="ded44d6a-b490-4aaf-a298-54fed6d4ef32">
      <Output>
        <StdOut>Do we have a transaction? Some Npgsql.NpgsqlTransaction&#xD;
Query being generated:&#xD;
&#xD;
insert into "Fact" ( "indexId", "id", "psqlName", "timeStamp", "specialChar", "maybeSomething", "sometimesNothing", "biteSize" ) values ( @indexId, @id, @name, @timeStamp, @specialChar, @maybeSomething, @sometimesNothing, @biteSize )&#xD;
&#xD;
&#xD;
&#xD;
Param count: 8&#xD;
Param 0 - "@indexId": 1L&#xD;
Param 1 - "@id": "816bd7f0-4fba-4c53-9ed4-2d7883e42f16"&#xD;
Param 2 - "@name": "Gerry McGuire"&#xD;
Param 3 - "@timeStamp": "8/10/2023 10:42:31 PM"&#xD;
Param 4 - "@specialChar": "Δ"&#xD;
Param 5 - "@maybeSomething": "true"&#xD;
Param 6 - "@sometimesNothing": 1L&#xD;
Param 7 - "@biteSize": "!aBite"&#xD;
columns to update: seq&#xD;
  [{ Index = 0&#xD;
     IsKey = false&#xD;
     IsIndex = true&#xD;
     JoinOn = Some ("SubFact", "factId")&#xD;
     Source = ""Fact""&#xD;
     QuotedSource = ""Fact""&#xD;
     SqlName = "indexId"&#xD;
     QuotedSqlName = ""indexId""&#xD;
     FSharpName = "indexId"&#xD;
     Type = System.Int64&#xD;
     PropertyInfo = Int64 indexId }; { Index = 2&#xD;
                                       IsKey = false&#xD;
                                       IsIndex = false&#xD;
                                       JoinOn = None&#xD;
                                       Source = ""Fact""&#xD;
                                       QuotedSource = ""Fact""&#xD;
                                       SqlName = "psqlName"&#xD;
                                       QuotedSqlName = ""psqlName""&#xD;
                                       FSharpName = "name"&#xD;
                                       Type = System.String&#xD;
                                       PropertyInfo = System.String name };&#xD;
   { Index = 3&#xD;
     IsKey = false&#xD;
     IsIndex = false&#xD;
     JoinOn = None&#xD;
     Source = ""Fact""&#xD;
     QuotedSource = ""Fact""&#xD;
     SqlName = "timeStamp"&#xD;
     QuotedSqlName = ""timeStamp""&#xD;
     FSharpName = "timeStamp"&#xD;
     Type = System.String&#xD;
     PropertyInfo = System.String timeStamp };&#xD;
   { Index = 4&#xD;
     IsKey = false&#xD;
     IsIndex = false&#xD;
     JoinOn = None&#xD;
     Source = ""Fact""&#xD;
     QuotedSource = ""Fact""&#xD;
     SqlName = "specialChar"&#xD;
     QuotedSqlName = ""specialChar""&#xD;
     FSharpName = "specialChar"&#xD;
     Type = System.String&#xD;
     PropertyInfo = System.String specialChar }; ...]&#xD;
Query being generated:&#xD;
&#xD;
update "Fact" set "indexId" = @indexId, "psqlName" = @name, "timeStamp" = @timeStamp, "specialChar" = @specialChar, "maybeSomething" = @maybeSomething, "sometimesNothing" = @sometimesNothing, "biteSize" = @biteSize where "Fact"."id" = @id&#xD;
&#xD;
&#xD;
&#xD;
Query being generated:&#xD;
&#xD;
select "Fact"."indexId", "Fact"."id", "Fact"."psqlName", "Fact"."timeStamp", "Fact"."specialChar", "Fact"."maybeSomething", "Fact"."sometimesNothing", "Fact"."biteSize", "SubFact"."subFact" from "Fact" left join "SubFact" on "SubFact"."factId" = "Fact"."indexId" where id = '816bd7f0-4fba-4c53-9ed4-2d7883e42f16'&#xD;
&#xD;
&#xD;
&#xD;
Query being generated:&#xD;
&#xD;
select "Fact"."indexId", "Fact"."id", "Fact"."psqlName", "Fact"."timeStamp", "Fact"."specialChar", "Fact"."maybeSomething", "Fact"."sometimesNothing", "Fact"."biteSize", "SubFact"."subFact" from "Fact" left join "SubFact" on "SubFact"."factId" = "Fact"."indexId" where id = '816bd7f0-4fba-4c53-9ed4-2d7883e42f16'&#xD;
&#xD;
&#xD;
&#xD;
Query being generated:&#xD;
&#xD;
select "Fact"."indexId", "Fact"."id", "Fact"."psqlName", "Fact"."timeStamp", "Fact"."specialChar", "Fact"."maybeSomething", "Fact"."sometimesNothing", "Fact"."biteSize", "SubFact"."subFact" from "Fact" left join "SubFact" on "SubFact"."factId" = "Fact"."indexId" where id = '816bd7f0-4fba-4c53-9ed4-2d7883e42f16'&#xD;
&#xD;
&#xD;
&#xD;
&#xD;
You remembered the facts: { indexId = 1L&#xD;
  id = "816bd7f0-4fba-4c53-9ed4-2d7883e42f16"&#xD;
  name = "Gerry McGuire"&#xD;
  timeStamp = "8/10/2023 10:42:31 PM"&#xD;
  specialChar = "Δ"&#xD;
  maybeSomething = "true"&#xD;
  sometimesNothing = Some 1L&#xD;
  biteSize = "!aBite"&#xD;
  subFact = Some "sooper dooper secret fact" } - { indexId = 1L&#xD;
  id = "816bd7f0-4fba-4c53-9ed4-2d7883e42f16"&#xD;
  name = "All Facts, All the Time"&#xD;
  timeStamp = "8/10/2023 10:42:31 PM"&#xD;
  specialChar = "Δ"&#xD;
  maybeSomething = "true"&#xD;
  sometimesNothing = Some 1L&#xD;
  biteSize = "!aBite"&#xD;
  subFact = None } | seq [{ indexId = 1L&#xD;
       id = "816bd7f0-4fba-4c53-9ed4-2d7883e42f16"&#xD;
       name = "All Facts, All the Time"&#xD;
       timeStamp = "8/10/2023 10:42:31 PM"&#xD;
       specialChar = "Δ"&#xD;
       maybeSomething = "true"&#xD;
       sometimesNothing = Some 1L&#xD;
       biteSize = "!aBite"&#xD;
       subFact = None }]</StdOut>
      </Output>
    </UnitTestResult>
    <UnitTestResult executionId="a3f48997-33ab-4126-b9f5-79835985b1ab" testId="4525c845-e5a6-179a-b7d8-7666e50f57e3" testName="InsertSelect" computerName="THE-BIG-RIG" duration="00:00:00.1580050" startTime="2023-08-10T22:42:31.0480378-04:00" endTime="2023-08-10T22:42:31.2060428-04:00" testType="13cdc9d9-ddb5-4fa4-a97d-d965ccfc6d4b" outcome="Passed" testListId="8c84fa94-04c1-424b-9868-57a2d4851a1d" relativeResultsDirectory="a3f48997-33ab-4126-b9f5-79835985b1ab">
      <Output>
        <StdOut>Do we have a transaction? Some Npgsql.NpgsqlTransaction&#xD;
Query being generated:&#xD;
&#xD;
insert into "Fact" ( "indexId", "id", "psqlName", "timeStamp", "specialChar", "maybeSomething", "sometimesNothing", "biteSize" ) values ( @indexId, @id, @name, @timeStamp, @specialChar, @maybeSomething, @sometimesNothing, @biteSize )&#xD;
&#xD;
&#xD;
&#xD;
Param count: 8&#xD;
Param 0 - "@indexId": 1L&#xD;
Param 1 - "@id": "00e0fa3a-180a-4fbc-9ea2-106213af5469"&#xD;
Param 2 - "@name": "Gerry McGuire"&#xD;
Param 3 - "@timeStamp": "8/10/2023 10:42:31 PM"&#xD;
Param 4 - "@specialChar": "Δ"&#xD;
Param 5 - "@maybeSomething": "true"&#xD;
Param 6 - "@sometimesNothing": 1L&#xD;
Param 7 - "@biteSize": "!aBite"&#xD;
Query being generated:&#xD;
&#xD;
select "Fact"."indexId", "Fact"."id", "Fact"."psqlName", "Fact"."timeStamp", "Fact"."specialChar", "Fact"."maybeSomething", "Fact"."sometimesNothing", "Fact"."biteSize", "SubFact"."subFact" from "Fact" left join "SubFact" on "SubFact"."factId" = "Fact"."indexId" where id = '00e0fa3a-180a-4fbc-9ea2-106213af5469'&#xD;
&#xD;
&#xD;
&#xD;
Query being generated:&#xD;
&#xD;
select "Fact"."indexId", "Fact"."id", "Fact"."psqlName", "Fact"."timeStamp", "Fact"."specialChar", "Fact"."maybeSomething", "Fact"."sometimesNothing", "Fact"."biteSize", "SubFact"."subFact" from "Fact" left join "SubFact" on "SubFact"."factId" = "Fact"."indexId" where id = '00e0fa3a-180a-4fbc-9ea2-106213af5469'</StdOut>
      </Output>
    </UnitTestResult>
    <UnitTestResult executionId="73d1732b-7d7a-4606-ac1b-93f5ae0e2721" testId="45fe581a-79a6-d39d-38f9-646e4aefd98f" testName="Insert" computerName="THE-BIG-RIG" duration="00:00:00.0090510" startTime="2023-08-10T22:42:29.5179457-04:00" endTime="2023-08-10T22:42:29.5269969-04:00" testType="13cdc9d9-ddb5-4fa4-a97d-d965ccfc6d4b" outcome="Passed" testListId="8c84fa94-04c1-424b-9868-57a2d4851a1d" relativeResultsDirectory="73d1732b-7d7a-4606-ac1b-93f5ae0e2721">
      <Output>
        <StdOut>Query being generated:&#xD;
&#xD;
insert into "Fact" ( "indexId", "id", "sqliteName", "timeStamp", "specialChar", "maybeSomething", "sometimesNothing", "biteSize" ) values ( @indexId, @id, @name, @timeStamp, @specialChar, @maybeSomething, @sometimesNothing, @biteSize )&#xD;
&#xD;
&#xD;
&#xD;
Param count: 8&#xD;
Param 0 - "@indexId": 1L&#xD;
Param 1 - "@id": "27190494-a34f-42b0-82f9-40533d6f15ab"&#xD;
Param 2 - "@name": "Gerry McGuire"&#xD;
Param 3 - "@timeStamp": "8/10/2023 10:42:29 PM"&#xD;
Param 4 - "@specialChar": "Δ"&#xD;
Param 5 - "@maybeSomething": "true"&#xD;
Param 6 - "@sometimesNothing": 1L&#xD;
Param 7 - "@biteSize": "!aBite"</StdOut>
      </Output>
    </UnitTestResult>
    <UnitTestResult executionId="431a96d2-7af2-4c82-941e-f69777978ce1" testId="04fe663e-77f4-7638-3d23-56ab2a11f452" testName="Update" computerName="THE-BIG-RIG" duration="00:00:00.1185590" startTime="2023-08-10T22:42:30.4655306-04:00" endTime="2023-08-10T22:42:30.5840894-04:00" testType="13cdc9d9-ddb5-4fa4-a97d-d965ccfc6d4b" outcome="Passed" testListId="8c84fa94-04c1-424b-9868-57a2d4851a1d" relativeResultsDirectory="431a96d2-7af2-4c82-941e-f69777978ce1">
      <Output>
        <StdOut>Updating...&#xD;
columns to update: seq&#xD;
  [{ Index = 0&#xD;
     IsKey = false&#xD;
     IsIndex = true&#xD;
     JoinOn = Some ("SubFact", "factId")&#xD;
     Source = ""Fact""&#xD;
     QuotedSource = ""Fact""&#xD;
     SqlName = "indexId"&#xD;
     QuotedSqlName = ""indexId""&#xD;
     FSharpName = "indexId"&#xD;
     Type = System.Int64&#xD;
     PropertyInfo = Int64 indexId }; { Index = 2&#xD;
                                       IsKey = false&#xD;
                                       IsIndex = false&#xD;
                                       JoinOn = None&#xD;
                                       Source = ""Fact""&#xD;
                                       QuotedSource = ""Fact""&#xD;
                                       SqlName = "psqlName"&#xD;
                                       QuotedSqlName = ""psqlName""&#xD;
                                       FSharpName = "name"&#xD;
                                       Type = System.String&#xD;
                                       PropertyInfo = System.String name };&#xD;
   { Index = 3&#xD;
     IsKey = false&#xD;
     IsIndex = false&#xD;
     JoinOn = None&#xD;
     Source = ""Fact""&#xD;
     QuotedSource = ""Fact""&#xD;
     SqlName = "timeStamp"&#xD;
     QuotedSqlName = ""timeStamp""&#xD;
     FSharpName = "timeStamp"&#xD;
     Type = System.String&#xD;
     PropertyInfo = System.String timeStamp };&#xD;
   { Index = 4&#xD;
     IsKey = false&#xD;
     IsIndex = false&#xD;
     JoinOn = None&#xD;
     Source = ""Fact""&#xD;
     QuotedSource = ""Fact""&#xD;
     SqlName = "specialChar"&#xD;
     QuotedSqlName = ""specialChar""&#xD;
     FSharpName = "specialChar"&#xD;
     Type = System.String&#xD;
     PropertyInfo = System.String specialChar }; ...]&#xD;
Query being generated:&#xD;
&#xD;
update "Fact" set "indexId" = @indexId, "psqlName" = @name, "timeStamp" = @timeStamp, "specialChar" = @specialChar, "maybeSomething" = @maybeSomething, "sometimesNothing" = @sometimesNothing, "biteSize" = @biteSize where "Fact"."id" = @id&#xD;
&#xD;
&#xD;
&#xD;
&#xD;
facts: 1</StdOut>
      </Output>
    </UnitTestResult>
    <UnitTestResult executionId="60388120-410c-4170-a8b7-adea800d58e8" testId="3e7f6762-f253-2395-a98b-b7024bc8f76d" testName="InsertDeleteSelect" computerName="THE-BIG-RIG" duration="00:00:00.0152820" startTime="2023-08-10T22:42:30.9160061-04:00" endTime="2023-08-10T22:42:30.9312877-04:00" testType="13cdc9d9-ddb5-4fa4-a97d-d965ccfc6d4b" outcome="Passed" testListId="8c84fa94-04c1-424b-9868-57a2d4851a1d" relativeResultsDirectory="60388120-410c-4170-a8b7-adea800d58e8">
      <Output>
        <StdOut>Do we have a transaction? Some Microsoft.Data.Sqlite.SqliteTransaction&#xD;
Query being generated:&#xD;
&#xD;
insert into "Fact" ( "indexId", "id", "sqliteName", "timeStamp", "specialChar", "maybeSomething", "sometimesNothing", "biteSize" ) values ( @indexId, @id, @name, @timeStamp, @specialChar, @maybeSomething, @sometimesNothing, @biteSize )&#xD;
&#xD;
&#xD;
&#xD;
Param count: 8&#xD;
Param 0 - "@indexId": 1L&#xD;
Param 1 - "@id": "0fd4c3e5-c91c-4f6a-bf37-4fe30c60dcba"&#xD;
Param 2 - "@name": "Gerry McGuire"&#xD;
Param 3 - "@timeStamp": "8/10/2023 10:42:30 PM"&#xD;
Param 4 - "@specialChar": "Δ"&#xD;
Param 5 - "@maybeSomething": "true"&#xD;
Param 6 - "@sometimesNothing": 1L&#xD;
Param 7 - "@biteSize": "!aBite"&#xD;
Query being generated:&#xD;
&#xD;
delete from "Fact" where "Fact"."id" = @id&#xD;
&#xD;
&#xD;
&#xD;
Query being generated:&#xD;
&#xD;
select "Fact"."indexId", "Fact"."id", "Fact"."sqliteName", "Fact"."timeStamp", "Fact"."specialChar", "Fact"."maybeSomething", "Fact"."sometimesNothing", "Fact"."biteSize", "SubFact"."subFact" from "Fact" left join "SubFact" on "SubFact"."factId" = "Fact"."indexId" where id = '0fd4c3e5-c91c-4f6a-bf37-4fe30c60dcba'</StdOut>
      </Output>
    </UnitTestResult>
    <UnitTestResult executionId="60fdb16a-370c-4306-80a1-482c5407adcc" testId="15e7aaf0-1e10-0c65-15f8-df3a9c6f37ce" testName="DeleteMany" computerName="THE-BIG-RIG" duration="00:00:00.0455340" startTime="2023-08-10T22:42:29.9087551-04:00" endTime="2023-08-10T22:42:29.9542885-04:00" testType="13cdc9d9-ddb5-4fa4-a97d-d965ccfc6d4b" outcome="Passed" testListId="8c84fa94-04c1-424b-9868-57a2d4851a1d" relativeResultsDirectory="60fdb16a-370c-4306-80a1-482c5407adcc">
      <Output>
        <StdOut>Deleting Many...&#xD;
Query being generated:&#xD;
&#xD;
delete from "Fact" where "Fact"."id" = @id&#xD;
&#xD;
&#xD;
&#xD;
&#xD;
0</StdOut>
      </Output>
    </UnitTestResult>
    <UnitTestResult executionId="79175617-c77a-45dd-a7af-666026b9921b" testId="45a1c35a-206a-680b-7adf-97b4f1220fb1" testName="Reader" computerName="THE-BIG-RIG" duration="00:00:00.0196570" startTime="2023-08-10T22:42:30.0596527-04:00" endTime="2023-08-10T22:42:30.0793089-04:00" testType="13cdc9d9-ddb5-4fa4-a97d-d965ccfc6d4b" outcome="Passed" testListId="8c84fa94-04c1-424b-9868-57a2d4851a1d" relativeResultsDirectory="79175617-c77a-45dd-a7af-666026b9921b">
      <Output>
        <StdOut>Reading...&#xD;
Query being generated:&#xD;
&#xD;
select * from "Fact"&#xD;
&#xD;
&#xD;
&#xD;
&#xD;
Error: Index was outside the bounds of the array.</StdOut>
      </Output>
    </UnitTestResult>
    <UnitTestResult executionId="ef03bbf7-6583-4d17-b0b5-45bed7e6ab49" testId="17b58aeb-30c9-6964-6c40-fbab11cb0ed7" testName="UpdateWhere" computerName="THE-BIG-RIG" duration="00:00:00.0063850" startTime="2023-08-10T22:42:29.5986111-04:00" endTime="2023-08-10T22:42:29.6049952-04:00" testType="13cdc9d9-ddb5-4fa4-a97d-d965ccfc6d4b" outcome="Passed" testListId="8c84fa94-04c1-424b-9868-57a2d4851a1d" relativeResultsDirectory="ef03bbf7-6583-4d17-b0b5-45bed7e6ab49">
      <Output>
        <StdOut>Updating...&#xD;
columns to update: seq&#xD;
  [{ Index = 0&#xD;
     IsKey = false&#xD;
     IsIndex = true&#xD;
     JoinOn = Some ("SubFact", "factId")&#xD;
     Source = ""Fact""&#xD;
     QuotedSource = ""Fact""&#xD;
     SqlName = "indexId"&#xD;
     QuotedSqlName = ""indexId""&#xD;
     FSharpName = "indexId"&#xD;
     Type = System.Int64&#xD;
     PropertyInfo = Int64 indexId }; { Index = 2&#xD;
                                       IsKey = false&#xD;
                                       IsIndex = false&#xD;
                                       JoinOn = None&#xD;
                                       Source = ""Fact""&#xD;
                                       QuotedSource = ""Fact""&#xD;
                                       SqlName = "sqliteName"&#xD;
                                       QuotedSqlName = ""sqliteName""&#xD;
                                       FSharpName = "name"&#xD;
                                       Type = System.String&#xD;
                                       PropertyInfo = System.String name };&#xD;
   { Index = 3&#xD;
     IsKey = false&#xD;
     IsIndex = false&#xD;
     JoinOn = None&#xD;
     Source = ""Fact""&#xD;
     QuotedSource = ""Fact""&#xD;
     SqlName = "timeStamp"&#xD;
     QuotedSqlName = ""timeStamp""&#xD;
     FSharpName = "timeStamp"&#xD;
     Type = System.String&#xD;
     PropertyInfo = System.String timeStamp };&#xD;
   { Index = 4&#xD;
     IsKey = false&#xD;
     IsIndex = false&#xD;
     JoinOn = None&#xD;
     Source = ""Fact""&#xD;
     QuotedSource = ""Fact""&#xD;
     SqlName = "specialChar"&#xD;
     QuotedSqlName = ""specialChar""&#xD;
     FSharpName = "specialChar"&#xD;
     Type = System.String&#xD;
     PropertyInfo = System.String specialChar }; ...]&#xD;
Query being generated:&#xD;
&#xD;
update "Fact" set "indexId" = @indexId, "sqliteName" = @name, "timeStamp" = @timeStamp, "specialChar" = @specialChar, "maybeSomething" = @maybeSomething, "sometimesNothing" = @sometimesNothing, "biteSize" = @biteSize where "indexId" = 1&#xD;
&#xD;
&#xD;
&#xD;
&#xD;
facts: 5</StdOut>
      </Output>
    </UnitTestResult>
    <UnitTestResult executionId="16ba8d79-5f69-4e68-a8ee-14925209b5c0" testId="32e05ec3-148e-77cd-f32a-bea700e74b04" testName="TearDown" computerName="THE-BIG-RIG" duration="00:00:00.0002210" startTime="2023-08-10T22:42:30.4653011-04:00" endTime="2023-08-10T22:42:30.4655219-04:00" testType="13cdc9d9-ddb5-4fa4-a97d-d965ccfc6d4b" outcome="Passed" testListId="8c84fa94-04c1-424b-9868-57a2d4851a1d" relativeResultsDirectory="16ba8d79-5f69-4e68-a8ee-14925209b5c0">
      <Output>
        <StdOut>Transaction: None</StdOut>
      </Output>
    </UnitTestResult>
    <UnitTestResult executionId="f96254f2-97c7-4f69-bc38-dfb991b19c44" testId="9c5af40b-4e18-c869-7f11-c793b0cd45f9" testName="QueryBuild" computerName="THE-BIG-RIG" duration="00:00:00.0042130" startTime="2023-08-10T22:42:29.5335044-04:00" endTime="2023-08-10T22:42:29.5377169-04:00" testType="13cdc9d9-ddb5-4fa4-a97d-d965ccfc6d4b" outcome="Passed" testListId="8c84fa94-04c1-424b-9868-57a2d4851a1d" relativeResultsDirectory="f96254f2-97c7-4f69-bc38-dfb991b19c44">
      <Output>
        <StdOut>""Fact"."indexId", "Fact"."id", "Fact"."sqliteName", "Fact"."timeStamp", "Fact"."specialChar", "Fact"."maybeSomething", "Fact"."sometimesNothing", "Fact"."biteSize", "SubFact"."subFact" from "Fact" left join "SubFact" on "SubFact"."factId" = "Fact"."indexId""</StdOut>
      </Output>
    </UnitTestResult>
    <UnitTestResult executionId="46698118-9cab-4493-84d7-381c95c1652b" testId="56e96ce4-50b6-5365-cfd5-b3ce8ae0fd29" testName="InsertSelect" computerName="THE-BIG-RIG" duration="00:00:00.0129440" startTime="2023-08-10T22:42:30.9313035-04:00" endTime="2023-08-10T22:42:30.9442471-04:00" testType="13cdc9d9-ddb5-4fa4-a97d-d965ccfc6d4b" outcome="Passed" testListId="8c84fa94-04c1-424b-9868-57a2d4851a1d" relativeResultsDirectory="46698118-9cab-4493-84d7-381c95c1652b">
      <Output>
        <StdOut>Do we have a transaction? Some Microsoft.Data.Sqlite.SqliteTransaction&#xD;
Query being generated:&#xD;
&#xD;
insert into "Fact" ( "indexId", "id", "sqliteName", "timeStamp", "specialChar", "maybeSomething", "sometimesNothing", "biteSize" ) values ( @indexId, @id, @name, @timeStamp, @specialChar, @maybeSomething, @sometimesNothing, @biteSize )&#xD;
&#xD;
&#xD;
&#xD;
Param count: 8&#xD;
Param 0 - "@indexId": 1L&#xD;
Param 1 - "@id": "8229a3ec-011b-4869-8d54-94b46ced9607"&#xD;
Param 2 - "@name": "Gerry McGuire"&#xD;
Param 3 - "@timeStamp": "8/10/2023 10:42:30 PM"&#xD;
Param 4 - "@specialChar": "Δ"&#xD;
Param 5 - "@maybeSomething": "true"&#xD;
Param 6 - "@sometimesNothing": 1L&#xD;
Param 7 - "@biteSize": "!aBite"&#xD;
Query being generated:&#xD;
&#xD;
select "Fact"."indexId", "Fact"."id", "Fact"."sqliteName", "Fact"."timeStamp", "Fact"."specialChar", "Fact"."maybeSomething", "Fact"."sometimesNothing", "Fact"."biteSize", "SubFact"."subFact" from "Fact" left join "SubFact" on "SubFact"."factId" = "Fact"."indexId" where id = '8229a3ec-011b-4869-8d54-94b46ced9607'&#xD;
&#xD;
&#xD;
&#xD;
Query being generated:&#xD;
&#xD;
select "Fact"."indexId", "Fact"."id", "Fact"."sqliteName", "Fact"."timeStamp", "Fact"."specialChar", "Fact"."maybeSomething", "Fact"."sometimesNothing", "Fact"."biteSize", "SubFact"."subFact" from "Fact" left join "SubFact" on "SubFact"."factId" = "Fact"."indexId" where id = '8229a3ec-011b-4869-8d54-94b46ced9607'</StdOut>
      </Output>
    </UnitTestResult>
    <UnitTestResult executionId="85dac69d-6bb6-4c60-b567-c4d32d2288e4" testId="109960d2-3813-538d-c791-8f455002f0b6" testName="UpdateMany" computerName="THE-BIG-RIG" duration="00:00:00.0190299" startTime="2023-08-10T22:42:29.5795585-04:00" endTime="2023-08-10T22:42:29.5985879-04:00" testType="13cdc9d9-ddb5-4fa4-a97d-d965ccfc6d4b" outcome="Passed" testListId="8c84fa94-04c1-424b-9868-57a2d4851a1d" relativeResultsDirectory="85dac69d-6bb6-4c60-b567-c4d32d2288e4">
      <Output>
        <StdOut>Updating many...&#xD;
columns to update: seq&#xD;
  [{ Index = 0&#xD;
     IsKey = false&#xD;
     IsIndex = true&#xD;
     JoinOn = Some ("SubFact", "factId")&#xD;
     Source = ""Fact""&#xD;
     QuotedSource = ""Fact""&#xD;
     SqlName = "indexId"&#xD;
     QuotedSqlName = ""indexId""&#xD;
     FSharpName = "indexId"&#xD;
     Type = System.Int64&#xD;
     PropertyInfo = Int64 indexId }; { Index = 2&#xD;
                                       IsKey = false&#xD;
                                       IsIndex = false&#xD;
                                       JoinOn = None&#xD;
                                       Source = ""Fact""&#xD;
                                       QuotedSource = ""Fact""&#xD;
                                       SqlName = "sqliteName"&#xD;
                                       QuotedSqlName = ""sqliteName""&#xD;
                                       FSharpName = "name"&#xD;
                                       Type = System.String&#xD;
                                       PropertyInfo = System.String name };&#xD;
   { Index = 3&#xD;
     IsKey = false&#xD;
     IsIndex = false&#xD;
     JoinOn = None&#xD;
     Source = ""Fact""&#xD;
     QuotedSource = ""Fact""&#xD;
     SqlName = "timeStamp"&#xD;
     QuotedSqlName = ""timeStamp""&#xD;
     FSharpName = "timeStamp"&#xD;
     Type = System.String&#xD;
     PropertyInfo = System.String timeStamp };&#xD;
   { Index = 4&#xD;
     IsKey = false&#xD;
     IsIndex = false&#xD;
     JoinOn = None&#xD;
     Source = ""Fact""&#xD;
     QuotedSource = ""Fact""&#xD;
     SqlName = "specialChar"&#xD;
     QuotedSqlName = ""specialChar""&#xD;
     FSharpName = "specialChar"&#xD;
     Type = System.String&#xD;
     PropertyInfo = System.String specialChar }; ...]&#xD;
Query being generated:&#xD;
&#xD;
update "Fact" set "indexId" = @indexId, "sqliteName" = @name, "timeStamp" = @timeStamp, "specialChar" = @specialChar, "maybeSomething" = @maybeSomething, "sometimesNothing" = @sometimesNothing, "biteSize" = @biteSize where "Fact"."id" = @id&#xD;
&#xD;
&#xD;
&#xD;
Ok 2Query being generated:&#xD;
&#xD;
select "Fact"."indexId", "Fact"."id", "Fact"."sqliteName", "Fact"."timeStamp", "Fact"."specialChar", "Fact"."maybeSomething", "Fact"."sometimesNothing", "Fact"."biteSize", "SubFact"."subFact" from "Fact" left join "SubFact" on "SubFact"."factId" = "Fact"."indexId" where id = 'd3d2b37f-bbde-4bf3-aed8-56dd05367dad'&#xD;
&#xD;
&#xD;
&#xD;
Query being generated:&#xD;
&#xD;
select "Fact"."indexId", "Fact"."id", "Fact"."sqliteName", "Fact"."timeStamp", "Fact"."specialChar", "Fact"."maybeSomething", "Fact"."sometimesNothing", "Fact"."biteSize", "SubFact"."subFact" from "Fact" left join "SubFact" on "SubFact"."factId" = "Fact"."indexId" where id = '37c30e4d-0eeb-4ae8-8d73-dbac25313a3c'</StdOut>
      </Output>
    </UnitTestResult>
    <UnitTestResult executionId="eb6e80a1-07b3-49bb-a43f-4e684d98f1fe" testId="6f25e22c-fb80-3b16-8268-1639c4107ef2" testName="DeleteWhere" computerName="THE-BIG-RIG" duration="00:00:00.0152740" startTime="2023-08-10T22:42:29.9544359-04:00" endTime="2023-08-10T22:42:29.9697097-04:00" testType="13cdc9d9-ddb5-4fa4-a97d-d965ccfc6d4b" outcome="Passed" testListId="8c84fa94-04c1-424b-9868-57a2d4851a1d" relativeResultsDirectory="eb6e80a1-07b3-49bb-a43f-4e684d98f1fe">
      <Output>
        <StdOut>Deleting Where...&#xD;
Query being generated:&#xD;
&#xD;
delete from "Fact" where "indexId" = 1&#xD;
&#xD;
&#xD;
&#xD;
&#xD;
facts: 0</StdOut>
      </Output>
    </UnitTestResult>
    <UnitTestResult executionId="e304c465-c01a-4c6b-83b2-7ab61b32e0e5" testId="d73ca3dd-6f0d-02ae-9b15-97da40bf6710" testName="InsertDeleteSelect" computerName="THE-BIG-RIG" duration="00:00:00.0636800" startTime="2023-08-10T22:42:30.9843400-04:00" endTime="2023-08-10T22:42:31.0480202-04:00" testType="13cdc9d9-ddb5-4fa4-a97d-d965ccfc6d4b" outcome="Passed" testListId="8c84fa94-04c1-424b-9868-57a2d4851a1d" relativeResultsDirectory="e304c465-c01a-4c6b-83b2-7ab61b32e0e5">
      <Output>
        <StdOut>Do we have a transaction? Some Npgsql.NpgsqlTransaction&#xD;
Query being generated:&#xD;
&#xD;
insert into "Fact" ( "indexId", "id", "psqlName", "timeStamp", "specialChar", "maybeSomething", "sometimesNothing", "biteSize" ) values ( @indexId, @id, @name, @timeStamp, @specialChar, @maybeSomething, @sometimesNothing, @biteSize )&#xD;
&#xD;
&#xD;
&#xD;
Param count: 8&#xD;
Param 0 - "@indexId": 1L&#xD;
Param 1 - "@id": "1603ee97-784d-4f5e-aa45-6dba0ac95302"&#xD;
Param 2 - "@name": "Gerry McGuire"&#xD;
Param 3 - "@timeStamp": "8/10/2023 10:42:30 PM"&#xD;
Param 4 - "@specialChar": "Δ"&#xD;
Param 5 - "@maybeSomething": "true"&#xD;
Param 6 - "@sometimesNothing": 1L&#xD;
Param 7 - "@biteSize": "!aBite"&#xD;
Query being generated:&#xD;
&#xD;
delete from "Fact" where "Fact"."id" = @id&#xD;
&#xD;
&#xD;
&#xD;
Query being generated:&#xD;
&#xD;
select "Fact"."indexId", "Fact"."id", "Fact"."psqlName", "Fact"."timeStamp", "Fact"."specialChar", "Fact"."maybeSomething", "Fact"."sometimesNothing", "Fact"."biteSize", "SubFact"."subFact" from "Fact" left join "SubFact" on "SubFact"."factId" = "Fact"."indexId" where id = '1603ee97-784d-4f5e-aa45-6dba0ac95302'</StdOut>
      </Output>
    </UnitTestResult>
    <UnitTestResult executionId="4b3ac0cf-a6e3-4009-b839-3494678049c4" testId="53d2384a-fbb2-a413-58be-1fd0675167cd" testName="Select" computerName="THE-BIG-RIG" duration="00:00:00.0110080" startTime="2023-08-10T22:42:29.5443162-04:00" endTime="2023-08-10T22:42:29.5553238-04:00" testType="13cdc9d9-ddb5-4fa4-a97d-d965ccfc6d4b" outcome="Passed" testListId="8c84fa94-04c1-424b-9868-57a2d4851a1d" relativeResultsDirectory="4b3ac0cf-a6e3-4009-b839-3494678049c4">
      <Output>
        <StdOut>Selecting All...&#xD;
Query being generated:&#xD;
&#xD;
select "Fact"."indexId", "Fact"."id", "Fact"."sqliteName", "Fact"."timeStamp", "Fact"."specialChar", "Fact"."maybeSomething", "Fact"."sometimesNothing", "Fact"."biteSize", "SubFact"."subFact" from "Fact" left join "SubFact" on "SubFact"."factId" = "Fact"."indexId"&#xD;
&#xD;
&#xD;
&#xD;
{ indexId = 1L&#xD;
  id = "27190494-a34f-42b0-82f9-40533d6f15ab"&#xD;
  name = "Gerry McGuire"&#xD;
  timeStamp = "8/10/2023 10:42:29 PM"&#xD;
  specialChar = "Δ"&#xD;
  maybeSomething = "true"&#xD;
  sometimesNothing = Some 1L&#xD;
  biteSize = "!aBite"&#xD;
  subFact = None }&#xD;
{ indexId = 1L&#xD;
  id = "cd52fe0d-441f-4a71-bccb-a391f7c2b7ee"&#xD;
  name = "Gerry McGuire"&#xD;
  timeStamp = "8/10/2023 10:42:29 PM"&#xD;
  specialChar = "Δ"&#xD;
  maybeSomething = "true"&#xD;
  sometimesNothing = Some 1L&#xD;
  biteSize = "!aBite"&#xD;
  subFact = None }&#xD;
{ indexId = 1L&#xD;
  id = "37c30e4d-0eeb-4ae8-8d73-dbac25313a3c"&#xD;
  name = "Gerry McGuire"&#xD;
  timeStamp = "8/10/2023 10:42:29 PM"&#xD;
  specialChar = "Δ"&#xD;
  maybeSomething = "true"&#xD;
  sometimesNothing = None&#xD;
  biteSize = "!aBite"&#xD;
  subFact = None }&#xD;
{ indexId = 1L&#xD;
  id = "d3d2b37f-bbde-4bf3-aed8-56dd05367dad"&#xD;
  name = "Gerry McGuire"&#xD;
  timeStamp = "8/10/2023 10:42:29 PM"&#xD;
  specialChar = "Δ"&#xD;
  maybeSomething = "true"&#xD;
  sometimesNothing = Some 1L&#xD;
  biteSize = "!aBite"&#xD;
  subFact = None }&#xD;
{ indexId = 1L&#xD;
  id = "e3c88451-8b4f-4334-9843-c28221ab3041"&#xD;
  name = "Gerry McGuire"&#xD;
  timeStamp = "8/10/2023 10:42:29 PM"&#xD;
  specialChar = "Δ"&#xD;
  maybeSomething = "true"&#xD;
  sometimesNothing = Some 1L&#xD;
  biteSize = "!aBite"&#xD;
  subFact = None }&#xD;
Query being generated:&#xD;
&#xD;
select "Fact"."indexId", "Fact"."id", "Fact"."sqliteName", "Fact"."timeStamp", "Fact"."specialChar", "Fact"."maybeSomething", "Fact"."sometimesNothing", "Fact"."biteSize", "SubFact"."subFact" from "Fact" left join "SubFact" on "SubFact"."factId" = "Fact"."indexId"&#xD;
&#xD;
&#xD;
&#xD;
&#xD;
facts: seq&#xD;
  [{ indexId = 1L&#xD;
     id = "27190494-a34f-42b0-82f9-40533d6f15ab"&#xD;
     name = "Gerry McGuire"&#xD;
     timeStamp = "8/10/2023 10:42:29 PM"&#xD;
     specialChar = "Δ"&#xD;
     maybeSomething = "true"&#xD;
     sometimesNothing = Some 1L&#xD;
     biteSize = "!aBite"&#xD;
     subFact = None }; { indexId = 1L&#xD;
                         id = "cd52fe0d-441f-4a71-bccb-a391f7c2b7ee"&#xD;
                         name = "Gerry McGuire"&#xD;
                         timeStamp = "8/10/2023 10:42:29 PM"&#xD;
                         specialChar = "Δ"&#xD;
                         maybeSomething = "true"&#xD;
                         sometimesNothing = Some 1L&#xD;
                         biteSize = "!aBite"&#xD;
                         subFact = None };&#xD;
   { indexId = 1L&#xD;
     id = "37c30e4d-0eeb-4ae8-8d73-dbac25313a3c"&#xD;
     name = "Gerry McGuire"&#xD;
     timeStamp = "8/10/2023 10:42:29 PM"&#xD;
     specialChar = "Δ"&#xD;
     maybeSomething = "true"&#xD;
     sometimesNothing = None&#xD;
     biteSize = "!aBite"&#xD;
     subFact = None }; { indexId = 1L&#xD;
                         id = "d3d2b37f-bbde-4bf3-aed8-56dd05367dad"&#xD;
                         name = "Gerry McGuire"&#xD;
                         timeStamp = "8/10/2023 10:42:29 PM"&#xD;
                         specialChar = "Δ"&#xD;
                         maybeSomething = "true"&#xD;
                         sometimesNothing = Some 1L&#xD;
                         biteSize = "!aBite"&#xD;
                         subFact = None }; ...]</StdOut>
      </Output>
    </UnitTestResult>
    <UnitTestResult executionId="cb3e8b6a-e9ba-4692-90f5-5cfd98bbe345" testId="36c067cb-46f5-9f5c-c278-1bb2ce6e133f" testName="InsertUpdateSelect" computerName="THE-BIG-RIG" duration="00:00:00.0153160" startTime="2023-08-10T22:42:30.9442608-04:00" endTime="2023-08-10T22:42:30.9595772-04:00" testType="13cdc9d9-ddb5-4fa4-a97d-d965ccfc6d4b" outcome="Passed" testListId="8c84fa94-04c1-424b-9868-57a2d4851a1d" relativeResultsDirectory="cb3e8b6a-e9ba-4692-90f5-5cfd98bbe345">
      <Output>
        <StdOut>Do we have a transaction? Some Microsoft.Data.Sqlite.SqliteTransaction&#xD;
Query being generated:&#xD;
&#xD;
insert into "Fact" ( "indexId", "id", "sqliteName", "timeStamp", "specialChar", "maybeSomething", "sometimesNothing", "biteSize" ) values ( @indexId, @id, @name, @timeStamp, @specialChar, @maybeSomething, @sometimesNothing, @biteSize )&#xD;
&#xD;
&#xD;
&#xD;
Param count: 8&#xD;
Param 0 - "@indexId": 1L&#xD;
Param 1 - "@id": "424a8852-fdb6-4753-b639-727b5fd79e3e"&#xD;
Param 2 - "@name": "Gerry McGuire"&#xD;
Param 3 - "@timeStamp": "8/10/2023 10:42:30 PM"&#xD;
Param 4 - "@specialChar": "Δ"&#xD;
Param 5 - "@maybeSomething": "true"&#xD;
Param 6 - "@sometimesNothing": 1L&#xD;
Param 7 - "@biteSize": "!aBite"&#xD;
columns to update: seq&#xD;
  [{ Index = 0&#xD;
     IsKey = false&#xD;
     IsIndex = true&#xD;
     JoinOn = Some ("SubFact", "factId")&#xD;
     Source = ""Fact""&#xD;
     QuotedSource = ""Fact""&#xD;
     SqlName = "indexId"&#xD;
     QuotedSqlName = ""indexId""&#xD;
     FSharpName = "indexId"&#xD;
     Type = System.Int64&#xD;
     PropertyInfo = Int64 indexId }; { Index = 2&#xD;
                                       IsKey = false&#xD;
                                       IsIndex = false&#xD;
                                       JoinOn = None&#xD;
                                       Source = ""Fact""&#xD;
                                       QuotedSource = ""Fact""&#xD;
                                       SqlName = "sqliteName"&#xD;
                                       QuotedSqlName = ""sqliteName""&#xD;
                                       FSharpName = "name"&#xD;
                                       Type = System.String&#xD;
                                       PropertyInfo = System.String name };&#xD;
   { Index = 3&#xD;
     IsKey = false&#xD;
     IsIndex = false&#xD;
     JoinOn = None&#xD;
     Source = ""Fact""&#xD;
     QuotedSource = ""Fact""&#xD;
     SqlName = "timeStamp"&#xD;
     QuotedSqlName = ""timeStamp""&#xD;
     FSharpName = "timeStamp"&#xD;
     Type = System.String&#xD;
     PropertyInfo = System.String timeStamp };&#xD;
   { Index = 4&#xD;
     IsKey = false&#xD;
     IsIndex = false&#xD;
     JoinOn = None&#xD;
     Source = ""Fact""&#xD;
     QuotedSource = ""Fact""&#xD;
     SqlName = "specialChar"&#xD;
     QuotedSqlName = ""specialChar""&#xD;
     FSharpName = "specialChar"&#xD;
     Type = System.String&#xD;
     PropertyInfo = System.String specialChar }; ...]&#xD;
Query being generated:&#xD;
&#xD;
update "Fact" set "indexId" = @indexId, "sqliteName" = @name, "timeStamp" = @timeStamp, "specialChar" = @specialChar, "maybeSomething" = @maybeSomething, "sometimesNothing" = @sometimesNothing, "biteSize" = @biteSize where "Fact"."id" = @id&#xD;
&#xD;
&#xD;
&#xD;
Query being generated:&#xD;
&#xD;
select "Fact"."indexId", "Fact"."id", "Fact"."sqliteName", "Fact"."timeStamp", "Fact"."specialChar", "Fact"."maybeSomething", "Fact"."sometimesNothing", "Fact"."biteSize", "SubFact"."subFact" from "Fact" left join "SubFact" on "SubFact"."factId" = "Fact"."indexId" where id = '424a8852-fdb6-4753-b639-727b5fd79e3e'&#xD;
&#xD;
&#xD;
&#xD;
Query being generated:&#xD;
&#xD;
select "Fact"."indexId", "Fact"."id", "Fact"."sqliteName", "Fact"."timeStamp", "Fact"."specialChar", "Fact"."maybeSomething", "Fact"."sometimesNothing", "Fact"."biteSize", "SubFact"."subFact" from "Fact" left join "SubFact" on "SubFact"."factId" = "Fact"."indexId" where id = '424a8852-fdb6-4753-b639-727b5fd79e3e'&#xD;
&#xD;
&#xD;
&#xD;
Query being generated:&#xD;
&#xD;
select "Fact"."indexId", "Fact"."id", "Fact"."sqliteName", "Fact"."timeStamp", "Fact"."specialChar", "Fact"."maybeSomething", "Fact"."sometimesNothing", "Fact"."biteSize", "SubFact"."subFact" from "Fact" left join "SubFact" on "SubFact"."factId" = "Fact"."indexId" where id = '424a8852-fdb6-4753-b639-727b5fd79e3e'&#xD;
&#xD;
&#xD;
&#xD;
&#xD;
You remembered the facts: { indexId = 1L&#xD;
  id = "424a8852-fdb6-4753-b639-727b5fd79e3e"&#xD;
  name = "Gerry McGuire"&#xD;
  timeStamp = "8/10/2023 10:42:30 PM"&#xD;
  specialChar = "Δ"&#xD;
  maybeSomething = "true"&#xD;
  sometimesNothing = Some 1L&#xD;
  biteSize = "!aBite"&#xD;
  subFact = Some "sooper dooper secret fact" } - { indexId = 1L&#xD;
  id = "424a8852-fdb6-4753-b639-727b5fd79e3e"&#xD;
  name = "All Facts, All the Time"&#xD;
  timeStamp = "8/10/2023 10:42:30 PM"&#xD;
  specialChar = "Δ"&#xD;
  maybeSomething = "true"&#xD;
  sometimesNothing = Some 1L&#xD;
  biteSize = "!aBite"&#xD;
  subFact = None } | Error: ExecuteReader can only be called when the connection is open.</StdOut>
      </Output>
    </UnitTestResult>
    <UnitTestResult executionId="90cc299d-346a-4dc1-bed8-38f6ac6c2dac" testId="61dcfb39-11fa-e241-4f87-9ef81d7da35f" testName="QueryBuild" computerName="THE-BIG-RIG" duration="00:00:00.0002740" startTime="2023-08-10T22:42:30.0592738-04:00" endTime="2023-08-10T22:42:30.0595477-04:00" testType="13cdc9d9-ddb5-4fa4-a97d-d965ccfc6d4b" outcome="Passed" testListId="8c84fa94-04c1-424b-9868-57a2d4851a1d" relativeResultsDirectory="90cc299d-346a-4dc1-bed8-38f6ac6c2dac">
      <Output>
        <StdOut>""Fact"."indexId", "Fact"."id", "Fact"."psqlName", "Fact"."timeStamp", "Fact"."specialChar", "Fact"."maybeSomething", "Fact"."sometimesNothing", "Fact"."biteSize", "SubFact"."subFact" from "Fact" left join "SubFact" on "SubFact"."factId" = "Fact"."indexId""</StdOut>
      </Output>
    </UnitTestResult>
    <UnitTestResult executionId="58ad234b-6230-47f9-a1a5-3dbc1a7cc291" testId="a90e932c-1181-7947-bd3f-cd4c26ae5c6c" testName="SelectWhere" computerName="THE-BIG-RIG" duration="00:00:00.0045870" startTime="2023-08-10T22:42:29.5607672-04:00" endTime="2023-08-10T22:42:29.5653537-04:00" testType="13cdc9d9-ddb5-4fa4-a97d-d965ccfc6d4b" outcome="Passed" testListId="8c84fa94-04c1-424b-9868-57a2d4851a1d" relativeResultsDirectory="58ad234b-6230-47f9-a1a5-3dbc1a7cc291">
      <Output>
        <StdOut>Selecting Where...&#xD;
Query being generated:&#xD;
&#xD;
select "Fact"."indexId", "Fact"."id", "Fact"."sqliteName", "Fact"."timeStamp", "Fact"."specialChar", "Fact"."maybeSomething", "Fact"."sometimesNothing", "Fact"."biteSize", "SubFact"."subFact" from "Fact" left join "SubFact" on "SubFact"."factId" = "Fact"."indexId" where "maybeSomething" = 'true'&#xD;
&#xD;
&#xD;
&#xD;
&#xD;
facts: seq&#xD;
  [{ indexId = 1L&#xD;
     id = "27190494-a34f-42b0-82f9-40533d6f15ab"&#xD;
     name = "Gerry McGuire"&#xD;
     timeStamp = "8/10/2023 10:42:29 PM"&#xD;
     specialChar = "Δ"&#xD;
     maybeSomething = "true"&#xD;
     sometimesNothing = Some 1L&#xD;
     biteSize = "!aBite"&#xD;
     subFact = None }; { indexId = 1L&#xD;
                         id = "cd52fe0d-441f-4a71-bccb-a391f7c2b7ee"&#xD;
                         name = "Gerry McGuire"&#xD;
                         timeStamp = "8/10/2023 10:42:29 PM"&#xD;
                         specialChar = "Δ"&#xD;
                         maybeSomething = "true"&#xD;
                         sometimesNothing = Some 1L&#xD;
                         biteSize = "!aBite"&#xD;
                         subFact = None };&#xD;
   { indexId = 1L&#xD;
     id = "37c30e4d-0eeb-4ae8-8d73-dbac25313a3c"&#xD;
     name = "Gerry McGuire"&#xD;
     timeStamp = "8/10/2023 10:42:29 PM"&#xD;
     specialChar = "Δ"&#xD;
     maybeSomething = "true"&#xD;
     sometimesNothing = None&#xD;
     biteSize = "!aBite"&#xD;
     subFact = None }; { indexId = 1L&#xD;
                         id = "d3d2b37f-bbde-4bf3-aed8-56dd05367dad"&#xD;
                         name = "Gerry McGuire"&#xD;
                         timeStamp = "8/10/2023 10:42:29 PM"&#xD;
                         specialChar = "Δ"&#xD;
                         maybeSomething = "true"&#xD;
                         sometimesNothing = Some 1L&#xD;
                         biteSize = "!aBite"&#xD;
                         subFact = None }; ...]</StdOut>
      </Output>
    </UnitTestResult>
    <UnitTestResult executionId="b2848c40-b864-4a3e-a214-a20f10750884" testId="9914cd5e-0327-22a6-d447-faa2be9ff7a1" testName="DeleteWhere" computerName="THE-BIG-RIG" duration="00:00:00.0012190" startTime="2023-08-10T22:42:29.5167143-04:00" endTime="2023-08-10T22:42:29.5179333-04:00" testType="13cdc9d9-ddb5-4fa4-a97d-d965ccfc6d4b" outcome="Passed" testListId="8c84fa94-04c1-424b-9868-57a2d4851a1d" relativeResultsDirectory="b2848c40-b864-4a3e-a214-a20f10750884">
      <Output>
        <StdOut>Deleting Where...&#xD;
Query being generated:&#xD;
&#xD;
delete from "Fact" where "indexId" = 1&#xD;
&#xD;
&#xD;
&#xD;
&#xD;
facts: 0</StdOut>
      </Output>
    </UnitTestResult>
    <UnitTestResult executionId="9675e7aa-0e79-48a7-a834-7eaec6e49f3e" testId="d8e33ed2-9bff-03c9-e97c-4b6122b57f5f" testName="Delete" computerName="THE-BIG-RIG" duration="00:00:00.0247980" startTime="2023-08-10T22:42:29.8839396-04:00" endTime="2023-08-10T22:42:29.9087370-04:00" testType="13cdc9d9-ddb5-4fa4-a97d-d965ccfc6d4b" outcome="Passed" testListId="8c84fa94-04c1-424b-9868-57a2d4851a1d" relativeResultsDirectory="9675e7aa-0e79-48a7-a834-7eaec6e49f3e">
      <Output>
        <StdOut>Deleting...&#xD;
Query being generated:&#xD;
&#xD;
delete from "Fact" where "Fact"."id" = @id&#xD;
&#xD;
&#xD;
&#xD;
&#xD;
facts: 0</StdOut>
      </Output>
    </UnitTestResult>
    <UnitTestResult executionId="0d3d95f7-0273-4dc9-9ad4-de22a110bf07" testId="9798df95-32ca-8c71-56f5-d297f4317542" testName="ReaderWithTransaction" computerName="THE-BIG-RIG" duration="00:00:00.1534720" startTime="2023-08-10T22:42:31.4155253-04:00" endTime="2023-08-10T22:42:31.5689977-04:00" testType="13cdc9d9-ddb5-4fa4-a97d-d965ccfc6d4b" outcome="Passed" testListId="8c84fa94-04c1-424b-9868-57a2d4851a1d" relativeResultsDirectory="0d3d95f7-0273-4dc9-9ad4-de22a110bf07">
      <Output>
        <StdOut>Reading...&#xD;
Query being generated:&#xD;
&#xD;
select * from "Fact"&#xD;
&#xD;
&#xD;
&#xD;
&#xD;
Error: Index was outside the bounds of the array.</StdOut>
      </Output>
    </UnitTestResult>
    <UnitTestResult executionId="0cd37015-9550-4f27-bc4e-6cf27dd76f31" testId="5d408274-7e76-d306-80c5-5a9bfe39a193" testName="Connect" computerName="THE-BIG-RIG" duration="00:00:00.0002950" startTime="2023-08-10T22:42:29.8836319-04:00" endTime="2023-08-10T22:42:29.8839266-04:00" testType="13cdc9d9-ddb5-4fa4-a97d-d965ccfc6d4b" outcome="Passed" testListId="8c84fa94-04c1-424b-9868-57a2d4851a1d" relativeResultsDirectory="0cd37015-9550-4f27-bc4e-6cf27dd76f31">
      <Output>
        <StdOut>Contest: "Data Source=./test.db;"</StdOut>
      </Output>
    </UnitTestResult>
    <UnitTestResult executionId="fee34235-af28-41ba-aa0a-4a16093749ff" testId="40146aef-5e24-931c-f935-d8cb1c2a1a7b" testName="DeleteMany" computerName="THE-BIG-RIG" duration="00:00:00.0076560" startTime="2023-08-10T22:42:29.5090433-04:00" endTime="2023-08-10T22:42:29.5166993-04:00" testType="13cdc9d9-ddb5-4fa4-a97d-d965ccfc6d4b" outcome="Passed" testListId="8c84fa94-04c1-424b-9868-57a2d4851a1d" relativeResultsDirectory="fee34235-af28-41ba-aa0a-4a16093749ff">
      <Output>
        <StdOut>Deleting Many...&#xD;
Query being generated:&#xD;
&#xD;
delete from "Fact" where "Fact"."id" = @id&#xD;
&#xD;
&#xD;
&#xD;
&#xD;
0</StdOut>
      </Output>
    </UnitTestResult>
    <UnitTestResult executionId="4a17d4c0-44e8-452a-b0ec-9e9820cb9650" testId="637f884a-918a-8683-bb6b-2e0f84146c18" testName="UpdateMany" computerName="THE-BIG-RIG" duration="00:00:00.1800330" startTime="2023-08-10T22:42:30.5841107-04:00" endTime="2023-08-10T22:42:30.7641435-04:00" testType="13cdc9d9-ddb5-4fa4-a97d-d965ccfc6d4b" outcome="Passed" testListId="8c84fa94-04c1-424b-9868-57a2d4851a1d" relativeResultsDirectory="4a17d4c0-44e8-452a-b0ec-9e9820cb9650">
      <Output>
        <StdOut>Updating many...&#xD;
columns to update: seq&#xD;
  [{ Index = 0&#xD;
     IsKey = false&#xD;
     IsIndex = true&#xD;
     JoinOn = Some ("SubFact", "factId")&#xD;
     Source = ""Fact""&#xD;
     QuotedSource = ""Fact""&#xD;
     SqlName = "indexId"&#xD;
     QuotedSqlName = ""indexId""&#xD;
     FSharpName = "indexId"&#xD;
     Type = System.Int64&#xD;
     PropertyInfo = Int64 indexId }; { Index = 2&#xD;
                                       IsKey = false&#xD;
                                       IsIndex = false&#xD;
                                       JoinOn = None&#xD;
                                       Source = ""Fact""&#xD;
                                       QuotedSource = ""Fact""&#xD;
                                       SqlName = "psqlName"&#xD;
                                       QuotedSqlName = ""psqlName""&#xD;
                                       FSharpName = "name"&#xD;
                                       Type = System.String&#xD;
                                       PropertyInfo = System.String name };&#xD;
   { Index = 3&#xD;
     IsKey = false&#xD;
     IsIndex = false&#xD;
     JoinOn = None&#xD;
     Source = ""Fact""&#xD;
     QuotedSource = ""Fact""&#xD;
     SqlName = "timeStamp"&#xD;
     QuotedSqlName = ""timeStamp""&#xD;
     FSharpName = "timeStamp"&#xD;
     Type = System.String&#xD;
     PropertyInfo = System.String timeStamp };&#xD;
   { Index = 4&#xD;
     IsKey = false&#xD;
     IsIndex = false&#xD;
     JoinOn = None&#xD;
     Source = ""Fact""&#xD;
     QuotedSource = ""Fact""&#xD;
     SqlName = "specialChar"&#xD;
     QuotedSqlName = ""specialChar""&#xD;
     FSharpName = "specialChar"&#xD;
     Type = System.String&#xD;
     PropertyInfo = System.String specialChar }; ...]&#xD;
Query being generated:&#xD;
&#xD;
update "Fact" set "indexId" = @indexId, "psqlName" = @name, "timeStamp" = @timeStamp, "specialChar" = @specialChar, "maybeSomething" = @maybeSomething, "sometimesNothing" = @sometimesNothing, "biteSize" = @biteSize where "Fact"."id" = @id&#xD;
&#xD;
&#xD;
&#xD;
Ok 2Query being generated:&#xD;
&#xD;
select "Fact"."indexId", "Fact"."id", "Fact"."psqlName", "Fact"."timeStamp", "Fact"."specialChar", "Fact"."maybeSomething", "Fact"."sometimesNothing", "Fact"."biteSize", "SubFact"."subFact" from "Fact" left join "SubFact" on "SubFact"."factId" = "Fact"."indexId" where id = 'da27f39c-802d-4259-ba08-70981bf44a5f'&#xD;
&#xD;
&#xD;
&#xD;
Query being generated:&#xD;
&#xD;
select "Fact"."indexId", "Fact"."id", "Fact"."psqlName", "Fact"."timeStamp", "Fact"."specialChar", "Fact"."maybeSomething", "Fact"."sometimesNothing", "Fact"."biteSize", "SubFact"."subFact" from "Fact" left join "SubFact" on "SubFact"."factId" = "Fact"."indexId" where id = 'd29ba264-c139-4270-b37c-43e55923f395'</StdOut>
      </Output>
    </UnitTestResult>
    <UnitTestResult executionId="83b32075-da80-423a-bffa-45ccddfca1b9" testId="49a6d652-58bf-e834-bc8e-37de72d62c3c" testName="Delete" computerName="THE-BIG-RIG" duration="00:00:00.0767930" startTime="2023-08-10T22:42:29.4321846-04:00" endTime="2023-08-10T22:42:29.5089774-04:00" testType="13cdc9d9-ddb5-4fa4-a97d-d965ccfc6d4b" outcome="Passed" testListId="8c84fa94-04c1-424b-9868-57a2d4851a1d" relativeResultsDirectory="83b32075-da80-423a-bffa-45ccddfca1b9">
      <Output>
        <StdOut>Deleting...&#xD;
Query being generated:&#xD;
&#xD;
delete from "Fact" where "Fact"."id" = @id&#xD;
&#xD;
&#xD;
&#xD;
&#xD;
facts: 0</StdOut>
      </Output>
    </UnitTestResult>
  </Results>
  <TestDefinitions>
    <UnitTest name="UpdateMany" storage="c:\hcrd\form\test\bin\debug\net7.0\test.dll" id="637f884a-918a-8683-bb6b-2e0f84146c18">
      <Execution id="4a17d4c0-44e8-452a-b0ec-9e9820cb9650" />
      <TestMethod codeBase="C:\hcrd\FORM\Test\bin\Debug\net7.0\Test.dll" adapterTypeName="executor://nunit3testexecutor/" className="Test.Orm+Orm(Test.Orm+get_Source@11-2)" name="UpdateMany" />
    </UnitTest>
    <UnitTest name="SelectLimit" storage="c:\hcrd\form\test\bin\debug\net7.0\test.dll" id="aa5ad89d-4386-4bbe-356e-11e72bf7130c">
      <Execution id="5a2af2a7-02b0-4160-9a3b-84bd7e67c044" />
      <TestMethod codeBase="C:\hcrd\FORM\Test\bin\Debug\net7.0\Test.dll" adapterTypeName="executor://nunit3testexecutor/" className="Test.Orm+Orm(Test.Orm+get_Source@10-1)" name="SelectLimit" />
    </UnitTest>
    <UnitTest name="DeleteMany" storage="c:\hcrd\form\test\bin\debug\net7.0\test.dll" id="40146aef-5e24-931c-f935-d8cb1c2a1a7b">
      <Execution id="fee34235-af28-41ba-aa0a-4a16093749ff" />
      <TestMethod codeBase="C:\hcrd\FORM\Test\bin\Debug\net7.0\Test.dll" adapterTypeName="executor://nunit3testexecutor/" className="Test.Orm+Orm(Test.Orm+get_Source@10-1)" name="DeleteMany" />
    </UnitTest>
    <UnitTest name="ReaderWithTransaction" storage="c:\hcrd\form\test\bin\debug\net7.0\test.dll" id="64ceac3b-985e-80aa-2ebd-593c0fcb65a1">
      <Execution id="8daf5f51-2bbe-4a93-90ee-7de39a20ef32" />
      <TestMethod codeBase="C:\hcrd\FORM\Test\bin\Debug\net7.0\Test.dll" adapterTypeName="executor://nunit3testexecutor/" className="Test.Orm+OrmTransaction(Test.Orm+get_Source@10-1)" name="ReaderWithTransaction" />
    </UnitTest>
    <UnitTest name="Delete" storage="c:\hcrd\form\test\bin\debug\net7.0\test.dll" id="d8e33ed2-9bff-03c9-e97c-4b6122b57f5f">
      <Execution id="9675e7aa-0e79-48a7-a834-7eaec6e49f3e" />
      <TestMethod codeBase="C:\hcrd\FORM\Test\bin\Debug\net7.0\Test.dll" adapterTypeName="executor://nunit3testexecutor/" className="Test.Orm+Orm(Test.Orm+get_Source@11-2)" name="Delete" />
    </UnitTest>
    <UnitTest name="SelectWhere" storage="c:\hcrd\form\test\bin\debug\net7.0\test.dll" id="a90e932c-1181-7947-bd3f-cd4c26ae5c6c">
      <Execution id="58ad234b-6230-47f9-a1a5-3dbc1a7cc291" />
      <TestMethod codeBase="C:\hcrd\FORM\Test\bin\Debug\net7.0\Test.dll" adapterTypeName="executor://nunit3testexecutor/" className="Test.Orm+Orm(Test.Orm+get_Source@10-1)" name="SelectWhere" />
    </UnitTest>
    <UnitTest name="InsertSelect" storage="c:\hcrd\form\test\bin\debug\net7.0\test.dll" id="56e96ce4-50b6-5365-cfd5-b3ce8ae0fd29">
      <Execution id="46698118-9cab-4493-84d7-381c95c1652b" />
      <TestMethod codeBase="C:\hcrd\FORM\Test\bin\Debug\net7.0\Test.dll" adapterTypeName="executor://nunit3testexecutor/" className="Test.Orm+OrmTransaction(Test.Orm+get_Source@10-1)" name="InsertSelect" />
    </UnitTest>
    <UnitTest name="Insert" storage="c:\hcrd\form\test\bin\debug\net7.0\test.dll" id="85caf85c-0ea4-3061-d9ac-49e696c000d2">
      <Execution id="8c863f58-d60a-4345-984b-97c4b45d3e77" />
      <TestMethod codeBase="C:\hcrd\FORM\Test\bin\Debug\net7.0\Test.dll" adapterTypeName="executor://nunit3testexecutor/" className="Test.Orm+Orm(Test.Orm+get_Source@11-2)" name="Insert" />
    </UnitTest>
    <UnitTest name="UpdateWhere" storage="c:\hcrd\form\test\bin\debug\net7.0\test.dll" id="b2ee8ff5-43fd-9922-0a20-e7fbb2d8497e">
      <Execution id="da077c50-c256-49a2-911c-978a3e25b784" />
      <TestMethod codeBase="C:\hcrd\FORM\Test\bin\Debug\net7.0\Test.dll" adapterTypeName="executor://nunit3testexecutor/" className="Test.Orm+Orm(Test.Orm+get_Source@11-2)" name="UpdateWhere" />
    </UnitTest>
    <UnitTest name="SelectWhere" storage="c:\hcrd\form\test\bin\debug\net7.0\test.dll" id="703d9e23-b2da-ec05-d434-5d080ae77160">
      <Execution id="9b1df23b-8a05-409c-869b-f12c165603b7" />
      <TestMethod codeBase="C:\hcrd\FORM\Test\bin\Debug\net7.0\Test.dll" adapterTypeName="executor://nunit3testexecutor/" className="Test.Orm+Orm(Test.Orm+get_Source@11-2)" name="SelectWhere" />
    </UnitTest>
    <UnitTest name="DeleteWhere" storage="c:\hcrd\form\test\bin\debug\net7.0\test.dll" id="9914cd5e-0327-22a6-d447-faa2be9ff7a1">
      <Execution id="b2848c40-b864-4a3e-a214-a20f10750884" />
      <TestMethod codeBase="C:\hcrd\FORM\Test\bin\Debug\net7.0\Test.dll" adapterTypeName="executor://nunit3testexecutor/" className="Test.Orm+Orm(Test.Orm+get_Source@10-1)" name="DeleteWhere" />
    </UnitTest>
    <UnitTest name="SelectLimit" storage="c:\hcrd\form\test\bin\debug\net7.0\test.dll" id="644b827d-b769-3bd3-ee9c-d9b3a6561434">
      <Execution id="89cf30c2-a4d0-4711-83d2-1d7d281499a7" />
      <TestMethod codeBase="C:\hcrd\FORM\Test\bin\Debug\net7.0\Test.dll" adapterTypeName="executor://nunit3testexecutor/" className="Test.Orm+Orm(Test.Orm+get_Source@11-2)" name="SelectLimit" />
    </UnitTest>
    <UnitTest name="UpdateWhere" storage="c:\hcrd\form\test\bin\debug\net7.0\test.dll" id="17b58aeb-30c9-6964-6c40-fbab11cb0ed7">
      <Execution id="ef03bbf7-6583-4d17-b0b5-45bed7e6ab49" />
      <TestMethod codeBase="C:\hcrd\FORM\Test\bin\Debug\net7.0\Test.dll" adapterTypeName="executor://nunit3testexecutor/" className="Test.Orm+Orm(Test.Orm+get_Source@10-1)" name="UpdateWhere" />
    </UnitTest>
    <UnitTest name="Reader" storage="c:\hcrd\form\test\bin\debug\net7.0\test.dll" id="f9346500-1cf3-80bd-8353-bd565d17466d">
      <Execution id="e6e249d9-2317-4eba-b687-b8b57cf0ac24" />
      <TestMethod codeBase="C:\hcrd\FORM\Test\bin\Debug\net7.0\Test.dll" adapterTypeName="executor://nunit3testexecutor/" className="Test.Orm+Orm(Test.Orm+get_Source@10-1)" name="Reader" />
    </UnitTest>
    <UnitTest name="Update" storage="c:\hcrd\form\test\bin\debug\net7.0\test.dll" id="04fe663e-77f4-7638-3d23-56ab2a11f452">
      <Execution id="431a96d2-7af2-4c82-941e-f69777978ce1" />
      <TestMethod codeBase="C:\hcrd\FORM\Test\bin\Debug\net7.0\Test.dll" adapterTypeName="executor://nunit3testexecutor/" className="Test.Orm+Orm(Test.Orm+get_Source@11-2)" name="Update" />
    </UnitTest>
    <UnitTest name="Update" storage="c:\hcrd\form\test\bin\debug\net7.0\test.dll" id="685fd3d2-6ac3-c066-f340-f935822e65eb">
      <Execution id="ca271c45-95c8-4407-980f-88dbf480048b" />
      <TestMethod codeBase="C:\hcrd\FORM\Test\bin\Debug\net7.0\Test.dll" adapterTypeName="executor://nunit3testexecutor/" className="Test.Orm+Orm(Test.Orm+get_Source@10-1)" name="Update" />
    </UnitTest>
    <UnitTest name="QueryBuild" storage="c:\hcrd\form\test\bin\debug\net7.0\test.dll" id="9c5af40b-4e18-c869-7f11-c793b0cd45f9">
      <Execution id="f96254f2-97c7-4f69-bc38-dfb991b19c44" />
      <TestMethod codeBase="C:\hcrd\FORM\Test\bin\Debug\net7.0\Test.dll" adapterTypeName="executor://nunit3testexecutor/" className="Test.Orm+Orm(Test.Orm+get_Source@10-1)" name="QueryBuild" />
    </UnitTest>
    <UnitTest name="TearDown" storage="c:\hcrd\form\test\bin\debug\net7.0\test.dll" id="32e05ec3-148e-77cd-f32a-bea700e74b04">
      <Execution id="16ba8d79-5f69-4e68-a8ee-14925209b5c0" />
      <TestMethod codeBase="C:\hcrd\FORM\Test\bin\Debug\net7.0\Test.dll" adapterTypeName="executor://nunit3testexecutor/" className="Test.Orm+Orm(Test.Orm+get_Source@11-2)" name="TearDown" />
    </UnitTest>
    <UnitTest name="Insert" storage="c:\hcrd\form\test\bin\debug\net7.0\test.dll" id="45fe581a-79a6-d39d-38f9-646e4aefd98f">
      <Execution id="73d1732b-7d7a-4606-ac1b-93f5ae0e2721" />
      <TestMethod codeBase="C:\hcrd\FORM\Test\bin\Debug\net7.0\Test.dll" adapterTypeName="executor://nunit3testexecutor/" className="Test.Orm+Orm(Test.Orm+get_Source@10-1)" name="Insert" />
    </UnitTest>
    <UnitTest name="InsertDeleteSelect" storage="c:\hcrd\form\test\bin\debug\net7.0\test.dll" id="3e7f6762-f253-2395-a98b-b7024bc8f76d">
      <Execution id="60388120-410c-4170-a8b7-adea800d58e8" />
      <TestMethod codeBase="C:\hcrd\FORM\Test\bin\Debug\net7.0\Test.dll" adapterTypeName="executor://nunit3testexecutor/" className="Test.Orm+OrmTransaction(Test.Orm+get_Source@10-1)" name="InsertDeleteSelect" />
    </UnitTest>
    <UnitTest name="Connect" storage="c:\hcrd\form\test\bin\debug\net7.0\test.dll" id="5d408274-7e76-d306-80c5-5a9bfe39a193">
      <Execution id="0cd37015-9550-4f27-bc4e-6cf27dd76f31" />
      <TestMethod codeBase="C:\hcrd\FORM\Test\bin\Debug\net7.0\Test.dll" adapterTypeName="executor://nunit3testexecutor/" className="Test.Orm+Orm(Test.Orm+get_Source@11-2)" name="Connect" />
    </UnitTest>
    <UnitTest name="Select" storage="c:\hcrd\form\test\bin\debug\net7.0\test.dll" id="d9987b9d-24a0-d4c4-e4b0-295b5a496f9c">
      <Execution id="922e1fc1-498c-492d-bed8-d33922a2ec00" />
      <TestMethod codeBase="C:\hcrd\FORM\Test\bin\Debug\net7.0\Test.dll" adapterTypeName="executor://nunit3testexecutor/" className="Test.Orm+Orm(Test.Orm+get_Source@11-2)" name="Select" />
    </UnitTest>
    <UnitTest name="ReaderWithTransaction" storage="c:\hcrd\form\test\bin\debug\net7.0\test.dll" id="9798df95-32ca-8c71-56f5-d297f4317542">
      <Execution id="0d3d95f7-0273-4dc9-9ad4-de22a110bf07" />
      <TestMethod codeBase="C:\hcrd\FORM\Test\bin\Debug\net7.0\Test.dll" adapterTypeName="executor://nunit3testexecutor/" className="Test.Orm+OrmTransaction(Test.Orm+get_Source@11-2)" name="ReaderWithTransaction" />
    </UnitTest>
    <UnitTest name="DeleteWhere" storage="c:\hcrd\form\test\bin\debug\net7.0\test.dll" id="6f25e22c-fb80-3b16-8268-1639c4107ef2">
      <Execution id="eb6e80a1-07b3-49bb-a43f-4e684d98f1fe" />
      <TestMethod codeBase="C:\hcrd\FORM\Test\bin\Debug\net7.0\Test.dll" adapterTypeName="executor://nunit3testexecutor/" className="Test.Orm+Orm(Test.Orm+get_Source@11-2)" name="DeleteWhere" />
    </UnitTest>
    <UnitTest name="InsertUpdateSelect" storage="c:\hcrd\form\test\bin\debug\net7.0\test.dll" id="36c067cb-46f5-9f5c-c278-1bb2ce6e133f">
      <Execution id="cb3e8b6a-e9ba-4692-90f5-5cfd98bbe345" />
      <TestMethod codeBase="C:\hcrd\FORM\Test\bin\Debug\net7.0\Test.dll" adapterTypeName="executor://nunit3testexecutor/" className="Test.Orm+OrmTransaction(Test.Orm+get_Source@10-1)" name="InsertUpdateSelect" />
    </UnitTest>
    <UnitTest name="InsertUpdateSelect" storage="c:\hcrd\form\test\bin\debug\net7.0\test.dll" id="e1d96324-45ef-45d2-544f-68bf57e5356c">
      <Execution id="ded44d6a-b490-4aaf-a298-54fed6d4ef32" />
      <TestMethod codeBase="C:\hcrd\FORM\Test\bin\Debug\net7.0\Test.dll" adapterTypeName="executor://nunit3testexecutor/" className="Test.Orm+OrmTransaction(Test.Orm+get_Source@11-2)" name="InsertUpdateSelect" />
    </UnitTest>
    <UnitTest name="InsertSelect" storage="c:\hcrd\form\test\bin\debug\net7.0\test.dll" id="4525c845-e5a6-179a-b7d8-7666e50f57e3">
      <Execution id="a3f48997-33ab-4126-b9f5-79835985b1ab" />
      <TestMethod codeBase="C:\hcrd\FORM\Test\bin\Debug\net7.0\Test.dll" adapterTypeName="executor://nunit3testexecutor/" className="Test.Orm+OrmTransaction(Test.Orm+get_Source@11-2)" name="InsertSelect" />
    </UnitTest>
    <UnitTest name="Connect" storage="c:\hcrd\form\test\bin\debug\net7.0\test.dll" id="0fa2da76-10fd-3535-9c31-82a6b7dc1dc6">
      <Execution id="6da765db-cf33-460d-bff6-eb093c4d08ce" />
      <TestMethod codeBase="C:\hcrd\FORM\Test\bin\Debug\net7.0\Test.dll" adapterTypeName="executor://nunit3testexecutor/" className="Test.Orm+Orm(Test.Orm+get_Source@10-1)" name="Connect" />
    </UnitTest>
    <UnitTest name="InsertDeleteSelect" storage="c:\hcrd\form\test\bin\debug\net7.0\test.dll" id="d73ca3dd-6f0d-02ae-9b15-97da40bf6710">
[...]
     PropertyInfo = System.String specialChar }; ...]&#xD;
Query being generated:&#xD;
&#xD;
update "Fact" set "indexId" = @indexId, "psqlName" = @name, "timeStamp" = @timeStamp, "specialChar" = @specialChar, "maybeSomething" = @maybeSomething, "sometimesNothing" = @sometimesNothing, "biteSize" = @biteSize where "Fact"."id" = @id&#xD;
&#xD;
&#xD;
&#xD;
</Text>
      </RunInfo>
      <RunInfo computerName="THE-BIG-RIG" outcome="Warning" timestamp="2023-08-10T22:42:30.7646490-04:00">
        <Text>Updating many...&#xD;
columns to update: seq&#xD;
  [{ Index = 0&#xD;
     IsKey = false&#xD;
     IsIndex = true&#xD;
     JoinOn = Some ("SubFact", "factId")&#xD;
     Source = ""Fact""&#xD;
     QuotedSource = ""Fact""&#xD;
     SqlName = "indexId"&#xD;
     QuotedSqlName = ""indexId""&#xD;
     FSharpName = "indexId"&#xD;
     Type = System.Int64&#xD;
     PropertyInfo = Int64 indexId }; { Index = 2&#xD;
                                       IsKey = false&#xD;
                                       IsIndex = false&#xD;
                                       JoinOn = None&#xD;
                                       Source = ""Fact""&#xD;
                                       QuotedSource = ""Fact""&#xD;
                                       SqlName = "psqlName"&#xD;
                                       QuotedSqlName = ""psqlName""&#xD;
                                       FSharpName = "name"&#xD;
                                       Type = System.String&#xD;
                                       PropertyInfo = System.String name };&#xD;
   { Index = 3&#xD;
     IsKey = false&#xD;
     IsIndex = false&#xD;
     JoinOn = None&#xD;
     Source = ""Fact""&#xD;
     QuotedSource = ""Fact""&#xD;
     SqlName = "timeStamp"&#xD;
     QuotedSqlName = ""timeStamp""&#xD;
     FSharpName = "timeStamp"&#xD;
     Type = System.String&#xD;
     PropertyInfo = System.String timeStamp };&#xD;
   { Index = 4&#xD;
     IsKey = false&#xD;
     IsIndex = false&#xD;
     JoinOn = None&#xD;
     Source = ""Fact""&#xD;
     QuotedSource = ""Fact""&#xD;
     SqlName = "specialChar"&#xD;
     QuotedSqlName = ""specialChar""&#xD;
     FSharpName = "specialChar"&#xD;
     Type = System.String&#xD;
     PropertyInfo = System.String specialChar }; ...]&#xD;
Query being generated:&#xD;
&#xD;
update "Fact" set "indexId" = @indexId, "psqlName" = @name, "timeStamp" = @timeStamp, "specialChar" = @specialChar, "maybeSomething" = @maybeSomething, "sometimesNothing" = @sometimesNothing, "biteSize" = @biteSize where "Fact"."id" = @id&#xD;
&#xD;
&#xD;
&#xD;
Ok 2Query being generated:&#xD;
&#xD;
select "Fact"."indexId", "Fact"."id", "Fact"."psqlName", "Fact"."timeStamp", "Fact"."specialChar", "Fact"."maybeSomething", "Fact"."sometimesNothing", "Fact"."biteSize", "SubFact"."subFact" from "Fact" left join "SubFact" on "SubFact"."factId" = "Fact"."indexId" where id = 'da27f39c-802d-4259-ba08-70981bf44a5f'&#xD;
&#xD;
&#xD;
&#xD;
Query being generated:&#xD;
&#xD;
select "Fact"."indexId", "Fact"."id", "Fact"."psqlName", "Fact"."timeStamp", "Fact"."specialChar", "Fact"."maybeSomething", "Fact"."sometimesNothing", "Fact"."biteSize", "SubFact"."subFact" from "Fact" left join "SubFact" on "SubFact"."factId" = "Fact"."indexId" where id = 'd29ba264-c139-4270-b37c-43e55923f395'&#xD;
&#xD;
&#xD;
&#xD;
</Text>
      </RunInfo>
      <RunInfo computerName="THE-BIG-RIG" outcome="Warning" timestamp="2023-08-10T22:42:30.9061721-04:00">
        <Text>Updating...&#xD;
columns to update: seq&#xD;
  [{ Index = 0&#xD;
     IsKey = false&#xD;
     IsIndex = true&#xD;
     JoinOn = Some ("SubFact", "factId")&#xD;
     Source = ""Fact""&#xD;
     QuotedSource = ""Fact""&#xD;
     SqlName = "indexId"&#xD;
     QuotedSqlName = ""indexId""&#xD;
     FSharpName = "indexId"&#xD;
     Type = System.Int64&#xD;
     PropertyInfo = Int64 indexId }; { Index = 2&#xD;
                                       IsKey = false&#xD;
                                       IsIndex = false&#xD;
                                       JoinOn = None&#xD;
                                       Source = ""Fact""&#xD;
                                       QuotedSource = ""Fact""&#xD;
                                       SqlName = "psqlName"&#xD;
                                       QuotedSqlName = ""psqlName""&#xD;
                                       FSharpName = "name"&#xD;
                                       Type = System.String&#xD;
                                       PropertyInfo = System.String name };&#xD;
   { Index = 3&#xD;
     IsKey = false&#xD;
     IsIndex = false&#xD;
     JoinOn = None&#xD;
     Source = ""Fact""&#xD;
     QuotedSource = ""Fact""&#xD;
     SqlName = "timeStamp"&#xD;
     QuotedSqlName = ""timeStamp""&#xD;
     FSharpName = "timeStamp"&#xD;
     Type = System.String&#xD;
     PropertyInfo = System.String timeStamp };&#xD;
   { Index = 4&#xD;
     IsKey = false&#xD;
     IsIndex = false&#xD;
     JoinOn = None&#xD;
     Source = ""Fact""&#xD;
     QuotedSource = ""Fact""&#xD;
     SqlName = "specialChar"&#xD;
     QuotedSqlName = ""specialChar""&#xD;
     FSharpName = "specialChar"&#xD;
     Type = System.String&#xD;
     PropertyInfo = System.String specialChar }; ...]&#xD;
Query being generated:&#xD;
&#xD;
update "Fact" set "indexId" = @indexId, "psqlName" = @name, "timeStamp" = @timeStamp, "specialChar" = @specialChar, "maybeSomething" = @maybeSomething, "sometimesNothing" = @sometimesNothing, "biteSize" = @biteSize where "indexId" = 1&#xD;
&#xD;
&#xD;
&#xD;
</Text>
      </RunInfo>
      <RunInfo computerName="THE-BIG-RIG" outcome="Warning" timestamp="2023-08-10T22:42:30.9316811-04:00">
        <Text>Do we have a transaction? Some Microsoft.Data.Sqlite.SqliteTransaction&#xD;
Query being generated:&#xD;
&#xD;
insert into "Fact" ( "indexId", "id", "sqliteName", "timeStamp", "specialChar", "maybeSomething", "sometimesNothing", "biteSize" ) values ( @indexId, @id, @name, @timeStamp, @specialChar, @maybeSomething, @sometimesNothing, @biteSize )&#xD;
&#xD;
&#xD;
&#xD;
Param count: 8&#xD;
Param 0 - "@indexId": 1L&#xD;
Param 1 - "@id": "0fd4c3e5-c91c-4f6a-bf37-4fe30c60dcba"&#xD;
Param 2 - "@name": "Gerry McGuire"&#xD;
Param 3 - "@timeStamp": "8/10/2023 10:42:30 PM"&#xD;
Param 4 - "@specialChar": "Δ"&#xD;
Param 5 - "@maybeSomething": "true"&#xD;
Param 6 - "@sometimesNothing": 1L&#xD;
Param 7 - "@biteSize": "!aBite"&#xD;
Query being generated:&#xD;
&#xD;
delete from "Fact" where "Fact"."id" = @id&#xD;
&#xD;
&#xD;
&#xD;
Query being generated:&#xD;
&#xD;
select "Fact"."indexId", "Fact"."id", "Fact"."sqliteName", "Fact"."timeStamp", "Fact"."specialChar", "Fact"."maybeSomething", "Fact"."sometimesNothing", "Fact"."biteSize", "SubFact"."subFact" from "Fact" left join "SubFact" on "SubFact"."factId" = "Fact"."indexId" where id = '0fd4c3e5-c91c-4f6a-bf37-4fe30c60dcba'&#xD;
&#xD;
&#xD;
&#xD;
</Text>
      </RunInfo>
      <RunInfo computerName="THE-BIG-RIG" outcome="Warning" timestamp="2023-08-10T22:42:30.9445803-04:00">
        <Text>Do we have a transaction? Some Microsoft.Data.Sqlite.SqliteTransaction&#xD;
Query being generated:&#xD;
&#xD;
insert into "Fact" ( "indexId", "id", "sqliteName", "timeStamp", "specialChar", "maybeSomething", "sometimesNothing", "biteSize" ) values ( @indexId, @id, @name, @timeStamp, @specialChar, @maybeSomething, @sometimesNothing, @biteSize )&#xD;
&#xD;
&#xD;
&#xD;
Param count: 8&#xD;
Param 0 - "@indexId": 1L&#xD;
Param 1 - "@id": "8229a3ec-011b-4869-8d54-94b46ced9607"&#xD;
Param 2 - "@name": "Gerry McGuire"&#xD;
Param 3 - "@timeStamp": "8/10/2023 10:42:30 PM"&#xD;
Param 4 - "@specialChar": "Δ"&#xD;
Param 5 - "@maybeSomething": "true"&#xD;
Param 6 - "@sometimesNothing": 1L&#xD;
Param 7 - "@biteSize": "!aBite"&#xD;
Query being generated:&#xD;
&#xD;
select "Fact"."indexId", "Fact"."id", "Fact"."sqliteName", "Fact"."timeStamp", "Fact"."specialChar", "Fact"."maybeSomething", "Fact"."sometimesNothing", "Fact"."biteSize", "SubFact"."subFact" from "Fact" left join "SubFact" on "SubFact"."factId" = "Fact"."indexId" where id = '8229a3ec-011b-4869-8d54-94b46ced9607'&#xD;
&#xD;
&#xD;
&#xD;
Query being generated:&#xD;
&#xD;
select "Fact"."indexId", "Fact"."id", "Fact"."sqliteName", "Fact"."timeStamp", "Fact"."specialChar", "Fact"."maybeSomething", "Fact"."sometimesNothing", "Fact"."biteSize", "SubFact"."subFact" from "Fact" left join "SubFact" on "SubFact"."factId" = "Fact"."indexId" where id = '8229a3ec-011b-4869-8d54-94b46ced9607'&#xD;
&#xD;
&#xD;
&#xD;
</Text>
      </RunInfo>
      <RunInfo computerName="THE-BIG-RIG" outcome="Warning" timestamp="2023-08-10T22:42:30.9601413-04:00">
        <Text>Do we have a transaction? Some Microsoft.Data.Sqlite.SqliteTransaction&#xD;
Query being generated:&#xD;
&#xD;
insert into "Fact" ( "indexId", "id", "sqliteName", "timeStamp", "specialChar", "maybeSomething", "sometimesNothing", "biteSize" ) values ( @indexId, @id, @name, @timeStamp, @specialChar, @maybeSomething, @sometimesNothing, @biteSize )&#xD;
&#xD;
&#xD;
&#xD;
Param count: 8&#xD;
Param 0 - "@indexId": 1L&#xD;
Param 1 - "@id": "424a8852-fdb6-4753-b639-727b5fd79e3e"&#xD;
Param 2 - "@name": "Gerry McGuire"&#xD;
Param 3 - "@timeStamp": "8/10/2023 10:42:30 PM"&#xD;
Param 4 - "@specialChar": "Δ"&#xD;
Param 5 - "@maybeSomething": "true"&#xD;
Param 6 - "@sometimesNothing": 1L&#xD;
Param 7 - "@biteSize": "!aBite"&#xD;
columns to update: seq&#xD;
  [{ Index = 0&#xD;
     IsKey = false&#xD;
     IsIndex = true&#xD;
     JoinOn = Some ("SubFact", "factId")&#xD;
     Source = ""Fact""&#xD;
     QuotedSource = ""Fact""&#xD;
     SqlName = "indexId"&#xD;
     QuotedSqlName = ""indexId""&#xD;
     FSharpName = "indexId"&#xD;
     Type = System.Int64&#xD;
     PropertyInfo = Int64 indexId }; { Index = 2&#xD;
                                       IsKey = false&#xD;
                                       IsIndex = false&#xD;
                                       JoinOn = None&#xD;
                                       Source = ""Fact""&#xD;
                                       QuotedSource = ""Fact""&#xD;
                                       SqlName = "sqliteName"&#xD;
                                       QuotedSqlName = ""sqliteName""&#xD;
                                       FSharpName = "name"&#xD;
                                       Type = System.String&#xD;
                                       PropertyInfo = System.String name };&#xD;
   { Index = 3&#xD;
     IsKey = false&#xD;
     IsIndex = false&#xD;
     JoinOn = None&#xD;
     Source = ""Fact""&#xD;
     QuotedSource = ""Fact""&#xD;
     SqlName = "timeStamp"&#xD;
     QuotedSqlName = ""timeStamp""&#xD;
     FSharpName = "timeStamp"&#xD;
     Type = System.String&#xD;
     PropertyInfo = System.String timeStamp };&#xD;
   { Index = 4&#xD;
     IsKey = false&#xD;
     IsIndex = false&#xD;
     JoinOn = None&#xD;
     Source = ""Fact""&#xD;
     QuotedSource = ""Fact""&#xD;
     SqlName = "specialChar"&#xD;
     QuotedSqlName = ""specialChar""&#xD;
     FSharpName = "specialChar"&#xD;
     Type = System.String&#xD;
     PropertyInfo = System.String specialChar }; ...]&#xD;
Query being generated:&#xD;
&#xD;
update "Fact" set "indexId" = @indexId, "sqliteName" = @name, "timeStamp" = @timeStamp, "specialChar" = @specialChar, "maybeSomething" = @maybeSomething, "sometimesNothing" = @sometimesNothing, "biteSize" = @biteSize where "Fact"."id" = @id&#xD;
&#xD;
&#xD;
&#xD;
Query being generated:&#xD;
&#xD;
select "Fact"."indexId", "Fact"."id", "Fact"."sqliteName", "Fact"."timeStamp", "Fact"."specialChar", "Fact"."maybeSomething", "Fact"."sometimesNothing", "Fact"."biteSize", "SubFact"."subFact" from "Fact" left join "SubFact" on "SubFact"."factId" = "Fact"."indexId" where id = '424a8852-fdb6-4753-b639-727b5fd79e3e'&#xD;
&#xD;
&#xD;
&#xD;
Query being generated:&#xD;
&#xD;
select "Fact"."indexId", "Fact"."id", "Fact"."sqliteName", "Fact"."timeStamp", "Fact"."specialChar", "Fact"."maybeSomething", "Fact"."sometimesNothing", "Fact"."biteSize", "SubFact"."subFact" from "Fact" left join "SubFact" on "SubFact"."factId" = "Fact"."indexId" where id = '424a8852-fdb6-4753-b639-727b5fd79e3e'&#xD;
&#xD;
&#xD;
&#xD;
Query being generated:&#xD;
&#xD;
select "Fact"."indexId", "Fact"."id", "Fact"."sqliteName", "Fact"."timeStamp", "Fact"."specialChar", "Fact"."maybeSomething", "Fact"."sometimesNothing", "Fact"."biteSize", "SubFact"."subFact" from "Fact" left join "SubFact" on "SubFact"."factId" = "Fact"."indexId" where id = '424a8852-fdb6-4753-b639-727b5fd79e3e'&#xD;
&#xD;
&#xD;
&#xD;
</Text>
      </RunInfo>
      <RunInfo computerName="THE-BIG-RIG" outcome="Warning" timestamp="2023-08-10T22:42:30.9627160-04:00">
        <Text>Reading...&#xD;
Query being generated:&#xD;
&#xD;
select * from "Fact"&#xD;
&#xD;
&#xD;
&#xD;
</Text>
      </RunInfo>
      <RunInfo computerName="THE-BIG-RIG" outcome="Warning" timestamp="2023-08-10T22:42:31.0484079-04:00">
        <Text>Do we have a transaction? Some Npgsql.NpgsqlTransaction&#xD;
Query being generated:&#xD;
&#xD;
insert into "Fact" ( "indexId", "id", "psqlName", "timeStamp", "specialChar", "maybeSomething", "sometimesNothing", "biteSize" ) values ( @indexId, @id, @name, @timeStamp, @specialChar, @maybeSomething, @sometimesNothing, @biteSize )&#xD;
&#xD;
&#xD;
&#xD;
Param count: 8&#xD;
Param 0 - "@indexId": 1L&#xD;
Param 1 - "@id": "1603ee97-784d-4f5e-aa45-6dba0ac95302"&#xD;
Param 2 - "@name": "Gerry McGuire"&#xD;
Param 3 - "@timeStamp": "8/10/2023 10:42:30 PM"&#xD;
Param 4 - "@specialChar": "Δ"&#xD;
Param 5 - "@maybeSomething": "true"&#xD;
Param 6 - "@sometimesNothing": 1L&#xD;
Param 7 - "@biteSize": "!aBite"&#xD;
Query being generated:&#xD;
&#xD;
delete from "Fact" where "Fact"."id" = @id&#xD;
&#xD;
&#xD;
&#xD;
Query being generated:&#xD;
&#xD;
select "Fact"."indexId", "Fact"."id", "Fact"."psqlName", "Fact"."timeStamp", "Fact"."specialChar", "Fact"."maybeSomething", "Fact"."sometimesNothing", "Fact"."biteSize", "SubFact"."subFact" from "Fact" left join "SubFact" on "SubFact"."factId" = "Fact"."indexId" where id = '1603ee97-784d-4f5e-aa45-6dba0ac95302'&#xD;
&#xD;
&#xD;
&#xD;
</Text>
      </RunInfo>
      <RunInfo computerName="THE-BIG-RIG" outcome="Warning" timestamp="2023-08-10T22:42:31.2064098-04:00">
        <Text>Do we have a transaction? Some Npgsql.NpgsqlTransaction&#xD;
Query being generated:&#xD;
&#xD;
insert into "Fact" ( "indexId", "id", "psqlName", "timeStamp", "specialChar", "maybeSomething", "sometimesNothing", "biteSize" ) values ( @indexId, @id, @name, @timeStamp, @specialChar, @maybeSomething, @sometimesNothing, @biteSize )&#xD;
&#xD;
&#xD;
&#xD;
Param count: 8&#xD;
Param 0 - "@indexId": 1L&#xD;
Param 1 - "@id": "00e0fa3a-180a-4fbc-9ea2-106213af5469"&#xD;
Param 2 - "@name": "Gerry McGuire"&#xD;
Param 3 - "@timeStamp": "8/10/2023 10:42:31 PM"&#xD;
Param 4 - "@specialChar": "Δ"&#xD;
Param 5 - "@maybeSomething": "true"&#xD;
Param 6 - "@sometimesNothing": 1L&#xD;
Param 7 - "@biteSize": "!aBite"&#xD;
Query being generated:&#xD;
&#xD;
select "Fact"."indexId", "Fact"."id", "Fact"."psqlName", "Fact"."timeStamp", "Fact"."specialChar", "Fact"."maybeSomething", "Fact"."sometimesNothing", "Fact"."biteSize", "SubFact"."subFact" from "Fact" left join "SubFact" on "SubFact"."factId" = "Fact"."indexId" where id = '00e0fa3a-180a-4fbc-9ea2-106213af5469'&#xD;
&#xD;
&#xD;
&#xD;
Query being generated:&#xD;
&#xD;
select "Fact"."indexId", "Fact"."id", "Fact"."psqlName", "Fact"."timeStamp", "Fact"."specialChar", "Fact"."maybeSomething", "Fact"."sometimesNothing", "Fact"."biteSize", "SubFact"."subFact" from "Fact" left join "SubFact" on "SubFact"."factId" = "Fact"."indexId" where id = '00e0fa3a-180a-4fbc-9ea2-106213af5469'&#xD;
&#xD;
&#xD;
&#xD;
</Text>
      </RunInfo>
      <RunInfo computerName="THE-BIG-RIG" outcome="Warning" timestamp="2023-08-10T22:42:31.4123392-04:00">
        <Text>Do we have a transaction? Some Npgsql.NpgsqlTransaction&#xD;
Query being generated:&#xD;
&#xD;
insert into "Fact" ( "indexId", "id", "psqlName", "timeStamp", "specialChar", "maybeSomething", "sometimesNothing", "biteSize" ) values ( @indexId, @id, @name, @timeStamp, @specialChar, @maybeSomething, @sometimesNothing, @biteSize )&#xD;
&#xD;
&#xD;
&#xD;
Param count: 8&#xD;
Param 0 - "@indexId": 1L&#xD;
Param 1 - "@id": "816bd7f0-4fba-4c53-9ed4-2d7883e42f16"&#xD;
Param 2 - "@name": "Gerry McGuire"&#xD;
Param 3 - "@timeStamp": "8/10/2023 10:42:31 PM"&#xD;
Param 4 - "@specialChar": "Δ"&#xD;
Param 5 - "@maybeSomething": "true"&#xD;
Param 6 - "@sometimesNothing": 1L&#xD;
Param 7 - "@biteSize": "!aBite"&#xD;
columns to update: seq&#xD;
  [{ Index = 0&#xD;
     IsKey = false&#xD;
     IsIndex = true&#xD;
     JoinOn = Some ("SubFact", "factId")&#xD;
     Source = ""Fact""&#xD;
     QuotedSource = ""Fact""&#xD;
     SqlName = "indexId"&#xD;
     QuotedSqlName = ""indexId""&#xD;
     FSharpName = "indexId"&#xD;
     Type = System.Int64&#xD;
     PropertyInfo = Int64 indexId }; { Index = 2&#xD;
                                       IsKey = false&#xD;
                                       IsIndex = false&#xD;
                                       JoinOn = None&#xD;
                                       Source = ""Fact""&#xD;
                                       QuotedSource = ""Fact""&#xD;
                                       SqlName = "psqlName"&#xD;
                                       QuotedSqlName = ""psqlName""&#xD;
                                       FSharpName = "name"&#xD;
                                       Type = System.String&#xD;
                                       PropertyInfo = System.String name };&#xD;
   { Index = 3&#xD;
     IsKey = false&#xD;
     IsIndex = false&#xD;
     JoinOn = None&#xD;
     Source = ""Fact""&#xD;
     QuotedSource = ""Fact""&#xD;
     SqlName = "timeStamp"&#xD;
     QuotedSqlName = ""timeStamp""&#xD;
     FSharpName = "timeStamp"&#xD;
     Type = System.String&#xD;
     PropertyInfo = System.String timeStamp };&#xD;
   { Index = 4&#xD;
     IsKey = false&#xD;
     IsIndex = false&#xD;
     JoinOn = None&#xD;
     Source = ""Fact""&#xD;
     QuotedSource = ""Fact""&#xD;
     SqlName = "specialChar"&#xD;
     QuotedSqlName = ""specialChar""&#xD;
     FSharpName = "specialChar"&#xD;
     Type = System.String&#xD;
     PropertyInfo = System.String specialChar }; ...]&#xD;
Query being generated:&#xD;
&#xD;
update "Fact" set "indexId" = @indexId, "psqlName" = @name, "timeStamp" = @timeStamp, "specialChar" = @specialChar, "maybeSomething" = @maybeSomething, "sometimesNothing" = @sometimesNothing, "biteSize" = @biteSize where "Fact"."id" = @id&#xD;
&#xD;
&#xD;
&#xD;
Query being generated:&#xD;
&#xD;
select "Fact"."indexId", "Fact"."id", "Fact"."psqlName", "Fact"."timeStamp", "Fact"."specialChar", "Fact"."maybeSomething", "Fact"."sometimesNothing", "Fact"."biteSize", "SubFact"."subFact" from "Fact" left join "SubFact" on "SubFact"."factId" = "Fact"."indexId" where id = '816bd7f0-4fba-4c53-9ed4-2d7883e42f16'&#xD;
&#xD;
&#xD;
&#xD;
Query being generated:&#xD;
&#xD;
select "Fact"."indexId", "Fact"."id", "Fact"."psqlName", "Fact"."timeStamp", "Fact"."specialChar", "Fact"."maybeSomething", "Fact"."sometimesNothing", "Fact"."biteSize", "SubFact"."subFact" from "Fact" left join "SubFact" on "SubFact"."factId" = "Fact"."indexId" where id = '816bd7f0-4fba-4c53-9ed4-2d7883e42f16'&#xD;
&#xD;
&#xD;
&#xD;
Query being generated:&#xD;
&#xD;
select "Fact"."indexId", "Fact"."id", "Fact"."psqlName", "Fact"."timeStamp", "Fact"."specialChar", "Fact"."maybeSomething", "Fact"."sometimesNothing", "Fact"."biteSize", "SubFact"."subFact" from "Fact" left join "SubFact" on "SubFact"."factId" = "Fact"."indexId" where id = '816bd7f0-4fba-4c53-9ed4-2d7883e42f16'&#xD;
&#xD;
&#xD;
&#xD;
</Text>
      </RunInfo>
      <RunInfo computerName="THE-BIG-RIG" outcome="Warning" timestamp="2023-08-10T22:42:31.5692763-04:00">
        <Text>Reading...&#xD;
Query being generated:&#xD;
&#xD;
select * from "Fact"&#xD;
&#xD;
&#xD;
&#xD;
</Text>
      </RunInfo>
    </RunInfos>
  </ResultSummary>
</TestRun>